<?xml version="1.0" encoding="UTF-8"?>
<testsuite xmlns:xsi="http://www.w3.org/2001/XMLSchema-instance" xsi:noNamespaceSchemaLocation="https://maven.apache.org/surefire/maven-surefire-plugin/xsd/surefire-test-report-3.0.xsd" version="3.0" name="com.cognizant.main.TestVehicleTypesRepository" time="0.221" tests="6" errors="0" skipped="0" failures="0">
  <properties>
    <property name="java.specification.version" value="17"/>
    <property name="sun.cpu.isalist" value="amd64"/>
    <property name="sun.jnu.encoding" value="Cp1252"/>
    <property name="java.class.path" value="C:\Users\2318431\Downloads\Ridesharingplatform\target\test-classes;C:\Users\2318431\Downloads\Ridesharingplatform\target\classes;C:\Users\2318431\.m2\repository\org\springframework\boot\spring-boot-starter-data-jpa\3.2.2\spring-boot-starter-data-jpa-3.2.2.jar;C:\Users\2318431\.m2\repository\org\springframework\boot\spring-boot-starter-aop\3.2.2\spring-boot-starter-aop-3.2.2.jar;C:\Users\2318431\.m2\repository\org\springframework\spring-aop\6.1.3\spring-aop-6.1.3.jar;C:\Users\2318431\.m2\repository\org\aspectj\aspectjweaver\1.9.21\aspectjweaver-1.9.21.jar;C:\Users\2318431\.m2\repository\org\springframework\boot\spring-boot-starter-jdbc\3.2.2\spring-boot-starter-jdbc-3.2.2.jar;C:\Users\2318431\.m2\repository\com\zaxxer\HikariCP\5.0.1\HikariCP-5.0.1.jar;C:\Users\2318431\.m2\repository\org\springframework\spring-jdbc\6.1.3\spring-jdbc-6.1.3.jar;C:\Users\2318431\.m2\repository\org\hibernate\orm\hibernate-core\6.4.1.Final\hibernate-core-6.4.1.Final.jar;C:\Users\2318431\.m2\repository\jakarta\persistence\jakarta.persistence-api\3.1.0\jakarta.persistence-api-3.1.0.jar;C:\Users\2318431\.m2\repository\jakarta\transaction\jakarta.transaction-api\2.0.1\jakarta.transaction-api-2.0.1.jar;C:\Users\2318431\.m2\repository\org\jboss\logging\jboss-logging\3.5.3.Final\jboss-logging-3.5.3.Final.jar;C:\Users\2318431\.m2\repository\org\hibernate\common\hibernate-commons-annotations\6.0.6.Final\hibernate-commons-annotations-6.0.6.Final.jar;C:\Users\2318431\.m2\repository\io\smallrye\jandex\3.1.2\jandex-3.1.2.jar;C:\Users\2318431\.m2\repository\com\fasterxml\classmate\1.6.0\classmate-1.6.0.jar;C:\Users\2318431\.m2\repository\net\bytebuddy\byte-buddy\1.14.11\byte-buddy-1.14.11.jar;C:\Users\2318431\.m2\repository\org\glassfish\jaxb\jaxb-runtime\4.0.4\jaxb-runtime-4.0.4.jar;C:\Users\2318431\.m2\repository\org\glassfish\jaxb\jaxb-core\4.0.4\jaxb-core-4.0.4.jar;C:\Users\2318431\.m2\repository\org\eclipse\angus\angus-activation\2.0.1\angus-activation-2.0.1.jar;C:\Users\2318431\.m2\repository\org\glassfish\jaxb\txw2\4.0.4\txw2-4.0.4.jar;C:\Users\2318431\.m2\repository\com\sun\istack\istack-commons-runtime\4.1.2\istack-commons-runtime-4.1.2.jar;C:\Users\2318431\.m2\repository\jakarta\inject\jakarta.inject-api\2.0.1\jakarta.inject-api-2.0.1.jar;C:\Users\2318431\.m2\repository\org\antlr\antlr4-runtime\4.13.0\antlr4-runtime-4.13.0.jar;C:\Users\2318431\.m2\repository\org\springframework\data\spring-data-jpa\3.2.2\spring-data-jpa-3.2.2.jar;C:\Users\2318431\.m2\repository\org\springframework\data\spring-data-commons\3.2.2\spring-data-commons-3.2.2.jar;C:\Users\2318431\.m2\repository\org\springframework\spring-orm\6.1.3\spring-orm-6.1.3.jar;C:\Users\2318431\.m2\repository\org\springframework\spring-context\6.1.3\spring-context-6.1.3.jar;C:\Users\2318431\.m2\repository\org\springframework\spring-tx\6.1.3\spring-tx-6.1.3.jar;C:\Users\2318431\.m2\repository\org\springframework\spring-beans\6.1.3\spring-beans-6.1.3.jar;C:\Users\2318431\.m2\repository\jakarta\annotation\jakarta.annotation-api\2.1.1\jakarta.annotation-api-2.1.1.jar;C:\Users\2318431\.m2\repository\org\slf4j\slf4j-api\2.0.11\slf4j-api-2.0.11.jar;C:\Users\2318431\.m2\repository\org\springframework\spring-aspects\6.1.3\spring-aspects-6.1.3.jar;C:\Users\2318431\.m2\repository\org\springframework\boot\spring-boot-starter-web\3.2.2\spring-boot-starter-web-3.2.2.jar;C:\Users\2318431\.m2\repository\org\springframework\boot\spring-boot-starter\3.2.2\spring-boot-starter-3.2.2.jar;C:\Users\2318431\.m2\repository\org\springframework\boot\spring-boot-starter-logging\3.2.2\spring-boot-starter-logging-3.2.2.jar;C:\Users\2318431\.m2\repository\ch\qos\logback\logback-classic\1.4.14\logback-classic-1.4.14.jar;C:\Users\2318431\.m2\repository\ch\qos\logback\logback-core\1.4.14\logback-core-1.4.14.jar;C:\Users\2318431\.m2\repository\org\apache\logging\log4j\log4j-to-slf4j\2.21.1\log4j-to-slf4j-2.21.1.jar;C:\Users\2318431\.m2\repository\org\apache\logging\log4j\log4j-api\2.21.1\log4j-api-2.21.1.jar;C:\Users\2318431\.m2\repository\org\slf4j\jul-to-slf4j\2.0.11\jul-to-slf4j-2.0.11.jar;C:\Users\2318431\.m2\repository\org\yaml\snakeyaml\2.2\snakeyaml-2.2.jar;C:\Users\2318431\.m2\repository\org\springframework\boot\spring-boot-starter-json\3.2.2\spring-boot-starter-json-3.2.2.jar;C:\Users\2318431\.m2\repository\com\fasterxml\jackson\core\jackson-databind\2.15.3\jackson-databind-2.15.3.jar;C:\Users\2318431\.m2\repository\com\fasterxml\jackson\datatype\jackson-datatype-jdk8\2.15.3\jackson-datatype-jdk8-2.15.3.jar;C:\Users\2318431\.m2\repository\com\fasterxml\jackson\datatype\jackson-datatype-jsr310\2.15.3\jackson-datatype-jsr310-2.15.3.jar;C:\Users\2318431\.m2\repository\com\fasterxml\jackson\module\jackson-module-parameter-names\2.15.3\jackson-module-parameter-names-2.15.3.jar;C:\Users\2318431\.m2\repository\org\springframework\boot\spring-boot-starter-tomcat\3.2.2\spring-boot-starter-tomcat-3.2.2.jar;C:\Users\2318431\.m2\repository\org\apache\tomcat\embed\tomcat-embed-core\10.1.18\tomcat-embed-core-10.1.18.jar;C:\Users\2318431\.m2\repository\org\apache\tomcat\embed\tomcat-embed-el\10.1.18\tomcat-embed-el-10.1.18.jar;C:\Users\2318431\.m2\repository\org\apache\tomcat\embed\tomcat-embed-websocket\10.1.18\tomcat-embed-websocket-10.1.18.jar;C:\Users\2318431\.m2\repository\org\springframework\spring-web\6.1.3\spring-web-6.1.3.jar;C:\Users\2318431\.m2\repository\io\micrometer\micrometer-observation\1.12.2\micrometer-observation-1.12.2.jar;C:\Users\2318431\.m2\repository\io\micrometer\micrometer-commons\1.12.2\micrometer-commons-1.12.2.jar;C:\Users\2318431\.m2\repository\org\springframework\spring-webmvc\6.1.3\spring-webmvc-6.1.3.jar;C:\Users\2318431\.m2\repository\org\springframework\spring-expression\6.1.3\spring-expression-6.1.3.jar;C:\Users\2318431\.m2\repository\org\springframework\boot\spring-boot-devtools\3.2.2\spring-boot-devtools-3.2.2.jar;C:\Users\2318431\.m2\repository\org\springframework\boot\spring-boot\3.2.2\spring-boot-3.2.2.jar;C:\Users\2318431\.m2\repository\org\springframework\boot\spring-boot-autoconfigure\3.2.2\spring-boot-autoconfigure-3.2.2.jar;C:\Users\2318431\.m2\repository\com\h2database\h2\2.2.224\h2-2.2.224.jar;C:\Users\2318431\.m2\repository\org\springframework\boot\spring-boot-starter-test\3.2.2\spring-boot-starter-test-3.2.2.jar;C:\Users\2318431\.m2\repository\org\springframework\boot\spring-boot-test\3.2.2\spring-boot-test-3.2.2.jar;C:\Users\2318431\.m2\repository\org\springframework\boot\spring-boot-test-autoconfigure\3.2.2\spring-boot-test-autoconfigure-3.2.2.jar;C:\Users\2318431\.m2\repository\com\jayway\jsonpath\json-path\2.8.0\json-path-2.8.0.jar;C:\Users\2318431\.m2\repository\jakarta\xml\bind\jakarta.xml.bind-api\4.0.1\jakarta.xml.bind-api-4.0.1.jar;C:\Users\2318431\.m2\repository\jakarta\activation\jakarta.activation-api\2.1.2\jakarta.activation-api-2.1.2.jar;C:\Users\2318431\.m2\repository\net\minidev\json-smart\2.5.0\json-smart-2.5.0.jar;C:\Users\2318431\.m2\repository\net\minidev\accessors-smart\2.5.0\accessors-smart-2.5.0.jar;C:\Users\2318431\.m2\repository\org\ow2\asm\asm\9.3\asm-9.3.jar;C:\Users\2318431\.m2\repository\org\assertj\assertj-core\3.24.2\assertj-core-3.24.2.jar;C:\Users\2318431\.m2\repository\org\awaitility\awaitility\4.2.0\awaitility-4.2.0.jar;C:\Users\2318431\.m2\repository\org\hamcrest\hamcrest\2.2\hamcrest-2.2.jar;C:\Users\2318431\.m2\repository\org\junit\jupiter\junit-jupiter\5.10.1\junit-jupiter-5.10.1.jar;C:\Users\2318431\.m2\repository\org\junit\jupiter\junit-jupiter-api\5.10.1\junit-jupiter-api-5.10.1.jar;C:\Users\2318431\.m2\repository\org\opentest4j\opentest4j\1.3.0\opentest4j-1.3.0.jar;C:\Users\2318431\.m2\repository\org\junit\platform\junit-platform-commons\1.10.1\junit-platform-commons-1.10.1.jar;C:\Users\2318431\.m2\repository\org\apiguardian\apiguardian-api\1.1.2\apiguardian-api-1.1.2.jar;C:\Users\2318431\.m2\repository\org\junit\jupiter\junit-jupiter-params\5.10.1\junit-jupiter-params-5.10.1.jar;C:\Users\2318431\.m2\repository\org\junit\jupiter\junit-jupiter-engine\5.10.1\junit-jupiter-engine-5.10.1.jar;C:\Users\2318431\.m2\repository\org\junit\platform\junit-platform-engine\1.10.1\junit-platform-engine-1.10.1.jar;C:\Users\2318431\.m2\repository\org\mockito\mockito-core\5.7.0\mockito-core-5.7.0.jar;C:\Users\2318431\.m2\repository\net\bytebuddy\byte-buddy-agent\1.14.11\byte-buddy-agent-1.14.11.jar;C:\Users\2318431\.m2\repository\org\objenesis\objenesis\3.3\objenesis-3.3.jar;C:\Users\2318431\.m2\repository\org\mockito\mockito-junit-jupiter\5.7.0\mockito-junit-jupiter-5.7.0.jar;C:\Users\2318431\.m2\repository\org\skyscreamer\jsonassert\1.5.1\jsonassert-1.5.1.jar;C:\Users\2318431\.m2\repository\com\vaadin\external\google\android-json\0.0.20131108.vaadin1\android-json-0.0.20131108.vaadin1.jar;C:\Users\2318431\.m2\repository\org\springframework\spring-core\6.1.3\spring-core-6.1.3.jar;C:\Users\2318431\.m2\repository\org\springframework\spring-jcl\6.1.3\spring-jcl-6.1.3.jar;C:\Users\2318431\.m2\repository\org\springframework\spring-test\6.1.3\spring-test-6.1.3.jar;C:\Users\2318431\.m2\repository\org\xmlunit\xmlunit-core\2.9.1\xmlunit-core-2.9.1.jar;C:\Users\2318431\.m2\repository\org\springdoc\springdoc-openapi-starter-webmvc-ui\2.4.0\springdoc-openapi-starter-webmvc-ui-2.4.0.jar;C:\Users\2318431\.m2\repository\org\springdoc\springdoc-openapi-starter-webmvc-api\2.4.0\springdoc-openapi-starter-webmvc-api-2.4.0.jar;C:\Users\2318431\.m2\repository\org\springdoc\springdoc-openapi-starter-common\2.4.0\springdoc-openapi-starter-common-2.4.0.jar;C:\Users\2318431\.m2\repository\io\swagger\core\v3\swagger-core-jakarta\2.2.20\swagger-core-jakarta-2.2.20.jar;C:\Users\2318431\.m2\repository\org\apache\commons\commons-lang3\3.13.0\commons-lang3-3.13.0.jar;C:\Users\2318431\.m2\repository\io\swagger\core\v3\swagger-annotations-jakarta\2.2.20\swagger-annotations-jakarta-2.2.20.jar;C:\Users\2318431\.m2\repository\io\swagger\core\v3\swagger-models-jakarta\2.2.20\swagger-models-jakarta-2.2.20.jar;C:\Users\2318431\.m2\repository\com\fasterxml\jackson\dataformat\jackson-dataformat-yaml\2.15.3\jackson-dataformat-yaml-2.15.3.jar;C:\Users\2318431\.m2\repository\org\webjars\swagger-ui\5.11.8\swagger-ui-5.11.8.jar;C:\Users\2318431\.m2\repository\jakarta\validation\jakarta.validation-api\3.0.2\jakarta.validation-api-3.0.2.jar;C:\Users\2318431\.m2\repository\org\projectlombok\lombok\1.18.30\lombok-1.18.30.jar;C:\Users\2318431\.m2\repository\org\springframework\cloud\spring-cloud-starter\4.1.2\spring-cloud-starter-4.1.2.jar;C:\Users\2318431\.m2\repository\org\springframework\cloud\spring-cloud-context\4.1.2\spring-cloud-context-4.1.2.jar;C:\Users\2318431\.m2\repository\org\springframework\security\spring-security-crypto\6.2.1\spring-security-crypto-6.2.1.jar;C:\Users\2318431\.m2\repository\org\springframework\cloud\spring-cloud-commons\4.1.2\spring-cloud-commons-4.1.2.jar;C:\Users\2318431\.m2\repository\org\springframework\security\spring-security-rsa\1.1.2\spring-security-rsa-1.1.2.jar;C:\Users\2318431\.m2\repository\org\bouncycastle\bcprov-jdk18on\1.77\bcprov-jdk18on-1.77.jar;C:\Users\2318431\.m2\repository\org\springframework\cloud\spring-cloud-starter-netflix-eureka-client\4.1.1\spring-cloud-starter-netflix-eureka-client-4.1.1.jar;C:\Users\2318431\.m2\repository\org\springframework\cloud\spring-cloud-netflix-eureka-client\4.1.1\spring-cloud-netflix-eureka-client-4.1.1.jar;C:\Users\2318431\.m2\repository\org\apache\httpcomponents\client5\httpclient5\5.2.3\httpclient5-5.2.3.jar;C:\Users\2318431\.m2\repository\org\apache\httpcomponents\core5\httpcore5\5.2.4\httpcore5-5.2.4.jar;C:\Users\2318431\.m2\repository\org\apache\httpcomponents\core5\httpcore5-h2\5.2.4\httpcore5-h2-5.2.4.jar;C:\Users\2318431\.m2\repository\com\netflix\eureka\eureka-client\2.0.2\eureka-client-2.0.2.jar;C:\Users\2318431\.m2\repository\com\netflix\netflix-commons\netflix-eventbus\0.3.0\netflix-eventbus-0.3.0.jar;C:\Users\2318431\.m2\repository\com\netflix\netflix-commons\netflix-infix\0.3.0\netflix-infix-0.3.0.jar;C:\Users\2318431\.m2\repository\commons-jxpath\commons-jxpath\1.3\commons-jxpath-1.3.jar;C:\Users\2318431\.m2\repository\joda-time\joda-time\2.3\joda-time-2.3.jar;C:\Users\2318431\.m2\repository\org\antlr\antlr-runtime\3.4\antlr-runtime-3.4.jar;C:\Users\2318431\.m2\repository\org\antlr\stringtemplate\3.2.1\stringtemplate-3.2.1.jar;C:\Users\2318431\.m2\repository\antlr\antlr\2.7.7\antlr-2.7.7.jar;C:\Users\2318431\.m2\repository\com\google\code\gson\gson\2.10.1\gson-2.10.1.jar;C:\Users\2318431\.m2\repository\org\apache\commons\commons-math\2.2\commons-math-2.2.jar;C:\Users\2318431\.m2\repository\com\thoughtworks\xstream\xstream\1.4.19\xstream-1.4.19.jar;C:\Users\2318431\.m2\repository\io\github\x-stream\mxparser\1.2.2\mxparser-1.2.2.jar;C:\Users\2318431\.m2\repository\xmlpull\xmlpull\1.1.3.1\xmlpull-1.1.3.1.jar;C:\Users\2318431\.m2\repository\jakarta\ws\rs\jakarta.ws.rs-api\3.1.0\jakarta.ws.rs-api-3.1.0.jar;C:\Users\2318431\.m2\repository\com\netflix\servo\servo-core\0.12.21\servo-core-0.12.21.jar;C:\Users\2318431\.m2\repository\com\google\guava\guava\19.0\guava-19.0.jar;C:\Users\2318431\.m2\repository\org\apache\httpcomponents\httpclient\4.5.3\httpclient-4.5.3.jar;C:\Users\2318431\.m2\repository\org\apache\httpcomponents\httpcore\4.4.16\httpcore-4.4.16.jar;C:\Users\2318431\.m2\repository\commons-codec\commons-codec\1.16.0\commons-codec-1.16.0.jar;C:\Users\2318431\.m2\repository\commons-configuration\commons-configuration\1.10\commons-configuration-1.10.jar;C:\Users\2318431\.m2\repository\commons-lang\commons-lang\2.6\commons-lang-2.6.jar;C:\Users\2318431\.m2\repository\com\fasterxml\jackson\core\jackson-annotations\2.15.3\jackson-annotations-2.15.3.jar;C:\Users\2318431\.m2\repository\com\fasterxml\jackson\core\jackson-core\2.15.3\jackson-core-2.15.3.jar;C:\Users\2318431\.m2\repository\org\codehaus\jettison\jettison\1.5.4\jettison-1.5.4.jar;C:\Users\2318431\.m2\repository\com\netflix\eureka\eureka-core\2.0.2\eureka-core-2.0.2.jar;C:\Users\2318431\.m2\repository\com\fasterxml\woodstox\woodstox-core\6.2.1\woodstox-core-6.2.1.jar;C:\Users\2318431\.m2\repository\org\codehaus\woodstox\stax2-api\4.2.1\stax2-api-4.2.1.jar;C:\Users\2318431\.m2\repository\org\springframework\cloud\spring-cloud-starter-loadbalancer\4.1.2\spring-cloud-starter-loadbalancer-4.1.2.jar;C:\Users\2318431\.m2\repository\org\springframework\cloud\spring-cloud-loadbalancer\4.1.2\spring-cloud-loadbalancer-4.1.2.jar;C:\Users\2318431\.m2\repository\io\projectreactor\reactor-core\3.6.2\reactor-core-3.6.2.jar;C:\Users\2318431\.m2\repository\org\reactivestreams\reactive-streams\1.0.4\reactive-streams-1.0.4.jar;C:\Users\2318431\.m2\repository\io\projectreactor\addons\reactor-extra\3.5.1\reactor-extra-3.5.1.jar;C:\Users\2318431\.m2\repository\org\springframework\boot\spring-boot-starter-cache\3.2.2\spring-boot-starter-cache-3.2.2.jar;C:\Users\2318431\.m2\repository\org\springframework\spring-context-support\6.1.3\spring-context-support-6.1.3.jar;C:\Users\2318431\.m2\repository\com\stoyanr\evictor\1.0.0\evictor-1.0.0.jar;"/>
    <property name="java.vm.vendor" value="Eclipse Adoptium"/>
    <property name="sun.arch.data.model" value="64"/>
    <property name="user.variant" value=""/>
    <property name="java.vendor.url" value="https://adoptium.net/"/>
    <property name="user.timezone" value="Asia/Calcutta"/>
    <property name="org.jboss.logging.provider" value="slf4j"/>
    <property name="os.name" value="Windows 11"/>
    <property name="java.vm.specification.version" value="17"/>
    <property name="sun.java.launcher" value="SUN_STANDARD"/>
    <property name="user.country" value="IN"/>
    <property name="sun.boot.library.path" value="C:\Users\2318431\Downloads\sts-4.21.1.RELEASE\plugins\org.eclipse.justj.openjdk.hotspot.jre.full.win32.x86_64_17.0.10.v20240120-1143\jre\bin"/>
    <property name="sun.java.command" value="C:\Users\2318431\AppData\Local\Temp\surefire11695190849379645671\surefirebooter-20240424170201165_3.jar C:\Users\2318431\AppData\Local\Temp\surefire11695190849379645671 2024-04-24T17-02-00_144-jvmRun1 surefire-20240424170201165_1tmp surefire_0-20240424170201165_2tmp"/>
    <property name="jdk.debug" value="release"/>
    <property name="surefire.test.class.path" value="C:\Users\2318431\Downloads\Ridesharingplatform\target\test-classes;C:\Users\2318431\Downloads\Ridesharingplatform\target\classes;C:\Users\2318431\.m2\repository\org\springframework\boot\spring-boot-starter-data-jpa\3.2.2\spring-boot-starter-data-jpa-3.2.2.jar;C:\Users\2318431\.m2\repository\org\springframework\boot\spring-boot-starter-aop\3.2.2\spring-boot-starter-aop-3.2.2.jar;C:\Users\2318431\.m2\repository\org\springframework\spring-aop\6.1.3\spring-aop-6.1.3.jar;C:\Users\2318431\.m2\repository\org\aspectj\aspectjweaver\1.9.21\aspectjweaver-1.9.21.jar;C:\Users\2318431\.m2\repository\org\springframework\boot\spring-boot-starter-jdbc\3.2.2\spring-boot-starter-jdbc-3.2.2.jar;C:\Users\2318431\.m2\repository\com\zaxxer\HikariCP\5.0.1\HikariCP-5.0.1.jar;C:\Users\2318431\.m2\repository\org\springframework\spring-jdbc\6.1.3\spring-jdbc-6.1.3.jar;C:\Users\2318431\.m2\repository\org\hibernate\orm\hibernate-core\6.4.1.Final\hibernate-core-6.4.1.Final.jar;C:\Users\2318431\.m2\repository\jakarta\persistence\jakarta.persistence-api\3.1.0\jakarta.persistence-api-3.1.0.jar;C:\Users\2318431\.m2\repository\jakarta\transaction\jakarta.transaction-api\2.0.1\jakarta.transaction-api-2.0.1.jar;C:\Users\2318431\.m2\repository\org\jboss\logging\jboss-logging\3.5.3.Final\jboss-logging-3.5.3.Final.jar;C:\Users\2318431\.m2\repository\org\hibernate\common\hibernate-commons-annotations\6.0.6.Final\hibernate-commons-annotations-6.0.6.Final.jar;C:\Users\2318431\.m2\repository\io\smallrye\jandex\3.1.2\jandex-3.1.2.jar;C:\Users\2318431\.m2\repository\com\fasterxml\classmate\1.6.0\classmate-1.6.0.jar;C:\Users\2318431\.m2\repository\net\bytebuddy\byte-buddy\1.14.11\byte-buddy-1.14.11.jar;C:\Users\2318431\.m2\repository\org\glassfish\jaxb\jaxb-runtime\4.0.4\jaxb-runtime-4.0.4.jar;C:\Users\2318431\.m2\repository\org\glassfish\jaxb\jaxb-core\4.0.4\jaxb-core-4.0.4.jar;C:\Users\2318431\.m2\repository\org\eclipse\angus\angus-activation\2.0.1\angus-activation-2.0.1.jar;C:\Users\2318431\.m2\repository\org\glassfish\jaxb\txw2\4.0.4\txw2-4.0.4.jar;C:\Users\2318431\.m2\repository\com\sun\istack\istack-commons-runtime\4.1.2\istack-commons-runtime-4.1.2.jar;C:\Users\2318431\.m2\repository\jakarta\inject\jakarta.inject-api\2.0.1\jakarta.inject-api-2.0.1.jar;C:\Users\2318431\.m2\repository\org\antlr\antlr4-runtime\4.13.0\antlr4-runtime-4.13.0.jar;C:\Users\2318431\.m2\repository\org\springframework\data\spring-data-jpa\3.2.2\spring-data-jpa-3.2.2.jar;C:\Users\2318431\.m2\repository\org\springframework\data\spring-data-commons\3.2.2\spring-data-commons-3.2.2.jar;C:\Users\2318431\.m2\repository\org\springframework\spring-orm\6.1.3\spring-orm-6.1.3.jar;C:\Users\2318431\.m2\repository\org\springframework\spring-context\6.1.3\spring-context-6.1.3.jar;C:\Users\2318431\.m2\repository\org\springframework\spring-tx\6.1.3\spring-tx-6.1.3.jar;C:\Users\2318431\.m2\repository\org\springframework\spring-beans\6.1.3\spring-beans-6.1.3.jar;C:\Users\2318431\.m2\repository\jakarta\annotation\jakarta.annotation-api\2.1.1\jakarta.annotation-api-2.1.1.jar;C:\Users\2318431\.m2\repository\org\slf4j\slf4j-api\2.0.11\slf4j-api-2.0.11.jar;C:\Users\2318431\.m2\repository\org\springframework\spring-aspects\6.1.3\spring-aspects-6.1.3.jar;C:\Users\2318431\.m2\repository\org\springframework\boot\spring-boot-starter-web\3.2.2\spring-boot-starter-web-3.2.2.jar;C:\Users\2318431\.m2\repository\org\springframework\boot\spring-boot-starter\3.2.2\spring-boot-starter-3.2.2.jar;C:\Users\2318431\.m2\repository\org\springframework\boot\spring-boot-starter-logging\3.2.2\spring-boot-starter-logging-3.2.2.jar;C:\Users\2318431\.m2\repository\ch\qos\logback\logback-classic\1.4.14\logback-classic-1.4.14.jar;C:\Users\2318431\.m2\repository\ch\qos\logback\logback-core\1.4.14\logback-core-1.4.14.jar;C:\Users\2318431\.m2\repository\org\apache\logging\log4j\log4j-to-slf4j\2.21.1\log4j-to-slf4j-2.21.1.jar;C:\Users\2318431\.m2\repository\org\apache\logging\log4j\log4j-api\2.21.1\log4j-api-2.21.1.jar;C:\Users\2318431\.m2\repository\org\slf4j\jul-to-slf4j\2.0.11\jul-to-slf4j-2.0.11.jar;C:\Users\2318431\.m2\repository\org\yaml\snakeyaml\2.2\snakeyaml-2.2.jar;C:\Users\2318431\.m2\repository\org\springframework\boot\spring-boot-starter-json\3.2.2\spring-boot-starter-json-3.2.2.jar;C:\Users\2318431\.m2\repository\com\fasterxml\jackson\core\jackson-databind\2.15.3\jackson-databind-2.15.3.jar;C:\Users\2318431\.m2\repository\com\fasterxml\jackson\datatype\jackson-datatype-jdk8\2.15.3\jackson-datatype-jdk8-2.15.3.jar;C:\Users\2318431\.m2\repository\com\fasterxml\jackson\datatype\jackson-datatype-jsr310\2.15.3\jackson-datatype-jsr310-2.15.3.jar;C:\Users\2318431\.m2\repository\com\fasterxml\jackson\module\jackson-module-parameter-names\2.15.3\jackson-module-parameter-names-2.15.3.jar;C:\Users\2318431\.m2\repository\org\springframework\boot\spring-boot-starter-tomcat\3.2.2\spring-boot-starter-tomcat-3.2.2.jar;C:\Users\2318431\.m2\repository\org\apache\tomcat\embed\tomcat-embed-core\10.1.18\tomcat-embed-core-10.1.18.jar;C:\Users\2318431\.m2\repository\org\apache\tomcat\embed\tomcat-embed-el\10.1.18\tomcat-embed-el-10.1.18.jar;C:\Users\2318431\.m2\repository\org\apache\tomcat\embed\tomcat-embed-websocket\10.1.18\tomcat-embed-websocket-10.1.18.jar;C:\Users\2318431\.m2\repository\org\springframework\spring-web\6.1.3\spring-web-6.1.3.jar;C:\Users\2318431\.m2\repository\io\micrometer\micrometer-observation\1.12.2\micrometer-observation-1.12.2.jar;C:\Users\2318431\.m2\repository\io\micrometer\micrometer-commons\1.12.2\micrometer-commons-1.12.2.jar;C:\Users\2318431\.m2\repository\org\springframework\spring-webmvc\6.1.3\spring-webmvc-6.1.3.jar;C:\Users\2318431\.m2\repository\org\springframework\spring-expression\6.1.3\spring-expression-6.1.3.jar;C:\Users\2318431\.m2\repository\org\springframework\boot\spring-boot-devtools\3.2.2\spring-boot-devtools-3.2.2.jar;C:\Users\2318431\.m2\repository\org\springframework\boot\spring-boot\3.2.2\spring-boot-3.2.2.jar;C:\Users\2318431\.m2\repository\org\springframework\boot\spring-boot-autoconfigure\3.2.2\spring-boot-autoconfigure-3.2.2.jar;C:\Users\2318431\.m2\repository\com\h2database\h2\2.2.224\h2-2.2.224.jar;C:\Users\2318431\.m2\repository\org\springframework\boot\spring-boot-starter-test\3.2.2\spring-boot-starter-test-3.2.2.jar;C:\Users\2318431\.m2\repository\org\springframework\boot\spring-boot-test\3.2.2\spring-boot-test-3.2.2.jar;C:\Users\2318431\.m2\repository\org\springframework\boot\spring-boot-test-autoconfigure\3.2.2\spring-boot-test-autoconfigure-3.2.2.jar;C:\Users\2318431\.m2\repository\com\jayway\jsonpath\json-path\2.8.0\json-path-2.8.0.jar;C:\Users\2318431\.m2\repository\jakarta\xml\bind\jakarta.xml.bind-api\4.0.1\jakarta.xml.bind-api-4.0.1.jar;C:\Users\2318431\.m2\repository\jakarta\activation\jakarta.activation-api\2.1.2\jakarta.activation-api-2.1.2.jar;C:\Users\2318431\.m2\repository\net\minidev\json-smart\2.5.0\json-smart-2.5.0.jar;C:\Users\2318431\.m2\repository\net\minidev\accessors-smart\2.5.0\accessors-smart-2.5.0.jar;C:\Users\2318431\.m2\repository\org\ow2\asm\asm\9.3\asm-9.3.jar;C:\Users\2318431\.m2\repository\org\assertj\assertj-core\3.24.2\assertj-core-3.24.2.jar;C:\Users\2318431\.m2\repository\org\awaitility\awaitility\4.2.0\awaitility-4.2.0.jar;C:\Users\2318431\.m2\repository\org\hamcrest\hamcrest\2.2\hamcrest-2.2.jar;C:\Users\2318431\.m2\repository\org\junit\jupiter\junit-jupiter\5.10.1\junit-jupiter-5.10.1.jar;C:\Users\2318431\.m2\repository\org\junit\jupiter\junit-jupiter-api\5.10.1\junit-jupiter-api-5.10.1.jar;C:\Users\2318431\.m2\repository\org\opentest4j\opentest4j\1.3.0\opentest4j-1.3.0.jar;C:\Users\2318431\.m2\repository\org\junit\platform\junit-platform-commons\1.10.1\junit-platform-commons-1.10.1.jar;C:\Users\2318431\.m2\repository\org\apiguardian\apiguardian-api\1.1.2\apiguardian-api-1.1.2.jar;C:\Users\2318431\.m2\repository\org\junit\jupiter\junit-jupiter-params\5.10.1\junit-jupiter-params-5.10.1.jar;C:\Users\2318431\.m2\repository\org\junit\jupiter\junit-jupiter-engine\5.10.1\junit-jupiter-engine-5.10.1.jar;C:\Users\2318431\.m2\repository\org\junit\platform\junit-platform-engine\1.10.1\junit-platform-engine-1.10.1.jar;C:\Users\2318431\.m2\repository\org\mockito\mockito-core\5.7.0\mockito-core-5.7.0.jar;C:\Users\2318431\.m2\repository\net\bytebuddy\byte-buddy-agent\1.14.11\byte-buddy-agent-1.14.11.jar;C:\Users\2318431\.m2\repository\org\objenesis\objenesis\3.3\objenesis-3.3.jar;C:\Users\2318431\.m2\repository\org\mockito\mockito-junit-jupiter\5.7.0\mockito-junit-jupiter-5.7.0.jar;C:\Users\2318431\.m2\repository\org\skyscreamer\jsonassert\1.5.1\jsonassert-1.5.1.jar;C:\Users\2318431\.m2\repository\com\vaadin\external\google\android-json\0.0.20131108.vaadin1\android-json-0.0.20131108.vaadin1.jar;C:\Users\2318431\.m2\repository\org\springframework\spring-core\6.1.3\spring-core-6.1.3.jar;C:\Users\2318431\.m2\repository\org\springframework\spring-jcl\6.1.3\spring-jcl-6.1.3.jar;C:\Users\2318431\.m2\repository\org\springframework\spring-test\6.1.3\spring-test-6.1.3.jar;C:\Users\2318431\.m2\repository\org\xmlunit\xmlunit-core\2.9.1\xmlunit-core-2.9.1.jar;C:\Users\2318431\.m2\repository\org\springdoc\springdoc-openapi-starter-webmvc-ui\2.4.0\springdoc-openapi-starter-webmvc-ui-2.4.0.jar;C:\Users\2318431\.m2\repository\org\springdoc\springdoc-openapi-starter-webmvc-api\2.4.0\springdoc-openapi-starter-webmvc-api-2.4.0.jar;C:\Users\2318431\.m2\repository\org\springdoc\springdoc-openapi-starter-common\2.4.0\springdoc-openapi-starter-common-2.4.0.jar;C:\Users\2318431\.m2\repository\io\swagger\core\v3\swagger-core-jakarta\2.2.20\swagger-core-jakarta-2.2.20.jar;C:\Users\2318431\.m2\repository\org\apache\commons\commons-lang3\3.13.0\commons-lang3-3.13.0.jar;C:\Users\2318431\.m2\repository\io\swagger\core\v3\swagger-annotations-jakarta\2.2.20\swagger-annotations-jakarta-2.2.20.jar;C:\Users\2318431\.m2\repository\io\swagger\core\v3\swagger-models-jakarta\2.2.20\swagger-models-jakarta-2.2.20.jar;C:\Users\2318431\.m2\repository\com\fasterxml\jackson\dataformat\jackson-dataformat-yaml\2.15.3\jackson-dataformat-yaml-2.15.3.jar;C:\Users\2318431\.m2\repository\org\webjars\swagger-ui\5.11.8\swagger-ui-5.11.8.jar;C:\Users\2318431\.m2\repository\jakarta\validation\jakarta.validation-api\3.0.2\jakarta.validation-api-3.0.2.jar;C:\Users\2318431\.m2\repository\org\projectlombok\lombok\1.18.30\lombok-1.18.30.jar;C:\Users\2318431\.m2\repository\org\springframework\cloud\spring-cloud-starter\4.1.2\spring-cloud-starter-4.1.2.jar;C:\Users\2318431\.m2\repository\org\springframework\cloud\spring-cloud-context\4.1.2\spring-cloud-context-4.1.2.jar;C:\Users\2318431\.m2\repository\org\springframework\security\spring-security-crypto\6.2.1\spring-security-crypto-6.2.1.jar;C:\Users\2318431\.m2\repository\org\springframework\cloud\spring-cloud-commons\4.1.2\spring-cloud-commons-4.1.2.jar;C:\Users\2318431\.m2\repository\org\springframework\security\spring-security-rsa\1.1.2\spring-security-rsa-1.1.2.jar;C:\Users\2318431\.m2\repository\org\bouncycastle\bcprov-jdk18on\1.77\bcprov-jdk18on-1.77.jar;C:\Users\2318431\.m2\repository\org\springframework\cloud\spring-cloud-starter-netflix-eureka-client\4.1.1\spring-cloud-starter-netflix-eureka-client-4.1.1.jar;C:\Users\2318431\.m2\repository\org\springframework\cloud\spring-cloud-netflix-eureka-client\4.1.1\spring-cloud-netflix-eureka-client-4.1.1.jar;C:\Users\2318431\.m2\repository\org\apache\httpcomponents\client5\httpclient5\5.2.3\httpclient5-5.2.3.jar;C:\Users\2318431\.m2\repository\org\apache\httpcomponents\core5\httpcore5\5.2.4\httpcore5-5.2.4.jar;C:\Users\2318431\.m2\repository\org\apache\httpcomponents\core5\httpcore5-h2\5.2.4\httpcore5-h2-5.2.4.jar;C:\Users\2318431\.m2\repository\com\netflix\eureka\eureka-client\2.0.2\eureka-client-2.0.2.jar;C:\Users\2318431\.m2\repository\com\netflix\netflix-commons\netflix-eventbus\0.3.0\netflix-eventbus-0.3.0.jar;C:\Users\2318431\.m2\repository\com\netflix\netflix-commons\netflix-infix\0.3.0\netflix-infix-0.3.0.jar;C:\Users\2318431\.m2\repository\commons-jxpath\commons-jxpath\1.3\commons-jxpath-1.3.jar;C:\Users\2318431\.m2\repository\joda-time\joda-time\2.3\joda-time-2.3.jar;C:\Users\2318431\.m2\repository\org\antlr\antlr-runtime\3.4\antlr-runtime-3.4.jar;C:\Users\2318431\.m2\repository\org\antlr\stringtemplate\3.2.1\stringtemplate-3.2.1.jar;C:\Users\2318431\.m2\repository\antlr\antlr\2.7.7\antlr-2.7.7.jar;C:\Users\2318431\.m2\repository\com\google\code\gson\gson\2.10.1\gson-2.10.1.jar;C:\Users\2318431\.m2\repository\org\apache\commons\commons-math\2.2\commons-math-2.2.jar;C:\Users\2318431\.m2\repository\com\thoughtworks\xstream\xstream\1.4.19\xstream-1.4.19.jar;C:\Users\2318431\.m2\repository\io\github\x-stream\mxparser\1.2.2\mxparser-1.2.2.jar;C:\Users\2318431\.m2\repository\xmlpull\xmlpull\1.1.3.1\xmlpull-1.1.3.1.jar;C:\Users\2318431\.m2\repository\jakarta\ws\rs\jakarta.ws.rs-api\3.1.0\jakarta.ws.rs-api-3.1.0.jar;C:\Users\2318431\.m2\repository\com\netflix\servo\servo-core\0.12.21\servo-core-0.12.21.jar;C:\Users\2318431\.m2\repository\com\google\guava\guava\19.0\guava-19.0.jar;C:\Users\2318431\.m2\repository\org\apache\httpcomponents\httpclient\4.5.3\httpclient-4.5.3.jar;C:\Users\2318431\.m2\repository\org\apache\httpcomponents\httpcore\4.4.16\httpcore-4.4.16.jar;C:\Users\2318431\.m2\repository\commons-codec\commons-codec\1.16.0\commons-codec-1.16.0.jar;C:\Users\2318431\.m2\repository\commons-configuration\commons-configuration\1.10\commons-configuration-1.10.jar;C:\Users\2318431\.m2\repository\commons-lang\commons-lang\2.6\commons-lang-2.6.jar;C:\Users\2318431\.m2\repository\com\fasterxml\jackson\core\jackson-annotations\2.15.3\jackson-annotations-2.15.3.jar;C:\Users\2318431\.m2\repository\com\fasterxml\jackson\core\jackson-core\2.15.3\jackson-core-2.15.3.jar;C:\Users\2318431\.m2\repository\org\codehaus\jettison\jettison\1.5.4\jettison-1.5.4.jar;C:\Users\2318431\.m2\repository\com\netflix\eureka\eureka-core\2.0.2\eureka-core-2.0.2.jar;C:\Users\2318431\.m2\repository\com\fasterxml\woodstox\woodstox-core\6.2.1\woodstox-core-6.2.1.jar;C:\Users\2318431\.m2\repository\org\codehaus\woodstox\stax2-api\4.2.1\stax2-api-4.2.1.jar;C:\Users\2318431\.m2\repository\org\springframework\cloud\spring-cloud-starter-loadbalancer\4.1.2\spring-cloud-starter-loadbalancer-4.1.2.jar;C:\Users\2318431\.m2\repository\org\springframework\cloud\spring-cloud-loadbalancer\4.1.2\spring-cloud-loadbalancer-4.1.2.jar;C:\Users\2318431\.m2\repository\io\projectreactor\reactor-core\3.6.2\reactor-core-3.6.2.jar;C:\Users\2318431\.m2\repository\org\reactivestreams\reactive-streams\1.0.4\reactive-streams-1.0.4.jar;C:\Users\2318431\.m2\repository\io\projectreactor\addons\reactor-extra\3.5.1\reactor-extra-3.5.1.jar;C:\Users\2318431\.m2\repository\org\springframework\boot\spring-boot-starter-cache\3.2.2\spring-boot-starter-cache-3.2.2.jar;C:\Users\2318431\.m2\repository\org\springframework\spring-context-support\6.1.3\spring-context-support-6.1.3.jar;C:\Users\2318431\.m2\repository\com\stoyanr\evictor\1.0.0\evictor-1.0.0.jar;"/>
    <property name="sun.cpu.endian" value="little"/>
    <property name="user.home" value="C:\Users\2318431"/>
    <property name="user.language" value="en"/>
    <property name="java.specification.vendor" value="Oracle Corporation"/>
    <property name="java.version.date" value="2024-01-16"/>
    <property name="java.home" value="C:\Users\2318431\Downloads\sts-4.21.1.RELEASE\plugins\org.eclipse.justj.openjdk.hotspot.jre.full.win32.x86_64_17.0.10.v20240120-1143\jre"/>
    <property name="file.separator" value="\"/>
    <property name="style.color" value="always"/>
    <property name="basedir" value="C:\Users\2318431\Downloads\Ridesharingplatform"/>
    <property name="java.vm.compressedOopsMode" value="Zero based"/>
    <property name="line.separator" value="&#10;"/>
    <property name="java.vm.specification.vendor" value="Oracle Corporation"/>
    <property name="java.specification.name" value="Java Platform API Specification"/>
    <property name="FILE_LOG_CHARSET" value="windows-1252"/>
    <property name="java.awt.headless" value="true"/>
    <property name="surefire.real.class.path" value="C:\Users\2318431\AppData\Local\Temp\surefire11695190849379645671\surefirebooter-20240424170201165_3.jar"/>
    <property name="user.script" value=""/>
    <property name="sun.management.compiler" value="HotSpot 64-Bit Tiered Compilers"/>
    <property name="java.runtime.version" value="17.0.10+7"/>
    <property name="user.name" value="2318431"/>
    <property name="path.separator" value=";"/>
    <property name="os.version" value="10.0"/>
    <property name="java.runtime.name" value="OpenJDK Runtime Environment"/>
    <property name="file.encoding" value="Cp1252"/>
    <property name="java.vm.name" value="OpenJDK 64-Bit Server VM"/>
    <property name="java.vendor.version" value="Temurin-17.0.10+7"/>
    <property name="localRepository" value="C:\Users\2318431\.m2\repository"/>
    <property name="java.vendor.url.bug" value="https://github.com/adoptium/adoptium-support/issues"/>
    <property name="java.io.tmpdir" value="C:\Users\2318431\AppData\Local\Temp\"/>
    <property name="com.zaxxer.hikari.pool_number" value="1"/>
    <property name="java.version" value="17.0.10"/>
    <property name="user.dir" value="C:\Users\2318431\Downloads\Ridesharingplatform"/>
    <property name="os.arch" value="amd64"/>
    <property name="java.vm.specification.name" value="Java Virtual Machine Specification"/>
    <property name="PID" value="5824"/>
    <property name="sun.os.patch.level" value=""/>
    <property name="CONSOLE_LOG_CHARSET" value="windows-1252"/>
    <property name="native.encoding" value="Cp1252"/>
    <property name="java.library.path" value="C:\Users\2318431\Downloads\sts-4.21.1.RELEASE\plugins\org.eclipse.justj.openjdk.hotspot.jre.full.win32.x86_64_17.0.10.v20240120-1143\jre\bin;C:\Windows\Sun\Java\bin;C:\Windows\system32;C:\Windows;C:/Users/2318431/Downloads/sts-4.21.1.RELEASE//plugins/org.eclipse.justj.openjdk.hotspot.jre.full.win32.x86_64_17.0.10.v20240120-1143/jre/bin/server;C:/Users/2318431/Downloads/sts-4.21.1.RELEASE//plugins/org.eclipse.justj.openjdk.hotspot.jre.full.win32.x86_64_17.0.10.v20240120-1143/jre/bin;C:\Program Files\Common Files\Oracle\Java\javapath;C:\Program Files (x86)\Common Files\Oracle\Java\javapath;C:\Program Files\Zulu\zulu-17\bin\;C:\Windows\system32;C:\Windows;C:\Windows\System32\Wbem;C:\Windows\System32\WindowsPowerShell\v1.0\;C:\Windows\System32\OpenSSH\;C:\Users\2318431\Downloads\apache-maven-3.9.6-bin.zip\apache-maven-3.9.6\bin;C:\apache-maven-3.9.6\bin;C:\Program Files\Git\cmd;C:\Users\2318431\Downloads\node-v20.12.2-win-x64\node-v20.12.2-win-x64;C:\Program Files\MySQL\MySQL Shell 8.0\bin\;C:\Users\2318431\AppData\Local\Microsoft\WindowsApps;;C:\Users\2318431\AppData\Local\Programs\Microsoft VS Code\bin;C:\Users\2318431\AppData\Roaming\npm;C:\Users\2318431\Downloads\sts-4.21.1.RELEASE;;."/>
    <property name="java.vm.info" value="mixed mode"/>
    <property name="java.vendor" value="Eclipse Adoptium"/>
    <property name="java.vm.version" value="17.0.10+7"/>
    <property name="sun.io.unicode.encoding" value="UnicodeLittle"/>
    <property name="java.class.version" value="61.0"/>
    <property name="LOGGED_APPLICATION_NAME" value="[Vehicle Management Module] "/>
  </properties>
  <testcase name="testFindAllNegative" classname="com.cognizant.main.TestVehicleTypesRepository" time="0.051">
    <system-out><![CDATA[2024-04-24T17:02:28.167+05:30 DEBUG 5824 --- [Vehicle Management Module] [           main] o.s.t.c.support.AbstractContextLoader    : Could not detect default resource locations for test class [com.cognizant.main.TestVehicleTypesRepository]: no resource found for suffixes {-context.xml, Context.groovy}.
2024-04-24T17:02:28.168+05:30 DEBUG 5824 --- [Vehicle Management Module] [           main] b.t.a.o.j.DataJpaTestContextBootstrapper : Using ContextCustomizerFactory implementations for test class [TestVehicleTypesRepository]: [ImportsContextCustomizerFactory, ExcludeFilterContextCustomizerFactory, HttpGraphQlTesterContextCustomizerFactory, DuplicateJsonObjectContextCustomizerFactory, MockitoContextCustomizerFactory, TestRestTemplateContextCustomizerFactory, WebTestClientContextCustomizerFactory, OverrideAutoConfigurationContextCustomizerFactory, ObservabilityContextCustomizerFactory, TypeExcludeFiltersContextCustomizerFactory, PropertyMappingContextCustomizerFactory, WebDriverContextCustomizerFactory, MockServerContainerContextCustomizerFactory, DynamicPropertiesContextCustomizerFactory]
2024-04-24T17:02:28.236+05:30 DEBUG 5824 --- [Vehicle Management Module] [           main] b.t.a.o.j.DataJpaTestContextBootstrapper : Using ContextCustomizers for test class [TestVehicleTypesRepository]: [ImportsContextCustomizer, ExcludeFilterContextCustomizer, DuplicateJsonObjectContextCustomizer, MockitoContextCustomizer, DisableAutoConfigurationContextCustomizer, DisableObservabilityContextCustomizer, TypeExcludeFiltersContextCustomizer, PropertyMappingContextCustomizer, WebDriverContextCustomizer]
2024-04-24T17:02:28.237+05:30 DEBUG 5824 --- [Vehicle Management Module] [           main] .s.t.c.u.TestContextSpringFactoriesUtils : Skipping candidate TestExecutionListener [org.springframework.test.context.observation.MicrometerObservationRegistryTestExecutionListener] due to a missing dependency. Specify custom TestExecutionListener classes or make the default TestExecutionListener classes and their required dependencies available. Offending class: io.micrometer.context.ThreadLocalAccessor. MicrometerObservationRegistryTestExecutionListener requires io.micrometer:micrometer-observation:1.10.8 or higher and io.micrometer:context-propagation:1.0.3 or higher.
2024-04-24T17:02:28.238+05:30 DEBUG 5824 --- [Vehicle Management Module] [           main] b.t.a.o.j.DataJpaTestContextBootstrapper : Using TestExecutionListeners for test class [TestVehicleTypesRepository]: [ServletTestExecutionListener, DirtiesContextBeforeModesTestExecutionListener, ApplicationEventsTestExecutionListener, MockitoTestExecutionListener, DependencyInjectionTestExecutionListener, DirtiesContextTestExecutionListener, TransactionalTestExecutionListener, SqlScriptsTestExecutionListener, EventPublishingTestExecutionListener, ResetMocksTestExecutionListener, RestDocsTestExecutionListener, MockRestServiceServerResetTestExecutionListener, MockMvcPrintOnlyOnFailureTestExecutionListener, WebDriverTestExecutionListener, MockWebServiceServerTestExecutionListener]
2024-04-24T17:02:28.238+05:30 DEBUG 5824 --- [Vehicle Management Module] [           main] sContextBeforeModesTestExecutionListener : Before test class: class [TestVehicleTypesRepository], class annotated with @DirtiesContext [false] with mode [null]
2024-04-24T17:02:28.239+05:30 DEBUG 5824 --- [Vehicle Management Module] [           main] org.springframework.test.context.cache   : Spring test ApplicationContext cache statistics: [DefaultContextCache@491cceb4 size = 2, maxSize = 32, parentContextCount = 0, hitCount = 159, missCount = 2, failureCount = 0]
2024-04-24T17:02:28.240+05:30 DEBUG 5824 --- [Vehicle Management Module] [           main] DependencyInjectionTestExecutionListener : Performing dependency injection for test class com.cognizant.main.TestVehicleTypesRepository
2024-04-24T17:02:28.240+05:30 DEBUG 5824 --- [Vehicle Management Module] [           main] org.springframework.test.context.cache   : Spring test ApplicationContext cache statistics: [DefaultContextCache@491cceb4 size = 2, maxSize = 32, parentContextCount = 0, hitCount = 160, missCount = 2, failureCount = 0]
2024-04-24T17:02:28.241+05:30 DEBUG 5824 --- [Vehicle Management Module] [           main] org.springframework.test.context.cache   : Spring test ApplicationContext cache statistics: [DefaultContextCache@491cceb4 size = 2, maxSize = 32, parentContextCount = 0, hitCount = 161, missCount = 2, failureCount = 0]
2024-04-24T17:02:28.243+05:30 DEBUG 5824 --- [Vehicle Management Module] [           main] sContextBeforeModesTestExecutionListener : Before test method: class [TestVehicleTypesRepository], method [testFindAllNegative], class annotated with @DirtiesContext [false] with mode [null], method annotated with @DirtiesContext [false] with mode [null]
2024-04-24T17:02:28.243+05:30 DEBUG 5824 --- [Vehicle Management Module] [           main] t.c.t.TransactionalTestExecutionListener : Explicit transaction definition [PROPAGATION_REQUIRED,ISOLATION_DEFAULT] found for test class [com.cognizant.main.TestVehicleTypesRepository] and test method [testFindAllNegative]
2024-04-24T17:02:28.243+05:30 DEBUG 5824 --- [Vehicle Management Module] [           main] org.springframework.test.context.cache   : Spring test ApplicationContext cache statistics: [DefaultContextCache@491cceb4 size = 2, maxSize = 32, parentContextCount = 0, hitCount = 162, missCount = 2, failureCount = 0]
2024-04-24T17:02:28.243+05:30 DEBUG 5824 --- [Vehicle Management Module] [           main] t.c.t.TransactionalTestExecutionListener : No method-level @Rollback override: using default rollback [true] for test method [public void com.cognizant.main.TestVehicleTypesRepository.testFindAllNegative()]
2024-04-24T17:02:28.243+05:30 DEBUG 5824 --- [Vehicle Management Module] [           main] o.s.orm.jpa.JpaTransactionManager        : Creating new transaction with name [com.cognizant.main.TestVehicleTypesRepository.testFindAllNegative]: PROPAGATION_REQUIRED,ISOLATION_DEFAULT
2024-04-24T17:02:28.244+05:30 DEBUG 5824 --- [Vehicle Management Module] [           main] o.s.orm.jpa.JpaTransactionManager        : Opened new EntityManager [SessionImpl(488903841<open>)] for JPA transaction
2024-04-24T17:02:28.244+05:30 DEBUG 5824 --- [Vehicle Management Module] [           main] o.h.e.t.internal.TransactionImpl         : On TransactionImpl creation, JpaCompliance#isJpaTransactionComplianceEnabled == false
2024-04-24T17:02:28.244+05:30 DEBUG 5824 --- [Vehicle Management Module] [           main] o.h.e.t.internal.TransactionImpl         : begin
2024-04-24T17:02:28.244+05:30 DEBUG 5824 --- [Vehicle Management Module] [           main] o.s.j.datasource.SimpleDriverDataSource  : Creating new JDBC Driver Connection to [jdbc:h2:mem:77e5e59b-9028-4692-bf3e-2dbb97a1edaf;DB_CLOSE_DELAY=-1;DB_CLOSE_ON_EXIT=false]
2024-04-24T17:02:28.244+05:30 DEBUG 5824 --- [Vehicle Management Module] [           main] o.s.orm.jpa.JpaTransactionManager        : Exposing JPA transaction as JDBC [org.springframework.orm.jpa.vendor.HibernateJpaDialect$HibernateConnectionHandle@37e5111b]
2024-04-24T17:02:28.245+05:30 DEBUG 5824 --- [Vehicle Management Module] [           main] o.s.t.c.transaction.TransactionContext   : Began transaction (1) for test class [com.cognizant.main.TestVehicleTypesRepository]; test method [testFindAllNegative]; transaction manager [org.springframework.orm.jpa.JpaTransactionManager@82b778b]; rollback [true]
2024-04-24T17:02:28.245+05:30 DEBUG 5824 --- [Vehicle Management Module] [           main] org.springframework.test.context.cache   : Spring test ApplicationContext cache statistics: [DefaultContextCache@491cceb4 size = 2, maxSize = 32, parentContextCount = 0, hitCount = 163, missCount = 2, failureCount = 0]
2024-04-24T17:02:28.245+05:30 DEBUG 5824 --- [Vehicle Management Module] [           main] org.springframework.test.context.cache   : Spring test ApplicationContext cache statistics: [DefaultContextCache@491cceb4 size = 2, maxSize = 32, parentContextCount = 0, hitCount = 164, missCount = 2, failureCount = 0]
2024-04-24T17:02:28.246+05:30 DEBUG 5824 --- [Vehicle Management Module] [           main] org.springframework.test.context.cache   : Spring test ApplicationContext cache statistics: [DefaultContextCache@491cceb4 size = 2, maxSize = 32, parentContextCount = 0, hitCount = 165, missCount = 2, failureCount = 0]
2024-04-24T17:02:28.247+05:30 DEBUG 5824 --- [Vehicle Management Module] [           main] o.s.orm.jpa.JpaTransactionManager        : Found thread-bound EntityManager [SessionImpl(488903841<open>)] for JPA transaction
2024-04-24T17:02:28.247+05:30 DEBUG 5824 --- [Vehicle Management Module] [           main] o.s.orm.jpa.JpaTransactionManager        : Participating in existing transaction
2024-04-24T17:02:28.248+05:30 DEBUG 5824 --- [Vehicle Management Module] [           main] org.hibernate.orm.sql.ast.create         : Created new SQL alias : vt1_0
2024-04-24T17:02:28.248+05:30 DEBUG 5824 --- [Vehicle Management Module] [           main] org.hibernate.orm.sql.ast.create         : Registration of TableGroup [StandardTableGroup(com.cognizant.main.entities.VehicleTypes(104029354815100))] with identifierForTableGroup [com.cognizant.main.entities.VehicleTypes] for NavigablePath [com.cognizant.main.entities.VehicleTypes] 
2024-04-24T17:02:28.249+05:30 DEBUG 5824 --- [Vehicle Management Module] [           main] org.hibernate.orm.results.graph.AST      : DomainResult Graph:
 \-EntityResultImpl [com.cognizant.main.entities.VehicleTypes(104029354815100)]
 |  +-BasicFetch [com.cognizant.main.entities.VehicleTypes(104029354815100).FarePerKM]
 |  +-BasicFetch [com.cognizant.main.entities.VehicleTypes(104029354815100).MaxPassengersAllowed]
 |  +-BasicFetch [com.cognizant.main.entities.VehicleTypes(104029354815100).Type]
 |  \-DelayedCollectionFetch [com.cognizant.main.entities.VehicleTypes(104029354815100).vechicles]

2024-04-24T17:02:28.249+05:30 DEBUG 5824 --- [Vehicle Management Module] [           main] org.hibernate.orm.sql.ast.tree           : SQL AST Tree:
    SelectStatement {
      FromClause {
        StandardTableGroup (vt1 : com.cognizant.main.entities.VehicleTypes(104029354815100)) {
          primaryTableReference : vechicle_types as vt1_0
        }
      }
    }

2024-04-24T17:02:28.249+05:30 DEBUG 5824 --- [Vehicle Management Module] [           main] org.hibernate.orm.sql.exec               : Skipping reading Query result cache data: cache-enabled = false, cache-mode = NORMAL
2024-04-24T17:02:28.249+05:30 DEBUG 5824 --- [Vehicle Management Module] [           main] org.hibernate.orm.results                : Initializer list:
	  com.cognizant.main.entities.VehicleTypes(104029354815100).vechicles -> DelayedCollectionInitializer(com.cognizant.main.entities.VehicleTypes(104029354815100).vechicles)@738538807 (PluralAttribute(com.cognizant.main.entities.VehicleTypes.vechicles))
	  com.cognizant.main.entities.VehicleTypes(104029354815100) -> EntityResultInitializer(com.cognizant.main.entities.VehicleTypes(104029354815100))@1820711912 (SingleTableEntityPersister(com.cognizant.main.entities.VehicleTypes))

2024-04-24T17:02:28.249+05:30 DEBUG 5824 --- [Vehicle Management Module] [           main] org.hibernate.SQL                        : select vt1_0.id,vt1_0.fare_perkm,vt1_0.max_passengers_allowed,vt1_0.type from vechicle_types vt1_0
Hibernate: select vt1_0.id,vt1_0.fare_perkm,vt1_0.max_passengers_allowed,vt1_0.type from vechicle_types vt1_0
2024-04-24T17:02:28.251+05:30 DEBUG 5824 --- [Vehicle Management Module] [           main] org.hibernate.orm.results                : Extracted JDBC value [0] - [1]
2024-04-24T17:02:28.251+05:30 DEBUG 5824 --- [Vehicle Management Module] [           main] o.hibernate.orm.results.loading.entity   : (EntityResultInitializer) Hydrated EntityKey (com.cognizant.main.entities.VehicleTypes(104029354815100)): 1
2024-04-24T17:02:28.251+05:30 DEBUG 5824 --- [Vehicle Management Module] [           main] org.hibernate.orm.results                : Extracted JDBC value [0] - [1]
2024-04-24T17:02:28.256+05:30 DEBUG 5824 --- [Vehicle Management Module] [           main] o.h.o.r.l.o.h.o.r.loading.collection     : (DelayedCollectionInitializer) Current row collection key : com.cognizant.main.entities.VehicleTypes(104029354815100).vechicles#1
2024-04-24T17:02:28.256+05:30 DEBUG 5824 --- [Vehicle Management Module] [           main] o.hibernate.orm.results.loading.entity   : (EntityResultInitializer) Created new entity instance [com.cognizant.main.entities.VehicleTypes(104029354815100)#1] : 2019235966
2024-04-24T17:02:28.277+05:30 DEBUG 5824 --- [Vehicle Management Module] [           main] org.hibernate.orm.results                : Extracted JDBC value [1] - [10]
2024-04-24T17:02:28.277+05:30 DEBUG 5824 --- [Vehicle Management Module] [           main] org.hibernate.orm.results                : Extracted JDBC value [2] - [2]
2024-04-24T17:02:28.277+05:30 DEBUG 5824 --- [Vehicle Management Module] [           main] org.hibernate.orm.results                : Extracted JDBC value [3] - [2]
2024-04-24T17:02:28.280+05:30 DEBUG 5824 --- [Vehicle Management Module] [           main] o.hibernate.orm.results.loading.entity   : (EntityResultInitializer) Done materializing entityInstance : com.cognizant.main.entities.VehicleTypes(104029354815100)#1
2024-04-24T17:02:28.280+05:30 DEBUG 5824 --- [Vehicle Management Module] [           main] org.hibernate.orm.results.loading        : Calling top-level assembler (0 / 1) : org.hibernate.sql.results.graph.entity.internal.EntityAssembler@4d17ce84
2024-04-24T17:02:28.282+05:30 DEBUG 5824 --- [Vehicle Management Module] [           main] org.hibernate.orm.results                : Extracted JDBC value [0] - [2]
2024-04-24T17:02:28.282+05:30 DEBUG 5824 --- [Vehicle Management Module] [           main] o.hibernate.orm.results.loading.entity   : (EntityResultInitializer) Hydrated EntityKey (com.cognizant.main.entities.VehicleTypes(104029354815100)): 2
2024-04-24T17:02:28.282+05:30 DEBUG 5824 --- [Vehicle Management Module] [           main] org.hibernate.orm.results                : Extracted JDBC value [0] - [2]
2024-04-24T17:02:28.282+05:30 DEBUG 5824 --- [Vehicle Management Module] [           main] o.h.o.r.l.o.h.o.r.loading.collection     : (DelayedCollectionInitializer) Current row collection key : com.cognizant.main.entities.VehicleTypes(104029354815100).vechicles#2
2024-04-24T17:02:28.282+05:30 DEBUG 5824 --- [Vehicle Management Module] [           main] o.hibernate.orm.results.loading.entity   : (EntityResultInitializer) Created new entity instance [com.cognizant.main.entities.VehicleTypes(104029354815100)#2] : 1044894821
2024-04-24T17:02:28.282+05:30 DEBUG 5824 --- [Vehicle Management Module] [           main] org.hibernate.orm.results                : Extracted JDBC value [1] - [20]
2024-04-24T17:02:28.282+05:30 DEBUG 5824 --- [Vehicle Management Module] [           main] org.hibernate.orm.results                : Extracted JDBC value [2] - [5]
2024-04-24T17:02:28.282+05:30 DEBUG 5824 --- [Vehicle Management Module] [           main] org.hibernate.orm.results                : Extracted JDBC value [3] - [4]
2024-04-24T17:02:28.283+05:30 DEBUG 5824 --- [Vehicle Management Module] [           main] o.hibernate.orm.results.loading.entity   : (EntityResultInitializer) Done materializing entityInstance : com.cognizant.main.entities.VehicleTypes(104029354815100)#2
2024-04-24T17:02:28.283+05:30 DEBUG 5824 --- [Vehicle Management Module] [           main] org.hibernate.orm.results.loading        : Calling top-level assembler (0 / 1) : org.hibernate.sql.results.graph.entity.internal.EntityAssembler@4d17ce84
2024-04-24T17:02:28.287+05:30 DEBUG 5824 --- [Vehicle Management Module] [           main] org.springframework.test.context.cache   : Spring test ApplicationContext cache statistics: [DefaultContextCache@491cceb4 size = 2, maxSize = 32, parentContextCount = 0, hitCount = 166, missCount = 2, failureCount = 0]
2024-04-24T17:02:28.288+05:30 DEBUG 5824 --- [Vehicle Management Module] [           main] org.springframework.test.context.cache   : Spring test ApplicationContext cache statistics: [DefaultContextCache@491cceb4 size = 2, maxSize = 32, parentContextCount = 0, hitCount = 167, missCount = 2, failureCount = 0]
2024-04-24T17:02:28.288+05:30 DEBUG 5824 --- [Vehicle Management Module] [           main] org.springframework.test.context.cache   : Spring test ApplicationContext cache statistics: [DefaultContextCache@491cceb4 size = 2, maxSize = 32, parentContextCount = 0, hitCount = 168, missCount = 2, failureCount = 0]
2024-04-24T17:02:28.288+05:30 DEBUG 5824 --- [Vehicle Management Module] [           main] org.springframework.test.context.cache   : Spring test ApplicationContext cache statistics: [DefaultContextCache@491cceb4 size = 2, maxSize = 32, parentContextCount = 0, hitCount = 169, missCount = 2, failureCount = 0]
2024-04-24T17:02:28.289+05:30 DEBUG 5824 --- [Vehicle Management Module] [           main] org.springframework.test.context.cache   : Spring test ApplicationContext cache statistics: [DefaultContextCache@491cceb4 size = 2, maxSize = 32, parentContextCount = 0, hitCount = 170, missCount = 2, failureCount = 0]
2024-04-24T17:02:28.290+05:30 DEBUG 5824 --- [Vehicle Management Module] [           main] org.springframework.test.context.cache   : Spring test ApplicationContext cache statistics: [DefaultContextCache@491cceb4 size = 2, maxSize = 32, parentContextCount = 0, hitCount = 171, missCount = 2, failureCount = 0]
2024-04-24T17:02:28.290+05:30 DEBUG 5824 --- [Vehicle Management Module] [           main] o.s.orm.jpa.JpaTransactionManager        : Initiating transaction rollback
2024-04-24T17:02:28.291+05:30 DEBUG 5824 --- [Vehicle Management Module] [           main] o.s.orm.jpa.JpaTransactionManager        : Rolling back JPA transaction on EntityManager [SessionImpl(488903841<open>)]
2024-04-24T17:02:28.291+05:30 DEBUG 5824 --- [Vehicle Management Module] [           main] o.h.e.t.internal.TransactionImpl         : rolling back
2024-04-24T17:02:28.292+05:30 DEBUG 5824 --- [Vehicle Management Module] [           main] o.s.orm.jpa.JpaTransactionManager        : Closing JPA EntityManager [SessionImpl(488903841<open>)] after transaction
2024-04-24T17:02:28.293+05:30 DEBUG 5824 --- [Vehicle Management Module] [           main] o.s.t.c.transaction.TransactionContext   : Rolled back transaction (1) for test class [com.cognizant.main.TestVehicleTypesRepository]; test method [testFindAllNegative]
2024-04-24T17:02:28.293+05:30 DEBUG 5824 --- [Vehicle Management Module] [           main] .c.s.DirtiesContextTestExecutionListener : After test method: class [TestVehicleTypesRepository], method [testFindAllNegative], class annotated with @DirtiesContext [false] with mode [null], method annotated with @DirtiesContext [false] with mode [null]
]]></system-out>
  </testcase>
  <testcase name="testFindByIdPositive" classname="com.cognizant.main.TestVehicleTypesRepository" time="0.017">
    <system-out><![CDATA[2024-04-24T17:02:28.294+05:30 DEBUG 5824 --- [Vehicle Management Module] [           main] DependencyInjectionTestExecutionListener : Performing dependency injection for test class com.cognizant.main.TestVehicleTypesRepository
2024-04-24T17:02:28.295+05:30 DEBUG 5824 --- [Vehicle Management Module] [           main] org.springframework.test.context.cache   : Spring test ApplicationContext cache statistics: [DefaultContextCache@491cceb4 size = 2, maxSize = 32, parentContextCount = 0, hitCount = 172, missCount = 2, failureCount = 0]
2024-04-24T17:02:28.295+05:30 DEBUG 5824 --- [Vehicle Management Module] [           main] org.springframework.test.context.cache   : Spring test ApplicationContext cache statistics: [DefaultContextCache@491cceb4 size = 2, maxSize = 32, parentContextCount = 0, hitCount = 173, missCount = 2, failureCount = 0]
2024-04-24T17:02:28.297+05:30 DEBUG 5824 --- [Vehicle Management Module] [           main] sContextBeforeModesTestExecutionListener : Before test method: class [TestVehicleTypesRepository], method [testFindByIdPositive], class annotated with @DirtiesContext [false] with mode [null], method annotated with @DirtiesContext [false] with mode [null]
2024-04-24T17:02:28.297+05:30 DEBUG 5824 --- [Vehicle Management Module] [           main] t.c.t.TransactionalTestExecutionListener : Explicit transaction definition [PROPAGATION_REQUIRED,ISOLATION_DEFAULT] found for test class [com.cognizant.main.TestVehicleTypesRepository] and test method [testFindByIdPositive]
2024-04-24T17:02:28.298+05:30 DEBUG 5824 --- [Vehicle Management Module] [           main] org.springframework.test.context.cache   : Spring test ApplicationContext cache statistics: [DefaultContextCache@491cceb4 size = 2, maxSize = 32, parentContextCount = 0, hitCount = 174, missCount = 2, failureCount = 0]
2024-04-24T17:02:28.299+05:30 DEBUG 5824 --- [Vehicle Management Module] [           main] t.c.t.TransactionalTestExecutionListener : No method-level @Rollback override: using default rollback [true] for test method [public void com.cognizant.main.TestVehicleTypesRepository.testFindByIdPositive()]
2024-04-24T17:02:28.299+05:30 DEBUG 5824 --- [Vehicle Management Module] [           main] o.s.orm.jpa.JpaTransactionManager        : Creating new transaction with name [com.cognizant.main.TestVehicleTypesRepository.testFindByIdPositive]: PROPAGATION_REQUIRED,ISOLATION_DEFAULT
2024-04-24T17:02:28.299+05:30 DEBUG 5824 --- [Vehicle Management Module] [           main] o.s.orm.jpa.JpaTransactionManager        : Opened new EntityManager [SessionImpl(602658198<open>)] for JPA transaction
2024-04-24T17:02:28.299+05:30 DEBUG 5824 --- [Vehicle Management Module] [           main] o.h.e.t.internal.TransactionImpl         : On TransactionImpl creation, JpaCompliance#isJpaTransactionComplianceEnabled == false
2024-04-24T17:02:28.299+05:30 DEBUG 5824 --- [Vehicle Management Module] [           main] o.h.e.t.internal.TransactionImpl         : begin
2024-04-24T17:02:28.299+05:30 DEBUG 5824 --- [Vehicle Management Module] [           main] o.s.j.datasource.SimpleDriverDataSource  : Creating new JDBC Driver Connection to [jdbc:h2:mem:77e5e59b-9028-4692-bf3e-2dbb97a1edaf;DB_CLOSE_DELAY=-1;DB_CLOSE_ON_EXIT=false]
2024-04-24T17:02:28.303+05:30 DEBUG 5824 --- [Vehicle Management Module] [           main] o.s.orm.jpa.JpaTransactionManager        : Exposing JPA transaction as JDBC [org.springframework.orm.jpa.vendor.HibernateJpaDialect$HibernateConnectionHandle@2e1bbf2a]
2024-04-24T17:02:28.303+05:30 DEBUG 5824 --- [Vehicle Management Module] [           main] o.s.t.c.transaction.TransactionContext   : Began transaction (1) for test class [com.cognizant.main.TestVehicleTypesRepository]; test method [testFindByIdPositive]; transaction manager [org.springframework.orm.jpa.JpaTransactionManager@82b778b]; rollback [true]
2024-04-24T17:02:28.305+05:30 DEBUG 5824 --- [Vehicle Management Module] [           main] org.springframework.test.context.cache   : Spring test ApplicationContext cache statistics: [DefaultContextCache@491cceb4 size = 2, maxSize = 32, parentContextCount = 0, hitCount = 175, missCount = 2, failureCount = 0]
2024-04-24T17:02:28.305+05:30 DEBUG 5824 --- [Vehicle Management Module] [           main] org.springframework.test.context.cache   : Spring test ApplicationContext cache statistics: [DefaultContextCache@491cceb4 size = 2, maxSize = 32, parentContextCount = 0, hitCount = 176, missCount = 2, failureCount = 0]
2024-04-24T17:02:28.306+05:30 DEBUG 5824 --- [Vehicle Management Module] [           main] org.springframework.test.context.cache   : Spring test ApplicationContext cache statistics: [DefaultContextCache@491cceb4 size = 2, maxSize = 32, parentContextCount = 0, hitCount = 177, missCount = 2, failureCount = 0]
2024-04-24T17:02:28.308+05:30 DEBUG 5824 --- [Vehicle Management Module] [           main] o.s.orm.jpa.JpaTransactionManager        : Found thread-bound EntityManager [SessionImpl(602658198<open>)] for JPA transaction
2024-04-24T17:02:28.308+05:30 DEBUG 5824 --- [Vehicle Management Module] [           main] o.s.orm.jpa.JpaTransactionManager        : Participating in existing transaction
2024-04-24T17:02:28.310+05:30 DEBUG 5824 --- [Vehicle Management Module] [           main] org.springframework.test.context.cache   : Spring test ApplicationContext cache statistics: [DefaultContextCache@491cceb4 size = 2, maxSize = 32, parentContextCount = 0, hitCount = 178, missCount = 2, failureCount = 0]
2024-04-24T17:02:28.311+05:30 DEBUG 5824 --- [Vehicle Management Module] [           main] org.springframework.test.context.cache   : Spring test ApplicationContext cache statistics: [DefaultContextCache@491cceb4 size = 2, maxSize = 32, parentContextCount = 0, hitCount = 179, missCount = 2, failureCount = 0]
2024-04-24T17:02:28.311+05:30 DEBUG 5824 --- [Vehicle Management Module] [           main] org.springframework.test.context.cache   : Spring test ApplicationContext cache statistics: [DefaultContextCache@491cceb4 size = 2, maxSize = 32, parentContextCount = 0, hitCount = 180, missCount = 2, failureCount = 0]
2024-04-24T17:02:28.311+05:30 DEBUG 5824 --- [Vehicle Management Module] [           main] org.springframework.test.context.cache   : Spring test ApplicationContext cache statistics: [DefaultContextCache@491cceb4 size = 2, maxSize = 32, parentContextCount = 0, hitCount = 181, missCount = 2, failureCount = 0]
2024-04-24T17:02:28.311+05:30 DEBUG 5824 --- [Vehicle Management Module] [           main] org.springframework.test.context.cache   : Spring test ApplicationContext cache statistics: [DefaultContextCache@491cceb4 size = 2, maxSize = 32, parentContextCount = 0, hitCount = 182, missCount = 2, failureCount = 0]
2024-04-24T17:02:28.312+05:30 DEBUG 5824 --- [Vehicle Management Module] [           main] org.springframework.test.context.cache   : Spring test ApplicationContext cache statistics: [DefaultContextCache@491cceb4 size = 2, maxSize = 32, parentContextCount = 0, hitCount = 183, missCount = 2, failureCount = 0]
2024-04-24T17:02:28.313+05:30 DEBUG 5824 --- [Vehicle Management Module] [           main] o.s.orm.jpa.JpaTransactionManager        : Initiating transaction rollback
2024-04-24T17:02:28.313+05:30 DEBUG 5824 --- [Vehicle Management Module] [           main] o.s.orm.jpa.JpaTransactionManager        : Rolling back JPA transaction on EntityManager [SessionImpl(602658198<open>)]
2024-04-24T17:02:28.313+05:30 DEBUG 5824 --- [Vehicle Management Module] [           main] o.h.e.t.internal.TransactionImpl         : rolling back
2024-04-24T17:02:28.313+05:30 DEBUG 5824 --- [Vehicle Management Module] [           main] o.s.orm.jpa.JpaTransactionManager        : Closing JPA EntityManager [SessionImpl(602658198<open>)] after transaction
2024-04-24T17:02:28.313+05:30 DEBUG 5824 --- [Vehicle Management Module] [           main] o.s.t.c.transaction.TransactionContext   : Rolled back transaction (1) for test class [com.cognizant.main.TestVehicleTypesRepository]; test method [testFindByIdPositive]
2024-04-24T17:02:28.313+05:30 DEBUG 5824 --- [Vehicle Management Module] [           main] .c.s.DirtiesContextTestExecutionListener : After test method: class [TestVehicleTypesRepository], method [testFindByIdPositive], class annotated with @DirtiesContext [false] with mode [null], method annotated with @DirtiesContext [false] with mode [null]
]]></system-out>
  </testcase>
  <testcase name="testFindByIdNegative" classname="com.cognizant.main.TestVehicleTypesRepository" time="0.013">
    <system-out><![CDATA[2024-04-24T17:02:28.314+05:30 DEBUG 5824 --- [Vehicle Management Module] [           main] DependencyInjectionTestExecutionListener : Performing dependency injection for test class com.cognizant.main.TestVehicleTypesRepository
2024-04-24T17:02:28.314+05:30 DEBUG 5824 --- [Vehicle Management Module] [           main] org.springframework.test.context.cache   : Spring test ApplicationContext cache statistics: [DefaultContextCache@491cceb4 size = 2, maxSize = 32, parentContextCount = 0, hitCount = 184, missCount = 2, failureCount = 0]
2024-04-24T17:02:28.315+05:30 DEBUG 5824 --- [Vehicle Management Module] [           main] org.springframework.test.context.cache   : Spring test ApplicationContext cache statistics: [DefaultContextCache@491cceb4 size = 2, maxSize = 32, parentContextCount = 0, hitCount = 185, missCount = 2, failureCount = 0]
2024-04-24T17:02:28.316+05:30 DEBUG 5824 --- [Vehicle Management Module] [           main] sContextBeforeModesTestExecutionListener : Before test method: class [TestVehicleTypesRepository], method [testFindByIdNegative], class annotated with @DirtiesContext [false] with mode [null], method annotated with @DirtiesContext [false] with mode [null]
2024-04-24T17:02:28.316+05:30 DEBUG 5824 --- [Vehicle Management Module] [           main] t.c.t.TransactionalTestExecutionListener : Explicit transaction definition [PROPAGATION_REQUIRED,ISOLATION_DEFAULT] found for test class [com.cognizant.main.TestVehicleTypesRepository] and test method [testFindByIdNegative]
2024-04-24T17:02:28.317+05:30 DEBUG 5824 --- [Vehicle Management Module] [           main] org.springframework.test.context.cache   : Spring test ApplicationContext cache statistics: [DefaultContextCache@491cceb4 size = 2, maxSize = 32, parentContextCount = 0, hitCount = 186, missCount = 2, failureCount = 0]
2024-04-24T17:02:28.317+05:30 DEBUG 5824 --- [Vehicle Management Module] [           main] t.c.t.TransactionalTestExecutionListener : No method-level @Rollback override: using default rollback [true] for test method [public void com.cognizant.main.TestVehicleTypesRepository.testFindByIdNegative()]
2024-04-24T17:02:28.317+05:30 DEBUG 5824 --- [Vehicle Management Module] [           main] o.s.orm.jpa.JpaTransactionManager        : Creating new transaction with name [com.cognizant.main.TestVehicleTypesRepository.testFindByIdNegative]: PROPAGATION_REQUIRED,ISOLATION_DEFAULT
2024-04-24T17:02:28.317+05:30 DEBUG 5824 --- [Vehicle Management Module] [           main] o.s.orm.jpa.JpaTransactionManager        : Opened new EntityManager [SessionImpl(2078236457<open>)] for JPA transaction
2024-04-24T17:02:28.317+05:30 DEBUG 5824 --- [Vehicle Management Module] [           main] o.h.e.t.internal.TransactionImpl         : On TransactionImpl creation, JpaCompliance#isJpaTransactionComplianceEnabled == false
2024-04-24T17:02:28.317+05:30 DEBUG 5824 --- [Vehicle Management Module] [           main] o.h.e.t.internal.TransactionImpl         : begin
2024-04-24T17:02:28.317+05:30 DEBUG 5824 --- [Vehicle Management Module] [           main] o.s.j.datasource.SimpleDriverDataSource  : Creating new JDBC Driver Connection to [jdbc:h2:mem:77e5e59b-9028-4692-bf3e-2dbb97a1edaf;DB_CLOSE_DELAY=-1;DB_CLOSE_ON_EXIT=false]
2024-04-24T17:02:28.319+05:30 DEBUG 5824 --- [Vehicle Management Module] [           main] o.s.orm.jpa.JpaTransactionManager        : Exposing JPA transaction as JDBC [org.springframework.orm.jpa.vendor.HibernateJpaDialect$HibernateConnectionHandle@1a4c84b]
2024-04-24T17:02:28.319+05:30 DEBUG 5824 --- [Vehicle Management Module] [           main] o.s.t.c.transaction.TransactionContext   : Began transaction (1) for test class [com.cognizant.main.TestVehicleTypesRepository]; test method [testFindByIdNegative]; transaction manager [org.springframework.orm.jpa.JpaTransactionManager@82b778b]; rollback [true]
2024-04-24T17:02:28.320+05:30 DEBUG 5824 --- [Vehicle Management Module] [           main] org.springframework.test.context.cache   : Spring test ApplicationContext cache statistics: [DefaultContextCache@491cceb4 size = 2, maxSize = 32, parentContextCount = 0, hitCount = 187, missCount = 2, failureCount = 0]
2024-04-24T17:02:28.320+05:30 DEBUG 5824 --- [Vehicle Management Module] [           main] org.springframework.test.context.cache   : Spring test ApplicationContext cache statistics: [DefaultContextCache@491cceb4 size = 2, maxSize = 32, parentContextCount = 0, hitCount = 188, missCount = 2, failureCount = 0]
2024-04-24T17:02:28.321+05:30 DEBUG 5824 --- [Vehicle Management Module] [           main] org.springframework.test.context.cache   : Spring test ApplicationContext cache statistics: [DefaultContextCache@491cceb4 size = 2, maxSize = 32, parentContextCount = 0, hitCount = 189, missCount = 2, failureCount = 0]
2024-04-24T17:02:28.322+05:30 DEBUG 5824 --- [Vehicle Management Module] [           main] o.s.orm.jpa.JpaTransactionManager        : Found thread-bound EntityManager [SessionImpl(2078236457<open>)] for JPA transaction
2024-04-24T17:02:28.322+05:30 DEBUG 5824 --- [Vehicle Management Module] [           main] o.s.orm.jpa.JpaTransactionManager        : Participating in existing transaction
2024-04-24T17:02:28.322+05:30 DEBUG 5824 --- [Vehicle Management Module] [           main] org.hibernate.orm.sql.exec               : Skipping reading Query result cache data: cache-enabled = false, cache-mode = IGNORE
2024-04-24T17:02:28.323+05:30 DEBUG 5824 --- [Vehicle Management Module] [           main] org.hibernate.orm.results                : Initializer list:
	  com.cognizant.main.entities.VehicleTypes -> EntityResultInitializer(com.cognizant.main.entities.VehicleTypes)@904937117 (SingleTableEntityPersister(com.cognizant.main.entities.VehicleTypes))
	  com.cognizant.main.entities.VehicleTypes.vechicles -> DelayedCollectionInitializer(com.cognizant.main.entities.VehicleTypes.vechicles)@109382658 (PluralAttribute(com.cognizant.main.entities.VehicleTypes.vechicles))

2024-04-24T17:02:28.323+05:30 DEBUG 5824 --- [Vehicle Management Module] [           main] org.hibernate.SQL                        : select vt1_0.id,vt1_0.fare_perkm,vt1_0.max_passengers_allowed,vt1_0.type from vechicle_types vt1_0 where vt1_0.id=?
Hibernate: select vt1_0.id,vt1_0.fare_perkm,vt1_0.max_passengers_allowed,vt1_0.type from vechicle_types vt1_0 where vt1_0.id=?
2024-04-24T17:02:28.325+05:30 DEBUG 5824 --- [Vehicle Management Module] [           main] org.springframework.test.context.cache   : Spring test ApplicationContext cache statistics: [DefaultContextCache@491cceb4 size = 2, maxSize = 32, parentContextCount = 0, hitCount = 190, missCount = 2, failureCount = 0]
2024-04-24T17:02:28.325+05:30 DEBUG 5824 --- [Vehicle Management Module] [           main] org.springframework.test.context.cache   : Spring test ApplicationContext cache statistics: [DefaultContextCache@491cceb4 size = 2, maxSize = 32, parentContextCount = 0, hitCount = 191, missCount = 2, failureCount = 0]
2024-04-24T17:02:28.325+05:30 DEBUG 5824 --- [Vehicle Management Module] [           main] org.springframework.test.context.cache   : Spring test ApplicationContext cache statistics: [DefaultContextCache@491cceb4 size = 2, maxSize = 32, parentContextCount = 0, hitCount = 192, missCount = 2, failureCount = 0]
2024-04-24T17:02:28.326+05:30 DEBUG 5824 --- [Vehicle Management Module] [           main] org.springframework.test.context.cache   : Spring test ApplicationContext cache statistics: [DefaultContextCache@491cceb4 size = 2, maxSize = 32, parentContextCount = 0, hitCount = 193, missCount = 2, failureCount = 0]
2024-04-24T17:02:28.326+05:30 DEBUG 5824 --- [Vehicle Management Module] [           main] org.springframework.test.context.cache   : Spring test ApplicationContext cache statistics: [DefaultContextCache@491cceb4 size = 2, maxSize = 32, parentContextCount = 0, hitCount = 194, missCount = 2, failureCount = 0]
2024-04-24T17:02:28.327+05:30 DEBUG 5824 --- [Vehicle Management Module] [           main] org.springframework.test.context.cache   : Spring test ApplicationContext cache statistics: [DefaultContextCache@491cceb4 size = 2, maxSize = 32, parentContextCount = 0, hitCount = 195, missCount = 2, failureCount = 0]
2024-04-24T17:02:28.327+05:30 DEBUG 5824 --- [Vehicle Management Module] [           main] o.s.orm.jpa.JpaTransactionManager        : Initiating transaction rollback
2024-04-24T17:02:28.327+05:30 DEBUG 5824 --- [Vehicle Management Module] [           main] o.s.orm.jpa.JpaTransactionManager        : Rolling back JPA transaction on EntityManager [SessionImpl(2078236457<open>)]
2024-04-24T17:02:28.327+05:30 DEBUG 5824 --- [Vehicle Management Module] [           main] o.h.e.t.internal.TransactionImpl         : rolling back
2024-04-24T17:02:28.328+05:30 DEBUG 5824 --- [Vehicle Management Module] [           main] o.s.orm.jpa.JpaTransactionManager        : Closing JPA EntityManager [SessionImpl(2078236457<open>)] after transaction
2024-04-24T17:02:28.328+05:30 DEBUG 5824 --- [Vehicle Management Module] [           main] o.s.t.c.transaction.TransactionContext   : Rolled back transaction (1) for test class [com.cognizant.main.TestVehicleTypesRepository]; test method [testFindByIdNegative]
2024-04-24T17:02:28.328+05:30 DEBUG 5824 --- [Vehicle Management Module] [           main] .c.s.DirtiesContextTestExecutionListener : After test method: class [TestVehicleTypesRepository], method [testFindByIdNegative], class annotated with @DirtiesContext [false] with mode [null], method annotated with @DirtiesContext [false] with mode [null]
]]></system-out>
  </testcase>
  <testcase name="testSavePositive" classname="com.cognizant.main.TestVehicleTypesRepository" time="0.018">
    <system-out><![CDATA[2024-04-24T17:02:28.329+05:30 DEBUG 5824 --- [Vehicle Management Module] [           main] DependencyInjectionTestExecutionListener : Performing dependency injection for test class com.cognizant.main.TestVehicleTypesRepository
2024-04-24T17:02:28.329+05:30 DEBUG 5824 --- [Vehicle Management Module] [           main] org.springframework.test.context.cache   : Spring test ApplicationContext cache statistics: [DefaultContextCache@491cceb4 size = 2, maxSize = 32, parentContextCount = 0, hitCount = 196, missCount = 2, failureCount = 0]
2024-04-24T17:02:28.330+05:30 DEBUG 5824 --- [Vehicle Management Module] [           main] org.springframework.test.context.cache   : Spring test ApplicationContext cache statistics: [DefaultContextCache@491cceb4 size = 2, maxSize = 32, parentContextCount = 0, hitCount = 197, missCount = 2, failureCount = 0]
2024-04-24T17:02:28.331+05:30 DEBUG 5824 --- [Vehicle Management Module] [           main] sContextBeforeModesTestExecutionListener : Before test method: class [TestVehicleTypesRepository], method [testSavePositive], class annotated with @DirtiesContext [false] with mode [null], method annotated with @DirtiesContext [false] with mode [null]
2024-04-24T17:02:28.332+05:30 DEBUG 5824 --- [Vehicle Management Module] [           main] t.c.t.TransactionalTestExecutionListener : Explicit transaction definition [PROPAGATION_REQUIRED,ISOLATION_DEFAULT] found for test class [com.cognizant.main.TestVehicleTypesRepository] and test method [testSavePositive]
2024-04-24T17:02:28.332+05:30 DEBUG 5824 --- [Vehicle Management Module] [           main] org.springframework.test.context.cache   : Spring test ApplicationContext cache statistics: [DefaultContextCache@491cceb4 size = 2, maxSize = 32, parentContextCount = 0, hitCount = 198, missCount = 2, failureCount = 0]
2024-04-24T17:02:28.332+05:30 DEBUG 5824 --- [Vehicle Management Module] [           main] t.c.t.TransactionalTestExecutionListener : No method-level @Rollback override: using default rollback [true] for test method [public void com.cognizant.main.TestVehicleTypesRepository.testSavePositive()]
2024-04-24T17:02:28.332+05:30 DEBUG 5824 --- [Vehicle Management Module] [           main] o.s.orm.jpa.JpaTransactionManager        : Creating new transaction with name [com.cognizant.main.TestVehicleTypesRepository.testSavePositive]: PROPAGATION_REQUIRED,ISOLATION_DEFAULT
2024-04-24T17:02:28.334+05:30 DEBUG 5824 --- [Vehicle Management Module] [           main] o.s.orm.jpa.JpaTransactionManager        : Opened new EntityManager [SessionImpl(1156306409<open>)] for JPA transaction
2024-04-24T17:02:28.334+05:30 DEBUG 5824 --- [Vehicle Management Module] [           main] o.h.e.t.internal.TransactionImpl         : On TransactionImpl creation, JpaCompliance#isJpaTransactionComplianceEnabled == false
2024-04-24T17:02:28.334+05:30 DEBUG 5824 --- [Vehicle Management Module] [           main] o.h.e.t.internal.TransactionImpl         : begin
2024-04-24T17:02:28.335+05:30 DEBUG 5824 --- [Vehicle Management Module] [           main] o.s.j.datasource.SimpleDriverDataSource  : Creating new JDBC Driver Connection to [jdbc:h2:mem:77e5e59b-9028-4692-bf3e-2dbb97a1edaf;DB_CLOSE_DELAY=-1;DB_CLOSE_ON_EXIT=false]
2024-04-24T17:02:28.336+05:30 DEBUG 5824 --- [Vehicle Management Module] [           main] o.s.orm.jpa.JpaTransactionManager        : Exposing JPA transaction as JDBC [org.springframework.orm.jpa.vendor.HibernateJpaDialect$HibernateConnectionHandle@13121c0c]
2024-04-24T17:02:28.337+05:30 DEBUG 5824 --- [Vehicle Management Module] [           main] o.s.t.c.transaction.TransactionContext   : Began transaction (1) for test class [com.cognizant.main.TestVehicleTypesRepository]; test method [testSavePositive]; transaction manager [org.springframework.orm.jpa.JpaTransactionManager@82b778b]; rollback [true]
2024-04-24T17:02:28.337+05:30 DEBUG 5824 --- [Vehicle Management Module] [           main] org.springframework.test.context.cache   : Spring test ApplicationContext cache statistics: [DefaultContextCache@491cceb4 size = 2, maxSize = 32, parentContextCount = 0, hitCount = 199, missCount = 2, failureCount = 0]
2024-04-24T17:02:28.337+05:30 DEBUG 5824 --- [Vehicle Management Module] [           main] org.springframework.test.context.cache   : Spring test ApplicationContext cache statistics: [DefaultContextCache@491cceb4 size = 2, maxSize = 32, parentContextCount = 0, hitCount = 200, missCount = 2, failureCount = 0]
2024-04-24T17:02:28.338+05:30 DEBUG 5824 --- [Vehicle Management Module] [           main] org.springframework.test.context.cache   : Spring test ApplicationContext cache statistics: [DefaultContextCache@491cceb4 size = 2, maxSize = 32, parentContextCount = 0, hitCount = 201, missCount = 2, failureCount = 0]
2024-04-24T17:02:28.339+05:30 DEBUG 5824 --- [Vehicle Management Module] [           main] o.s.orm.jpa.JpaTransactionManager        : Found thread-bound EntityManager [SessionImpl(1156306409<open>)] for JPA transaction
2024-04-24T17:02:28.339+05:30 DEBUG 5824 --- [Vehicle Management Module] [           main] o.s.orm.jpa.JpaTransactionManager        : Participating in existing transaction
2024-04-24T17:02:28.339+05:30 DEBUG 5824 --- [Vehicle Management Module] [           main] o.h.j.internal.PersistenceUnitUtilImpl   : jakarta.persistence.PersistenceUnitUtil.getIdentifier is only intended to work with enhanced entities (although Hibernate also adapts this support to its proxies); however the passed entity was not enhanced (nor a proxy).. may not be able to read identifier
2024-04-24T17:02:28.339+05:30 DEBUG 5824 --- [Vehicle Management Module] [           main] org.hibernate.orm.sql.exec               : Skipping reading Query result cache data: cache-enabled = false, cache-mode = IGNORE
2024-04-24T17:02:28.339+05:30 DEBUG 5824 --- [Vehicle Management Module] [           main] org.hibernate.orm.results                : Initializer list:
	  com.cognizant.main.entities.VehicleTypes -> EntityResultInitializer(com.cognizant.main.entities.VehicleTypes)@163456537 (SingleTableEntityPersister(com.cognizant.main.entities.VehicleTypes))
	  com.cognizant.main.entities.VehicleTypes.vechicles -> DelayedCollectionInitializer(com.cognizant.main.entities.VehicleTypes.vechicles)@1539297329 (PluralAttribute(com.cognizant.main.entities.VehicleTypes.vechicles))

2024-04-24T17:02:28.340+05:30 DEBUG 5824 --- [Vehicle Management Module] [           main] org.hibernate.SQL                        : select vt1_0.id,vt1_0.fare_perkm,vt1_0.max_passengers_allowed,vt1_0.type from vechicle_types vt1_0 where vt1_0.id=?
Hibernate: select vt1_0.id,vt1_0.fare_perkm,vt1_0.max_passengers_allowed,vt1_0.type from vechicle_types vt1_0 where vt1_0.id=?
2024-04-24T17:02:28.342+05:30 DEBUG 5824 --- [Vehicle Management Module] [           main] o.s.orm.jpa.JpaTransactionManager        : Found thread-bound EntityManager [SessionImpl(1156306409<open>)] for JPA transaction
2024-04-24T17:02:28.342+05:30 DEBUG 5824 --- [Vehicle Management Module] [           main] o.s.orm.jpa.JpaTransactionManager        : Participating in existing transaction
2024-04-24T17:02:28.345+05:30 DEBUG 5824 --- [Vehicle Management Module] [           main] org.springframework.test.context.cache   : Spring test ApplicationContext cache statistics: [DefaultContextCache@491cceb4 size = 2, maxSize = 32, parentContextCount = 0, hitCount = 202, missCount = 2, failureCount = 0]
2024-04-24T17:02:28.346+05:30 DEBUG 5824 --- [Vehicle Management Module] [           main] org.springframework.test.context.cache   : Spring test ApplicationContext cache statistics: [DefaultContextCache@491cceb4 size = 2, maxSize = 32, parentContextCount = 0, hitCount = 203, missCount = 2, failureCount = 0]
2024-04-24T17:02:28.346+05:30 DEBUG 5824 --- [Vehicle Management Module] [           main] org.springframework.test.context.cache   : Spring test ApplicationContext cache statistics: [DefaultContextCache@491cceb4 size = 2, maxSize = 32, parentContextCount = 0, hitCount = 204, missCount = 2, failureCount = 0]
2024-04-24T17:02:28.346+05:30 DEBUG 5824 --- [Vehicle Management Module] [           main] org.springframework.test.context.cache   : Spring test ApplicationContext cache statistics: [DefaultContextCache@491cceb4 size = 2, maxSize = 32, parentContextCount = 0, hitCount = 205, missCount = 2, failureCount = 0]
2024-04-24T17:02:28.346+05:30 DEBUG 5824 --- [Vehicle Management Module] [           main] org.springframework.test.context.cache   : Spring test ApplicationContext cache statistics: [DefaultContextCache@491cceb4 size = 2, maxSize = 32, parentContextCount = 0, hitCount = 206, missCount = 2, failureCount = 0]
2024-04-24T17:02:28.347+05:30 DEBUG 5824 --- [Vehicle Management Module] [           main] org.springframework.test.context.cache   : Spring test ApplicationContext cache statistics: [DefaultContextCache@491cceb4 size = 2, maxSize = 32, parentContextCount = 0, hitCount = 207, missCount = 2, failureCount = 0]
2024-04-24T17:02:28.348+05:30 DEBUG 5824 --- [Vehicle Management Module] [           main] o.s.orm.jpa.JpaTransactionManager        : Initiating transaction rollback
2024-04-24T17:02:28.348+05:30 DEBUG 5824 --- [Vehicle Management Module] [           main] o.s.orm.jpa.JpaTransactionManager        : Rolling back JPA transaction on EntityManager [SessionImpl(1156306409<open>)]
2024-04-24T17:02:28.348+05:30 DEBUG 5824 --- [Vehicle Management Module] [           main] o.h.e.t.internal.TransactionImpl         : rolling back
2024-04-24T17:02:28.348+05:30 DEBUG 5824 --- [Vehicle Management Module] [           main] o.s.orm.jpa.JpaTransactionManager        : Closing JPA EntityManager [SessionImpl(1156306409<open>)] after transaction
2024-04-24T17:02:28.349+05:30 DEBUG 5824 --- [Vehicle Management Module] [           main] o.s.t.c.transaction.TransactionContext   : Rolled back transaction (1) for test class [com.cognizant.main.TestVehicleTypesRepository]; test method [testSavePositive]
2024-04-24T17:02:28.349+05:30 DEBUG 5824 --- [Vehicle Management Module] [           main] .c.s.DirtiesContextTestExecutionListener : After test method: class [TestVehicleTypesRepository], method [testSavePositive], class annotated with @DirtiesContext [false] with mode [null], method annotated with @DirtiesContext [false] with mode [null]
]]></system-out>
  </testcase>
  <testcase name="testDeletePositive" classname="com.cognizant.main.TestVehicleTypesRepository" time="0.013">
    <system-out><![CDATA[2024-04-24T17:02:28.350+05:30 DEBUG 5824 --- [Vehicle Management Module] [           main] DependencyInjectionTestExecutionListener : Performing dependency injection for test class com.cognizant.main.TestVehicleTypesRepository
2024-04-24T17:02:28.350+05:30 DEBUG 5824 --- [Vehicle Management Module] [           main] org.springframework.test.context.cache   : Spring test ApplicationContext cache statistics: [DefaultContextCache@491cceb4 size = 2, maxSize = 32, parentContextCount = 0, hitCount = 208, missCount = 2, failureCount = 0]
2024-04-24T17:02:28.351+05:30 DEBUG 5824 --- [Vehicle Management Module] [           main] org.springframework.test.context.cache   : Spring test ApplicationContext cache statistics: [DefaultContextCache@491cceb4 size = 2, maxSize = 32, parentContextCount = 0, hitCount = 209, missCount = 2, failureCount = 0]
2024-04-24T17:02:28.352+05:30 DEBUG 5824 --- [Vehicle Management Module] [           main] sContextBeforeModesTestExecutionListener : Before test method: class [TestVehicleTypesRepository], method [testDeletePositive], class annotated with @DirtiesContext [false] with mode [null], method annotated with @DirtiesContext [false] with mode [null]
2024-04-24T17:02:28.352+05:30 DEBUG 5824 --- [Vehicle Management Module] [           main] t.c.t.TransactionalTestExecutionListener : Explicit transaction definition [PROPAGATION_REQUIRED,ISOLATION_DEFAULT] found for test class [com.cognizant.main.TestVehicleTypesRepository] and test method [testDeletePositive]
2024-04-24T17:02:28.352+05:30 DEBUG 5824 --- [Vehicle Management Module] [           main] org.springframework.test.context.cache   : Spring test ApplicationContext cache statistics: [DefaultContextCache@491cceb4 size = 2, maxSize = 32, parentContextCount = 0, hitCount = 210, missCount = 2, failureCount = 0]
2024-04-24T17:02:28.353+05:30 DEBUG 5824 --- [Vehicle Management Module] [           main] t.c.t.TransactionalTestExecutionListener : No method-level @Rollback override: using default rollback [true] for test method [public void com.cognizant.main.TestVehicleTypesRepository.testDeletePositive()]
2024-04-24T17:02:28.353+05:30 DEBUG 5824 --- [Vehicle Management Module] [           main] o.s.orm.jpa.JpaTransactionManager        : Creating new transaction with name [com.cognizant.main.TestVehicleTypesRepository.testDeletePositive]: PROPAGATION_REQUIRED,ISOLATION_DEFAULT
2024-04-24T17:02:28.353+05:30 DEBUG 5824 --- [Vehicle Management Module] [           main] o.s.orm.jpa.JpaTransactionManager        : Opened new EntityManager [SessionImpl(958248<open>)] for JPA transaction
2024-04-24T17:02:28.353+05:30 DEBUG 5824 --- [Vehicle Management Module] [           main] o.h.e.t.internal.TransactionImpl         : On TransactionImpl creation, JpaCompliance#isJpaTransactionComplianceEnabled == false
2024-04-24T17:02:28.353+05:30 DEBUG 5824 --- [Vehicle Management Module] [           main] o.h.e.t.internal.TransactionImpl         : begin
2024-04-24T17:02:28.353+05:30 DEBUG 5824 --- [Vehicle Management Module] [           main] o.s.j.datasource.SimpleDriverDataSource  : Creating new JDBC Driver Connection to [jdbc:h2:mem:77e5e59b-9028-4692-bf3e-2dbb97a1edaf;DB_CLOSE_DELAY=-1;DB_CLOSE_ON_EXIT=false]
2024-04-24T17:02:28.354+05:30 DEBUG 5824 --- [Vehicle Management Module] [           main] o.s.orm.jpa.JpaTransactionManager        : Exposing JPA transaction as JDBC [org.springframework.orm.jpa.vendor.HibernateJpaDialect$HibernateConnectionHandle@2b52e068]
2024-04-24T17:02:28.354+05:30 DEBUG 5824 --- [Vehicle Management Module] [           main] o.s.t.c.transaction.TransactionContext   : Began transaction (1) for test class [com.cognizant.main.TestVehicleTypesRepository]; test method [testDeletePositive]; transaction manager [org.springframework.orm.jpa.JpaTransactionManager@82b778b]; rollback [true]
2024-04-24T17:02:28.354+05:30 DEBUG 5824 --- [Vehicle Management Module] [           main] org.springframework.test.context.cache   : Spring test ApplicationContext cache statistics: [DefaultContextCache@491cceb4 size = 2, maxSize = 32, parentContextCount = 0, hitCount = 211, missCount = 2, failureCount = 0]
2024-04-24T17:02:28.355+05:30 DEBUG 5824 --- [Vehicle Management Module] [           main] org.springframework.test.context.cache   : Spring test ApplicationContext cache statistics: [DefaultContextCache@491cceb4 size = 2, maxSize = 32, parentContextCount = 0, hitCount = 212, missCount = 2, failureCount = 0]
2024-04-24T17:02:28.356+05:30 DEBUG 5824 --- [Vehicle Management Module] [           main] org.springframework.test.context.cache   : Spring test ApplicationContext cache statistics: [DefaultContextCache@491cceb4 size = 2, maxSize = 32, parentContextCount = 0, hitCount = 213, missCount = 2, failureCount = 0]
2024-04-24T17:02:28.356+05:30 DEBUG 5824 --- [Vehicle Management Module] [           main] o.s.orm.jpa.JpaTransactionManager        : Found thread-bound EntityManager [SessionImpl(958248<open>)] for JPA transaction
2024-04-24T17:02:28.356+05:30 DEBUG 5824 --- [Vehicle Management Module] [           main] o.s.orm.jpa.JpaTransactionManager        : Participating in existing transaction
2024-04-24T17:02:28.356+05:30 DEBUG 5824 --- [Vehicle Management Module] [           main] o.h.j.internal.PersistenceUnitUtilImpl   : jakarta.persistence.PersistenceUnitUtil.getIdentifier is only intended to work with enhanced entities (although Hibernate also adapts this support to its proxies); however the passed entity was not enhanced (nor a proxy).. may not be able to read identifier
2024-04-24T17:02:28.356+05:30 DEBUG 5824 --- [Vehicle Management Module] [           main] o.h.j.internal.PersistenceUnitUtilImpl   : jakarta.persistence.PersistenceUnitUtil.getIdentifier is only intended to work with enhanced entities (although Hibernate also adapts this support to its proxies); however the passed entity was not enhanced (nor a proxy).. may not be able to read identifier
2024-04-24T17:02:28.357+05:30 DEBUG 5824 --- [Vehicle Management Module] [           main] org.hibernate.orm.sql.exec               : Skipping reading Query result cache data: cache-enabled = false, cache-mode = IGNORE
2024-04-24T17:02:28.357+05:30 DEBUG 5824 --- [Vehicle Management Module] [           main] org.hibernate.orm.results                : Initializer list:
	  com.cognizant.main.entities.VehicleTypes -> EntityResultInitializer(com.cognizant.main.entities.VehicleTypes)@701445883 (SingleTableEntityPersister(com.cognizant.main.entities.VehicleTypes))
	  com.cognizant.main.entities.VehicleTypes.vechicles -> DelayedCollectionInitializer(com.cognizant.main.entities.VehicleTypes.vechicles)@1264477775 (PluralAttribute(com.cognizant.main.entities.VehicleTypes.vechicles))

2024-04-24T17:02:28.357+05:30 DEBUG 5824 --- [Vehicle Management Module] [           main] org.hibernate.SQL                        : select vt1_0.id,vt1_0.fare_perkm,vt1_0.max_passengers_allowed,vt1_0.type from vechicle_types vt1_0 where vt1_0.id=?
Hibernate: select vt1_0.id,vt1_0.fare_perkm,vt1_0.max_passengers_allowed,vt1_0.type from vechicle_types vt1_0 where vt1_0.id=?
2024-04-24T17:02:28.359+05:30 DEBUG 5824 --- [Vehicle Management Module] [           main] o.s.orm.jpa.JpaTransactionManager        : Found thread-bound EntityManager [SessionImpl(958248<open>)] for JPA transaction
2024-04-24T17:02:28.359+05:30 DEBUG 5824 --- [Vehicle Management Module] [           main] o.s.orm.jpa.JpaTransactionManager        : Participating in existing transaction
2024-04-24T17:02:28.359+05:30 DEBUG 5824 --- [Vehicle Management Module] [           main] org.hibernate.orm.sql.exec               : Skipping reading Query result cache data: cache-enabled = false, cache-mode = IGNORE
2024-04-24T17:02:28.359+05:30 DEBUG 5824 --- [Vehicle Management Module] [           main] org.hibernate.orm.results                : Initializer list:
	  com.cognizant.main.entities.VehicleTypes -> EntityResultInitializer(com.cognizant.main.entities.VehicleTypes)@1142738903 (SingleTableEntityPersister(com.cognizant.main.entities.VehicleTypes))
	  com.cognizant.main.entities.VehicleTypes.vechicles -> DelayedCollectionInitializer(com.cognizant.main.entities.VehicleTypes.vechicles)@2085135621 (PluralAttribute(com.cognizant.main.entities.VehicleTypes.vechicles))

2024-04-24T17:02:28.359+05:30 DEBUG 5824 --- [Vehicle Management Module] [           main] org.hibernate.SQL                        : select vt1_0.id,vt1_0.fare_perkm,vt1_0.max_passengers_allowed,vt1_0.type from vechicle_types vt1_0 where vt1_0.id=?
Hibernate: select vt1_0.id,vt1_0.fare_perkm,vt1_0.max_passengers_allowed,vt1_0.type from vechicle_types vt1_0 where vt1_0.id=?
2024-04-24T17:02:28.360+05:30 DEBUG 5824 --- [Vehicle Management Module] [           main] org.springframework.test.context.cache   : Spring test ApplicationContext cache statistics: [DefaultContextCache@491cceb4 size = 2, maxSize = 32, parentContextCount = 0, hitCount = 214, missCount = 2, failureCount = 0]
2024-04-24T17:02:28.360+05:30 DEBUG 5824 --- [Vehicle Management Module] [           main] org.springframework.test.context.cache   : Spring test ApplicationContext cache statistics: [DefaultContextCache@491cceb4 size = 2, maxSize = 32, parentContextCount = 0, hitCount = 215, missCount = 2, failureCount = 0]
2024-04-24T17:02:28.360+05:30 DEBUG 5824 --- [Vehicle Management Module] [           main] org.springframework.test.context.cache   : Spring test ApplicationContext cache statistics: [DefaultContextCache@491cceb4 size = 2, maxSize = 32, parentContextCount = 0, hitCount = 216, missCount = 2, failureCount = 0]
2024-04-24T17:02:28.360+05:30 DEBUG 5824 --- [Vehicle Management Module] [           main] org.springframework.test.context.cache   : Spring test ApplicationContext cache statistics: [DefaultContextCache@491cceb4 size = 2, maxSize = 32, parentContextCount = 0, hitCount = 217, missCount = 2, failureCount = 0]
2024-04-24T17:02:28.362+05:30 DEBUG 5824 --- [Vehicle Management Module] [           main] org.springframework.test.context.cache   : Spring test ApplicationContext cache statistics: [DefaultContextCache@491cceb4 size = 2, maxSize = 32, parentContextCount = 0, hitCount = 218, missCount = 2, failureCount = 0]
2024-04-24T17:02:28.363+05:30 DEBUG 5824 --- [Vehicle Management Module] [           main] org.springframework.test.context.cache   : Spring test ApplicationContext cache statistics: [DefaultContextCache@491cceb4 size = 2, maxSize = 32, parentContextCount = 0, hitCount = 219, missCount = 2, failureCount = 0]
2024-04-24T17:02:28.363+05:30 DEBUG 5824 --- [Vehicle Management Module] [           main] o.s.orm.jpa.JpaTransactionManager        : Initiating transaction rollback
2024-04-24T17:02:28.363+05:30 DEBUG 5824 --- [Vehicle Management Module] [           main] o.s.orm.jpa.JpaTransactionManager        : Rolling back JPA transaction on EntityManager [SessionImpl(958248<open>)]
2024-04-24T17:02:28.363+05:30 DEBUG 5824 --- [Vehicle Management Module] [           main] o.h.e.t.internal.TransactionImpl         : rolling back
2024-04-24T17:02:28.364+05:30 DEBUG 5824 --- [Vehicle Management Module] [           main] o.s.orm.jpa.JpaTransactionManager        : Closing JPA EntityManager [SessionImpl(958248<open>)] after transaction
2024-04-24T17:02:28.364+05:30 DEBUG 5824 --- [Vehicle Management Module] [           main] o.s.t.c.transaction.TransactionContext   : Rolled back transaction (1) for test class [com.cognizant.main.TestVehicleTypesRepository]; test method [testDeletePositive]
2024-04-24T17:02:28.364+05:30 DEBUG 5824 --- [Vehicle Management Module] [           main] .c.s.DirtiesContextTestExecutionListener : After test method: class [TestVehicleTypesRepository], method [testDeletePositive], class annotated with @DirtiesContext [false] with mode [null], method annotated with @DirtiesContext [false] with mode [null]
]]></system-out>
  </testcase>
  <testcase name="testFindAllPositive" classname="com.cognizant.main.TestVehicleTypesRepository" time="0.016">
    <system-out><![CDATA[2024-04-24T17:02:28.365+05:30 DEBUG 5824 --- [Vehicle Management Module] [           main] DependencyInjectionTestExecutionListener : Performing dependency injection for test class com.cognizant.main.TestVehicleTypesRepository
2024-04-24T17:02:28.365+05:30 DEBUG 5824 --- [Vehicle Management Module] [           main] org.springframework.test.context.cache   : Spring test ApplicationContext cache statistics: [DefaultContextCache@491cceb4 size = 2, maxSize = 32, parentContextCount = 0, hitCount = 220, missCount = 2, failureCount = 0]
2024-04-24T17:02:28.368+05:30 DEBUG 5824 --- [Vehicle Management Module] [           main] org.springframework.test.context.cache   : Spring test ApplicationContext cache statistics: [DefaultContextCache@491cceb4 size = 2, maxSize = 32, parentContextCount = 0, hitCount = 221, missCount = 2, failureCount = 0]
2024-04-24T17:02:28.369+05:30 DEBUG 5824 --- [Vehicle Management Module] [           main] sContextBeforeModesTestExecutionListener : Before test method: class [TestVehicleTypesRepository], method [testFindAllPositive], class annotated with @DirtiesContext [false] with mode [null], method annotated with @DirtiesContext [false] with mode [null]
2024-04-24T17:02:28.369+05:30 DEBUG 5824 --- [Vehicle Management Module] [           main] t.c.t.TransactionalTestExecutionListener : Explicit transaction definition [PROPAGATION_REQUIRED,ISOLATION_DEFAULT] found for test class [com.cognizant.main.TestVehicleTypesRepository] and test method [testFindAllPositive]
2024-04-24T17:02:28.370+05:30 DEBUG 5824 --- [Vehicle Management Module] [           main] org.springframework.test.context.cache   : Spring test ApplicationContext cache statistics: [DefaultContextCache@491cceb4 size = 2, maxSize = 32, parentContextCount = 0, hitCount = 222, missCount = 2, failureCount = 0]
2024-04-24T17:02:28.370+05:30 DEBUG 5824 --- [Vehicle Management Module] [           main] t.c.t.TransactionalTestExecutionListener : No method-level @Rollback override: using default rollback [true] for test method [public void com.cognizant.main.TestVehicleTypesRepository.testFindAllPositive()]
2024-04-24T17:02:28.370+05:30 DEBUG 5824 --- [Vehicle Management Module] [           main] o.s.orm.jpa.JpaTransactionManager        : Creating new transaction with name [com.cognizant.main.TestVehicleTypesRepository.testFindAllPositive]: PROPAGATION_REQUIRED,ISOLATION_DEFAULT
2024-04-24T17:02:28.370+05:30 DEBUG 5824 --- [Vehicle Management Module] [           main] o.s.orm.jpa.JpaTransactionManager        : Opened new EntityManager [SessionImpl(730011718<open>)] for JPA transaction
2024-04-24T17:02:28.370+05:30 DEBUG 5824 --- [Vehicle Management Module] [           main] o.h.e.t.internal.TransactionImpl         : On TransactionImpl creation, JpaCompliance#isJpaTransactionComplianceEnabled == false
2024-04-24T17:02:28.370+05:30 DEBUG 5824 --- [Vehicle Management Module] [           main] o.h.e.t.internal.TransactionImpl         : begin
2024-04-24T17:02:28.370+05:30 DEBUG 5824 --- [Vehicle Management Module] [           main] o.s.j.datasource.SimpleDriverDataSource  : Creating new JDBC Driver Connection to [jdbc:h2:mem:77e5e59b-9028-4692-bf3e-2dbb97a1edaf;DB_CLOSE_DELAY=-1;DB_CLOSE_ON_EXIT=false]
2024-04-24T17:02:28.371+05:30 DEBUG 5824 --- [Vehicle Management Module] [           main] o.s.orm.jpa.JpaTransactionManager        : Exposing JPA transaction as JDBC [org.springframework.orm.jpa.vendor.HibernateJpaDialect$HibernateConnectionHandle@7c532e54]
2024-04-24T17:02:28.371+05:30 DEBUG 5824 --- [Vehicle Management Module] [           main] o.s.t.c.transaction.TransactionContext   : Began transaction (1) for test class [com.cognizant.main.TestVehicleTypesRepository]; test method [testFindAllPositive]; transaction manager [org.springframework.orm.jpa.JpaTransactionManager@82b778b]; rollback [true]
2024-04-24T17:02:28.372+05:30 DEBUG 5824 --- [Vehicle Management Module] [           main] org.springframework.test.context.cache   : Spring test ApplicationContext cache statistics: [DefaultContextCache@491cceb4 size = 2, maxSize = 32, parentContextCount = 0, hitCount = 223, missCount = 2, failureCount = 0]
2024-04-24T17:02:28.372+05:30 DEBUG 5824 --- [Vehicle Management Module] [           main] org.springframework.test.context.cache   : Spring test ApplicationContext cache statistics: [DefaultContextCache@491cceb4 size = 2, maxSize = 32, parentContextCount = 0, hitCount = 224, missCount = 2, failureCount = 0]
2024-04-24T17:02:28.373+05:30 DEBUG 5824 --- [Vehicle Management Module] [           main] org.springframework.test.context.cache   : Spring test ApplicationContext cache statistics: [DefaultContextCache@491cceb4 size = 2, maxSize = 32, parentContextCount = 0, hitCount = 225, missCount = 2, failureCount = 0]
2024-04-24T17:02:28.373+05:30 DEBUG 5824 --- [Vehicle Management Module] [           main] o.s.orm.jpa.JpaTransactionManager        : Found thread-bound EntityManager [SessionImpl(730011718<open>)] for JPA transaction
2024-04-24T17:02:28.373+05:30 DEBUG 5824 --- [Vehicle Management Module] [           main] o.s.orm.jpa.JpaTransactionManager        : Participating in existing transaction
2024-04-24T17:02:28.374+05:30 DEBUG 5824 --- [Vehicle Management Module] [           main] org.hibernate.orm.sql.ast.create         : Created new SQL alias : vt1_0
2024-04-24T17:02:28.374+05:30 DEBUG 5824 --- [Vehicle Management Module] [           main] org.hibernate.orm.sql.ast.create         : Registration of TableGroup [StandardTableGroup(com.cognizant.main.entities.VehicleTypes(104029480686900))] with identifierForTableGroup [com.cognizant.main.entities.VehicleTypes] for NavigablePath [com.cognizant.main.entities.VehicleTypes] 
2024-04-24T17:02:28.375+05:30 DEBUG 5824 --- [Vehicle Management Module] [           main] org.hibernate.orm.results.graph.AST      : DomainResult Graph:
 \-EntityResultImpl [com.cognizant.main.entities.VehicleTypes(104029480686900)]
 |  +-BasicFetch [com.cognizant.main.entities.VehicleTypes(104029480686900).FarePerKM]
 |  +-BasicFetch [com.cognizant.main.entities.VehicleTypes(104029480686900).MaxPassengersAllowed]
 |  +-BasicFetch [com.cognizant.main.entities.VehicleTypes(104029480686900).Type]
 |  \-DelayedCollectionFetch [com.cognizant.main.entities.VehicleTypes(104029480686900).vechicles]

2024-04-24T17:02:28.375+05:30 DEBUG 5824 --- [Vehicle Management Module] [           main] org.hibernate.orm.sql.ast.tree           : SQL AST Tree:
    SelectStatement {
      FromClause {
        StandardTableGroup (vt1 : com.cognizant.main.entities.VehicleTypes(104029480686900)) {
          primaryTableReference : vechicle_types as vt1_0
        }
      }
    }

2024-04-24T17:02:28.375+05:30 DEBUG 5824 --- [Vehicle Management Module] [           main] o.h.e.i.AbstractFlushingEventListener    : Processing flush-time cascades
2024-04-24T17:02:28.375+05:30 DEBUG 5824 --- [Vehicle Management Module] [           main] o.h.e.i.AbstractFlushingEventListener    : Dirty checking collections
2024-04-24T17:02:28.376+05:30 DEBUG 5824 --- [Vehicle Management Module] [           main] o.h.e.i.AbstractFlushingEventListener    : Flushed: 1 insertions, 0 updates, 0 deletions to 1 objects
2024-04-24T17:02:28.376+05:30 DEBUG 5824 --- [Vehicle Management Module] [           main] o.h.e.i.AbstractFlushingEventListener    : Flushed: 0 (re)creations, 0 updates, 0 removals to 0 collections
2024-04-24T17:02:28.376+05:30 DEBUG 5824 --- [Vehicle Management Module] [           main] o.hibernate.internal.util.EntityPrinter  : Listing entities:
2024-04-24T17:02:28.376+05:30 DEBUG 5824 --- [Vehicle Management Module] [           main] o.hibernate.internal.util.EntityPrinter  : com.cognizant.main.entities.VehicleTypes{Type=3457, vechicles=null, id=76, MaxPassengersAllowed=87, FarePerKM=67}
2024-04-24T17:02:28.376+05:30 DEBUG 5824 --- [Vehicle Management Module] [           main] org.hibernate.engine.spi.ActionQueue     : Changes must be flushed to space: vechicle_types
2024-04-24T17:02:28.376+05:30 DEBUG 5824 --- [Vehicle Management Module] [           main] org.hibernate.SQL                        : insert into vechicle_types (fare_perkm,max_passengers_allowed,type,id) values (?,?,?,?)
Hibernate: insert into vechicle_types (fare_perkm,max_passengers_allowed,type,id) values (?,?,?,?)
2024-04-24T17:02:28.378+05:30 DEBUG 5824 --- [Vehicle Management Module] [           main] org.hibernate.orm.sql.exec               : Skipping reading Query result cache data: cache-enabled = false, cache-mode = NORMAL
2024-04-24T17:02:28.378+05:30 DEBUG 5824 --- [Vehicle Management Module] [           main] org.hibernate.orm.results                : Initializer list:
	  com.cognizant.main.entities.VehicleTypes(104029480686900) -> EntityResultInitializer(com.cognizant.main.entities.VehicleTypes(104029480686900))@1974567063 (SingleTableEntityPersister(com.cognizant.main.entities.VehicleTypes))
	  com.cognizant.main.entities.VehicleTypes(104029480686900).vechicles -> DelayedCollectionInitializer(com.cognizant.main.entities.VehicleTypes(104029480686900).vechicles)@362637120 (PluralAttribute(com.cognizant.main.entities.VehicleTypes.vechicles))

2024-04-24T17:02:28.378+05:30 DEBUG 5824 --- [Vehicle Management Module] [           main] org.hibernate.SQL                        : select vt1_0.id,vt1_0.fare_perkm,vt1_0.max_passengers_allowed,vt1_0.type from vechicle_types vt1_0
Hibernate: select vt1_0.id,vt1_0.fare_perkm,vt1_0.max_passengers_allowed,vt1_0.type from vechicle_types vt1_0
2024-04-24T17:02:28.378+05:30 DEBUG 5824 --- [Vehicle Management Module] [           main] org.hibernate.orm.results                : Extracted JDBC value [0] - [1]
2024-04-24T17:02:28.378+05:30 DEBUG 5824 --- [Vehicle Management Module] [           main] o.hibernate.orm.results.loading.entity   : (EntityResultInitializer) Hydrated EntityKey (com.cognizant.main.entities.VehicleTypes(104029480686900)): 1
2024-04-24T17:02:28.379+05:30 DEBUG 5824 --- [Vehicle Management Module] [           main] org.hibernate.orm.results                : Extracted JDBC value [0] - [1]
2024-04-24T17:02:28.379+05:30 DEBUG 5824 --- [Vehicle Management Module] [           main] o.h.o.r.l.o.h.o.r.loading.collection     : (DelayedCollectionInitializer) Current row collection key : com.cognizant.main.entities.VehicleTypes(104029480686900).vechicles#1
2024-04-24T17:02:28.379+05:30 DEBUG 5824 --- [Vehicle Management Module] [           main] o.hibernate.orm.results.loading.entity   : (EntityResultInitializer) Created new entity instance [com.cognizant.main.entities.VehicleTypes(104029480686900)#1] : 880402766
2024-04-24T17:02:28.379+05:30 DEBUG 5824 --- [Vehicle Management Module] [           main] org.hibernate.orm.results                : Extracted JDBC value [1] - [10]
2024-04-24T17:02:28.379+05:30 DEBUG 5824 --- [Vehicle Management Module] [           main] org.hibernate.orm.results                : Extracted JDBC value [2] - [2]
2024-04-24T17:02:28.379+05:30 DEBUG 5824 --- [Vehicle Management Module] [           main] org.hibernate.orm.results                : Extracted JDBC value [3] - [2]
2024-04-24T17:02:28.379+05:30 DEBUG 5824 --- [Vehicle Management Module] [           main] o.hibernate.orm.results.loading.entity   : (EntityResultInitializer) Done materializing entityInstance : com.cognizant.main.entities.VehicleTypes(104029480686900)#1
2024-04-24T17:02:28.379+05:30 DEBUG 5824 --- [Vehicle Management Module] [           main] org.hibernate.orm.results.loading        : Calling top-level assembler (0 / 1) : org.hibernate.sql.results.graph.entity.internal.EntityAssembler@1abd92c6
2024-04-24T17:02:28.379+05:30 DEBUG 5824 --- [Vehicle Management Module] [           main] org.hibernate.orm.results                : Extracted JDBC value [0] - [2]
2024-04-24T17:02:28.379+05:30 DEBUG 5824 --- [Vehicle Management Module] [           main] o.hibernate.orm.results.loading.entity   : (EntityResultInitializer) Hydrated EntityKey (com.cognizant.main.entities.VehicleTypes(104029480686900)): 2
2024-04-24T17:02:28.379+05:30 DEBUG 5824 --- [Vehicle Management Module] [           main] org.hibernate.orm.results                : Extracted JDBC value [0] - [2]
2024-04-24T17:02:28.380+05:30 DEBUG 5824 --- [Vehicle Management Module] [           main] o.h.o.r.l.o.h.o.r.loading.collection     : (DelayedCollectionInitializer) Current row collection key : com.cognizant.main.entities.VehicleTypes(104029480686900).vechicles#2
2024-04-24T17:02:28.380+05:30 DEBUG 5824 --- [Vehicle Management Module] [           main] o.hibernate.orm.results.loading.entity   : (EntityResultInitializer) Created new entity instance [com.cognizant.main.entities.VehicleTypes(104029480686900)#2] : 2084881291
2024-04-24T17:02:28.380+05:30 DEBUG 5824 --- [Vehicle Management Module] [           main] org.hibernate.orm.results                : Extracted JDBC value [1] - [20]
2024-04-24T17:02:28.380+05:30 DEBUG 5824 --- [Vehicle Management Module] [           main] org.hibernate.orm.results                : Extracted JDBC value [2] - [5]
2024-04-24T17:02:28.380+05:30 DEBUG 5824 --- [Vehicle Management Module] [           main] org.hibernate.orm.results                : Extracted JDBC value [3] - [4]
2024-04-24T17:02:28.380+05:30 DEBUG 5824 --- [Vehicle Management Module] [           main] o.hibernate.orm.results.loading.entity   : (EntityResultInitializer) Done materializing entityInstance : com.cognizant.main.entities.VehicleTypes(104029480686900)#2
2024-04-24T17:02:28.380+05:30 DEBUG 5824 --- [Vehicle Management Module] [           main] org.hibernate.orm.results.loading        : Calling top-level assembler (0 / 1) : org.hibernate.sql.results.graph.entity.internal.EntityAssembler@1abd92c6
2024-04-24T17:02:28.380+05:30 DEBUG 5824 --- [Vehicle Management Module] [           main] org.hibernate.orm.results                : Extracted JDBC value [0] - [76]
2024-04-24T17:02:28.380+05:30 DEBUG 5824 --- [Vehicle Management Module] [           main] o.hibernate.orm.results.loading.entity   : (EntityResultInitializer) Hydrated EntityKey (com.cognizant.main.entities.VehicleTypes(104029480686900)): 76
2024-04-24T17:02:28.380+05:30 DEBUG 5824 --- [Vehicle Management Module] [           main] org.hibernate.orm.results                : Extracted JDBC value [0] - [76]
2024-04-24T17:02:28.380+05:30 DEBUG 5824 --- [Vehicle Management Module] [           main] o.h.o.r.l.o.h.o.r.loading.collection     : (DelayedCollectionInitializer) Current row collection key : com.cognizant.main.entities.VehicleTypes(104029480686900).vechicles#76
2024-04-24T17:02:28.380+05:30 DEBUG 5824 --- [Vehicle Management Module] [           main] org.hibernate.orm.results.loading        : Calling top-level assembler (0 / 1) : org.hibernate.sql.results.graph.entity.internal.EntityAssembler@1abd92c6
2024-04-24T17:02:28.381+05:30 DEBUG 5824 --- [Vehicle Management Module] [           main] org.springframework.test.context.cache   : Spring test ApplicationContext cache statistics: [DefaultContextCache@491cceb4 size = 2, maxSize = 32, parentContextCount = 0, hitCount = 226, missCount = 2, failureCount = 0]
2024-04-24T17:02:28.381+05:30 DEBUG 5824 --- [Vehicle Management Module] [           main] org.springframework.test.context.cache   : Spring test ApplicationContext cache statistics: [DefaultContextCache@491cceb4 size = 2, maxSize = 32, parentContextCount = 0, hitCount = 227, missCount = 2, failureCount = 0]
2024-04-24T17:02:28.382+05:30 DEBUG 5824 --- [Vehicle Management Module] [           main] org.springframework.test.context.cache   : Spring test ApplicationContext cache statistics: [DefaultContextCache@491cceb4 size = 2, maxSize = 32, parentContextCount = 0, hitCount = 228, missCount = 2, failureCount = 0]
2024-04-24T17:02:28.382+05:30 DEBUG 5824 --- [Vehicle Management Module] [           main] org.springframework.test.context.cache   : Spring test ApplicationContext cache statistics: [DefaultContextCache@491cceb4 size = 2, maxSize = 32, parentContextCount = 0, hitCount = 229, missCount = 2, failureCount = 0]
2024-04-24T17:02:28.382+05:30 DEBUG 5824 --- [Vehicle Management Module] [           main] org.springframework.test.context.cache   : Spring test ApplicationContext cache statistics: [DefaultContextCache@491cceb4 size = 2, maxSize = 32, parentContextCount = 0, hitCount = 230, missCount = 2, failureCount = 0]
2024-04-24T17:02:28.383+05:30 DEBUG 5824 --- [Vehicle Management Module] [           main] org.springframework.test.context.cache   : Spring test ApplicationContext cache statistics: [DefaultContextCache@491cceb4 size = 2, maxSize = 32, parentContextCount = 0, hitCount = 231, missCount = 2, failureCount = 0]
2024-04-24T17:02:28.383+05:30 DEBUG 5824 --- [Vehicle Management Module] [           main] o.s.orm.jpa.JpaTransactionManager        : Initiating transaction rollback
2024-04-24T17:02:28.383+05:30 DEBUG 5824 --- [Vehicle Management Module] [           main] o.s.orm.jpa.JpaTransactionManager        : Rolling back JPA transaction on EntityManager [SessionImpl(730011718<open>)]
2024-04-24T17:02:28.384+05:30 DEBUG 5824 --- [Vehicle Management Module] [           main] o.h.e.t.internal.TransactionImpl         : rolling back
2024-04-24T17:02:28.384+05:30 DEBUG 5824 --- [Vehicle Management Module] [           main] o.s.orm.jpa.JpaTransactionManager        : Closing JPA EntityManager [SessionImpl(730011718<open>)] after transaction
2024-04-24T17:02:28.384+05:30 DEBUG 5824 --- [Vehicle Management Module] [           main] o.s.t.c.transaction.TransactionContext   : Rolled back transaction (1) for test class [com.cognizant.main.TestVehicleTypesRepository]; test method [testFindAllPositive]
2024-04-24T17:02:28.384+05:30 DEBUG 5824 --- [Vehicle Management Module] [           main] .c.s.DirtiesContextTestExecutionListener : After test method: class [TestVehicleTypesRepository], method [testFindAllPositive], class annotated with @DirtiesContext [false] with mode [null], method annotated with @DirtiesContext [false] with mode [null]
]]></system-out>
  </testcase>
</testsuite>