<?xml version="1.0" encoding="UTF-8"?>
<testsuite xmlns:xsi="http://www.w3.org/2001/XMLSchema-instance" xsi:noNamespaceSchemaLocation="https://maven.apache.org/surefire/maven-surefire-plugin/xsd/surefire-test-report-3.0.xsd" version="3.0" name="com.cognizant.main.TestVehicleDetailsRepository" time="2.951" tests="6" errors="0" skipped="0" failures="0">
  <properties>
    <property name="java.specification.version" value="17"/>
    <property name="sun.cpu.isalist" value="amd64"/>
    <property name="sun.jnu.encoding" value="Cp1252"/>
    <property name="java.class.path" value="C:\Users\2318431\Downloads\Ridesharingplatform\target\test-classes;C:\Users\2318431\Downloads\Ridesharingplatform\target\classes;C:\Users\2318431\.m2\repository\org\springframework\boot\spring-boot-starter-data-jpa\3.2.2\spring-boot-starter-data-jpa-3.2.2.jar;C:\Users\2318431\.m2\repository\org\springframework\boot\spring-boot-starter-aop\3.2.2\spring-boot-starter-aop-3.2.2.jar;C:\Users\2318431\.m2\repository\org\springframework\spring-aop\6.1.3\spring-aop-6.1.3.jar;C:\Users\2318431\.m2\repository\org\aspectj\aspectjweaver\1.9.21\aspectjweaver-1.9.21.jar;C:\Users\2318431\.m2\repository\org\springframework\boot\spring-boot-starter-jdbc\3.2.2\spring-boot-starter-jdbc-3.2.2.jar;C:\Users\2318431\.m2\repository\com\zaxxer\HikariCP\5.0.1\HikariCP-5.0.1.jar;C:\Users\2318431\.m2\repository\org\springframework\spring-jdbc\6.1.3\spring-jdbc-6.1.3.jar;C:\Users\2318431\.m2\repository\org\hibernate\orm\hibernate-core\6.4.1.Final\hibernate-core-6.4.1.Final.jar;C:\Users\2318431\.m2\repository\jakarta\persistence\jakarta.persistence-api\3.1.0\jakarta.persistence-api-3.1.0.jar;C:\Users\2318431\.m2\repository\jakarta\transaction\jakarta.transaction-api\2.0.1\jakarta.transaction-api-2.0.1.jar;C:\Users\2318431\.m2\repository\org\jboss\logging\jboss-logging\3.5.3.Final\jboss-logging-3.5.3.Final.jar;C:\Users\2318431\.m2\repository\org\hibernate\common\hibernate-commons-annotations\6.0.6.Final\hibernate-commons-annotations-6.0.6.Final.jar;C:\Users\2318431\.m2\repository\io\smallrye\jandex\3.1.2\jandex-3.1.2.jar;C:\Users\2318431\.m2\repository\com\fasterxml\classmate\1.6.0\classmate-1.6.0.jar;C:\Users\2318431\.m2\repository\net\bytebuddy\byte-buddy\1.14.11\byte-buddy-1.14.11.jar;C:\Users\2318431\.m2\repository\org\glassfish\jaxb\jaxb-runtime\4.0.4\jaxb-runtime-4.0.4.jar;C:\Users\2318431\.m2\repository\org\glassfish\jaxb\jaxb-core\4.0.4\jaxb-core-4.0.4.jar;C:\Users\2318431\.m2\repository\org\eclipse\angus\angus-activation\2.0.1\angus-activation-2.0.1.jar;C:\Users\2318431\.m2\repository\org\glassfish\jaxb\txw2\4.0.4\txw2-4.0.4.jar;C:\Users\2318431\.m2\repository\com\sun\istack\istack-commons-runtime\4.1.2\istack-commons-runtime-4.1.2.jar;C:\Users\2318431\.m2\repository\jakarta\inject\jakarta.inject-api\2.0.1\jakarta.inject-api-2.0.1.jar;C:\Users\2318431\.m2\repository\org\antlr\antlr4-runtime\4.13.0\antlr4-runtime-4.13.0.jar;C:\Users\2318431\.m2\repository\org\springframework\data\spring-data-jpa\3.2.2\spring-data-jpa-3.2.2.jar;C:\Users\2318431\.m2\repository\org\springframework\data\spring-data-commons\3.2.2\spring-data-commons-3.2.2.jar;C:\Users\2318431\.m2\repository\org\springframework\spring-orm\6.1.3\spring-orm-6.1.3.jar;C:\Users\2318431\.m2\repository\org\springframework\spring-context\6.1.3\spring-context-6.1.3.jar;C:\Users\2318431\.m2\repository\org\springframework\spring-tx\6.1.3\spring-tx-6.1.3.jar;C:\Users\2318431\.m2\repository\org\springframework\spring-beans\6.1.3\spring-beans-6.1.3.jar;C:\Users\2318431\.m2\repository\jakarta\annotation\jakarta.annotation-api\2.1.1\jakarta.annotation-api-2.1.1.jar;C:\Users\2318431\.m2\repository\org\slf4j\slf4j-api\2.0.11\slf4j-api-2.0.11.jar;C:\Users\2318431\.m2\repository\org\springframework\spring-aspects\6.1.3\spring-aspects-6.1.3.jar;C:\Users\2318431\.m2\repository\org\springframework\boot\spring-boot-starter-web\3.2.2\spring-boot-starter-web-3.2.2.jar;C:\Users\2318431\.m2\repository\org\springframework\boot\spring-boot-starter\3.2.2\spring-boot-starter-3.2.2.jar;C:\Users\2318431\.m2\repository\org\springframework\boot\spring-boot-starter-logging\3.2.2\spring-boot-starter-logging-3.2.2.jar;C:\Users\2318431\.m2\repository\ch\qos\logback\logback-classic\1.4.14\logback-classic-1.4.14.jar;C:\Users\2318431\.m2\repository\ch\qos\logback\logback-core\1.4.14\logback-core-1.4.14.jar;C:\Users\2318431\.m2\repository\org\apache\logging\log4j\log4j-to-slf4j\2.21.1\log4j-to-slf4j-2.21.1.jar;C:\Users\2318431\.m2\repository\org\apache\logging\log4j\log4j-api\2.21.1\log4j-api-2.21.1.jar;C:\Users\2318431\.m2\repository\org\slf4j\jul-to-slf4j\2.0.11\jul-to-slf4j-2.0.11.jar;C:\Users\2318431\.m2\repository\org\yaml\snakeyaml\2.2\snakeyaml-2.2.jar;C:\Users\2318431\.m2\repository\org\springframework\boot\spring-boot-starter-json\3.2.2\spring-boot-starter-json-3.2.2.jar;C:\Users\2318431\.m2\repository\com\fasterxml\jackson\core\jackson-databind\2.15.3\jackson-databind-2.15.3.jar;C:\Users\2318431\.m2\repository\com\fasterxml\jackson\datatype\jackson-datatype-jdk8\2.15.3\jackson-datatype-jdk8-2.15.3.jar;C:\Users\2318431\.m2\repository\com\fasterxml\jackson\datatype\jackson-datatype-jsr310\2.15.3\jackson-datatype-jsr310-2.15.3.jar;C:\Users\2318431\.m2\repository\com\fasterxml\jackson\module\jackson-module-parameter-names\2.15.3\jackson-module-parameter-names-2.15.3.jar;C:\Users\2318431\.m2\repository\org\springframework\boot\spring-boot-starter-tomcat\3.2.2\spring-boot-starter-tomcat-3.2.2.jar;C:\Users\2318431\.m2\repository\org\apache\tomcat\embed\tomcat-embed-core\10.1.18\tomcat-embed-core-10.1.18.jar;C:\Users\2318431\.m2\repository\org\apache\tomcat\embed\tomcat-embed-el\10.1.18\tomcat-embed-el-10.1.18.jar;C:\Users\2318431\.m2\repository\org\apache\tomcat\embed\tomcat-embed-websocket\10.1.18\tomcat-embed-websocket-10.1.18.jar;C:\Users\2318431\.m2\repository\org\springframework\spring-web\6.1.3\spring-web-6.1.3.jar;C:\Users\2318431\.m2\repository\io\micrometer\micrometer-observation\1.12.2\micrometer-observation-1.12.2.jar;C:\Users\2318431\.m2\repository\io\micrometer\micrometer-commons\1.12.2\micrometer-commons-1.12.2.jar;C:\Users\2318431\.m2\repository\org\springframework\spring-webmvc\6.1.3\spring-webmvc-6.1.3.jar;C:\Users\2318431\.m2\repository\org\springframework\spring-expression\6.1.3\spring-expression-6.1.3.jar;C:\Users\2318431\.m2\repository\org\springframework\boot\spring-boot-devtools\3.2.2\spring-boot-devtools-3.2.2.jar;C:\Users\2318431\.m2\repository\org\springframework\boot\spring-boot\3.2.2\spring-boot-3.2.2.jar;C:\Users\2318431\.m2\repository\org\springframework\boot\spring-boot-autoconfigure\3.2.2\spring-boot-autoconfigure-3.2.2.jar;C:\Users\2318431\.m2\repository\com\h2database\h2\2.2.224\h2-2.2.224.jar;C:\Users\2318431\.m2\repository\org\springframework\boot\spring-boot-starter-test\3.2.2\spring-boot-starter-test-3.2.2.jar;C:\Users\2318431\.m2\repository\org\springframework\boot\spring-boot-test\3.2.2\spring-boot-test-3.2.2.jar;C:\Users\2318431\.m2\repository\org\springframework\boot\spring-boot-test-autoconfigure\3.2.2\spring-boot-test-autoconfigure-3.2.2.jar;C:\Users\2318431\.m2\repository\com\jayway\jsonpath\json-path\2.8.0\json-path-2.8.0.jar;C:\Users\2318431\.m2\repository\jakarta\xml\bind\jakarta.xml.bind-api\4.0.1\jakarta.xml.bind-api-4.0.1.jar;C:\Users\2318431\.m2\repository\jakarta\activation\jakarta.activation-api\2.1.2\jakarta.activation-api-2.1.2.jar;C:\Users\2318431\.m2\repository\net\minidev\json-smart\2.5.0\json-smart-2.5.0.jar;C:\Users\2318431\.m2\repository\net\minidev\accessors-smart\2.5.0\accessors-smart-2.5.0.jar;C:\Users\2318431\.m2\repository\org\ow2\asm\asm\9.3\asm-9.3.jar;C:\Users\2318431\.m2\repository\org\assertj\assertj-core\3.24.2\assertj-core-3.24.2.jar;C:\Users\2318431\.m2\repository\org\awaitility\awaitility\4.2.0\awaitility-4.2.0.jar;C:\Users\2318431\.m2\repository\org\hamcrest\hamcrest\2.2\hamcrest-2.2.jar;C:\Users\2318431\.m2\repository\org\junit\jupiter\junit-jupiter\5.10.1\junit-jupiter-5.10.1.jar;C:\Users\2318431\.m2\repository\org\junit\jupiter\junit-jupiter-api\5.10.1\junit-jupiter-api-5.10.1.jar;C:\Users\2318431\.m2\repository\org\opentest4j\opentest4j\1.3.0\opentest4j-1.3.0.jar;C:\Users\2318431\.m2\repository\org\junit\platform\junit-platform-commons\1.10.1\junit-platform-commons-1.10.1.jar;C:\Users\2318431\.m2\repository\org\apiguardian\apiguardian-api\1.1.2\apiguardian-api-1.1.2.jar;C:\Users\2318431\.m2\repository\org\junit\jupiter\junit-jupiter-params\5.10.1\junit-jupiter-params-5.10.1.jar;C:\Users\2318431\.m2\repository\org\junit\jupiter\junit-jupiter-engine\5.10.1\junit-jupiter-engine-5.10.1.jar;C:\Users\2318431\.m2\repository\org\junit\platform\junit-platform-engine\1.10.1\junit-platform-engine-1.10.1.jar;C:\Users\2318431\.m2\repository\org\mockito\mockito-core\5.7.0\mockito-core-5.7.0.jar;C:\Users\2318431\.m2\repository\net\bytebuddy\byte-buddy-agent\1.14.11\byte-buddy-agent-1.14.11.jar;C:\Users\2318431\.m2\repository\org\objenesis\objenesis\3.3\objenesis-3.3.jar;C:\Users\2318431\.m2\repository\org\mockito\mockito-junit-jupiter\5.7.0\mockito-junit-jupiter-5.7.0.jar;C:\Users\2318431\.m2\repository\org\skyscreamer\jsonassert\1.5.1\jsonassert-1.5.1.jar;C:\Users\2318431\.m2\repository\com\vaadin\external\google\android-json\0.0.20131108.vaadin1\android-json-0.0.20131108.vaadin1.jar;C:\Users\2318431\.m2\repository\org\springframework\spring-core\6.1.3\spring-core-6.1.3.jar;C:\Users\2318431\.m2\repository\org\springframework\spring-jcl\6.1.3\spring-jcl-6.1.3.jar;C:\Users\2318431\.m2\repository\org\springframework\spring-test\6.1.3\spring-test-6.1.3.jar;C:\Users\2318431\.m2\repository\org\xmlunit\xmlunit-core\2.9.1\xmlunit-core-2.9.1.jar;C:\Users\2318431\.m2\repository\org\springdoc\springdoc-openapi-starter-webmvc-ui\2.4.0\springdoc-openapi-starter-webmvc-ui-2.4.0.jar;C:\Users\2318431\.m2\repository\org\springdoc\springdoc-openapi-starter-webmvc-api\2.4.0\springdoc-openapi-starter-webmvc-api-2.4.0.jar;C:\Users\2318431\.m2\repository\org\springdoc\springdoc-openapi-starter-common\2.4.0\springdoc-openapi-starter-common-2.4.0.jar;C:\Users\2318431\.m2\repository\io\swagger\core\v3\swagger-core-jakarta\2.2.20\swagger-core-jakarta-2.2.20.jar;C:\Users\2318431\.m2\repository\org\apache\commons\commons-lang3\3.13.0\commons-lang3-3.13.0.jar;C:\Users\2318431\.m2\repository\io\swagger\core\v3\swagger-annotations-jakarta\2.2.20\swagger-annotations-jakarta-2.2.20.jar;C:\Users\2318431\.m2\repository\io\swagger\core\v3\swagger-models-jakarta\2.2.20\swagger-models-jakarta-2.2.20.jar;C:\Users\2318431\.m2\repository\com\fasterxml\jackson\dataformat\jackson-dataformat-yaml\2.15.3\jackson-dataformat-yaml-2.15.3.jar;C:\Users\2318431\.m2\repository\org\webjars\swagger-ui\5.11.8\swagger-ui-5.11.8.jar;C:\Users\2318431\.m2\repository\jakarta\validation\jakarta.validation-api\3.0.2\jakarta.validation-api-3.0.2.jar;C:\Users\2318431\.m2\repository\org\projectlombok\lombok\1.18.30\lombok-1.18.30.jar;C:\Users\2318431\.m2\repository\org\springframework\cloud\spring-cloud-starter\4.1.2\spring-cloud-starter-4.1.2.jar;C:\Users\2318431\.m2\repository\org\springframework\cloud\spring-cloud-context\4.1.2\spring-cloud-context-4.1.2.jar;C:\Users\2318431\.m2\repository\org\springframework\security\spring-security-crypto\6.2.1\spring-security-crypto-6.2.1.jar;C:\Users\2318431\.m2\repository\org\springframework\cloud\spring-cloud-commons\4.1.2\spring-cloud-commons-4.1.2.jar;C:\Users\2318431\.m2\repository\org\springframework\security\spring-security-rsa\1.1.2\spring-security-rsa-1.1.2.jar;C:\Users\2318431\.m2\repository\org\bouncycastle\bcprov-jdk18on\1.77\bcprov-jdk18on-1.77.jar;C:\Users\2318431\.m2\repository\org\springframework\cloud\spring-cloud-starter-netflix-eureka-client\4.1.1\spring-cloud-starter-netflix-eureka-client-4.1.1.jar;C:\Users\2318431\.m2\repository\org\springframework\cloud\spring-cloud-netflix-eureka-client\4.1.1\spring-cloud-netflix-eureka-client-4.1.1.jar;C:\Users\2318431\.m2\repository\org\apache\httpcomponents\client5\httpclient5\5.2.3\httpclient5-5.2.3.jar;C:\Users\2318431\.m2\repository\org\apache\httpcomponents\core5\httpcore5\5.2.4\httpcore5-5.2.4.jar;C:\Users\2318431\.m2\repository\org\apache\httpcomponents\core5\httpcore5-h2\5.2.4\httpcore5-h2-5.2.4.jar;C:\Users\2318431\.m2\repository\com\netflix\eureka\eureka-client\2.0.2\eureka-client-2.0.2.jar;C:\Users\2318431\.m2\repository\com\netflix\netflix-commons\netflix-eventbus\0.3.0\netflix-eventbus-0.3.0.jar;C:\Users\2318431\.m2\repository\com\netflix\netflix-commons\netflix-infix\0.3.0\netflix-infix-0.3.0.jar;C:\Users\2318431\.m2\repository\commons-jxpath\commons-jxpath\1.3\commons-jxpath-1.3.jar;C:\Users\2318431\.m2\repository\joda-time\joda-time\2.3\joda-time-2.3.jar;C:\Users\2318431\.m2\repository\org\antlr\antlr-runtime\3.4\antlr-runtime-3.4.jar;C:\Users\2318431\.m2\repository\org\antlr\stringtemplate\3.2.1\stringtemplate-3.2.1.jar;C:\Users\2318431\.m2\repository\antlr\antlr\2.7.7\antlr-2.7.7.jar;C:\Users\2318431\.m2\repository\com\google\code\gson\gson\2.10.1\gson-2.10.1.jar;C:\Users\2318431\.m2\repository\org\apache\commons\commons-math\2.2\commons-math-2.2.jar;C:\Users\2318431\.m2\repository\com\thoughtworks\xstream\xstream\1.4.19\xstream-1.4.19.jar;C:\Users\2318431\.m2\repository\io\github\x-stream\mxparser\1.2.2\mxparser-1.2.2.jar;C:\Users\2318431\.m2\repository\xmlpull\xmlpull\1.1.3.1\xmlpull-1.1.3.1.jar;C:\Users\2318431\.m2\repository\jakarta\ws\rs\jakarta.ws.rs-api\3.1.0\jakarta.ws.rs-api-3.1.0.jar;C:\Users\2318431\.m2\repository\com\netflix\servo\servo-core\0.12.21\servo-core-0.12.21.jar;C:\Users\2318431\.m2\repository\com\google\guava\guava\19.0\guava-19.0.jar;C:\Users\2318431\.m2\repository\org\apache\httpcomponents\httpclient\4.5.3\httpclient-4.5.3.jar;C:\Users\2318431\.m2\repository\org\apache\httpcomponents\httpcore\4.4.16\httpcore-4.4.16.jar;C:\Users\2318431\.m2\repository\commons-codec\commons-codec\1.16.0\commons-codec-1.16.0.jar;C:\Users\2318431\.m2\repository\commons-configuration\commons-configuration\1.10\commons-configuration-1.10.jar;C:\Users\2318431\.m2\repository\commons-lang\commons-lang\2.6\commons-lang-2.6.jar;C:\Users\2318431\.m2\repository\com\fasterxml\jackson\core\jackson-annotations\2.15.3\jackson-annotations-2.15.3.jar;C:\Users\2318431\.m2\repository\com\fasterxml\jackson\core\jackson-core\2.15.3\jackson-core-2.15.3.jar;C:\Users\2318431\.m2\repository\org\codehaus\jettison\jettison\1.5.4\jettison-1.5.4.jar;C:\Users\2318431\.m2\repository\com\netflix\eureka\eureka-core\2.0.2\eureka-core-2.0.2.jar;C:\Users\2318431\.m2\repository\com\fasterxml\woodstox\woodstox-core\6.2.1\woodstox-core-6.2.1.jar;C:\Users\2318431\.m2\repository\org\codehaus\woodstox\stax2-api\4.2.1\stax2-api-4.2.1.jar;C:\Users\2318431\.m2\repository\org\springframework\cloud\spring-cloud-starter-loadbalancer\4.1.2\spring-cloud-starter-loadbalancer-4.1.2.jar;C:\Users\2318431\.m2\repository\org\springframework\cloud\spring-cloud-loadbalancer\4.1.2\spring-cloud-loadbalancer-4.1.2.jar;C:\Users\2318431\.m2\repository\io\projectreactor\reactor-core\3.6.2\reactor-core-3.6.2.jar;C:\Users\2318431\.m2\repository\org\reactivestreams\reactive-streams\1.0.4\reactive-streams-1.0.4.jar;C:\Users\2318431\.m2\repository\io\projectreactor\addons\reactor-extra\3.5.1\reactor-extra-3.5.1.jar;C:\Users\2318431\.m2\repository\org\springframework\boot\spring-boot-starter-cache\3.2.2\spring-boot-starter-cache-3.2.2.jar;C:\Users\2318431\.m2\repository\org\springframework\spring-context-support\6.1.3\spring-context-support-6.1.3.jar;C:\Users\2318431\.m2\repository\com\stoyanr\evictor\1.0.0\evictor-1.0.0.jar;"/>
    <property name="java.vm.vendor" value="Eclipse Adoptium"/>
    <property name="sun.arch.data.model" value="64"/>
    <property name="user.variant" value=""/>
    <property name="java.vendor.url" value="https://adoptium.net/"/>
    <property name="user.timezone" value="Asia/Calcutta"/>
    <property name="org.jboss.logging.provider" value="slf4j"/>
    <property name="os.name" value="Windows 11"/>
    <property name="java.vm.specification.version" value="17"/>
    <property name="sun.java.launcher" value="SUN_STANDARD"/>
    <property name="user.country" value="IN"/>
    <property name="sun.boot.library.path" value="C:\Users\2318431\Downloads\sts-4.21.1.RELEASE\plugins\org.eclipse.justj.openjdk.hotspot.jre.full.win32.x86_64_17.0.10.v20240120-1143\jre\bin"/>
    <property name="sun.java.command" value="C:\Users\2318431\AppData\Local\Temp\surefire11695190849379645671\surefirebooter-20240424170201165_3.jar C:\Users\2318431\AppData\Local\Temp\surefire11695190849379645671 2024-04-24T17-02-00_144-jvmRun1 surefire-20240424170201165_1tmp surefire_0-20240424170201165_2tmp"/>
    <property name="jdk.debug" value="release"/>
    <property name="surefire.test.class.path" value="C:\Users\2318431\Downloads\Ridesharingplatform\target\test-classes;C:\Users\2318431\Downloads\Ridesharingplatform\target\classes;C:\Users\2318431\.m2\repository\org\springframework\boot\spring-boot-starter-data-jpa\3.2.2\spring-boot-starter-data-jpa-3.2.2.jar;C:\Users\2318431\.m2\repository\org\springframework\boot\spring-boot-starter-aop\3.2.2\spring-boot-starter-aop-3.2.2.jar;C:\Users\2318431\.m2\repository\org\springframework\spring-aop\6.1.3\spring-aop-6.1.3.jar;C:\Users\2318431\.m2\repository\org\aspectj\aspectjweaver\1.9.21\aspectjweaver-1.9.21.jar;C:\Users\2318431\.m2\repository\org\springframework\boot\spring-boot-starter-jdbc\3.2.2\spring-boot-starter-jdbc-3.2.2.jar;C:\Users\2318431\.m2\repository\com\zaxxer\HikariCP\5.0.1\HikariCP-5.0.1.jar;C:\Users\2318431\.m2\repository\org\springframework\spring-jdbc\6.1.3\spring-jdbc-6.1.3.jar;C:\Users\2318431\.m2\repository\org\hibernate\orm\hibernate-core\6.4.1.Final\hibernate-core-6.4.1.Final.jar;C:\Users\2318431\.m2\repository\jakarta\persistence\jakarta.persistence-api\3.1.0\jakarta.persistence-api-3.1.0.jar;C:\Users\2318431\.m2\repository\jakarta\transaction\jakarta.transaction-api\2.0.1\jakarta.transaction-api-2.0.1.jar;C:\Users\2318431\.m2\repository\org\jboss\logging\jboss-logging\3.5.3.Final\jboss-logging-3.5.3.Final.jar;C:\Users\2318431\.m2\repository\org\hibernate\common\hibernate-commons-annotations\6.0.6.Final\hibernate-commons-annotations-6.0.6.Final.jar;C:\Users\2318431\.m2\repository\io\smallrye\jandex\3.1.2\jandex-3.1.2.jar;C:\Users\2318431\.m2\repository\com\fasterxml\classmate\1.6.0\classmate-1.6.0.jar;C:\Users\2318431\.m2\repository\net\bytebuddy\byte-buddy\1.14.11\byte-buddy-1.14.11.jar;C:\Users\2318431\.m2\repository\org\glassfish\jaxb\jaxb-runtime\4.0.4\jaxb-runtime-4.0.4.jar;C:\Users\2318431\.m2\repository\org\glassfish\jaxb\jaxb-core\4.0.4\jaxb-core-4.0.4.jar;C:\Users\2318431\.m2\repository\org\eclipse\angus\angus-activation\2.0.1\angus-activation-2.0.1.jar;C:\Users\2318431\.m2\repository\org\glassfish\jaxb\txw2\4.0.4\txw2-4.0.4.jar;C:\Users\2318431\.m2\repository\com\sun\istack\istack-commons-runtime\4.1.2\istack-commons-runtime-4.1.2.jar;C:\Users\2318431\.m2\repository\jakarta\inject\jakarta.inject-api\2.0.1\jakarta.inject-api-2.0.1.jar;C:\Users\2318431\.m2\repository\org\antlr\antlr4-runtime\4.13.0\antlr4-runtime-4.13.0.jar;C:\Users\2318431\.m2\repository\org\springframework\data\spring-data-jpa\3.2.2\spring-data-jpa-3.2.2.jar;C:\Users\2318431\.m2\repository\org\springframework\data\spring-data-commons\3.2.2\spring-data-commons-3.2.2.jar;C:\Users\2318431\.m2\repository\org\springframework\spring-orm\6.1.3\spring-orm-6.1.3.jar;C:\Users\2318431\.m2\repository\org\springframework\spring-context\6.1.3\spring-context-6.1.3.jar;C:\Users\2318431\.m2\repository\org\springframework\spring-tx\6.1.3\spring-tx-6.1.3.jar;C:\Users\2318431\.m2\repository\org\springframework\spring-beans\6.1.3\spring-beans-6.1.3.jar;C:\Users\2318431\.m2\repository\jakarta\annotation\jakarta.annotation-api\2.1.1\jakarta.annotation-api-2.1.1.jar;C:\Users\2318431\.m2\repository\org\slf4j\slf4j-api\2.0.11\slf4j-api-2.0.11.jar;C:\Users\2318431\.m2\repository\org\springframework\spring-aspects\6.1.3\spring-aspects-6.1.3.jar;C:\Users\2318431\.m2\repository\org\springframework\boot\spring-boot-starter-web\3.2.2\spring-boot-starter-web-3.2.2.jar;C:\Users\2318431\.m2\repository\org\springframework\boot\spring-boot-starter\3.2.2\spring-boot-starter-3.2.2.jar;C:\Users\2318431\.m2\repository\org\springframework\boot\spring-boot-starter-logging\3.2.2\spring-boot-starter-logging-3.2.2.jar;C:\Users\2318431\.m2\repository\ch\qos\logback\logback-classic\1.4.14\logback-classic-1.4.14.jar;C:\Users\2318431\.m2\repository\ch\qos\logback\logback-core\1.4.14\logback-core-1.4.14.jar;C:\Users\2318431\.m2\repository\org\apache\logging\log4j\log4j-to-slf4j\2.21.1\log4j-to-slf4j-2.21.1.jar;C:\Users\2318431\.m2\repository\org\apache\logging\log4j\log4j-api\2.21.1\log4j-api-2.21.1.jar;C:\Users\2318431\.m2\repository\org\slf4j\jul-to-slf4j\2.0.11\jul-to-slf4j-2.0.11.jar;C:\Users\2318431\.m2\repository\org\yaml\snakeyaml\2.2\snakeyaml-2.2.jar;C:\Users\2318431\.m2\repository\org\springframework\boot\spring-boot-starter-json\3.2.2\spring-boot-starter-json-3.2.2.jar;C:\Users\2318431\.m2\repository\com\fasterxml\jackson\core\jackson-databind\2.15.3\jackson-databind-2.15.3.jar;C:\Users\2318431\.m2\repository\com\fasterxml\jackson\datatype\jackson-datatype-jdk8\2.15.3\jackson-datatype-jdk8-2.15.3.jar;C:\Users\2318431\.m2\repository\com\fasterxml\jackson\datatype\jackson-datatype-jsr310\2.15.3\jackson-datatype-jsr310-2.15.3.jar;C:\Users\2318431\.m2\repository\com\fasterxml\jackson\module\jackson-module-parameter-names\2.15.3\jackson-module-parameter-names-2.15.3.jar;C:\Users\2318431\.m2\repository\org\springframework\boot\spring-boot-starter-tomcat\3.2.2\spring-boot-starter-tomcat-3.2.2.jar;C:\Users\2318431\.m2\repository\org\apache\tomcat\embed\tomcat-embed-core\10.1.18\tomcat-embed-core-10.1.18.jar;C:\Users\2318431\.m2\repository\org\apache\tomcat\embed\tomcat-embed-el\10.1.18\tomcat-embed-el-10.1.18.jar;C:\Users\2318431\.m2\repository\org\apache\tomcat\embed\tomcat-embed-websocket\10.1.18\tomcat-embed-websocket-10.1.18.jar;C:\Users\2318431\.m2\repository\org\springframework\spring-web\6.1.3\spring-web-6.1.3.jar;C:\Users\2318431\.m2\repository\io\micrometer\micrometer-observation\1.12.2\micrometer-observation-1.12.2.jar;C:\Users\2318431\.m2\repository\io\micrometer\micrometer-commons\1.12.2\micrometer-commons-1.12.2.jar;C:\Users\2318431\.m2\repository\org\springframework\spring-webmvc\6.1.3\spring-webmvc-6.1.3.jar;C:\Users\2318431\.m2\repository\org\springframework\spring-expression\6.1.3\spring-expression-6.1.3.jar;C:\Users\2318431\.m2\repository\org\springframework\boot\spring-boot-devtools\3.2.2\spring-boot-devtools-3.2.2.jar;C:\Users\2318431\.m2\repository\org\springframework\boot\spring-boot\3.2.2\spring-boot-3.2.2.jar;C:\Users\2318431\.m2\repository\org\springframework\boot\spring-boot-autoconfigure\3.2.2\spring-boot-autoconfigure-3.2.2.jar;C:\Users\2318431\.m2\repository\com\h2database\h2\2.2.224\h2-2.2.224.jar;C:\Users\2318431\.m2\repository\org\springframework\boot\spring-boot-starter-test\3.2.2\spring-boot-starter-test-3.2.2.jar;C:\Users\2318431\.m2\repository\org\springframework\boot\spring-boot-test\3.2.2\spring-boot-test-3.2.2.jar;C:\Users\2318431\.m2\repository\org\springframework\boot\spring-boot-test-autoconfigure\3.2.2\spring-boot-test-autoconfigure-3.2.2.jar;C:\Users\2318431\.m2\repository\com\jayway\jsonpath\json-path\2.8.0\json-path-2.8.0.jar;C:\Users\2318431\.m2\repository\jakarta\xml\bind\jakarta.xml.bind-api\4.0.1\jakarta.xml.bind-api-4.0.1.jar;C:\Users\2318431\.m2\repository\jakarta\activation\jakarta.activation-api\2.1.2\jakarta.activation-api-2.1.2.jar;C:\Users\2318431\.m2\repository\net\minidev\json-smart\2.5.0\json-smart-2.5.0.jar;C:\Users\2318431\.m2\repository\net\minidev\accessors-smart\2.5.0\accessors-smart-2.5.0.jar;C:\Users\2318431\.m2\repository\org\ow2\asm\asm\9.3\asm-9.3.jar;C:\Users\2318431\.m2\repository\org\assertj\assertj-core\3.24.2\assertj-core-3.24.2.jar;C:\Users\2318431\.m2\repository\org\awaitility\awaitility\4.2.0\awaitility-4.2.0.jar;C:\Users\2318431\.m2\repository\org\hamcrest\hamcrest\2.2\hamcrest-2.2.jar;C:\Users\2318431\.m2\repository\org\junit\jupiter\junit-jupiter\5.10.1\junit-jupiter-5.10.1.jar;C:\Users\2318431\.m2\repository\org\junit\jupiter\junit-jupiter-api\5.10.1\junit-jupiter-api-5.10.1.jar;C:\Users\2318431\.m2\repository\org\opentest4j\opentest4j\1.3.0\opentest4j-1.3.0.jar;C:\Users\2318431\.m2\repository\org\junit\platform\junit-platform-commons\1.10.1\junit-platform-commons-1.10.1.jar;C:\Users\2318431\.m2\repository\org\apiguardian\apiguardian-api\1.1.2\apiguardian-api-1.1.2.jar;C:\Users\2318431\.m2\repository\org\junit\jupiter\junit-jupiter-params\5.10.1\junit-jupiter-params-5.10.1.jar;C:\Users\2318431\.m2\repository\org\junit\jupiter\junit-jupiter-engine\5.10.1\junit-jupiter-engine-5.10.1.jar;C:\Users\2318431\.m2\repository\org\junit\platform\junit-platform-engine\1.10.1\junit-platform-engine-1.10.1.jar;C:\Users\2318431\.m2\repository\org\mockito\mockito-core\5.7.0\mockito-core-5.7.0.jar;C:\Users\2318431\.m2\repository\net\bytebuddy\byte-buddy-agent\1.14.11\byte-buddy-agent-1.14.11.jar;C:\Users\2318431\.m2\repository\org\objenesis\objenesis\3.3\objenesis-3.3.jar;C:\Users\2318431\.m2\repository\org\mockito\mockito-junit-jupiter\5.7.0\mockito-junit-jupiter-5.7.0.jar;C:\Users\2318431\.m2\repository\org\skyscreamer\jsonassert\1.5.1\jsonassert-1.5.1.jar;C:\Users\2318431\.m2\repository\com\vaadin\external\google\android-json\0.0.20131108.vaadin1\android-json-0.0.20131108.vaadin1.jar;C:\Users\2318431\.m2\repository\org\springframework\spring-core\6.1.3\spring-core-6.1.3.jar;C:\Users\2318431\.m2\repository\org\springframework\spring-jcl\6.1.3\spring-jcl-6.1.3.jar;C:\Users\2318431\.m2\repository\org\springframework\spring-test\6.1.3\spring-test-6.1.3.jar;C:\Users\2318431\.m2\repository\org\xmlunit\xmlunit-core\2.9.1\xmlunit-core-2.9.1.jar;C:\Users\2318431\.m2\repository\org\springdoc\springdoc-openapi-starter-webmvc-ui\2.4.0\springdoc-openapi-starter-webmvc-ui-2.4.0.jar;C:\Users\2318431\.m2\repository\org\springdoc\springdoc-openapi-starter-webmvc-api\2.4.0\springdoc-openapi-starter-webmvc-api-2.4.0.jar;C:\Users\2318431\.m2\repository\org\springdoc\springdoc-openapi-starter-common\2.4.0\springdoc-openapi-starter-common-2.4.0.jar;C:\Users\2318431\.m2\repository\io\swagger\core\v3\swagger-core-jakarta\2.2.20\swagger-core-jakarta-2.2.20.jar;C:\Users\2318431\.m2\repository\org\apache\commons\commons-lang3\3.13.0\commons-lang3-3.13.0.jar;C:\Users\2318431\.m2\repository\io\swagger\core\v3\swagger-annotations-jakarta\2.2.20\swagger-annotations-jakarta-2.2.20.jar;C:\Users\2318431\.m2\repository\io\swagger\core\v3\swagger-models-jakarta\2.2.20\swagger-models-jakarta-2.2.20.jar;C:\Users\2318431\.m2\repository\com\fasterxml\jackson\dataformat\jackson-dataformat-yaml\2.15.3\jackson-dataformat-yaml-2.15.3.jar;C:\Users\2318431\.m2\repository\org\webjars\swagger-ui\5.11.8\swagger-ui-5.11.8.jar;C:\Users\2318431\.m2\repository\jakarta\validation\jakarta.validation-api\3.0.2\jakarta.validation-api-3.0.2.jar;C:\Users\2318431\.m2\repository\org\projectlombok\lombok\1.18.30\lombok-1.18.30.jar;C:\Users\2318431\.m2\repository\org\springframework\cloud\spring-cloud-starter\4.1.2\spring-cloud-starter-4.1.2.jar;C:\Users\2318431\.m2\repository\org\springframework\cloud\spring-cloud-context\4.1.2\spring-cloud-context-4.1.2.jar;C:\Users\2318431\.m2\repository\org\springframework\security\spring-security-crypto\6.2.1\spring-security-crypto-6.2.1.jar;C:\Users\2318431\.m2\repository\org\springframework\cloud\spring-cloud-commons\4.1.2\spring-cloud-commons-4.1.2.jar;C:\Users\2318431\.m2\repository\org\springframework\security\spring-security-rsa\1.1.2\spring-security-rsa-1.1.2.jar;C:\Users\2318431\.m2\repository\org\bouncycastle\bcprov-jdk18on\1.77\bcprov-jdk18on-1.77.jar;C:\Users\2318431\.m2\repository\org\springframework\cloud\spring-cloud-starter-netflix-eureka-client\4.1.1\spring-cloud-starter-netflix-eureka-client-4.1.1.jar;C:\Users\2318431\.m2\repository\org\springframework\cloud\spring-cloud-netflix-eureka-client\4.1.1\spring-cloud-netflix-eureka-client-4.1.1.jar;C:\Users\2318431\.m2\repository\org\apache\httpcomponents\client5\httpclient5\5.2.3\httpclient5-5.2.3.jar;C:\Users\2318431\.m2\repository\org\apache\httpcomponents\core5\httpcore5\5.2.4\httpcore5-5.2.4.jar;C:\Users\2318431\.m2\repository\org\apache\httpcomponents\core5\httpcore5-h2\5.2.4\httpcore5-h2-5.2.4.jar;C:\Users\2318431\.m2\repository\com\netflix\eureka\eureka-client\2.0.2\eureka-client-2.0.2.jar;C:\Users\2318431\.m2\repository\com\netflix\netflix-commons\netflix-eventbus\0.3.0\netflix-eventbus-0.3.0.jar;C:\Users\2318431\.m2\repository\com\netflix\netflix-commons\netflix-infix\0.3.0\netflix-infix-0.3.0.jar;C:\Users\2318431\.m2\repository\commons-jxpath\commons-jxpath\1.3\commons-jxpath-1.3.jar;C:\Users\2318431\.m2\repository\joda-time\joda-time\2.3\joda-time-2.3.jar;C:\Users\2318431\.m2\repository\org\antlr\antlr-runtime\3.4\antlr-runtime-3.4.jar;C:\Users\2318431\.m2\repository\org\antlr\stringtemplate\3.2.1\stringtemplate-3.2.1.jar;C:\Users\2318431\.m2\repository\antlr\antlr\2.7.7\antlr-2.7.7.jar;C:\Users\2318431\.m2\repository\com\google\code\gson\gson\2.10.1\gson-2.10.1.jar;C:\Users\2318431\.m2\repository\org\apache\commons\commons-math\2.2\commons-math-2.2.jar;C:\Users\2318431\.m2\repository\com\thoughtworks\xstream\xstream\1.4.19\xstream-1.4.19.jar;C:\Users\2318431\.m2\repository\io\github\x-stream\mxparser\1.2.2\mxparser-1.2.2.jar;C:\Users\2318431\.m2\repository\xmlpull\xmlpull\1.1.3.1\xmlpull-1.1.3.1.jar;C:\Users\2318431\.m2\repository\jakarta\ws\rs\jakarta.ws.rs-api\3.1.0\jakarta.ws.rs-api-3.1.0.jar;C:\Users\2318431\.m2\repository\com\netflix\servo\servo-core\0.12.21\servo-core-0.12.21.jar;C:\Users\2318431\.m2\repository\com\google\guava\guava\19.0\guava-19.0.jar;C:\Users\2318431\.m2\repository\org\apache\httpcomponents\httpclient\4.5.3\httpclient-4.5.3.jar;C:\Users\2318431\.m2\repository\org\apache\httpcomponents\httpcore\4.4.16\httpcore-4.4.16.jar;C:\Users\2318431\.m2\repository\commons-codec\commons-codec\1.16.0\commons-codec-1.16.0.jar;C:\Users\2318431\.m2\repository\commons-configuration\commons-configuration\1.10\commons-configuration-1.10.jar;C:\Users\2318431\.m2\repository\commons-lang\commons-lang\2.6\commons-lang-2.6.jar;C:\Users\2318431\.m2\repository\com\fasterxml\jackson\core\jackson-annotations\2.15.3\jackson-annotations-2.15.3.jar;C:\Users\2318431\.m2\repository\com\fasterxml\jackson\core\jackson-core\2.15.3\jackson-core-2.15.3.jar;C:\Users\2318431\.m2\repository\org\codehaus\jettison\jettison\1.5.4\jettison-1.5.4.jar;C:\Users\2318431\.m2\repository\com\netflix\eureka\eureka-core\2.0.2\eureka-core-2.0.2.jar;C:\Users\2318431\.m2\repository\com\fasterxml\woodstox\woodstox-core\6.2.1\woodstox-core-6.2.1.jar;C:\Users\2318431\.m2\repository\org\codehaus\woodstox\stax2-api\4.2.1\stax2-api-4.2.1.jar;C:\Users\2318431\.m2\repository\org\springframework\cloud\spring-cloud-starter-loadbalancer\4.1.2\spring-cloud-starter-loadbalancer-4.1.2.jar;C:\Users\2318431\.m2\repository\org\springframework\cloud\spring-cloud-loadbalancer\4.1.2\spring-cloud-loadbalancer-4.1.2.jar;C:\Users\2318431\.m2\repository\io\projectreactor\reactor-core\3.6.2\reactor-core-3.6.2.jar;C:\Users\2318431\.m2\repository\org\reactivestreams\reactive-streams\1.0.4\reactive-streams-1.0.4.jar;C:\Users\2318431\.m2\repository\io\projectreactor\addons\reactor-extra\3.5.1\reactor-extra-3.5.1.jar;C:\Users\2318431\.m2\repository\org\springframework\boot\spring-boot-starter-cache\3.2.2\spring-boot-starter-cache-3.2.2.jar;C:\Users\2318431\.m2\repository\org\springframework\spring-context-support\6.1.3\spring-context-support-6.1.3.jar;C:\Users\2318431\.m2\repository\com\stoyanr\evictor\1.0.0\evictor-1.0.0.jar;"/>
    <property name="sun.cpu.endian" value="little"/>
    <property name="user.home" value="C:\Users\2318431"/>
    <property name="user.language" value="en"/>
    <property name="java.specification.vendor" value="Oracle Corporation"/>
    <property name="java.version.date" value="2024-01-16"/>
    <property name="java.home" value="C:\Users\2318431\Downloads\sts-4.21.1.RELEASE\plugins\org.eclipse.justj.openjdk.hotspot.jre.full.win32.x86_64_17.0.10.v20240120-1143\jre"/>
    <property name="file.separator" value="\"/>
    <property name="style.color" value="always"/>
    <property name="basedir" value="C:\Users\2318431\Downloads\Ridesharingplatform"/>
    <property name="java.vm.compressedOopsMode" value="Zero based"/>
    <property name="line.separator" value="&#10;"/>
    <property name="java.vm.specification.vendor" value="Oracle Corporation"/>
    <property name="java.specification.name" value="Java Platform API Specification"/>
    <property name="FILE_LOG_CHARSET" value="windows-1252"/>
    <property name="java.awt.headless" value="true"/>
    <property name="surefire.real.class.path" value="C:\Users\2318431\AppData\Local\Temp\surefire11695190849379645671\surefirebooter-20240424170201165_3.jar"/>
    <property name="user.script" value=""/>
    <property name="sun.management.compiler" value="HotSpot 64-Bit Tiered Compilers"/>
    <property name="java.runtime.version" value="17.0.10+7"/>
    <property name="user.name" value="2318431"/>
    <property name="path.separator" value=";"/>
    <property name="os.version" value="10.0"/>
    <property name="java.runtime.name" value="OpenJDK Runtime Environment"/>
    <property name="file.encoding" value="Cp1252"/>
    <property name="java.vm.name" value="OpenJDK 64-Bit Server VM"/>
    <property name="java.vendor.version" value="Temurin-17.0.10+7"/>
    <property name="localRepository" value="C:\Users\2318431\.m2\repository"/>
    <property name="java.vendor.url.bug" value="https://github.com/adoptium/adoptium-support/issues"/>
    <property name="java.io.tmpdir" value="C:\Users\2318431\AppData\Local\Temp\"/>
    <property name="com.zaxxer.hikari.pool_number" value="1"/>
    <property name="java.version" value="17.0.10"/>
    <property name="user.dir" value="C:\Users\2318431\Downloads\Ridesharingplatform"/>
    <property name="os.arch" value="amd64"/>
    <property name="java.vm.specification.name" value="Java Virtual Machine Specification"/>
    <property name="PID" value="5824"/>
    <property name="sun.os.patch.level" value=""/>
    <property name="CONSOLE_LOG_CHARSET" value="windows-1252"/>
    <property name="native.encoding" value="Cp1252"/>
    <property name="java.library.path" value="C:\Users\2318431\Downloads\sts-4.21.1.RELEASE\plugins\org.eclipse.justj.openjdk.hotspot.jre.full.win32.x86_64_17.0.10.v20240120-1143\jre\bin;C:\Windows\Sun\Java\bin;C:\Windows\system32;C:\Windows;C:/Users/2318431/Downloads/sts-4.21.1.RELEASE//plugins/org.eclipse.justj.openjdk.hotspot.jre.full.win32.x86_64_17.0.10.v20240120-1143/jre/bin/server;C:/Users/2318431/Downloads/sts-4.21.1.RELEASE//plugins/org.eclipse.justj.openjdk.hotspot.jre.full.win32.x86_64_17.0.10.v20240120-1143/jre/bin;C:\Program Files\Common Files\Oracle\Java\javapath;C:\Program Files (x86)\Common Files\Oracle\Java\javapath;C:\Program Files\Zulu\zulu-17\bin\;C:\Windows\system32;C:\Windows;C:\Windows\System32\Wbem;C:\Windows\System32\WindowsPowerShell\v1.0\;C:\Windows\System32\OpenSSH\;C:\Users\2318431\Downloads\apache-maven-3.9.6-bin.zip\apache-maven-3.9.6\bin;C:\apache-maven-3.9.6\bin;C:\Program Files\Git\cmd;C:\Users\2318431\Downloads\node-v20.12.2-win-x64\node-v20.12.2-win-x64;C:\Program Files\MySQL\MySQL Shell 8.0\bin\;C:\Users\2318431\AppData\Local\Microsoft\WindowsApps;;C:\Users\2318431\AppData\Local\Programs\Microsoft VS Code\bin;C:\Users\2318431\AppData\Roaming\npm;C:\Users\2318431\Downloads\sts-4.21.1.RELEASE;;."/>
    <property name="java.vm.info" value="mixed mode"/>
    <property name="java.vendor" value="Eclipse Adoptium"/>
    <property name="java.vm.version" value="17.0.10+7"/>
    <property name="sun.io.unicode.encoding" value="UnicodeLittle"/>
    <property name="java.class.version" value="61.0"/>
    <property name="LOGGED_APPLICATION_NAME" value="[Vehicle Management Module] "/>
  </properties>
  <testcase name="testFindAllNegative" classname="com.cognizant.main.TestVehicleDetailsRepository" time="0.333">
    <system-out><![CDATA[2024-04-24T17:02:24.355+05:30 DEBUG 5824 --- [Vehicle Management Module] [           main] o.s.t.c.support.AbstractContextLoader    : Could not detect default resource locations for test class [com.cognizant.main.TestVehicleDetailsRepository]: no resource found for suffixes {-context.xml, Context.groovy}.
2024-04-24T17:02:24.358+05:30 DEBUG 5824 --- [Vehicle Management Module] [           main] b.t.a.o.j.DataJpaTestContextBootstrapper : Using ContextCustomizerFactory implementations for test class [TestVehicleDetailsRepository]: [ImportsContextCustomizerFactory, ExcludeFilterContextCustomizerFactory, HttpGraphQlTesterContextCustomizerFactory, DuplicateJsonObjectContextCustomizerFactory, MockitoContextCustomizerFactory, TestRestTemplateContextCustomizerFactory, WebTestClientContextCustomizerFactory, OverrideAutoConfigurationContextCustomizerFactory, ObservabilityContextCustomizerFactory, TypeExcludeFiltersContextCustomizerFactory, PropertyMappingContextCustomizerFactory, WebDriverContextCustomizerFactory, MockServerContainerContextCustomizerFactory, DynamicPropertiesContextCustomizerFactory]
2024-04-24T17:02:24.454+05:30 DEBUG 5824 --- [Vehicle Management Module] [           main] b.t.a.o.j.DataJpaTestContextBootstrapper : Using ContextCustomizers for test class [TestVehicleDetailsRepository]: [ImportsContextCustomizer, ExcludeFilterContextCustomizer, DuplicateJsonObjectContextCustomizer, MockitoContextCustomizer, DisableAutoConfigurationContextCustomizer, DisableObservabilityContextCustomizer, TypeExcludeFiltersContextCustomizer, PropertyMappingContextCustomizer, WebDriverContextCustomizer]
2024-04-24T17:02:24.462+05:30 DEBUG 5824 --- [Vehicle Management Module] [           main] .s.t.c.u.TestContextSpringFactoriesUtils : Skipping candidate TestExecutionListener [org.springframework.test.context.observation.MicrometerObservationRegistryTestExecutionListener] due to a missing dependency. Specify custom TestExecutionListener classes or make the default TestExecutionListener classes and their required dependencies available. Offending class: io.micrometer.context.ThreadLocalAccessor. MicrometerObservationRegistryTestExecutionListener requires io.micrometer:micrometer-observation:1.10.8 or higher and io.micrometer:context-propagation:1.0.3 or higher.
2024-04-24T17:02:24.463+05:30 DEBUG 5824 --- [Vehicle Management Module] [           main] b.t.a.o.j.DataJpaTestContextBootstrapper : Using TestExecutionListeners for test class [TestVehicleDetailsRepository]: [ServletTestExecutionListener, DirtiesContextBeforeModesTestExecutionListener, ApplicationEventsTestExecutionListener, MockitoTestExecutionListener, DependencyInjectionTestExecutionListener, DirtiesContextTestExecutionListener, TransactionalTestExecutionListener, SqlScriptsTestExecutionListener, EventPublishingTestExecutionListener, ResetMocksTestExecutionListener, RestDocsTestExecutionListener, MockRestServiceServerResetTestExecutionListener, MockMvcPrintOnlyOnFailureTestExecutionListener, WebDriverTestExecutionListener, MockWebServiceServerTestExecutionListener]
2024-04-24T17:02:24.463+05:30 DEBUG 5824 --- [Vehicle Management Module] [           main] sContextBeforeModesTestExecutionListener : Before test class: class [TestVehicleDetailsRepository], class annotated with @DirtiesContext [false] with mode [null]
2024-04-24T17:02:24.464+05:30 DEBUG 5824 --- [Vehicle Management Module] [           main] DependencyInjectionTestExecutionListener : Performing dependency injection for test class com.cognizant.main.TestVehicleDetailsRepository
2024-04-24T17:02:24.472+05:30  INFO 5824 --- [Vehicle Management Module] [           main] o.s.b.d.r.RestartApplicationListener     : Restart disabled due to context in which it is running

  .   ____          _            __ _ _
 /\\ / ___'_ __ _ _(_)_ __  __ _ \ \ \ \
( ( )\___ | '_ | '_| | '_ \/ _` | \ \ \ \
 \\/  ___)| |_)| | | | | || (_| |  ) ) ) )
  '  |____| .__|_| |_|_| |_\__, | / / / /
 =========|_|==============|___/=/_/_/_/
 :: Spring Boot ::                (v3.2.2)

2024-04-24T17:02:25.023+05:30  INFO 5824 --- [Vehicle Management Module] [           main] c.c.main.TestVehicleDetailsRepository    : Starting TestVehicleDetailsRepository using Java 17.0.10 with PID 5824 (started by 2318431 in C:\Users\2318431\Downloads\Ridesharingplatform)
2024-04-24T17:02:25.023+05:30 DEBUG 5824 --- [Vehicle Management Module] [           main] c.c.main.TestVehicleDetailsRepository    : Running with Spring Boot v3.2.2, Spring v6.1.3
2024-04-24T17:02:25.023+05:30  INFO 5824 --- [Vehicle Management Module] [           main] c.c.main.TestVehicleDetailsRepository    : No active profile set, falling back to 1 default profile: "default"
2024-04-24T17:02:25.023+05:30 DEBUG 5824 --- [Vehicle Management Module] [           main] o.s.boot.SpringApplication               : Loading source class com.cognizant.main.RidesharingplatformApplication
2024-04-24T17:02:25.028+05:30 DEBUG 5824 --- [Vehicle Management Module] [           main] s.c.a.AnnotationConfigApplicationContext : Refreshing org.springframework.context.annotation.AnnotationConfigApplicationContext@4fc23215
2024-04-24T17:02:25.029+05:30 DEBUG 5824 --- [Vehicle Management Module] [           main] o.s.b.f.s.DefaultListableBeanFactory     : Creating shared instance of singleton bean 'org.springframework.context.annotation.internalConfigurationAnnotationProcessor'
2024-04-24T17:02:25.030+05:30 DEBUG 5824 --- [Vehicle Management Module] [           main] o.s.b.f.s.DefaultListableBeanFactory     : Creating shared instance of singleton bean 'org.springframework.boot.autoconfigure.internalCachingMetadataReaderFactory'
2024-04-24T17:02:25.327+05:30 DEBUG 5824 --- [Vehicle Management Module] [           main] o.s.c.a.ClassPathBeanDefinitionScanner   : Identified candidate component class: file [C:\Users\2318431\Downloads\Ridesharingplatform\target\classes\com\cognizant\main\controller\VehicleController.class]
2024-04-24T17:02:25.404+05:30 DEBUG 5824 --- [Vehicle Management Module] [           main] o.s.c.a.ClassPathBeanDefinitionScanner   : Identified candidate component class: file [C:\Users\2318431\Downloads\Ridesharingplatform\target\classes\com\cognizant\main\globalexception\globalexception.class]
2024-04-24T17:02:25.424+05:30 DEBUG 5824 --- [Vehicle Management Module] [           main] o.s.c.a.ClassPathBeanDefinitionScanner   : Identified candidate component class: file [C:\Users\2318431\Downloads\Ridesharingplatform\target\classes\com\cognizant\main\logging\LoggingAspect.class]
2024-04-24T17:02:25.445+05:30 DEBUG 5824 --- [Vehicle Management Module] [           main] o.s.c.a.ClassPathBeanDefinitionScanner   : Ignored because not a concrete top-level class: file [C:\Users\2318431\Downloads\Ridesharingplatform\target\classes\com\cognizant\main\repository\VehicleDetailsRepository.class]
2024-04-24T17:02:25.468+05:30 DEBUG 5824 --- [Vehicle Management Module] [           main] o.s.c.a.ClassPathBeanDefinitionScanner   : Ignored because not a concrete top-level class: file [C:\Users\2318431\Downloads\Ridesharingplatform\target\classes\com\cognizant\main\repository\VehiclesRepository.class]
2024-04-24T17:02:25.495+05:30 DEBUG 5824 --- [Vehicle Management Module] [           main] o.s.c.a.ClassPathBeanDefinitionScanner   : Ignored because not a concrete top-level class: file [C:\Users\2318431\Downloads\Ridesharingplatform\target\classes\com\cognizant\main\repository\VehicleTypesRepository.class]
2024-04-24T17:02:25.594+05:30 DEBUG 5824 --- [Vehicle Management Module] [           main] o.s.c.a.ClassPathBeanDefinitionScanner   : Identified candidate component class: file [C:\Users\2318431\Downloads\Ridesharingplatform\target\classes\com\cognizant\main\service\VehicleServiceImpl.class]
2024-04-24T17:02:25.810+05:30  INFO 5824 --- [Vehicle Management Module] [           main] .s.d.r.c.RepositoryConfigurationDelegate : Bootstrapping Spring Data JPA repositories in DEFAULT mode.
2024-04-24T17:02:25.812+05:30 DEBUG 5824 --- [Vehicle Management Module] [           main] .s.d.r.c.RepositoryConfigurationDelegate : Scanning for JPA repositories in packages com.cognizant.main.repository.
2024-04-24T17:02:25.816+05:30 DEBUG 5824 --- [Vehicle Management Module] [           main] o.s.d.r.c.RepositoryComponentProvider    : Identified candidate component class: file [C:\Users\2318431\Downloads\Ridesharingplatform\target\classes\com\cognizant\main\repository\VehicleDetailsRepository.class]
2024-04-24T17:02:25.816+05:30 DEBUG 5824 --- [Vehicle Management Module] [           main] o.s.d.r.c.RepositoryComponentProvider    : Identified candidate component class: file [C:\Users\2318431\Downloads\Ridesharingplatform\target\classes\com\cognizant\main\repository\VehiclesRepository.class]
2024-04-24T17:02:25.818+05:30 DEBUG 5824 --- [Vehicle Management Module] [           main] o.s.d.r.c.RepositoryComponentProvider    : Identified candidate component class: file [C:\Users\2318431\Downloads\Ridesharingplatform\target\classes\com\cognizant\main\repository\VehicleTypesRepository.class]
2024-04-24T17:02:25.830+05:30  INFO 5824 --- [Vehicle Management Module] [           main] .s.d.r.c.RepositoryConfigurationDelegate : Finished Spring Data repository scanning in 18 ms. Found 3 JPA repository interfaces.
2024-04-24T17:02:25.885+05:30 DEBUG 5824 --- [Vehicle Management Module] [           main] o.s.b.f.s.DefaultListableBeanFactory     : Creating shared instance of singleton bean 'org.springframework.boot.test.context.ImportsContextCustomizer$ImportsCleanupPostProcessor'
2024-04-24T17:02:25.886+05:30 DEBUG 5824 --- [Vehicle Management Module] [           main] o.s.b.f.s.DefaultListableBeanFactory     : Creating shared instance of singleton bean 'embeddedDataSourceBeanFactoryPostProcessor'
2024-04-24T17:02:25.892+05:30  INFO 5824 --- [Vehicle Management Module] [           main] beddedDataSourceBeanFactoryPostProcessor : Replacing 'dataSource' DataSource bean with embedded version
2024-04-24T17:02:25.897+05:30 DEBUG 5824 --- [Vehicle Management Module] [           main] o.s.b.f.s.DefaultListableBeanFactory     : Creating shared instance of singleton bean 'org.springframework.boot.test.mock.mockito.MockitoPostProcessor'
2024-04-24T17:02:25.898+05:30 DEBUG 5824 --- [Vehicle Management Module] [           main] o.s.b.f.s.DefaultListableBeanFactory     : Creating shared instance of singleton bean 'emBeanDefinitionRegistrarPostProcessor'
2024-04-24T17:02:25.898+05:30 DEBUG 5824 --- [Vehicle Management Module] [           main] o.s.b.f.s.DefaultListableBeanFactory     : Creating shared instance of singleton bean 'org.springframework.boot.sql.init.dependency.DatabaseInitializationDependencyConfigurer$DependsOnDatabaseInitializationPostProcessor'
2024-04-24T17:02:25.917+05:30 DEBUG 5824 --- [Vehicle Management Module] [           main] o.s.b.f.s.DefaultListableBeanFactory     : Creating shared instance of singleton bean 'org.springframework.context.event.internalEventListenerProcessor'
2024-04-24T17:02:25.918+05:30 DEBUG 5824 --- [Vehicle Management Module] [           main] o.s.b.f.s.DefaultListableBeanFactory     : Creating shared instance of singleton bean 'org.springframework.context.event.internalEventListenerFactory'
2024-04-24T17:02:25.918+05:30 DEBUG 5824 --- [Vehicle Management Module] [           main] o.s.b.f.s.DefaultListableBeanFactory     : Creating shared instance of singleton bean 'org.springframework.transaction.config.internalTransactionalEventListenerFactory'
2024-04-24T17:02:25.921+05:30 DEBUG 5824 --- [Vehicle Management Module] [           main] o.s.b.f.s.DefaultListableBeanFactory     : Creating shared instance of singleton bean 'org.springframework.context.annotation.internalAutowiredAnnotationProcessor'
2024-04-24T17:02:25.923+05:30 DEBUG 5824 --- [Vehicle Management Module] [           main] o.s.b.f.s.DefaultListableBeanFactory     : Creating shared instance of singleton bean 'org.springframework.context.annotation.internalCommonAnnotationProcessor'
2024-04-24T17:02:25.924+05:30 DEBUG 5824 --- [Vehicle Management Module] [           main] o.s.b.f.s.DefaultListableBeanFactory     : Creating shared instance of singleton bean 'org.springframework.context.annotation.internalPersistenceAnnotationProcessor'
2024-04-24T17:02:25.924+05:30 DEBUG 5824 --- [Vehicle Management Module] [           main] o.s.b.f.s.DefaultListableBeanFactory     : Creating shared instance of singleton bean 'org.springframework.boot.test.mock.mockito.MockitoPostProcessor$SpyPostProcessor'
2024-04-24T17:02:25.925+05:30 DEBUG 5824 --- [Vehicle Management Module] [           main] o.s.b.f.s.DefaultListableBeanFactory     : Creating shared instance of singleton bean 'org.springframework.boot.context.properties.ConfigurationPropertiesBindingPostProcessor'
2024-04-24T17:02:25.926+05:30 DEBUG 5824 --- [Vehicle Management Module] [           main] o.s.b.f.s.DefaultListableBeanFactory     : Creating shared instance of singleton bean 'org.springframework.boot.context.internalConfigurationPropertiesBinder'
2024-04-24T17:02:25.926+05:30 DEBUG 5824 --- [Vehicle Management Module] [           main] o.s.b.f.s.DefaultListableBeanFactory     : Creating shared instance of singleton bean 'jdbcConnectionDetailsHikariBeanPostProcessor'
2024-04-24T17:02:25.927+05:30 DEBUG 5824 --- [Vehicle Management Module] [           main] o.s.b.f.s.DefaultListableBeanFactory     : Creating shared instance of singleton bean 'org.springframework.aop.config.internalAutoProxyCreator'
2024-04-24T17:02:25.935+05:30 DEBUG 5824 --- [Vehicle Management Module] [           main] o.s.b.f.s.DefaultListableBeanFactory     : Creating shared instance of singleton bean 'dataSourceScriptDatabaseInitializer'
2024-04-24T17:02:25.935+05:30 DEBUG 5824 --- [Vehicle Management Module] [           main] o.s.b.f.s.DefaultListableBeanFactory     : Creating shared instance of singleton bean 'org.springframework.boot.autoconfigure.sql.init.DataSourceInitializationConfiguration'
2024-04-24T17:02:25.936+05:30 DEBUG 5824 --- [Vehicle Management Module] [           main] o.s.b.f.s.DefaultListableBeanFactory     : Creating shared instance of singleton bean 'org.springframework.transaction.config.internalTransactionAdvisor'
2024-04-24T17:02:25.937+05:30 DEBUG 5824 --- [Vehicle Management Module] [           main] o.s.b.f.s.DefaultListableBeanFactory     : Creating shared instance of singleton bean 'org.springframework.transaction.annotation.ProxyTransactionManagementConfiguration'
2024-04-24T17:02:25.943+05:30 DEBUG 5824 --- [Vehicle Management Module] [           main] o.s.b.f.s.DefaultListableBeanFactory     : Creating shared instance of singleton bean 'transactionAttributeSource'
2024-04-24T17:02:25.944+05:30 DEBUG 5824 --- [Vehicle Management Module] [           main] o.s.b.f.s.DefaultListableBeanFactory     : Creating shared instance of singleton bean 'transactionInterceptor'
2024-04-24T17:02:25.945+05:30 DEBUG 5824 --- [Vehicle Management Module] [           main] o.s.b.f.s.DefaultListableBeanFactory     : Autowiring by type from bean name 'transactionInterceptor' via factory method to bean named 'transactionAttributeSource'
2024-04-24T17:02:25.946+05:30 DEBUG 5824 --- [Vehicle Management Module] [           main] o.s.b.f.s.DefaultListableBeanFactory     : Autowiring by type from bean name 'org.springframework.transaction.config.internalTransactionAdvisor' via factory method to bean named 'transactionAttributeSource'
2024-04-24T17:02:25.946+05:30 DEBUG 5824 --- [Vehicle Management Module] [           main] o.s.b.f.s.DefaultListableBeanFactory     : Autowiring by type from bean name 'org.springframework.transaction.config.internalTransactionAdvisor' via factory method to bean named 'transactionInterceptor'
2024-04-24T17:02:25.949+05:30 DEBUG 5824 --- [Vehicle Management Module] [           main] o.s.b.f.s.DefaultListableBeanFactory     : Creating shared instance of singleton bean 'dataSource'
2024-04-24T17:02:25.962+05:30  INFO 5824 --- [Vehicle Management Module] [           main] o.s.j.d.e.EmbeddedDatabaseFactory        : Starting embedded database: url='jdbc:h2:mem:77e5e59b-9028-4692-bf3e-2dbb97a1edaf;DB_CLOSE_DELAY=-1;DB_CLOSE_ON_EXIT=false', username='sa'
2024-04-24T17:02:25.962+05:30 DEBUG 5824 --- [Vehicle Management Module] [           main] o.s.jdbc.datasource.DataSourceUtils      : Fetching JDBC Connection from DataSource
2024-04-24T17:02:25.962+05:30 DEBUG 5824 --- [Vehicle Management Module] [           main] o.s.j.datasource.SimpleDriverDataSource  : Creating new JDBC Driver Connection to [jdbc:h2:mem:77e5e59b-9028-4692-bf3e-2dbb97a1edaf;DB_CLOSE_DELAY=-1;DB_CLOSE_ON_EXIT=false]
2024-04-24T17:02:25.972+05:30 DEBUG 5824 --- [Vehicle Management Module] [           main] o.s.b.f.s.DefaultListableBeanFactory     : Creating shared instance of singleton bean 'spring.sql.init-org.springframework.boot.autoconfigure.sql.init.SqlInitializationProperties'
2024-04-24T17:02:25.972+05:30 DEBUG 5824 --- [Vehicle Management Module] [           main] o.s.b.f.s.DefaultListableBeanFactory     : Creating shared instance of singleton bean 'org.springframework.boot.context.properties.BoundConfigurationProperties'
2024-04-24T17:02:25.982+05:30 DEBUG 5824 --- [Vehicle Management Module] [           main] o.s.b.f.s.DefaultListableBeanFactory     : Autowiring by type from bean name 'dataSourceScriptDatabaseInitializer' via factory method to bean named 'dataSource'
2024-04-24T17:02:25.982+05:30 DEBUG 5824 --- [Vehicle Management Module] [           main] o.s.b.f.s.DefaultListableBeanFactory     : Autowiring by type from bean name 'dataSourceScriptDatabaseInitializer' via factory method to bean named 'spring.sql.init-org.springframework.boot.autoconfigure.sql.init.SqlInitializationProperties'
2024-04-24T17:02:25.987+05:30 DEBUG 5824 --- [Vehicle Management Module] [           main] o.s.jdbc.datasource.DataSourceUtils      : Fetching JDBC Connection from DataSource
2024-04-24T17:02:25.987+05:30 DEBUG 5824 --- [Vehicle Management Module] [           main] o.s.j.datasource.SimpleDriverDataSource  : Creating new JDBC Driver Connection to [jdbc:h2:mem:77e5e59b-9028-4692-bf3e-2dbb97a1edaf;DB_CLOSE_DELAY=-1;DB_CLOSE_ON_EXIT=false]
2024-04-24T17:02:25.988+05:30 DEBUG 5824 --- [Vehicle Management Module] [           main] o.s.jdbc.datasource.DataSourceUtils      : Fetching JDBC Connection from DataSource
2024-04-24T17:02:25.988+05:30 DEBUG 5824 --- [Vehicle Management Module] [           main] o.s.j.datasource.SimpleDriverDataSource  : Creating new JDBC Driver Connection to [jdbc:h2:mem:77e5e59b-9028-4692-bf3e-2dbb97a1edaf;DB_CLOSE_DELAY=-1;DB_CLOSE_ON_EXIT=false]
2024-04-24T17:02:25.989+05:30 DEBUG 5824 --- [Vehicle Management Module] [           main] o.s.jdbc.datasource.init.ScriptUtils     : Executing SQL script from file [C:\Users\2318431\Downloads\Ridesharingplatform\target\classes\schema.sql]
2024-04-24T17:02:26.012+05:30 DEBUG 5824 --- [Vehicle Management Module] [           main] o.s.jdbc.datasource.init.ScriptUtils     : 0 returned as update count for SQL: create table vechicle_types ( id integer not null, type integer,max_passengers_allowed integer,fare_perkm integer, primary key (id))
2024-04-24T17:02:26.014+05:30 DEBUG 5824 --- [Vehicle Management Module] [           main] o.s.jdbc.datasource.init.ScriptUtils     : 0 returned as update count for SQL: create table vechicles (registration_no varchar(255) primary key, belongs_to_user_id integer, vechicle_type_id integer, inspection_status varchar(255), inspected_by_user_id integer, inspected_on date)
2024-04-24T17:02:26.016+05:30 DEBUG 5824 --- [Vehicle Management Module] [           main] o.s.jdbc.datasource.init.ScriptUtils     : 0 returned as update count for SQL: create table vechile_details ( registration_no varchar(255)primary key, rtoname varchar(255), registration_date date, registration_expires_on date, rcdocurl varchar(255), insurance_company_name varchar(255), insurance_no integer, insuranced_on date, insurance_expires_on date, insurance_certificatedocurl varchar(255), puccertificate_no integer, pucissued_on date, pucvalid_until date, pucdocurl varchar(255))
2024-04-24T17:02:26.016+05:30 DEBUG 5824 --- [Vehicle Management Module] [           main] o.s.jdbc.datasource.init.ScriptUtils     : Executed SQL script from file [C:\Users\2318431\Downloads\Ridesharingplatform\target\classes\schema.sql] in 27 ms.
2024-04-24T17:02:26.017+05:30 DEBUG 5824 --- [Vehicle Management Module] [           main] o.s.jdbc.datasource.DataSourceUtils      : Fetching JDBC Connection from DataSource
2024-04-24T17:02:26.017+05:30 DEBUG 5824 --- [Vehicle Management Module] [           main] o.s.j.datasource.SimpleDriverDataSource  : Creating new JDBC Driver Connection to [jdbc:h2:mem:77e5e59b-9028-4692-bf3e-2dbb97a1edaf;DB_CLOSE_DELAY=-1;DB_CLOSE_ON_EXIT=false]
2024-04-24T17:02:26.018+05:30 DEBUG 5824 --- [Vehicle Management Module] [           main] o.s.jdbc.datasource.DataSourceUtils      : Fetching JDBC Connection from DataSource
2024-04-24T17:02:26.018+05:30 DEBUG 5824 --- [Vehicle Management Module] [           main] o.s.j.datasource.SimpleDriverDataSource  : Creating new JDBC Driver Connection to [jdbc:h2:mem:77e5e59b-9028-4692-bf3e-2dbb97a1edaf;DB_CLOSE_DELAY=-1;DB_CLOSE_ON_EXIT=false]
2024-04-24T17:02:26.019+05:30 DEBUG 5824 --- [Vehicle Management Module] [           main] o.s.jdbc.datasource.init.ScriptUtils     : Executing SQL script from file [C:\Users\2318431\Downloads\Ridesharingplatform\target\classes\data.sql]
2024-04-24T17:02:26.038+05:30 DEBUG 5824 --- [Vehicle Management Module] [           main] o.s.jdbc.datasource.init.ScriptUtils     : 1 returned as update count for SQL: insert into vechicle_types values(1,2,2,10)
2024-04-24T17:02:26.038+05:30 DEBUG 5824 --- [Vehicle Management Module] [           main] o.s.jdbc.datasource.init.ScriptUtils     : 1 returned as update count for SQL: insert into vechicle_types values(2,4,5,20)
2024-04-24T17:02:26.038+05:30 DEBUG 5824 --- [Vehicle Management Module] [           main] o.s.jdbc.datasource.init.ScriptUtils     : Executed SQL script from file [C:\Users\2318431\Downloads\Ridesharingplatform\target\classes\data.sql] in 19 ms.
2024-04-24T17:02:26.041+05:30 DEBUG 5824 --- [Vehicle Management Module] [           main] o.s.b.f.s.DefaultListableBeanFactory     : Creating shared instance of singleton bean 'entityManagerFactory'
2024-04-24T17:02:26.041+05:30 DEBUG 5824 --- [Vehicle Management Module] [           main] o.s.b.f.s.DefaultListableBeanFactory     : Creating shared instance of singleton bean 'org.springframework.boot.autoconfigure.orm.jpa.HibernateJpaConfiguration'
2024-04-24T17:02:26.043+05:30 DEBUG 5824 --- [Vehicle Management Module] [           main] o.s.b.f.s.DefaultListableBeanFactory     : Creating shared instance of singleton bean 'spring.jpa-org.springframework.boot.autoconfigure.orm.jpa.JpaProperties'
2024-04-24T17:02:26.049+05:30 DEBUG 5824 --- [Vehicle Management Module] [           main] o.s.b.f.s.DefaultListableBeanFactory     : Creating shared instance of singleton bean 'spring.jpa.hibernate-org.springframework.boot.autoconfigure.orm.jpa.HibernateProperties'
2024-04-24T17:02:26.052+05:30 DEBUG 5824 --- [Vehicle Management Module] [           main] o.s.b.f.s.DefaultListableBeanFactory     : Autowiring by type from bean name 'org.springframework.boot.autoconfigure.orm.jpa.HibernateJpaConfiguration' via constructor to bean named 'dataSource'
2024-04-24T17:02:26.052+05:30 DEBUG 5824 --- [Vehicle Management Module] [           main] o.s.b.f.s.DefaultListableBeanFactory     : Autowiring by type from bean name 'org.springframework.boot.autoconfigure.orm.jpa.HibernateJpaConfiguration' via constructor to bean named 'spring.jpa-org.springframework.boot.autoconfigure.orm.jpa.JpaProperties'
2024-04-24T17:02:26.052+05:30 DEBUG 5824 --- [Vehicle Management Module] [           main] o.s.b.f.s.DefaultListableBeanFactory     : Autowiring by type from bean name 'org.springframework.boot.autoconfigure.orm.jpa.HibernateJpaConfiguration' via constructor to bean named 'org.springframework.beans.factory.support.DefaultListableBeanFactory@28220b56'
2024-04-24T17:02:26.052+05:30 DEBUG 5824 --- [Vehicle Management Module] [           main] o.s.b.f.s.DefaultListableBeanFactory     : Autowiring by type from bean name 'org.springframework.boot.autoconfigure.orm.jpa.HibernateJpaConfiguration' via constructor to bean named 'spring.jpa.hibernate-org.springframework.boot.autoconfigure.orm.jpa.HibernateProperties'
2024-04-24T17:02:26.054+05:30 DEBUG 5824 --- [Vehicle Management Module] [           main] o.s.b.f.s.DefaultListableBeanFactory     : Creating shared instance of singleton bean 'hikariPoolDataSourceMetadataProvider'
2024-04-24T17:02:26.055+05:30 DEBUG 5824 --- [Vehicle Management Module] [           main] o.s.b.f.s.DefaultListableBeanFactory     : Creating shared instance of singleton bean 'org.springframework.boot.autoconfigure.jdbc.metadata.DataSourcePoolMetadataProvidersConfiguration$HikariPoolDataSourceMetadataProviderConfiguration'
2024-04-24T17:02:26.061+05:30 DEBUG 5824 --- [Vehicle Management Module] [           main] o.s.b.f.s.DefaultListableBeanFactory     : Creating shared instance of singleton bean 'entityManagerFactoryBuilder'
2024-04-24T17:02:26.062+05:30 DEBUG 5824 --- [Vehicle Management Module] [           main] o.s.b.f.s.DefaultListableBeanFactory     : Creating shared instance of singleton bean 'jpaVendorAdapter'
2024-04-24T17:02:26.064+05:30 DEBUG 5824 --- [Vehicle Management Module] [           main] o.s.b.f.s.DefaultListableBeanFactory     : Autowiring by type from bean name 'entityManagerFactoryBuilder' via factory method to bean named 'jpaVendorAdapter'
2024-04-24T17:02:26.066+05:30 DEBUG 5824 --- [Vehicle Management Module] [           main] o.s.b.f.s.DefaultListableBeanFactory     : Creating shared instance of singleton bean 'persistenceManagedTypes'
2024-04-24T17:02:26.068+05:30 DEBUG 5824 --- [Vehicle Management Module] [           main] o.s.b.f.s.DefaultListableBeanFactory     : Autowiring by type from bean name 'persistenceManagedTypes' via factory method to bean named 'org.springframework.beans.factory.support.DefaultListableBeanFactory@28220b56'
2024-04-24T17:02:26.068+05:30 DEBUG 5824 --- [Vehicle Management Module] [           main] o.s.b.f.s.DefaultListableBeanFactory     : Autowiring by type from bean name 'persistenceManagedTypes' via factory method to bean named 'org.springframework.context.annotation.AnnotationConfigApplicationContext@4fc23215'
2024-04-24T17:02:26.068+05:30 DEBUG 5824 --- [Vehicle Management Module] [           main] o.s.b.f.s.DefaultListableBeanFactory     : Creating shared instance of singleton bean 'org.springframework.boot.autoconfigure.domain.EntityScanPackages'
2024-04-24T17:02:26.074+05:30 DEBUG 5824 --- [Vehicle Management Module] [           main] o.s.b.f.s.DefaultListableBeanFactory     : Autowiring by type from bean name 'entityManagerFactory' via factory method to bean named 'entityManagerFactoryBuilder'
2024-04-24T17:02:26.074+05:30 DEBUG 5824 --- [Vehicle Management Module] [           main] o.s.b.f.s.DefaultListableBeanFactory     : Autowiring by type from bean name 'entityManagerFactory' via factory method to bean named 'persistenceManagedTypes'
2024-04-24T17:02:26.077+05:30 DEBUG 5824 --- [Vehicle Management Module] [           main] j.LocalContainerEntityManagerFactoryBean : Building JPA container EntityManagerFactory for persistence unit 'default'
2024-04-24T17:02:26.078+05:30 DEBUG 5824 --- [Vehicle Management Module] [           main] o.hibernate.jpa.internal.util.LogHelper  : PersistenceUnitInfo [
	name: default
	persistence provider classname: null
	classloader: jdk.internal.loader.ClassLoaders$AppClassLoader@28c97a5
	excludeUnlistedClasses: true
	JTA datasource: null
	Non JTA datasource: org.springframework.jdbc.datasource.embedded.EmbeddedDatabaseFactory$EmbeddedDataSourceProxy@30decae
	Transaction type: RESOURCE_LOCAL
	PU root URL: file:/C:/Users/2318431/Downloads/Ridesharingplatform/target/test-classes/
	Shared Cache Mode: UNSPECIFIED
	Validation Mode: AUTO
	Jar files URLs []
	Managed classes names [
		com.cognizant.main.entities.VehicleDetails
		com.cognizant.main.entities.Vehicles
		com.cognizant.main.entities.VehicleTypes]
	Mapping files names []
	Properties []
2024-04-24T17:02:26.078+05:30 DEBUG 5824 --- [Vehicle Management Module] [           main] o.h.i.internal.IntegratorServiceImpl     : Adding Integrator [org.hibernate.boot.beanvalidation.BeanValidationIntegrator].
2024-04-24T17:02:26.078+05:30 DEBUG 5824 --- [Vehicle Management Module] [           main] o.h.i.internal.IntegratorServiceImpl     : Adding Integrator [org.hibernate.cache.internal.CollectionCacheInvalidator].
2024-04-24T17:02:26.089+05:30 DEBUG 5824 --- [Vehicle Management Module] [           main] org.hibernate.orm.idgen.factory          : Registering IdentifierGenerator strategy [uuid2] -> [org.hibernate.id.UUIDGenerator]
2024-04-24T17:02:26.089+05:30 DEBUG 5824 --- [Vehicle Management Module] [           main] org.hibernate.orm.idgen.factory          : Registering IdentifierGenerator strategy [guid] -> [org.hibernate.id.GUIDGenerator]
2024-04-24T17:02:26.089+05:30 DEBUG 5824 --- [Vehicle Management Module] [           main] org.hibernate.orm.idgen.factory          : Registering IdentifierGenerator strategy [uuid] -> [org.hibernate.id.UUIDHexGenerator]
2024-04-24T17:02:26.089+05:30 DEBUG 5824 --- [Vehicle Management Module] [           main] org.hibernate.orm.idgen.factory          : Registering IdentifierGenerator strategy [uuid.hex] -> [org.hibernate.id.UUIDHexGenerator]
2024-04-24T17:02:26.089+05:30 DEBUG 5824 --- [Vehicle Management Module] [           main] org.hibernate.orm.idgen.factory          : Registering IdentifierGenerator strategy [assigned] -> [org.hibernate.id.Assigned]
2024-04-24T17:02:26.089+05:30 DEBUG 5824 --- [Vehicle Management Module] [           main] org.hibernate.orm.idgen.factory          : Registering IdentifierGenerator strategy [identity] -> [org.hibernate.id.IdentityGenerator]
2024-04-24T17:02:26.089+05:30 DEBUG 5824 --- [Vehicle Management Module] [           main] org.hibernate.orm.idgen.factory          : Registering IdentifierGenerator strategy [select] -> [org.hibernate.id.SelectGenerator]
2024-04-24T17:02:26.089+05:30 DEBUG 5824 --- [Vehicle Management Module] [           main] org.hibernate.orm.idgen.factory          : Registering IdentifierGenerator strategy [sequence] -> [org.hibernate.id.enhanced.SequenceStyleGenerator]
2024-04-24T17:02:26.089+05:30 DEBUG 5824 --- [Vehicle Management Module] [           main] org.hibernate.orm.idgen.factory          : Registering IdentifierGenerator strategy [increment] -> [org.hibernate.id.IncrementGenerator]
2024-04-24T17:02:26.089+05:30 DEBUG 5824 --- [Vehicle Management Module] [           main] org.hibernate.orm.idgen.factory          : Registering IdentifierGenerator strategy [foreign] -> [org.hibernate.id.ForeignGenerator]
2024-04-24T17:02:26.089+05:30 DEBUG 5824 --- [Vehicle Management Module] [           main] org.hibernate.orm.idgen.factory          : Registering IdentifierGenerator strategy [enhanced-sequence] -> [org.hibernate.id.enhanced.SequenceStyleGenerator]
2024-04-24T17:02:26.089+05:30 DEBUG 5824 --- [Vehicle Management Module] [           main] org.hibernate.orm.idgen.factory          : Registering IdentifierGenerator strategy [enhanced-table] -> [org.hibernate.id.enhanced.TableGenerator]
2024-04-24T17:02:26.090+05:30 DEBUG 5824 --- [Vehicle Management Module] [           main] o.h.c.internal.RegionFactoryInitiator    : Cannot default RegionFactory based on registered strategies as `[]` RegionFactory strategies were registered
2024-04-24T17:02:26.090+05:30  INFO 5824 --- [Vehicle Management Module] [           main] o.h.c.internal.RegionFactoryInitiator    : HHH000026: Second-level cache disabled
2024-04-24T17:02:26.091+05:30 DEBUG 5824 --- [Vehicle Management Module] [           main] org.hibernate.type.BasicTypeRegistry     : Adding type registration boolean -> org.hibernate.type.BasicTypeReference@1214c98b
2024-04-24T17:02:26.091+05:30 DEBUG 5824 --- [Vehicle Management Module] [           main] org.hibernate.type.BasicTypeRegistry     : Adding type registration boolean -> org.hibernate.type.BasicTypeReference@1214c98b
2024-04-24T17:02:26.091+05:30 DEBUG 5824 --- [Vehicle Management Module] [           main] org.hibernate.type.BasicTypeRegistry     : Adding type registration java.lang.Boolean -> org.hibernate.type.BasicTypeReference@1214c98b
2024-04-24T17:02:26.091+05:30 DEBUG 5824 --- [Vehicle Management Module] [           main] org.hibernate.type.BasicTypeRegistry     : Adding type registration numeric_boolean -> org.hibernate.type.BasicTypeReference@6ab50d1c
2024-04-24T17:02:26.091+05:30 DEBUG 5824 --- [Vehicle Management Module] [           main] org.hibernate.type.BasicTypeRegistry     : Adding type registration org.hibernate.type.NumericBooleanConverter -> org.hibernate.type.BasicTypeReference@6ab50d1c
2024-04-24T17:02:26.091+05:30 DEBUG 5824 --- [Vehicle Management Module] [           main] org.hibernate.type.BasicTypeRegistry     : Adding type registration true_false -> org.hibernate.type.BasicTypeReference@6e0d058a
2024-04-24T17:02:26.091+05:30 DEBUG 5824 --- [Vehicle Management Module] [           main] org.hibernate.type.BasicTypeRegistry     : Adding type registration org.hibernate.type.TrueFalseConverter -> org.hibernate.type.BasicTypeReference@6e0d058a
2024-04-24T17:02:26.091+05:30 DEBUG 5824 --- [Vehicle Management Module] [           main] org.hibernate.type.BasicTypeRegistry     : Adding type registration yes_no -> org.hibernate.type.BasicTypeReference@3eb0fd88
2024-04-24T17:02:26.091+05:30 DEBUG 5824 --- [Vehicle Management Module] [           main] org.hibernate.type.BasicTypeRegistry     : Adding type registration org.hibernate.type.YesNoConverter -> org.hibernate.type.BasicTypeReference@3eb0fd88
2024-04-24T17:02:26.091+05:30 DEBUG 5824 --- [Vehicle Management Module] [           main] org.hibernate.type.BasicTypeRegistry     : Adding type registration byte -> org.hibernate.type.BasicTypeReference@adc3344
2024-04-24T17:02:26.091+05:30 DEBUG 5824 --- [Vehicle Management Module] [           main] org.hibernate.type.BasicTypeRegistry     : Adding type registration byte -> org.hibernate.type.BasicTypeReference@adc3344
2024-04-24T17:02:26.091+05:30 DEBUG 5824 --- [Vehicle Management Module] [           main] org.hibernate.type.BasicTypeRegistry     : Adding type registration java.lang.Byte -> org.hibernate.type.BasicTypeReference@adc3344
2024-04-24T17:02:26.091+05:30 DEBUG 5824 --- [Vehicle Management Module] [           main] org.hibernate.type.BasicTypeRegistry     : Adding type registration binary -> org.hibernate.type.BasicTypeReference@484302ee
2024-04-24T17:02:26.091+05:30 DEBUG 5824 --- [Vehicle Management Module] [           main] org.hibernate.type.BasicTypeRegistry     : Adding type registration byte[] -> org.hibernate.type.BasicTypeReference@484302ee
2024-04-24T17:02:26.091+05:30 DEBUG 5824 --- [Vehicle Management Module] [           main] org.hibernate.type.BasicTypeRegistry     : Adding type registration [B -> org.hibernate.type.BasicTypeReference@484302ee
2024-04-24T17:02:26.091+05:30 DEBUG 5824 --- [Vehicle Management Module] [           main] org.hibernate.type.BasicTypeRegistry     : Adding type registration binary_wrapper -> org.hibernate.type.BasicTypeReference@4e647f39
2024-04-24T17:02:26.091+05:30 DEBUG 5824 --- [Vehicle Management Module] [           main] org.hibernate.type.BasicTypeRegistry     : Adding type registration wrapper-binary -> org.hibernate.type.BasicTypeReference@4e647f39
2024-04-24T17:02:26.091+05:30 DEBUG 5824 --- [Vehicle Management Module] [           main] org.hibernate.type.BasicTypeRegistry     : Adding type registration image -> org.hibernate.type.BasicTypeReference@778197c0
2024-04-24T17:02:26.091+05:30 DEBUG 5824 --- [Vehicle Management Module] [           main] org.hibernate.type.BasicTypeRegistry     : Adding type registration blob -> org.hibernate.type.BasicTypeReference@1c2cdc67
2024-04-24T17:02:26.091+05:30 DEBUG 5824 --- [Vehicle Management Module] [           main] org.hibernate.type.BasicTypeRegistry     : Adding type registration java.sql.Blob -> org.hibernate.type.BasicTypeReference@1c2cdc67
2024-04-24T17:02:26.091+05:30 DEBUG 5824 --- [Vehicle Management Module] [           main] org.hibernate.type.BasicTypeRegistry     : Adding type registration materialized_blob -> org.hibernate.type.BasicTypeReference@4c28f97e
2024-04-24T17:02:26.092+05:30 DEBUG 5824 --- [Vehicle Management Module] [           main] org.hibernate.type.BasicTypeRegistry     : Adding type registration materialized_blob_wrapper -> org.hibernate.type.BasicTypeReference@21d8da75
2024-04-24T17:02:26.092+05:30 DEBUG 5824 --- [Vehicle Management Module] [           main] org.hibernate.type.BasicTypeRegistry     : Adding type registration short -> org.hibernate.type.BasicTypeReference@5a1c7619
2024-04-24T17:02:26.092+05:30 DEBUG 5824 --- [Vehicle Management Module] [           main] org.hibernate.type.BasicTypeRegistry     : Adding type registration short -> org.hibernate.type.BasicTypeReference@5a1c7619
2024-04-24T17:02:26.092+05:30 DEBUG 5824 --- [Vehicle Management Module] [           main] org.hibernate.type.BasicTypeRegistry     : Adding type registration java.lang.Short -> org.hibernate.type.BasicTypeReference@5a1c7619
2024-04-24T17:02:26.092+05:30 DEBUG 5824 --- [Vehicle Management Module] [           main] org.hibernate.type.BasicTypeRegistry     : Adding type registration integer -> org.hibernate.type.BasicTypeReference@20a946d9
2024-04-24T17:02:26.092+05:30 DEBUG 5824 --- [Vehicle Management Module] [           main] org.hibernate.type.BasicTypeRegistry     : Adding type registration int -> org.hibernate.type.BasicTypeReference@20a946d9
2024-04-24T17:02:26.092+05:30 DEBUG 5824 --- [Vehicle Management Module] [           main] org.hibernate.type.BasicTypeRegistry     : Adding type registration java.lang.Integer -> org.hibernate.type.BasicTypeReference@20a946d9
2024-04-24T17:02:26.092+05:30 DEBUG 5824 --- [Vehicle Management Module] [           main] org.hibernate.type.BasicTypeRegistry     : Adding type registration long -> org.hibernate.type.BasicTypeReference@2b41b8bb
2024-04-24T17:02:26.092+05:30 DEBUG 5824 --- [Vehicle Management Module] [           main] org.hibernate.type.BasicTypeRegistry     : Adding type registration long -> org.hibernate.type.BasicTypeReference@2b41b8bb
2024-04-24T17:02:26.092+05:30 DEBUG 5824 --- [Vehicle Management Module] [           main] org.hibernate.type.BasicTypeRegistry     : Adding type registration java.lang.Long -> org.hibernate.type.BasicTypeReference@2b41b8bb
2024-04-24T17:02:26.092+05:30 DEBUG 5824 --- [Vehicle Management Module] [           main] org.hibernate.type.BasicTypeRegistry     : Adding type registration float -> org.hibernate.type.BasicTypeReference@4cadd4d4
2024-04-24T17:02:26.092+05:30 DEBUG 5824 --- [Vehicle Management Module] [           main] org.hibernate.type.BasicTypeRegistry     : Adding type registration float -> org.hibernate.type.BasicTypeReference@4cadd4d4
2024-04-24T17:02:26.092+05:30 DEBUG 5824 --- [Vehicle Management Module] [           main] org.hibernate.type.BasicTypeRegistry     : Adding type registration java.lang.Float -> org.hibernate.type.BasicTypeReference@4cadd4d4
2024-04-24T17:02:26.092+05:30 DEBUG 5824 --- [Vehicle Management Module] [           main] org.hibernate.type.BasicTypeRegistry     : Adding type registration double -> org.hibernate.type.BasicTypeReference@7538cfe6
2024-04-24T17:02:26.092+05:30 DEBUG 5824 --- [Vehicle Management Module] [           main] org.hibernate.type.BasicTypeRegistry     : Adding type registration double -> org.hibernate.type.BasicTypeReference@7538cfe6
2024-04-24T17:02:26.092+05:30 DEBUG 5824 --- [Vehicle Management Module] [           main] org.hibernate.type.BasicTypeRegistry     : Adding type registration java.lang.Double -> org.hibernate.type.BasicTypeReference@7538cfe6
2024-04-24T17:02:26.092+05:30 DEBUG 5824 --- [Vehicle Management Module] [           main] org.hibernate.type.BasicTypeRegistry     : Adding type registration big_integer -> org.hibernate.type.BasicTypeReference@1f4dd016
2024-04-24T17:02:26.092+05:30 DEBUG 5824 --- [Vehicle Management Module] [           main] org.hibernate.type.BasicTypeRegistry     : Adding type registration java.math.BigInteger -> org.hibernate.type.BasicTypeReference@1f4dd016
2024-04-24T17:02:26.092+05:30 DEBUG 5824 --- [Vehicle Management Module] [           main] org.hibernate.type.BasicTypeRegistry     : Adding type registration big_decimal -> org.hibernate.type.BasicTypeReference@396f2724
2024-04-24T17:02:26.092+05:30 DEBUG 5824 --- [Vehicle Management Module] [           main] org.hibernate.type.BasicTypeRegistry     : Adding type registration java.math.BigDecimal -> org.hibernate.type.BasicTypeReference@396f2724
2024-04-24T17:02:26.092+05:30 DEBUG 5824 --- [Vehicle Management Module] [           main] org.hibernate.type.BasicTypeRegistry     : Adding type registration character -> org.hibernate.type.BasicTypeReference@1b465fa9
2024-04-24T17:02:26.092+05:30 DEBUG 5824 --- [Vehicle Management Module] [           main] org.hibernate.type.BasicTypeRegistry     : Adding type registration char -> org.hibernate.type.BasicTypeReference@1b465fa9
2024-04-24T17:02:26.092+05:30 DEBUG 5824 --- [Vehicle Management Module] [           main] org.hibernate.type.BasicTypeRegistry     : Adding type registration java.lang.Character -> org.hibernate.type.BasicTypeReference@1b465fa9
2024-04-24T17:02:26.092+05:30 DEBUG 5824 --- [Vehicle Management Module] [           main] org.hibernate.type.BasicTypeRegistry     : Adding type registration character_nchar -> org.hibernate.type.BasicTypeReference@28b2e4d8
2024-04-24T17:02:26.093+05:30 DEBUG 5824 --- [Vehicle Management Module] [           main] org.hibernate.type.BasicTypeRegistry     : Adding type registration string -> org.hibernate.type.BasicTypeReference@598e5cb8
2024-04-24T17:02:26.093+05:30 DEBUG 5824 --- [Vehicle Management Module] [           main] org.hibernate.type.BasicTypeRegistry     : Adding type registration java.lang.String -> org.hibernate.type.BasicTypeReference@598e5cb8
2024-04-24T17:02:26.093+05:30 DEBUG 5824 --- [Vehicle Management Module] [           main] org.hibernate.type.BasicTypeRegistry     : Adding type registration nstring -> org.hibernate.type.BasicTypeReference@199806aa
2024-04-24T17:02:26.093+05:30 DEBUG 5824 --- [Vehicle Management Module] [           main] org.hibernate.type.BasicTypeRegistry     : Adding type registration characters -> org.hibernate.type.BasicTypeReference@300aa927
2024-04-24T17:02:26.093+05:30 DEBUG 5824 --- [Vehicle Management Module] [           main] org.hibernate.type.BasicTypeRegistry     : Adding type registration char[] -> org.hibernate.type.BasicTypeReference@300aa927
2024-04-24T17:02:26.093+05:30 DEBUG 5824 --- [Vehicle Management Module] [           main] org.hibernate.type.BasicTypeRegistry     : Adding type registration [C -> org.hibernate.type.BasicTypeReference@300aa927
2024-04-24T17:02:26.093+05:30 DEBUG 5824 --- [Vehicle Management Module] [           main] org.hibernate.type.BasicTypeRegistry     : Adding type registration wrapper-characters -> org.hibernate.type.BasicTypeReference@fa11fda
2024-04-24T17:02:26.093+05:30 DEBUG 5824 --- [Vehicle Management Module] [           main] org.hibernate.type.BasicTypeRegistry     : Adding type registration text -> org.hibernate.type.BasicTypeReference@24e1e90a
2024-04-24T17:02:26.093+05:30 DEBUG 5824 --- [Vehicle Management Module] [           main] org.hibernate.type.BasicTypeRegistry     : Adding type registration ntext -> org.hibernate.type.BasicTypeReference@7d95166a
2024-04-24T17:02:26.093+05:30 DEBUG 5824 --- [Vehicle Management Module] [           main] org.hibernate.type.BasicTypeRegistry     : Adding type registration clob -> org.hibernate.type.BasicTypeReference@18b3db6e
2024-04-24T17:02:26.093+05:30 DEBUG 5824 --- [Vehicle Management Module] [           main] org.hibernate.type.BasicTypeRegistry     : Adding type registration java.sql.Clob -> org.hibernate.type.BasicTypeReference@18b3db6e
2024-04-24T17:02:26.093+05:30 DEBUG 5824 --- [Vehicle Management Module] [           main] org.hibernate.type.BasicTypeRegistry     : Adding type registration nclob -> org.hibernate.type.BasicTypeReference@1feb586d
2024-04-24T17:02:26.093+05:30 DEBUG 5824 --- [Vehicle Management Module] [           main] org.hibernate.type.BasicTypeRegistry     : Adding type registration java.sql.NClob -> org.hibernate.type.BasicTypeReference@1feb586d
2024-04-24T17:02:26.093+05:30 DEBUG 5824 --- [Vehicle Management Module] [           main] org.hibernate.type.BasicTypeRegistry     : Adding type registration materialized_clob -> org.hibernate.type.BasicTypeReference@34695b23
2024-04-24T17:02:26.093+05:30 DEBUG 5824 --- [Vehicle Management Module] [           main] org.hibernate.type.BasicTypeRegistry     : Adding type registration materialized_clob_char_array -> org.hibernate.type.BasicTypeReference@611a2d82
2024-04-24T17:02:26.093+05:30 DEBUG 5824 --- [Vehicle Management Module] [           main] org.hibernate.type.BasicTypeRegistry     : Adding type registration materialized_clob_character_array -> org.hibernate.type.BasicTypeReference@6774f264
2024-04-24T17:02:26.093+05:30 DEBUG 5824 --- [Vehicle Management Module] [           main] org.hibernate.type.BasicTypeRegistry     : Adding type registration materialized_nclob -> org.hibernate.type.BasicTypeReference@2299f6d7
2024-04-24T17:02:26.093+05:30 DEBUG 5824 --- [Vehicle Management Module] [           main] org.hibernate.type.BasicTypeRegistry     : Adding type registration materialized_nclob_character_array -> org.hibernate.type.BasicTypeReference@5cd701e4
2024-04-24T17:02:26.093+05:30 DEBUG 5824 --- [Vehicle Management Module] [           main] org.hibernate.type.BasicTypeRegistry     : Adding type registration materialized_nclob_char_array -> org.hibernate.type.BasicTypeReference@6c9151c1
2024-04-24T17:02:26.093+05:30 DEBUG 5824 --- [Vehicle Management Module] [           main] org.hibernate.type.BasicTypeRegistry     : Adding type registration Duration -> org.hibernate.type.BasicTypeReference@2c3679e5
2024-04-24T17:02:26.093+05:30 DEBUG 5824 --- [Vehicle Management Module] [           main] org.hibernate.type.BasicTypeRegistry     : Adding type registration java.time.Duration -> org.hibernate.type.BasicTypeReference@2c3679e5
2024-04-24T17:02:26.093+05:30 DEBUG 5824 --- [Vehicle Management Module] [           main] org.hibernate.type.BasicTypeRegistry     : Adding type registration LocalDateTime -> org.hibernate.type.BasicTypeReference@41f40dfa
2024-04-24T17:02:26.093+05:30 DEBUG 5824 --- [Vehicle Management Module] [           main] org.hibernate.type.BasicTypeRegistry     : Adding type registration java.time.LocalDateTime -> org.hibernate.type.BasicTypeReference@41f40dfa
2024-04-24T17:02:26.094+05:30 DEBUG 5824 --- [Vehicle Management Module] [           main] org.hibernate.type.BasicTypeRegistry     : Adding type registration LocalDate -> org.hibernate.type.BasicTypeReference@2548fc01
2024-04-24T17:02:26.094+05:30 DEBUG 5824 --- [Vehicle Management Module] [           main] org.hibernate.type.BasicTypeRegistry     : Adding type registration java.time.LocalDate -> org.hibernate.type.BasicTypeReference@2548fc01
2024-04-24T17:02:26.094+05:30 DEBUG 5824 --- [Vehicle Management Module] [           main] org.hibernate.type.BasicTypeRegistry     : Adding type registration LocalTime -> org.hibernate.type.BasicTypeReference@4331be30
2024-04-24T17:02:26.094+05:30 DEBUG 5824 --- [Vehicle Management Module] [           main] org.hibernate.type.BasicTypeRegistry     : Adding type registration java.time.LocalTime -> org.hibernate.type.BasicTypeReference@4331be30
2024-04-24T17:02:26.094+05:30 DEBUG 5824 --- [Vehicle Management Module] [           main] org.hibernate.type.BasicTypeRegistry     : Adding type registration OffsetDateTime -> org.hibernate.type.BasicTypeReference@5cd71ee2
2024-04-24T17:02:26.094+05:30 DEBUG 5824 --- [Vehicle Management Module] [           main] org.hibernate.type.BasicTypeRegistry     : Adding type registration java.time.OffsetDateTime -> org.hibernate.type.BasicTypeReference@5cd71ee2
2024-04-24T17:02:26.094+05:30 DEBUG 5824 --- [Vehicle Management Module] [           main] org.hibernate.type.BasicTypeRegistry     : Adding type registration OffsetDateTimeWithTimezone -> org.hibernate.type.BasicTypeReference@3dad535f
2024-04-24T17:02:26.094+05:30 DEBUG 5824 --- [Vehicle Management Module] [           main] org.hibernate.type.BasicTypeRegistry     : Adding type registration OffsetDateTimeWithoutTimezone -> org.hibernate.type.BasicTypeReference@5f67181f
2024-04-24T17:02:26.094+05:30 DEBUG 5824 --- [Vehicle Management Module] [           main] org.hibernate.type.BasicTypeRegistry     : Adding type registration OffsetTime -> org.hibernate.type.BasicTypeReference@1169fdfd
2024-04-24T17:02:26.094+05:30 DEBUG 5824 --- [Vehicle Management Module] [           main] org.hibernate.type.BasicTypeRegistry     : Adding type registration java.time.OffsetTime -> org.hibernate.type.BasicTypeReference@1169fdfd
2024-04-24T17:02:26.094+05:30 DEBUG 5824 --- [Vehicle Management Module] [           main] org.hibernate.type.BasicTypeRegistry     : Adding type registration OffsetTimeUtc -> org.hibernate.type.BasicTypeReference@75add13c
2024-04-24T17:02:26.094+05:30 DEBUG 5824 --- [Vehicle Management Module] [           main] org.hibernate.type.BasicTypeRegistry     : Adding type registration OffsetTimeWithTimezone -> org.hibernate.type.BasicTypeReference@224d537d
2024-04-24T17:02:26.094+05:30 DEBUG 5824 --- [Vehicle Management Module] [           main] org.hibernate.type.BasicTypeRegistry     : Adding type registration OffsetTimeWithoutTimezone -> org.hibernate.type.BasicTypeReference@450d10cb
2024-04-24T17:02:26.094+05:30 DEBUG 5824 --- [Vehicle Management Module] [           main] org.hibernate.type.BasicTypeRegistry     : Adding type registration ZonedDateTime -> org.hibernate.type.BasicTypeReference@1bd59b82
2024-04-24T17:02:26.094+05:30 DEBUG 5824 --- [Vehicle Management Module] [           main] org.hibernate.type.BasicTypeRegistry     : Adding type registration java.time.ZonedDateTime -> org.hibernate.type.BasicTypeReference@1bd59b82
2024-04-24T17:02:26.094+05:30 DEBUG 5824 --- [Vehicle Management Module] [           main] org.hibernate.type.BasicTypeRegistry     : Adding type registration ZonedDateTimeWithTimezone -> org.hibernate.type.BasicTypeReference@6a9df5
2024-04-24T17:02:26.094+05:30 DEBUG 5824 --- [Vehicle Management Module] [           main] org.hibernate.type.BasicTypeRegistry     : Adding type registration ZonedDateTimeWithoutTimezone -> org.hibernate.type.BasicTypeReference@48f4f03e
2024-04-24T17:02:26.094+05:30 DEBUG 5824 --- [Vehicle Management Module] [           main] org.hibernate.type.BasicTypeRegistry     : Adding type registration date -> org.hibernate.type.BasicTypeReference@65d23aa3
2024-04-24T17:02:26.094+05:30 DEBUG 5824 --- [Vehicle Management Module] [           main] org.hibernate.type.BasicTypeRegistry     : Adding type registration java.sql.Date -> org.hibernate.type.BasicTypeReference@65d23aa3
2024-04-24T17:02:26.094+05:30 DEBUG 5824 --- [Vehicle Management Module] [           main] org.hibernate.type.BasicTypeRegistry     : Adding type registration time -> org.hibernate.type.BasicTypeReference@52eca410
2024-04-24T17:02:26.094+05:30 DEBUG 5824 --- [Vehicle Management Module] [           main] org.hibernate.type.BasicTypeRegistry     : Adding type registration java.sql.Time -> org.hibernate.type.BasicTypeReference@52eca410
2024-04-24T17:02:26.094+05:30 DEBUG 5824 --- [Vehicle Management Module] [           main] org.hibernate.type.BasicTypeRegistry     : Adding type registration timestamp -> org.hibernate.type.BasicTypeReference@63d0e8d
2024-04-24T17:02:26.095+05:30 DEBUG 5824 --- [Vehicle Management Module] [           main] org.hibernate.type.BasicTypeRegistry     : Adding type registration java.sql.Timestamp -> org.hibernate.type.BasicTypeReference@63d0e8d
2024-04-24T17:02:26.095+05:30 DEBUG 5824 --- [Vehicle Management Module] [           main] org.hibernate.type.BasicTypeRegistry     : Adding type registration java.util.Date -> org.hibernate.type.BasicTypeReference@63d0e8d
2024-04-24T17:02:26.095+05:30 DEBUG 5824 --- [Vehicle Management Module] [           main] org.hibernate.type.BasicTypeRegistry     : Adding type registration calendar -> org.hibernate.type.BasicTypeReference@69a76b74
2024-04-24T17:02:26.095+05:30 DEBUG 5824 --- [Vehicle Management Module] [           main] org.hibernate.type.BasicTypeRegistry     : Adding type registration java.util.Calendar -> org.hibernate.type.BasicTypeReference@69a76b74
2024-04-24T17:02:26.095+05:30 DEBUG 5824 --- [Vehicle Management Module] [           main] org.hibernate.type.BasicTypeRegistry     : Adding type registration java.util.GregorianCalendar -> org.hibernate.type.BasicTypeReference@69a76b74
2024-04-24T17:02:26.095+05:30 DEBUG 5824 --- [Vehicle Management Module] [           main] org.hibernate.type.BasicTypeRegistry     : Adding type registration calendar_date -> org.hibernate.type.BasicTypeReference@1dd443c1
2024-04-24T17:02:26.095+05:30 DEBUG 5824 --- [Vehicle Management Module] [           main] org.hibernate.type.BasicTypeRegistry     : Adding type registration calendar_time -> org.hibernate.type.BasicTypeReference@2aafa84f
2024-04-24T17:02:26.095+05:30 DEBUG 5824 --- [Vehicle Management Module] [           main] org.hibernate.type.BasicTypeRegistry     : Adding type registration instant -> org.hibernate.type.BasicTypeReference@448892f1
2024-04-24T17:02:26.095+05:30 DEBUG 5824 --- [Vehicle Management Module] [           main] org.hibernate.type.BasicTypeRegistry     : Adding type registration java.time.Instant -> org.hibernate.type.BasicTypeReference@448892f1
2024-04-24T17:02:26.095+05:30 DEBUG 5824 --- [Vehicle Management Module] [           main] org.hibernate.type.BasicTypeRegistry     : Adding type registration uuid -> org.hibernate.type.BasicTypeReference@1626bddf
2024-04-24T17:02:26.095+05:30 DEBUG 5824 --- [Vehicle Management Module] [           main] org.hibernate.type.BasicTypeRegistry     : Adding type registration java.util.UUID -> org.hibernate.type.BasicTypeReference@1626bddf
2024-04-24T17:02:26.095+05:30 DEBUG 5824 --- [Vehicle Management Module] [           main] org.hibernate.type.BasicTypeRegistry     : Adding type registration pg-uuid -> org.hibernate.type.BasicTypeReference@1626bddf
2024-04-24T17:02:26.095+05:30 DEBUG 5824 --- [Vehicle Management Module] [           main] org.hibernate.type.BasicTypeRegistry     : Adding type registration uuid-binary -> org.hibernate.type.BasicTypeReference@29532e91
2024-04-24T17:02:26.095+05:30 DEBUG 5824 --- [Vehicle Management Module] [           main] org.hibernate.type.BasicTypeRegistry     : Adding type registration uuid-char -> org.hibernate.type.BasicTypeReference@7e691624
2024-04-24T17:02:26.095+05:30 DEBUG 5824 --- [Vehicle Management Module] [           main] org.hibernate.type.BasicTypeRegistry     : Adding type registration class -> org.hibernate.type.BasicTypeReference@7ef60c02
2024-04-24T17:02:26.095+05:30 DEBUG 5824 --- [Vehicle Management Module] [           main] org.hibernate.type.BasicTypeRegistry     : Adding type registration java.lang.Class -> org.hibernate.type.BasicTypeReference@7ef60c02
2024-04-24T17:02:26.095+05:30 DEBUG 5824 --- [Vehicle Management Module] [           main] org.hibernate.type.BasicTypeRegistry     : Adding type registration currency -> org.hibernate.type.BasicTypeReference@5d9d8e46
2024-04-24T17:02:26.095+05:30 DEBUG 5824 --- [Vehicle Management Module] [           main] org.hibernate.type.BasicTypeRegistry     : Adding type registration Currency -> org.hibernate.type.BasicTypeReference@5d9d8e46
2024-04-24T17:02:26.095+05:30 DEBUG 5824 --- [Vehicle Management Module] [           main] org.hibernate.type.BasicTypeRegistry     : Adding type registration java.util.Currency -> org.hibernate.type.BasicTypeReference@5d9d8e46
2024-04-24T17:02:26.095+05:30 DEBUG 5824 --- [Vehicle Management Module] [           main] org.hibernate.type.BasicTypeRegistry     : Adding type registration locale -> org.hibernate.type.BasicTypeReference@6d0a14c2
2024-04-24T17:02:26.095+05:30 DEBUG 5824 --- [Vehicle Management Module] [           main] org.hibernate.type.BasicTypeRegistry     : Adding type registration java.util.Locale -> org.hibernate.type.BasicTypeReference@6d0a14c2
2024-04-24T17:02:26.095+05:30 DEBUG 5824 --- [Vehicle Management Module] [           main] org.hibernate.type.BasicTypeRegistry     : Adding type registration serializable -> org.hibernate.type.BasicTypeReference@5b64f771
2024-04-24T17:02:26.095+05:30 DEBUG 5824 --- [Vehicle Management Module] [           main] org.hibernate.type.BasicTypeRegistry     : Adding type registration java.io.Serializable -> org.hibernate.type.BasicTypeReference@5b64f771
2024-04-24T17:02:26.095+05:30 DEBUG 5824 --- [Vehicle Management Module] [           main] org.hibernate.type.BasicTypeRegistry     : Adding type registration timezone -> org.hibernate.type.BasicTypeReference@153c6603
2024-04-24T17:02:26.095+05:30 DEBUG 5824 --- [Vehicle Management Module] [           main] org.hibernate.type.BasicTypeRegistry     : Adding type registration java.util.TimeZone -> org.hibernate.type.BasicTypeReference@153c6603
2024-04-24T17:02:26.096+05:30 DEBUG 5824 --- [Vehicle Management Module] [           main] org.hibernate.type.BasicTypeRegistry     : Adding type registration ZoneOffset -> org.hibernate.type.BasicTypeReference@24e2355c
2024-04-24T17:02:26.096+05:30 DEBUG 5824 --- [Vehicle Management Module] [           main] org.hibernate.type.BasicTypeRegistry     : Adding type registration java.time.ZoneOffset -> org.hibernate.type.BasicTypeReference@24e2355c
2024-04-24T17:02:26.096+05:30 DEBUG 5824 --- [Vehicle Management Module] [           main] org.hibernate.type.BasicTypeRegistry     : Adding type registration url -> org.hibernate.type.BasicTypeReference@19739906
2024-04-24T17:02:26.096+05:30 DEBUG 5824 --- [Vehicle Management Module] [           main] org.hibernate.type.BasicTypeRegistry     : Adding type registration java.net.URL -> org.hibernate.type.BasicTypeReference@19739906
2024-04-24T17:02:26.096+05:30 DEBUG 5824 --- [Vehicle Management Module] [           main] org.hibernate.type.BasicTypeRegistry     : Adding type registration vector -> org.hibernate.type.BasicTypeReference@65503a26
2024-04-24T17:02:26.096+05:30 DEBUG 5824 --- [Vehicle Management Module] [           main] org.hibernate.type.BasicTypeRegistry     : Adding type registration row_version -> org.hibernate.type.BasicTypeReference@13aa54f1
2024-04-24T17:02:26.096+05:30 DEBUG 5824 --- [Vehicle Management Module] [           main] org.hibernate.type.BasicTypeRegistry     : Adding type registration object -> org.hibernate.type.JavaObjectType@32caae19
2024-04-24T17:02:26.096+05:30 DEBUG 5824 --- [Vehicle Management Module] [           main] org.hibernate.type.BasicTypeRegistry     : Adding type registration java.lang.Object -> org.hibernate.type.JavaObjectType@32caae19
2024-04-24T17:02:26.096+05:30 DEBUG 5824 --- [Vehicle Management Module] [           main] org.hibernate.type.BasicTypeRegistry     : Adding type registration null -> org.hibernate.type.NullType@41404aa2
2024-04-24T17:02:26.096+05:30 DEBUG 5824 --- [Vehicle Management Module] [           main] org.hibernate.type.BasicTypeRegistry     : Adding type registration imm_date -> org.hibernate.type.BasicTypeReference@4cb7b531
2024-04-24T17:02:26.096+05:30 DEBUG 5824 --- [Vehicle Management Module] [           main] org.hibernate.type.BasicTypeRegistry     : Adding type registration imm_time -> org.hibernate.type.BasicTypeReference@724f5157
2024-04-24T17:02:26.096+05:30 DEBUG 5824 --- [Vehicle Management Module] [           main] org.hibernate.type.BasicTypeRegistry     : Adding type registration imm_timestamp -> org.hibernate.type.BasicTypeReference@391dfe82
2024-04-24T17:02:26.096+05:30 DEBUG 5824 --- [Vehicle Management Module] [           main] org.hibernate.type.BasicTypeRegistry     : Adding type registration imm_calendar -> org.hibernate.type.BasicTypeReference@398efb4d
2024-04-24T17:02:26.096+05:30 DEBUG 5824 --- [Vehicle Management Module] [           main] org.hibernate.type.BasicTypeRegistry     : Adding type registration imm_calendar_date -> org.hibernate.type.BasicTypeReference@4861df70
2024-04-24T17:02:26.096+05:30 DEBUG 5824 --- [Vehicle Management Module] [           main] org.hibernate.type.BasicTypeRegistry     : Adding type registration imm_calendar_time -> org.hibernate.type.BasicTypeReference@402ceac2
2024-04-24T17:02:26.096+05:30 DEBUG 5824 --- [Vehicle Management Module] [           main] org.hibernate.type.BasicTypeRegistry     : Adding type registration imm_binary -> org.hibernate.type.BasicTypeReference@1613e5ab
2024-04-24T17:02:26.096+05:30 DEBUG 5824 --- [Vehicle Management Module] [           main] org.hibernate.type.BasicTypeRegistry     : Adding type registration imm_serializable -> org.hibernate.type.BasicTypeReference@580930b7
2024-04-24T17:02:26.103+05:30 DEBUG 5824 --- [Vehicle Management Module] [           main] o.h.boot.internal.BootstrapContextImpl   : Injecting JPA temp ClassLoader [org.springframework.instrument.classloading.SimpleThrowawayClassLoader@39086d6b] into BootstrapContext; was [null]
2024-04-24T17:02:26.103+05:30 DEBUG 5824 --- [Vehicle Management Module] [           main] o.h.boot.internal.ClassLoaderAccessImpl  : ClassLoaderAccessImpl#injectTempClassLoader(org.springframework.instrument.classloading.SimpleThrowawayClassLoader@39086d6b) [was null]
2024-04-24T17:02:26.103+05:30 DEBUG 5824 --- [Vehicle Management Module] [           main] o.h.boot.internal.BootstrapContextImpl   : Injecting ScanEnvironment [org.hibernate.jpa.boot.internal.StandardJpaScanEnvironmentImpl@303fe95c] into BootstrapContext; was [null]
2024-04-24T17:02:26.103+05:30 DEBUG 5824 --- [Vehicle Management Module] [           main] o.h.boot.internal.BootstrapContextImpl   : Injecting ScanOptions [org.hibernate.boot.archive.scan.internal.StandardScanOptions@2122eb64] into BootstrapContext; was [org.hibernate.boot.archive.scan.internal.StandardScanOptions@10b2f8ff]
2024-04-24T17:02:26.112+05:30 DEBUG 5824 --- [Vehicle Management Module] [           main] o.h.b.i.BytecodeProviderInitiator        : HHH000021: Bytecode provider: bytebuddy
2024-04-24T17:02:26.112+05:30  INFO 5824 --- [Vehicle Management Module] [           main] o.s.o.j.p.SpringPersistenceUnitInfo      : No LoadTimeWeaver setup: ignoring JPA class transformer
2024-04-24T17:02:26.112+05:30 DEBUG 5824 --- [Vehicle Management Module] [           main] o.h.boot.internal.BootstrapContextImpl   : Injecting JPA temp ClassLoader [null] into BootstrapContext; was [org.springframework.instrument.classloading.SimpleThrowawayClassLoader@39086d6b]
2024-04-24T17:02:26.112+05:30 DEBUG 5824 --- [Vehicle Management Module] [           main] o.h.boot.internal.ClassLoaderAccessImpl  : ClassLoaderAccessImpl#injectTempClassLoader(null) [was org.springframework.instrument.classloading.SimpleThrowawayClassLoader@39086d6b]
2024-04-24T17:02:26.115+05:30 DEBUG 5824 --- [Vehicle Management Module] [           main] o.s.j.datasource.SimpleDriverDataSource  : Creating new JDBC Driver Connection to [jdbc:h2:mem:77e5e59b-9028-4692-bf3e-2dbb97a1edaf;DB_CLOSE_DELAY=-1;DB_CLOSE_ON_EXIT=false]
2024-04-24T17:02:26.116+05:30 DEBUG 5824 --- [Vehicle Management Module] [           main] o.h.e.j.e.i.JdbcEnvironmentInitiator     : Database ->
       name : H2
    version : 2.2.224 (2023-09-17)
      major : 2
      minor : 2
2024-04-24T17:02:26.116+05:30 DEBUG 5824 --- [Vehicle Management Module] [           main] o.h.e.j.e.i.JdbcEnvironmentInitiator     : Driver ->
       name : H2 JDBC Driver
    version : 2.2.224 (2023-09-17)
      major : 2
      minor : 2
2024-04-24T17:02:26.116+05:30 DEBUG 5824 --- [Vehicle Management Module] [           main] o.h.e.j.e.i.JdbcEnvironmentInitiator     : JDBC version : 4.2
2024-04-24T17:02:26.116+05:30  WARN 5824 --- [Vehicle Management Module] [           main] org.hibernate.orm.deprecation            : HHH90000025: H2Dialect does not need to be specified explicitly using 'hibernate.dialect' (remove the property setting and it will be selected by default)
2024-04-24T17:02:26.117+05:30 DEBUG 5824 --- [Vehicle Management Module] [           main] org.hibernate.orm.dialect                : HHH035001: Using dialect: org.hibernate.dialect.H2Dialect, version: 2.2.224
2024-04-24T17:02:26.117+05:30 DEBUG 5824 --- [Vehicle Management Module] [           main] o.h.e.j.env.spi.IdentifierHelperBuilder  : JDBC driver metadata reported database stores quoted identifiers in neither upper, lower nor mixed case
2024-04-24T17:02:26.119+05:30 DEBUG 5824 --- [Vehicle Management Module] [           main] o.h.t.d.jdbc.spi.JdbcTypeRegistry        : addDescriptor(NCharTypeDescriptor) replaced previous registration(CharTypeDescriptor)
2024-04-24T17:02:26.119+05:30 DEBUG 5824 --- [Vehicle Management Module] [           main] o.h.t.d.jdbc.spi.JdbcTypeRegistry        : addDescriptor(NVarcharTypeDescriptor) replaced previous registration(VarcharTypeDescriptor)
2024-04-24T17:02:26.119+05:30 DEBUG 5824 --- [Vehicle Management Module] [           main] o.h.t.d.jdbc.spi.JdbcTypeRegistry        : addDescriptor(LongNVarcharTypeDescriptor) replaced previous registration(LongVarcharTypeDescriptor)
2024-04-24T17:02:26.119+05:30 DEBUG 5824 --- [Vehicle Management Module] [           main] o.h.t.d.jdbc.spi.JdbcTypeRegistry        : addDescriptor(NClobTypeDescriptor(DEFAULT)) replaced previous registration(ClobTypeDescriptor(DEFAULT))
2024-04-24T17:02:26.119+05:30 DEBUG 5824 --- [Vehicle Management Module] [           main] o.h.t.d.jdbc.spi.JdbcTypeRegistry        : addDescriptor(2005, ClobTypeDescriptor(STREAM_BINDING)) replaced previous registration(ClobTypeDescriptor(DEFAULT))
2024-04-24T17:02:26.120+05:30 DEBUG 5824 --- [Vehicle Management Module] [           main] o.h.t.d.jdbc.spi.JdbcTypeRegistry        : addDescriptor(TimestampUtcDescriptor) replaced previous registration(TimestampUtcDescriptor)
2024-04-24T17:02:26.120+05:30 DEBUG 5824 --- [Vehicle Management Module] [           main] org.hibernate.type.BasicTypeRegistry     : Adding type registration org.hibernate.type.DurationType -> basicType@23(java.time.Duration,2)
2024-04-24T17:02:26.120+05:30 DEBUG 5824 --- [Vehicle Management Module] [           main] org.hibernate.type.BasicTypeRegistry     : Adding type registration Duration -> basicType@23(java.time.Duration,2)
2024-04-24T17:02:26.120+05:30 DEBUG 5824 --- [Vehicle Management Module] [           main] org.hibernate.type.BasicTypeRegistry     : Adding type registration java.time.Duration -> basicType@23(java.time.Duration,2)
2024-04-24T17:02:26.120+05:30 DEBUG 5824 --- [Vehicle Management Module] [           main] o.h.type.spi.TypeConfiguration$Scope     : Scoping TypeConfiguration [org.hibernate.type.spi.TypeConfiguration@6c76a792] to MetadataBuildingContext [org.hibernate.boot.internal.MetadataBuildingContextRootImpl@321325d7]
2024-04-24T17:02:26.121+05:30 DEBUG 5824 --- [Vehicle Management Module] [           main] o.h.boot.model.relational.Namespace      : Created database namespace [logicalName=Name{catalog=null, schema=null}, physicalName=Name{catalog=null, schema=null}]
2024-04-24T17:02:26.121+05:30 DEBUG 5824 --- [Vehicle Management Module] [           main] o.h.boot.model.internal.EntityBinder     : Binding entity from annotated class: com.cognizant.main.entities.VehicleDetails
2024-04-24T17:02:26.122+05:30 DEBUG 5824 --- [Vehicle Management Module] [           main] o.h.boot.model.internal.EntityBinder     : Import with entity name VehicleDetails
2024-04-24T17:02:26.122+05:30 DEBUG 5824 --- [Vehicle Management Module] [           main] o.h.boot.model.internal.EntityBinder     : Bind entity com.cognizant.main.entities.VehicleDetails on table vechile_details
2024-04-24T17:02:26.123+05:30 DEBUG 5824 --- [Vehicle Management Module] [           main] o.h.boot.model.internal.AnnotatedColumn  : Binding column: AnnotatedDiscriminatorColumn(column='DTYPE')
2024-04-24T17:02:26.125+05:30 DEBUG 5824 --- [Vehicle Management Module] [           main] o.h.boot.model.internal.AnnotatedColumn  : Binding column: AnnotatedColumn(column='Registration_No')
2024-04-24T17:02:26.126+05:30 DEBUG 5824 --- [Vehicle Management Module] [           main] o.h.boot.internal.ClassLoaderAccessImpl  : Not known whether passed class name [com.cognizant.main.entities.VehicleDetails] is safe
2024-04-24T17:02:26.126+05:30 DEBUG 5824 --- [Vehicle Management Module] [           main] o.h.boot.internal.ClassLoaderAccessImpl  : No temp ClassLoader provided; using live ClassLoader for loading potentially unsafe class : com.cognizant.main.entities.VehicleDetails
2024-04-24T17:02:26.126+05:30 DEBUG 5824 --- [Vehicle Management Module] [           main] o.h.boot.model.internal.PropertyBinder   : MetadataSourceProcessor property registrationNo with lazy=false
2024-04-24T17:02:26.126+05:30 DEBUG 5824 --- [Vehicle Management Module] [           main] o.h.b.m.internal.AbstractPropertyHolder  : Attempting to locate auto-apply AttributeConverter for property [com.cognizant.main.entities.VehicleDetails:registrationNo]
2024-04-24T17:02:26.126+05:30 DEBUG 5824 --- [Vehicle Management Module] [           main] o.h.b.model.internal.BasicValueBinder    : building BasicValue for registrationNo
2024-04-24T17:02:26.126+05:30 DEBUG 5824 --- [Vehicle Management Module] [           main] org.hibernate.mapping.BasicValue         : Skipping column re-registration: vechile_details.registration_no
2024-04-24T17:02:26.126+05:30 DEBUG 5824 --- [Vehicle Management Module] [           main] o.h.boot.model.internal.PropertyBinder   : Building property registrationNo
2024-04-24T17:02:26.126+05:30 DEBUG 5824 --- [Vehicle Management Module] [           main] o.h.boot.model.internal.BinderHelper     : #makeIdGenerator(BasicValue([Column(registration_no)]), registrationNo, assigned, , ...)
2024-04-24T17:02:26.127+05:30 DEBUG 5824 --- [Vehicle Management Module] [           main] o.h.boot.model.internal.AnnotatedColumn  : Binding column: AnnotatedColumn(column='Insurance_No')
2024-04-24T17:02:26.127+05:30 DEBUG 5824 --- [Vehicle Management Module] [           main] o.h.boot.model.internal.PropertyBinder   : MetadataSourceProcessor property InsuraceNo with lazy=false
2024-04-24T17:02:26.127+05:30 DEBUG 5824 --- [Vehicle Management Module] [           main] o.h.b.m.internal.AbstractPropertyHolder  : Attempting to locate auto-apply AttributeConverter for property [com.cognizant.main.entities.VehicleDetails:InsuraceNo]
2024-04-24T17:02:26.127+05:30 DEBUG 5824 --- [Vehicle Management Module] [           main] o.h.b.model.internal.BasicValueBinder    : building BasicValue for InsuraceNo
2024-04-24T17:02:26.128+05:30 DEBUG 5824 --- [Vehicle Management Module] [           main] org.hibernate.mapping.BasicValue         : Skipping column re-registration: vechile_details.insurance_no
2024-04-24T17:02:26.128+05:30 DEBUG 5824 --- [Vehicle Management Module] [           main] o.h.boot.model.internal.PropertyBinder   : Building property InsuraceNo
2024-04-24T17:02:26.128+05:30 DEBUG 5824 --- [Vehicle Management Module] [           main] o.h.boot.model.internal.AnnotatedColumn  : Binding column: AnnotatedColumn(column='Insurance_CertificateDOCURL')
2024-04-24T17:02:26.128+05:30 DEBUG 5824 --- [Vehicle Management Module] [           main] o.h.boot.model.internal.PropertyBinder   : MetadataSourceProcessor property InsuranceCertificateDOCURL with lazy=false
2024-04-24T17:02:26.128+05:30 DEBUG 5824 --- [Vehicle Management Module] [           main] o.h.b.m.internal.AbstractPropertyHolder  : Attempting to locate auto-apply AttributeConverter for property [com.cognizant.main.entities.VehicleDetails:InsuranceCertificateDOCURL]
2024-04-24T17:02:26.128+05:30 DEBUG 5824 --- [Vehicle Management Module] [           main] o.h.b.model.internal.BasicValueBinder    : building BasicValue for InsuranceCertificateDOCURL
2024-04-24T17:02:26.128+05:30 DEBUG 5824 --- [Vehicle Management Module] [           main] org.hibernate.mapping.BasicValue         : Skipping column re-registration: vechile_details.insurance_certificatedocurl
2024-04-24T17:02:26.129+05:30 DEBUG 5824 --- [Vehicle Management Module] [           main] o.h.boot.model.internal.PropertyBinder   : Building property InsuranceCertificateDOCURL
2024-04-24T17:02:26.129+05:30 DEBUG 5824 --- [Vehicle Management Module] [           main] o.h.boot.model.internal.AnnotatedColumn  : Binding column: AnnotatedColumn(column='Insurance_Company_Name')
2024-04-24T17:02:26.129+05:30 DEBUG 5824 --- [Vehicle Management Module] [           main] o.h.boot.model.internal.PropertyBinder   : MetadataSourceProcessor property InsuranceCompanyName with lazy=false
2024-04-24T17:02:26.129+05:30 DEBUG 5824 --- [Vehicle Management Module] [           main] o.h.b.m.internal.AbstractPropertyHolder  : Attempting to locate auto-apply AttributeConverter for property [com.cognizant.main.entities.VehicleDetails:InsuranceCompanyName]
2024-04-24T17:02:26.129+05:30 DEBUG 5824 --- [Vehicle Management Module] [           main] o.h.b.model.internal.BasicValueBinder    : building BasicValue for InsuranceCompanyName
2024-04-24T17:02:26.129+05:30 DEBUG 5824 --- [Vehicle Management Module] [           main] org.hibernate.mapping.BasicValue         : Skipping column re-registration: vechile_details.insurance_company_name
2024-04-24T17:02:26.129+05:30 DEBUG 5824 --- [Vehicle Management Module] [           main] o.h.boot.model.internal.PropertyBinder   : Building property InsuranceCompanyName
2024-04-24T17:02:26.140+05:30 DEBUG 5824 --- [Vehicle Management Module] [           main] o.h.boot.model.internal.AnnotatedColumn  : Binding column: AnnotatedColumn(column='Insurance_Expires_On')
2024-04-24T17:02:26.141+05:30 DEBUG 5824 --- [Vehicle Management Module] [           main] o.h.boot.model.internal.PropertyBinder   : MetadataSourceProcessor property InsuranceExpiresOn with lazy=false
2024-04-24T17:02:26.141+05:30 DEBUG 5824 --- [Vehicle Management Module] [           main] o.h.b.m.internal.AbstractPropertyHolder  : Attempting to locate auto-apply AttributeConverter for property [com.cognizant.main.entities.VehicleDetails:InsuranceExpiresOn]
2024-04-24T17:02:26.141+05:30 DEBUG 5824 --- [Vehicle Management Module] [           main] o.h.b.model.internal.BasicValueBinder    : building BasicValue for InsuranceExpiresOn
2024-04-24T17:02:26.141+05:30 DEBUG 5824 --- [Vehicle Management Module] [           main] org.hibernate.mapping.BasicValue         : Skipping column re-registration: vechile_details.insurance_expires_on
2024-04-24T17:02:26.141+05:30 DEBUG 5824 --- [Vehicle Management Module] [           main] o.h.boot.model.internal.PropertyBinder   : Building property InsuranceExpiresOn
2024-04-24T17:02:26.142+05:30 DEBUG 5824 --- [Vehicle Management Module] [           main] o.h.boot.model.internal.AnnotatedColumn  : Binding column: AnnotatedColumn(column='Insuranced_On')
2024-04-24T17:02:26.142+05:30 DEBUG 5824 --- [Vehicle Management Module] [           main] o.h.boot.model.internal.PropertyBinder   : MetadataSourceProcessor property InsurancedOn with lazy=false
2024-04-24T17:02:26.142+05:30 DEBUG 5824 --- [Vehicle Management Module] [           main] o.h.b.m.internal.AbstractPropertyHolder  : Attempting to locate auto-apply AttributeConverter for property [com.cognizant.main.entities.VehicleDetails:InsurancedOn]
2024-04-24T17:02:26.142+05:30 DEBUG 5824 --- [Vehicle Management Module] [           main] o.h.b.model.internal.BasicValueBinder    : building BasicValue for InsurancedOn
2024-04-24T17:02:26.142+05:30 DEBUG 5824 --- [Vehicle Management Module] [           main] org.hibernate.mapping.BasicValue         : Skipping column re-registration: vechile_details.insuranced_on
2024-04-24T17:02:26.142+05:30 DEBUG 5824 --- [Vehicle Management Module] [           main] o.h.boot.model.internal.PropertyBinder   : Building property InsurancedOn
2024-04-24T17:02:26.142+05:30 DEBUG 5824 --- [Vehicle Management Module] [           main] o.h.boot.model.internal.AnnotatedColumn  : Binding column: AnnotatedColumn(column='PUCCertificate_No')
2024-04-24T17:02:26.142+05:30 DEBUG 5824 --- [Vehicle Management Module] [           main] o.h.boot.model.internal.PropertyBinder   : MetadataSourceProcessor property PUCCertificateNo with lazy=false
2024-04-24T17:02:26.143+05:30 DEBUG 5824 --- [Vehicle Management Module] [           main] o.h.b.m.internal.AbstractPropertyHolder  : Attempting to locate auto-apply AttributeConverter for property [com.cognizant.main.entities.VehicleDetails:PUCCertificateNo]
2024-04-24T17:02:26.143+05:30 DEBUG 5824 --- [Vehicle Management Module] [           main] o.h.b.model.internal.BasicValueBinder    : building BasicValue for PUCCertificateNo
2024-04-24T17:02:26.143+05:30 DEBUG 5824 --- [Vehicle Management Module] [           main] org.hibernate.mapping.BasicValue         : Skipping column re-registration: vechile_details.puccertificate_no
2024-04-24T17:02:26.143+05:30 DEBUG 5824 --- [Vehicle Management Module] [           main] o.h.boot.model.internal.PropertyBinder   : Building property PUCCertificateNo
2024-04-24T17:02:26.143+05:30 DEBUG 5824 --- [Vehicle Management Module] [           main] o.h.boot.model.internal.AnnotatedColumn  : Binding column: AnnotatedColumn(column='PUCDOCURL')
2024-04-24T17:02:26.143+05:30 DEBUG 5824 --- [Vehicle Management Module] [           main] o.h.boot.model.internal.PropertyBinder   : MetadataSourceProcessor property PUCDOCURL with lazy=false
2024-04-24T17:02:26.143+05:30 DEBUG 5824 --- [Vehicle Management Module] [           main] o.h.b.m.internal.AbstractPropertyHolder  : Attempting to locate auto-apply AttributeConverter for property [com.cognizant.main.entities.VehicleDetails:PUCDOCURL]
2024-04-24T17:02:26.143+05:30 DEBUG 5824 --- [Vehicle Management Module] [           main] o.h.b.model.internal.BasicValueBinder    : building BasicValue for PUCDOCURL
2024-04-24T17:02:26.145+05:30 DEBUG 5824 --- [Vehicle Management Module] [           main] org.hibernate.mapping.BasicValue         : Skipping column re-registration: vechile_details.pucdocurl
2024-04-24T17:02:26.145+05:30 DEBUG 5824 --- [Vehicle Management Module] [           main] o.h.boot.model.internal.PropertyBinder   : Building property PUCDOCURL
2024-04-24T17:02:26.145+05:30 DEBUG 5824 --- [Vehicle Management Module] [           main] o.h.boot.model.internal.AnnotatedColumn  : Binding column: AnnotatedColumn(column='PUCIssued_On')
2024-04-24T17:02:26.145+05:30 DEBUG 5824 --- [Vehicle Management Module] [           main] o.h.boot.model.internal.PropertyBinder   : MetadataSourceProcessor property PUCIssuedOn with lazy=false
2024-04-24T17:02:26.145+05:30 DEBUG 5824 --- [Vehicle Management Module] [           main] o.h.b.m.internal.AbstractPropertyHolder  : Attempting to locate auto-apply AttributeConverter for property [com.cognizant.main.entities.VehicleDetails:PUCIssuedOn]
2024-04-24T17:02:26.145+05:30 DEBUG 5824 --- [Vehicle Management Module] [           main] o.h.b.model.internal.BasicValueBinder    : building BasicValue for PUCIssuedOn
2024-04-24T17:02:26.145+05:30 DEBUG 5824 --- [Vehicle Management Module] [           main] org.hibernate.mapping.BasicValue         : Skipping column re-registration: vechile_details.pucissued_on
2024-04-24T17:02:26.146+05:30 DEBUG 5824 --- [Vehicle Management Module] [           main] o.h.boot.model.internal.PropertyBinder   : Building property PUCIssuedOn
2024-04-24T17:02:26.146+05:30 DEBUG 5824 --- [Vehicle Management Module] [           main] o.h.boot.model.internal.AnnotatedColumn  : Binding column: AnnotatedColumn(column='PUCValid_Until')
2024-04-24T17:02:26.146+05:30 DEBUG 5824 --- [Vehicle Management Module] [           main] o.h.boot.model.internal.PropertyBinder   : MetadataSourceProcessor property PUCValidUntil with lazy=false
2024-04-24T17:02:26.146+05:30 DEBUG 5824 --- [Vehicle Management Module] [           main] o.h.b.m.internal.AbstractPropertyHolder  : Attempting to locate auto-apply AttributeConverter for property [com.cognizant.main.entities.VehicleDetails:PUCValidUntil]
2024-04-24T17:02:26.146+05:30 DEBUG 5824 --- [Vehicle Management Module] [           main] o.h.b.model.internal.BasicValueBinder    : building BasicValue for PUCValidUntil
2024-04-24T17:02:26.146+05:30 DEBUG 5824 --- [Vehicle Management Module] [           main] org.hibernate.mapping.BasicValue         : Skipping column re-registration: vechile_details.pucvalid_until
2024-04-24T17:02:26.146+05:30 DEBUG 5824 --- [Vehicle Management Module] [           main] o.h.boot.model.internal.PropertyBinder   : Building property PUCValidUntil
2024-04-24T17:02:26.147+05:30 DEBUG 5824 --- [Vehicle Management Module] [           main] o.h.boot.model.internal.AnnotatedColumn  : Binding column: AnnotatedColumn(column='RCDocURL')
2024-04-24T17:02:26.147+05:30 DEBUG 5824 --- [Vehicle Management Module] [           main] o.h.boot.model.internal.PropertyBinder   : MetadataSourceProcessor property RCDocURL with lazy=false
2024-04-24T17:02:26.147+05:30 DEBUG 5824 --- [Vehicle Management Module] [           main] o.h.b.m.internal.AbstractPropertyHolder  : Attempting to locate auto-apply AttributeConverter for property [com.cognizant.main.entities.VehicleDetails:RCDocURL]
2024-04-24T17:02:26.147+05:30 DEBUG 5824 --- [Vehicle Management Module] [           main] o.h.b.model.internal.BasicValueBinder    : building BasicValue for RCDocURL
2024-04-24T17:02:26.148+05:30 DEBUG 5824 --- [Vehicle Management Module] [           main] org.hibernate.mapping.BasicValue         : Skipping column re-registration: vechile_details.rcdocurl
2024-04-24T17:02:26.148+05:30 DEBUG 5824 --- [Vehicle Management Module] [           main] o.h.boot.model.internal.PropertyBinder   : Building property RCDocURL
2024-04-24T17:02:26.148+05:30 DEBUG 5824 --- [Vehicle Management Module] [           main] o.h.boot.model.internal.AnnotatedColumn  : Binding column: AnnotatedColumn(column='RTOName')
2024-04-24T17:02:26.148+05:30 DEBUG 5824 --- [Vehicle Management Module] [           main] o.h.boot.model.internal.PropertyBinder   : MetadataSourceProcessor property RTOName with lazy=false
2024-04-24T17:02:26.148+05:30 DEBUG 5824 --- [Vehicle Management Module] [           main] o.h.b.m.internal.AbstractPropertyHolder  : Attempting to locate auto-apply AttributeConverter for property [com.cognizant.main.entities.VehicleDetails:RTOName]
2024-04-24T17:02:26.148+05:30 DEBUG 5824 --- [Vehicle Management Module] [           main] o.h.b.model.internal.BasicValueBinder    : building BasicValue for RTOName
2024-04-24T17:02:26.148+05:30 DEBUG 5824 --- [Vehicle Management Module] [           main] org.hibernate.mapping.BasicValue         : Skipping column re-registration: vechile_details.rtoname
2024-04-24T17:02:26.150+05:30 DEBUG 5824 --- [Vehicle Management Module] [           main] o.h.boot.model.internal.PropertyBinder   : Building property RTOName
2024-04-24T17:02:26.150+05:30 DEBUG 5824 --- [Vehicle Management Module] [           main] o.h.boot.model.internal.AnnotatedColumn  : Binding column: AnnotatedColumn(column='Registration_Date')
2024-04-24T17:02:26.150+05:30 DEBUG 5824 --- [Vehicle Management Module] [           main] o.h.boot.model.internal.PropertyBinder   : MetadataSourceProcessor property RegistrationDate with lazy=false
2024-04-24T17:02:26.151+05:30 DEBUG 5824 --- [Vehicle Management Module] [           main] o.h.b.m.internal.AbstractPropertyHolder  : Attempting to locate auto-apply AttributeConverter for property [com.cognizant.main.entities.VehicleDetails:RegistrationDate]
2024-04-24T17:02:26.151+05:30 DEBUG 5824 --- [Vehicle Management Module] [           main] o.h.b.model.internal.BasicValueBinder    : building BasicValue for RegistrationDate
2024-04-24T17:02:26.151+05:30 DEBUG 5824 --- [Vehicle Management Module] [           main] org.hibernate.mapping.BasicValue         : Skipping column re-registration: vechile_details.registration_date
2024-04-24T17:02:26.152+05:30 DEBUG 5824 --- [Vehicle Management Module] [           main] o.h.boot.model.internal.PropertyBinder   : Building property RegistrationDate
2024-04-24T17:02:26.152+05:30 DEBUG 5824 --- [Vehicle Management Module] [           main] o.h.boot.model.internal.AnnotatedColumn  : Binding column: AnnotatedColumn(column='Registration_Expires_On')
2024-04-24T17:02:26.152+05:30 DEBUG 5824 --- [Vehicle Management Module] [           main] o.h.boot.model.internal.PropertyBinder   : MetadataSourceProcessor property RegistrationExpiresOn with lazy=false
2024-04-24T17:02:26.152+05:30 DEBUG 5824 --- [Vehicle Management Module] [           main] o.h.b.m.internal.AbstractPropertyHolder  : Attempting to locate auto-apply AttributeConverter for property [com.cognizant.main.entities.VehicleDetails:RegistrationExpiresOn]
2024-04-24T17:02:26.152+05:30 DEBUG 5824 --- [Vehicle Management Module] [           main] o.h.b.model.internal.BasicValueBinder    : building BasicValue for RegistrationExpiresOn
2024-04-24T17:02:26.152+05:30 DEBUG 5824 --- [Vehicle Management Module] [           main] org.hibernate.mapping.BasicValue         : Skipping column re-registration: vechile_details.registration_expires_on
2024-04-24T17:02:26.153+05:30 DEBUG 5824 --- [Vehicle Management Module] [           main] o.h.boot.model.internal.PropertyBinder   : Building property RegistrationExpiresOn
2024-04-24T17:02:26.155+05:30 DEBUG 5824 --- [Vehicle Management Module] [           main] o.h.b.r.c.i.ClassLoaderServiceImpl       : HHH000194: Package not found or wo package-info.java: com.cognizant.main.entities
2024-04-24T17:02:26.160+05:30 DEBUG 5824 --- [Vehicle Management Module] [           main] o.h.boot.model.internal.EntityBinder     : Binding entity from annotated class: com.cognizant.main.entities.Vehicles
2024-04-24T17:02:26.161+05:30 DEBUG 5824 --- [Vehicle Management Module] [           main] o.h.boot.model.internal.EntityBinder     : Import with entity name Vehicles
2024-04-24T17:02:26.161+05:30 DEBUG 5824 --- [Vehicle Management Module] [           main] o.h.boot.model.internal.EntityBinder     : Bind entity com.cognizant.main.entities.Vehicles on table vechicles
2024-04-24T17:02:26.161+05:30 DEBUG 5824 --- [Vehicle Management Module] [           main] o.h.boot.model.internal.AnnotatedColumn  : Binding column: AnnotatedDiscriminatorColumn(column='DTYPE')
2024-04-24T17:02:26.170+05:30 DEBUG 5824 --- [Vehicle Management Module] [           main] o.h.boot.model.internal.AnnotatedColumn  : Binding column: AnnotatedColumn(column='Registration_No')
2024-04-24T17:02:26.171+05:30 DEBUG 5824 --- [Vehicle Management Module] [           main] o.h.boot.internal.ClassLoaderAccessImpl  : Not known whether passed class name [com.cognizant.main.entities.Vehicles] is safe
2024-04-24T17:02:26.171+05:30 DEBUG 5824 --- [Vehicle Management Module] [           main] o.h.boot.internal.ClassLoaderAccessImpl  : No temp ClassLoader provided; using live ClassLoader for loading potentially unsafe class : com.cognizant.main.entities.Vehicles
2024-04-24T17:02:26.171+05:30 DEBUG 5824 --- [Vehicle Management Module] [           main] o.h.boot.model.internal.PropertyBinder   : MetadataSourceProcessor property registrationNo with lazy=false
2024-04-24T17:02:26.171+05:30 DEBUG 5824 --- [Vehicle Management Module] [           main] o.h.b.m.internal.AbstractPropertyHolder  : Attempting to locate auto-apply AttributeConverter for property [com.cognizant.main.entities.Vehicles:registrationNo]
2024-04-24T17:02:26.171+05:30 DEBUG 5824 --- [Vehicle Management Module] [           main] o.h.b.model.internal.BasicValueBinder    : building BasicValue for registrationNo
2024-04-24T17:02:26.171+05:30 DEBUG 5824 --- [Vehicle Management Module] [           main] org.hibernate.mapping.BasicValue         : Skipping column re-registration: vechicles.registration_no
2024-04-24T17:02:26.171+05:30 DEBUG 5824 --- [Vehicle Management Module] [           main] o.h.boot.model.internal.PropertyBinder   : Building property registrationNo
2024-04-24T17:02:26.171+05:30 DEBUG 5824 --- [Vehicle Management Module] [           main] o.h.boot.model.internal.BinderHelper     : #makeIdGenerator(BasicValue([Column(registration_no)]), registrationNo, assigned, , ...)
2024-04-24T17:02:26.172+05:30 DEBUG 5824 --- [Vehicle Management Module] [           main] o.h.boot.model.internal.AnnotatedColumn  : Binding column: AnnotatedColumn(column='Belongs_To_User_Id')
2024-04-24T17:02:26.172+05:30 DEBUG 5824 --- [Vehicle Management Module] [           main] o.h.boot.model.internal.PropertyBinder   : MetadataSourceProcessor property belongsToUserId with lazy=false
2024-04-24T17:02:26.172+05:30 DEBUG 5824 --- [Vehicle Management Module] [           main] o.h.b.m.internal.AbstractPropertyHolder  : Attempting to locate auto-apply AttributeConverter for property [com.cognizant.main.entities.Vehicles:belongsToUserId]
2024-04-24T17:02:26.172+05:30 DEBUG 5824 --- [Vehicle Management Module] [           main] o.h.b.model.internal.BasicValueBinder    : building BasicValue for belongsToUserId
2024-04-24T17:02:26.172+05:30 DEBUG 5824 --- [Vehicle Management Module] [           main] org.hibernate.mapping.BasicValue         : Skipping column re-registration: vechicles.belongs_to_user_id
2024-04-24T17:02:26.172+05:30 DEBUG 5824 --- [Vehicle Management Module] [           main] o.h.boot.model.internal.PropertyBinder   : Building property belongsToUserId
2024-04-24T17:02:26.172+05:30 DEBUG 5824 --- [Vehicle Management Module] [           main] o.h.boot.model.internal.AnnotatedColumn  : Binding column: AnnotatedColumn(column='Inspected_By_User_Id')
2024-04-24T17:02:26.172+05:30 DEBUG 5824 --- [Vehicle Management Module] [           main] o.h.boot.model.internal.PropertyBinder   : MetadataSourceProcessor property inspectedByUserId with lazy=false
2024-04-24T17:02:26.172+05:30 DEBUG 5824 --- [Vehicle Management Module] [           main] o.h.b.m.internal.AbstractPropertyHolder  : Attempting to locate auto-apply AttributeConverter for property [com.cognizant.main.entities.Vehicles:inspectedByUserId]
2024-04-24T17:02:26.172+05:30 DEBUG 5824 --- [Vehicle Management Module] [           main] o.h.b.model.internal.BasicValueBinder    : building BasicValue for inspectedByUserId
2024-04-24T17:02:26.173+05:30 DEBUG 5824 --- [Vehicle Management Module] [           main] org.hibernate.mapping.BasicValue         : Skipping column re-registration: vechicles.inspected_by_user_id
2024-04-24T17:02:26.173+05:30 DEBUG 5824 --- [Vehicle Management Module] [           main] o.h.boot.model.internal.PropertyBinder   : Building property inspectedByUserId
2024-04-24T17:02:26.173+05:30 DEBUG 5824 --- [Vehicle Management Module] [           main] o.h.boot.model.internal.AnnotatedColumn  : Binding column: AnnotatedColumn(column='Inspected_On')
2024-04-24T17:02:26.173+05:30 DEBUG 5824 --- [Vehicle Management Module] [           main] o.h.boot.model.internal.PropertyBinder   : MetadataSourceProcessor property inspectedOn with lazy=false
2024-04-24T17:02:26.173+05:30 DEBUG 5824 --- [Vehicle Management Module] [           main] o.h.b.m.internal.AbstractPropertyHolder  : Attempting to locate auto-apply AttributeConverter for property [com.cognizant.main.entities.Vehicles:inspectedOn]
2024-04-24T17:02:26.173+05:30 DEBUG 5824 --- [Vehicle Management Module] [           main] o.h.b.model.internal.BasicValueBinder    : building BasicValue for inspectedOn
2024-04-24T17:02:26.173+05:30 DEBUG 5824 --- [Vehicle Management Module] [           main] org.hibernate.mapping.BasicValue         : Skipping column re-registration: vechicles.inspected_on
2024-04-24T17:02:26.173+05:30 DEBUG 5824 --- [Vehicle Management Module] [           main] o.h.boot.model.internal.PropertyBinder   : Building property inspectedOn
2024-04-24T17:02:26.174+05:30 DEBUG 5824 --- [Vehicle Management Module] [           main] o.h.boot.model.internal.AnnotatedColumn  : Binding column: AnnotatedColumn(column='Inspection_Status')
2024-04-24T17:02:26.174+05:30 DEBUG 5824 --- [Vehicle Management Module] [           main] o.h.boot.model.internal.PropertyBinder   : MetadataSourceProcessor property inspectionStatus with lazy=false
2024-04-24T17:02:26.174+05:30 DEBUG 5824 --- [Vehicle Management Module] [           main] o.h.b.m.internal.AbstractPropertyHolder  : Attempting to locate auto-apply AttributeConverter for property [com.cognizant.main.entities.Vehicles:inspectionStatus]
2024-04-24T17:02:26.174+05:30 DEBUG 5824 --- [Vehicle Management Module] [           main] o.h.b.model.internal.BasicValueBinder    : building BasicValue for inspectionStatus
2024-04-24T17:02:26.174+05:30 DEBUG 5824 --- [Vehicle Management Module] [           main] org.hibernate.mapping.BasicValue         : Skipping column re-registration: vechicles.inspection_status
2024-04-24T17:02:26.174+05:30 DEBUG 5824 --- [Vehicle Management Module] [           main] o.h.boot.model.internal.PropertyBinder   : Building property inspectionStatus
2024-04-24T17:02:26.175+05:30 DEBUG 5824 --- [Vehicle Management Module] [           main] o.h.boot.model.internal.AnnotatedColumn  : Binding column: AnnotatedJoinColumn()
2024-04-24T17:02:26.176+05:30 DEBUG 5824 --- [Vehicle Management Module] [           main] o.h.boot.model.internal.AnnotatedColumn  : Binding column: AnnotatedColumn()
2024-04-24T17:02:26.176+05:30 DEBUG 5824 --- [Vehicle Management Module] [           main] o.h.boot.model.internal.AnnotatedColumn  : Binding column: AnnotatedJoinColumn(column='Vechicle_Type_Id',referencedColumn='Id')
2024-04-24T17:02:26.177+05:30 DEBUG 5824 --- [Vehicle Management Module] [           main] o.h.boot.model.internal.AnnotatedColumn  : Binding column: AnnotatedColumn()
2024-04-24T17:02:26.177+05:30 DEBUG 5824 --- [Vehicle Management Module] [           main] o.h.boot.model.internal.PropertyBinder   : Building property vehicleTypeId
2024-04-24T17:02:26.178+05:30 DEBUG 5824 --- [Vehicle Management Module] [           main] o.h.b.r.c.i.ClassLoaderServiceImpl       : HHH000194: Package not found or wo package-info.java: com.cognizant.main.entities
2024-04-24T17:02:26.179+05:30 DEBUG 5824 --- [Vehicle Management Module] [           main] o.h.boot.model.internal.EntityBinder     : Binding entity from annotated class: com.cognizant.main.entities.VehicleTypes
2024-04-24T17:02:26.180+05:30 DEBUG 5824 --- [Vehicle Management Module] [           main] o.h.boot.model.internal.EntityBinder     : Import with entity name Vechicle_Types
2024-04-24T17:02:26.180+05:30 DEBUG 5824 --- [Vehicle Management Module] [           main] o.h.boot.model.internal.EntityBinder     : Bind entity com.cognizant.main.entities.VehicleTypes on table vechicle_types
2024-04-24T17:02:26.180+05:30 DEBUG 5824 --- [Vehicle Management Module] [           main] o.h.boot.model.internal.AnnotatedColumn  : Binding column: AnnotatedDiscriminatorColumn(column='DTYPE')
2024-04-24T17:02:26.182+05:30 DEBUG 5824 --- [Vehicle Management Module] [           main] o.h.boot.model.internal.AnnotatedColumn  : Binding column: AnnotatedColumn(column='Id')
2024-04-24T17:02:26.182+05:30 DEBUG 5824 --- [Vehicle Management Module] [           main] o.h.boot.internal.ClassLoaderAccessImpl  : Not known whether passed class name [com.cognizant.main.entities.VehicleTypes] is safe
2024-04-24T17:02:26.182+05:30 DEBUG 5824 --- [Vehicle Management Module] [           main] o.h.boot.internal.ClassLoaderAccessImpl  : No temp ClassLoader provided; using live ClassLoader for loading potentially unsafe class : com.cognizant.main.entities.VehicleTypes
2024-04-24T17:02:26.182+05:30 DEBUG 5824 --- [Vehicle Management Module] [           main] o.h.boot.model.internal.PropertyBinder   : MetadataSourceProcessor property id with lazy=false
2024-04-24T17:02:26.182+05:30 DEBUG 5824 --- [Vehicle Management Module] [           main] o.h.b.m.internal.AbstractPropertyHolder  : Attempting to locate auto-apply AttributeConverter for property [com.cognizant.main.entities.VehicleTypes:id]
2024-04-24T17:02:26.182+05:30 DEBUG 5824 --- [Vehicle Management Module] [           main] o.h.b.model.internal.BasicValueBinder    : building BasicValue for id
2024-04-24T17:02:26.182+05:30 DEBUG 5824 --- [Vehicle Management Module] [           main] org.hibernate.mapping.BasicValue         : Skipping column re-registration: vechicle_types.id
2024-04-24T17:02:26.182+05:30 DEBUG 5824 --- [Vehicle Management Module] [           main] o.h.boot.model.internal.PropertyBinder   : Building property id
2024-04-24T17:02:26.182+05:30 DEBUG 5824 --- [Vehicle Management Module] [           main] o.h.boot.model.internal.BinderHelper     : #makeIdGenerator(BasicValue([Column(id)]), id, assigned, , ...)
2024-04-24T17:02:26.183+05:30 DEBUG 5824 --- [Vehicle Management Module] [           main] o.h.boot.model.internal.AnnotatedColumn  : Binding column: AnnotatedColumn(column='Fare_PerKM')
2024-04-24T17:02:26.183+05:30 DEBUG 5824 --- [Vehicle Management Module] [           main] o.h.boot.model.internal.PropertyBinder   : MetadataSourceProcessor property FarePerKM with lazy=false
2024-04-24T17:02:26.183+05:30 DEBUG 5824 --- [Vehicle Management Module] [           main] o.h.b.m.internal.AbstractPropertyHolder  : Attempting to locate auto-apply AttributeConverter for property [com.cognizant.main.entities.VehicleTypes:FarePerKM]
2024-04-24T17:02:26.183+05:30 DEBUG 5824 --- [Vehicle Management Module] [           main] o.h.b.model.internal.BasicValueBinder    : building BasicValue for FarePerKM
2024-04-24T17:02:26.183+05:30 DEBUG 5824 --- [Vehicle Management Module] [           main] org.hibernate.mapping.BasicValue         : Skipping column re-registration: vechicle_types.fare_perkm
2024-04-24T17:02:26.183+05:30 DEBUG 5824 --- [Vehicle Management Module] [           main] o.h.boot.model.internal.PropertyBinder   : Building property FarePerKM
2024-04-24T17:02:26.183+05:30 DEBUG 5824 --- [Vehicle Management Module] [           main] o.h.boot.model.internal.AnnotatedColumn  : Binding column: AnnotatedColumn(column='Max_Passengers_Allowed')
2024-04-24T17:02:26.184+05:30 DEBUG 5824 --- [Vehicle Management Module] [           main] o.h.boot.model.internal.PropertyBinder   : MetadataSourceProcessor property MaxPassengersAllowed with lazy=false
2024-04-24T17:02:26.184+05:30 DEBUG 5824 --- [Vehicle Management Module] [           main] o.h.b.m.internal.AbstractPropertyHolder  : Attempting to locate auto-apply AttributeConverter for property [com.cognizant.main.entities.VehicleTypes:MaxPassengersAllowed]
2024-04-24T17:02:26.184+05:30 DEBUG 5824 --- [Vehicle Management Module] [           main] o.h.b.model.internal.BasicValueBinder    : building BasicValue for MaxPassengersAllowed
2024-04-24T17:02:26.184+05:30 DEBUG 5824 --- [Vehicle Management Module] [           main] org.hibernate.mapping.BasicValue         : Skipping column re-registration: vechicle_types.max_passengers_allowed
2024-04-24T17:02:26.184+05:30 DEBUG 5824 --- [Vehicle Management Module] [           main] o.h.boot.model.internal.PropertyBinder   : Building property MaxPassengersAllowed
2024-04-24T17:02:26.184+05:30 DEBUG 5824 --- [Vehicle Management Module] [           main] o.h.boot.model.internal.AnnotatedColumn  : Binding column: AnnotatedColumn(column='Type')
2024-04-24T17:02:26.187+05:30 DEBUG 5824 --- [Vehicle Management Module] [           main] o.h.boot.model.internal.PropertyBinder   : MetadataSourceProcessor property Type with lazy=false
2024-04-24T17:02:26.187+05:30 DEBUG 5824 --- [Vehicle Management Module] [           main] o.h.b.m.internal.AbstractPropertyHolder  : Attempting to locate auto-apply AttributeConverter for property [com.cognizant.main.entities.VehicleTypes:Type]
2024-04-24T17:02:26.187+05:30 DEBUG 5824 --- [Vehicle Management Module] [           main] o.h.b.model.internal.BasicValueBinder    : building BasicValue for Type
2024-04-24T17:02:26.187+05:30 DEBUG 5824 --- [Vehicle Management Module] [           main] org.hibernate.mapping.BasicValue         : Skipping column re-registration: vechicle_types.type
2024-04-24T17:02:26.187+05:30 DEBUG 5824 --- [Vehicle Management Module] [           main] o.h.boot.model.internal.PropertyBinder   : Building property Type
2024-04-24T17:02:26.189+05:30 DEBUG 5824 --- [Vehicle Management Module] [           main] o.h.boot.model.internal.AnnotatedColumn  : Binding column: AnnotatedJoinColumn()
2024-04-24T17:02:26.189+05:30 DEBUG 5824 --- [Vehicle Management Module] [           main] o.h.boot.model.internal.AnnotatedColumn  : Binding column: AnnotatedColumn()
2024-04-24T17:02:26.189+05:30 DEBUG 5824 --- [Vehicle Management Module] [           main] o.h.boot.model.internal.AnnotatedColumn  : Binding column: IndexColumn(column='vechicles_ORDER')
2024-04-24T17:02:26.190+05:30 DEBUG 5824 --- [Vehicle Management Module] [           main] o.h.boot.model.internal.AnnotatedColumn  : Binding column: AnnotatedColumn()
2024-04-24T17:02:26.191+05:30 DEBUG 5824 --- [Vehicle Management Module] [           main] o.h.boot.model.internal.AnnotatedColumn  : Binding column: AnnotatedColumn(column='vechicles_KEY')
2024-04-24T17:02:26.191+05:30 DEBUG 5824 --- [Vehicle Management Module] [           main] o.h.boot.model.internal.AnnotatedColumn  : Binding column: AnnotatedJoinColumn(column='vechicles_KEY')
2024-04-24T17:02:26.191+05:30 DEBUG 5824 --- [Vehicle Management Module] [           main] o.h.boot.model.internal.AnnotatedColumn  : Binding column: AnnotatedJoinColumn()
2024-04-24T17:02:26.191+05:30 DEBUG 5824 --- [Vehicle Management Module] [           main] o.h.boot.model.internal.AnnotatedColumn  : Binding column: AnnotatedJoinColumn()
2024-04-24T17:02:26.191+05:30 DEBUG 5824 --- [Vehicle Management Module] [           main] o.h.b.model.internal.CollectionBinder    : Collection role: com.cognizant.main.entities.VehicleTypes.vechicles
2024-04-24T17:02:26.191+05:30 DEBUG 5824 --- [Vehicle Management Module] [           main] o.h.boot.model.internal.PropertyBinder   : Building property vechicles
2024-04-24T17:02:26.192+05:30 DEBUG 5824 --- [Vehicle Management Module] [           main] o.h.b.r.c.i.ClassLoaderServiceImpl       : HHH000194: Package not found or wo package-info.java: com.cognizant.main.entities
2024-04-24T17:02:26.195+05:30 DEBUG 5824 --- [Vehicle Management Module] [           main] o.h.b.model.internal.BasicValueBinder    : Starting `BasicValueBinder#fillSimpleValue` for registrationNo
2024-04-24T17:02:26.195+05:30 DEBUG 5824 --- [Vehicle Management Module] [           main] o.h.b.model.internal.BasicValueBinder    : Starting `BasicValueBinder#fillSimpleValue` for InsuraceNo
2024-04-24T17:02:26.195+05:30 DEBUG 5824 --- [Vehicle Management Module] [           main] o.h.b.model.internal.BasicValueBinder    : Starting `BasicValueBinder#fillSimpleValue` for InsuranceCertificateDOCURL
2024-04-24T17:02:26.195+05:30 DEBUG 5824 --- [Vehicle Management Module] [           main] o.h.b.model.internal.BasicValueBinder    : Starting `BasicValueBinder#fillSimpleValue` for InsuranceCompanyName
2024-04-24T17:02:26.196+05:30 DEBUG 5824 --- [Vehicle Management Module] [           main] o.h.b.model.internal.BasicValueBinder    : Starting `BasicValueBinder#fillSimpleValue` for InsuranceExpiresOn
2024-04-24T17:02:26.196+05:30 DEBUG 5824 --- [Vehicle Management Module] [           main] o.h.b.model.internal.BasicValueBinder    : Starting `BasicValueBinder#fillSimpleValue` for InsurancedOn
2024-04-24T17:02:26.196+05:30 DEBUG 5824 --- [Vehicle Management Module] [           main] o.h.b.model.internal.BasicValueBinder    : Starting `BasicValueBinder#fillSimpleValue` for PUCCertificateNo
2024-04-24T17:02:26.196+05:30 DEBUG 5824 --- [Vehicle Management Module] [           main] o.h.b.model.internal.BasicValueBinder    : Starting `BasicValueBinder#fillSimpleValue` for PUCDOCURL
2024-04-24T17:02:26.196+05:30 DEBUG 5824 --- [Vehicle Management Module] [           main] o.h.b.model.internal.BasicValueBinder    : Starting `BasicValueBinder#fillSimpleValue` for PUCIssuedOn
2024-04-24T17:02:26.196+05:30 DEBUG 5824 --- [Vehicle Management Module] [           main] o.h.b.model.internal.BasicValueBinder    : Starting `BasicValueBinder#fillSimpleValue` for PUCValidUntil
2024-04-24T17:02:26.196+05:30 DEBUG 5824 --- [Vehicle Management Module] [           main] o.h.b.model.internal.BasicValueBinder    : Starting `BasicValueBinder#fillSimpleValue` for RCDocURL
2024-04-24T17:02:26.196+05:30 DEBUG 5824 --- [Vehicle Management Module] [           main] o.h.b.model.internal.BasicValueBinder    : Starting `BasicValueBinder#fillSimpleValue` for RTOName
2024-04-24T17:02:26.196+05:30 DEBUG 5824 --- [Vehicle Management Module] [           main] o.h.b.model.internal.BasicValueBinder    : Starting `BasicValueBinder#fillSimpleValue` for RegistrationDate
2024-04-24T17:02:26.196+05:30 DEBUG 5824 --- [Vehicle Management Module] [           main] o.h.b.model.internal.BasicValueBinder    : Starting `BasicValueBinder#fillSimpleValue` for RegistrationExpiresOn
2024-04-24T17:02:26.196+05:30 DEBUG 5824 --- [Vehicle Management Module] [           main] o.h.b.model.internal.BasicValueBinder    : Starting `BasicValueBinder#fillSimpleValue` for registrationNo
2024-04-24T17:02:26.196+05:30 DEBUG 5824 --- [Vehicle Management Module] [           main] o.h.b.model.internal.BasicValueBinder    : Starting `BasicValueBinder#fillSimpleValue` for belongsToUserId
2024-04-24T17:02:26.196+05:30 DEBUG 5824 --- [Vehicle Management Module] [           main] o.h.b.model.internal.BasicValueBinder    : Starting `BasicValueBinder#fillSimpleValue` for inspectedByUserId
2024-04-24T17:02:26.196+05:30 DEBUG 5824 --- [Vehicle Management Module] [           main] o.h.b.model.internal.BasicValueBinder    : Starting `BasicValueBinder#fillSimpleValue` for inspectedOn
2024-04-24T17:02:26.196+05:30 DEBUG 5824 --- [Vehicle Management Module] [           main] o.h.b.model.internal.BasicValueBinder    : Starting `BasicValueBinder#fillSimpleValue` for inspectionStatus
2024-04-24T17:02:26.196+05:30 DEBUG 5824 --- [Vehicle Management Module] [           main] o.h.b.model.internal.BasicValueBinder    : Starting `BasicValueBinder#fillSimpleValue` for id
2024-04-24T17:02:26.197+05:30 DEBUG 5824 --- [Vehicle Management Module] [           main] o.h.b.model.internal.BasicValueBinder    : Starting `BasicValueBinder#fillSimpleValue` for FarePerKM
2024-04-24T17:02:26.197+05:30 DEBUG 5824 --- [Vehicle Management Module] [           main] o.h.b.model.internal.BasicValueBinder    : Starting `BasicValueBinder#fillSimpleValue` for MaxPassengersAllowed
2024-04-24T17:02:26.197+05:30 DEBUG 5824 --- [Vehicle Management Module] [           main] o.h.b.model.internal.BasicValueBinder    : Starting `BasicValueBinder#fillSimpleValue` for Type
2024-04-24T17:02:26.197+05:30 DEBUG 5824 --- [Vehicle Management Module] [           main] org.hibernate.mapping.PrimaryKey         : Forcing column [registration_no] to be non-null as it is part of the primary key for table [vechile_details]
2024-04-24T17:02:26.197+05:30 DEBUG 5824 --- [Vehicle Management Module] [           main] org.hibernate.mapping.PrimaryKey         : Forcing column [registration_no] to be non-null as it is part of the primary key for table [vechicles]
2024-04-24T17:02:26.197+05:30 DEBUG 5824 --- [Vehicle Management Module] [           main] org.hibernate.mapping.PrimaryKey         : Forcing column [id] to be non-null as it is part of the primary key for table [vechicle_types]
2024-04-24T17:02:26.197+05:30 DEBUG 5824 --- [Vehicle Management Module] [           main] o.h.boot.model.internal.PropertyBinder   : Building property vehicleDetails
2024-04-24T17:02:26.197+05:30 DEBUG 5824 --- [Vehicle Management Module] [           main] o.h.b.m.internal.CollectionSecondPass    : Second pass for collection: com.cognizant.main.entities.VehicleTypes.vechicles
2024-04-24T17:02:26.198+05:30 DEBUG 5824 --- [Vehicle Management Module] [           main] o.h.b.model.internal.CollectionBinder    : Binding a OneToMany: com.cognizant.main.entities.VehicleTypes.vechicles through a foreign key
2024-04-24T17:02:26.198+05:30 DEBUG 5824 --- [Vehicle Management Module] [           main] o.h.b.model.internal.CollectionBinder    : Mapping collection: com.cognizant.main.entities.VehicleTypes.vechicles -> vechicles
2024-04-24T17:02:26.199+05:30 DEBUG 5824 --- [Vehicle Management Module] [           main] o.h.boot.model.internal.TableBinder      : Retrieving property com.cognizant.main.entities.Vehicles.vehicleTypeId
2024-04-24T17:02:26.199+05:30 DEBUG 5824 --- [Vehicle Management Module] [           main] o.h.b.m.internal.CollectionSecondPass    : Mapped collection key: vechicle_type_id, one-to-many: com.cognizant.main.entities.Vehicles
2024-04-24T17:02:26.199+05:30 DEBUG 5824 --- [Vehicle Management Module] [           main] o.h.b.i.InFlightMetadataCollectorImpl    : Resolving reference to class: com.cognizant.main.entities.VehicleTypes
2024-04-24T17:02:26.212+05:30 DEBUG 5824 --- [Vehicle Management Module] [           main] o.h.b.i.InFlightMetadataCollectorImpl    : Resolving reference to class: com.cognizant.main.entities.VehicleTypes
2024-04-24T17:02:26.214+05:30 DEBUG 5824 --- [Vehicle Management Module] [           main] o.h.b.i.BytecodeProviderInitiator        : HHH000021: Bytecode provider: bytebuddy
2024-04-24T17:02:26.216+05:30 DEBUG 5824 --- [Vehicle Management Module] [           main] o.hibernate.internal.SessionFactoryImpl  : Building session factory
2024-04-24T17:02:26.221+05:30 DEBUG 5824 --- [Vehicle Management Module] [           main] .h.s.i.SessionFactoryServiceRegistryImpl : EventListenerRegistry access via ServiceRegistry is deprecated.  Use `sessionFactory.getEventEngine().getListenerRegistry()` instead
2024-04-24T17:02:26.221+05:30 DEBUG 5824 --- [Vehicle Management Module] [           main] o.hibernate.internal.SessionFactoryImpl  : Instantiating SessionFactory with settings: {java.specification.version=17, sun.cpu.isalist=amd64, hibernate.resource.beans.container=org.springframework.orm.hibernate5.SpringBeanContainer@26309e6f, hibernate.connection.handling_mode=DELAYED_ACQUISITION_AND_HOLD, sun.jnu.encoding=Cp1252, hibernate.dialect=org.hibernate.dialect.H2Dialect, hibernate.implicit_naming_strategy=org.springframework.boot.orm.jpa.hibernate.SpringImplicitNamingStrategy, java.class.path=C:\Users\2318431\Downloads\Ridesharingplatform\target\test-classes;C:\Users\2318431\Downloads\Ridesharingplatform\target\classes;C:\Users\2318431\.m2\repository\org\springframework\boot\spring-boot-starter-data-jpa\3.2.2\spring-boot-starter-data-jpa-3.2.2.jar;C:\Users\2318431\.m2\repository\org\springframework\boot\spring-boot-starter-aop\3.2.2\spring-boot-starter-aop-3.2.2.jar;C:\Users\2318431\.m2\repository\org\springframework\spring-aop\6.1.3\spring-aop-6.1.3.jar;C:\Users\2318431\.m2\repository\org\aspectj\aspectjweaver\1.9.21\aspectjweaver-1.9.21.jar;C:\Users\2318431\.m2\repository\org\springframework\boot\spring-boot-starter-jdbc\3.2.2\spring-boot-starter-jdbc-3.2.2.jar;C:\Users\2318431\.m2\repository\com\zaxxer\HikariCP\5.0.1\HikariCP-5.0.1.jar;C:\Users\2318431\.m2\repository\org\springframework\spring-jdbc\6.1.3\spring-jdbc-6.1.3.jar;C:\Users\2318431\.m2\repository\org\hibernate\orm\hibernate-core\6.4.1.Final\hibernate-core-6.4.1.Final.jar;C:\Users\2318431\.m2\repository\jakarta\persistence\jakarta.persistence-api\3.1.0\jakarta.persistence-api-3.1.0.jar;C:\Users\2318431\.m2\repository\jakarta\transaction\jakarta.transaction-api\2.0.1\jakarta.transaction-api-2.0.1.jar;C:\Users\2318431\.m2\repository\org\jboss\logging\jboss-logging\3.5.3.Final\jboss-logging-3.5.3.Final.jar;C:\Users\2318431\.m2\repository\org\hibernate\common\hibernate-commons-annotations\6.0.6.Final\hibernate-commons-annotations-6.0.6.Final.jar;C:\Users\2318431\.m2\repository\io\smallrye\jandex\3.1.2\jandex-3.1.2.jar;C:\Users\2318431\.m2\repository\com\fasterxml\classmate\1.6.0\classmate-1.6.0.jar;C:\Users\2318431\.m2\repository\net\bytebuddy\byte-buddy\1.14.11\byte-buddy-1.14.11.jar;C:\Users\2318431\.m2\repository\org\glassfish\jaxb\jaxb-runtime\4.0.4\jaxb-runtime-4.0.4.jar;C:\Users\2318431\.m2\repository\org\glassfish\jaxb\jaxb-core\4.0.4\jaxb-core-4.0.4.jar;C:\Users\2318431\.m2\repository\org\eclipse\angus\angus-activation\2.0.1\angus-activation-2.0.1.jar;C:\Users\2318431\.m2\repository\org\glassfish\jaxb\txw2\4.0.4\txw2-4.0.4.jar;C:\Users\2318431\.m2\repository\com\sun\istack\istack-commons-runtime\4.1.2\istack-commons-runtime-4.1.2.jar;C:\Users\2318431\.m2\repository\jakarta\inject\jakarta.inject-api\2.0.1\jakarta.inject-api-2.0.1.jar;C:\Users\2318431\.m2\repository\org\antlr\antlr4-runtime\4.13.0\antlr4-runtime-4.13.0.jar;C:\Users\2318431\.m2\repository\org\springframework\data\spring-data-jpa\3.2.2\spring-data-jpa-3.2.2.jar;C:\Users\2318431\.m2\repository\org\springframework\data\spring-data-commons\3.2.2\spring-data-commons-3.2.2.jar;C:\Users\2318431\.m2\repository\org\springframework\spring-orm\6.1.3\spring-orm-6.1.3.jar;C:\Users\2318431\.m2\repository\org\springframework\spring-context\6.1.3\spring-context-6.1.3.jar;C:\Users\2318431\.m2\repository\org\springframework\spring-tx\6.1.3\spring-tx-6.1.3.jar;C:\Users\2318431\.m2\repository\org\springframework\spring-beans\6.1.3\spring-beans-6.1.3.jar;C:\Users\2318431\.m2\repository\jakarta\annotation\jakarta.annotation-api\2.1.1\jakarta.annotation-api-2.1.1.jar;C:\Users\2318431\.m2\repository\org\slf4j\slf4j-api\2.0.11\slf4j-api-2.0.11.jar;C:\Users\2318431\.m2\repository\org\springframework\spring-aspects\6.1.3\spring-aspects-6.1.3.jar;C:\Users\2318431\.m2\repository\org\springframework\boot\spring-boot-starter-web\3.2.2\spring-boot-starter-web-3.2.2.jar;C:\Users\2318431\.m2\repository\org\springframework\boot\spring-boot-starter\3.2.2\spring-boot-starter-3.2.2.jar;C:\Users\2318431\.m2\repository\org\springframework\boot\spring-boot-starter-logging\3.2.2\spring-boot-starter-logging-3.2.2.jar;C:\Users\2318431\.m2\repository\ch\qos\logback\logback-classic\1.4.14\logback-classic-1.4.14.jar;C:\Users\2318431\.m2\repository\ch\qos\logback\logback-core\1.4.14\logback-core-1.4.14.jar;C:\Users\2318431\.m2\repository\org\apache\logging\log4j\log4j-to-slf4j\2.21.1\log4j-to-slf4j-2.21.1.jar;C:\Users\2318431\.m2\repository\org\apache\logging\log4j\log4j-api\2.21.1\log4j-api-2.21.1.jar;C:\Users\2318431\.m2\repository\org\slf4j\jul-to-slf4j\2.0.11\jul-to-slf4j-2.0.11.jar;C:\Users\2318431\.m2\repository\org\yaml\snakeyaml\2.2\snakeyaml-2.2.jar;C:\Users\2318431\.m2\repository\org\springframework\boot\spring-boot-starter-json\3.2.2\spring-boot-starter-json-3.2.2.jar;C:\Users\2318431\.m2\repository\com\fasterxml\jackson\core\jackson-databind\2.15.3\jackson-databind-2.15.3.jar;C:\Users\2318431\.m2\repository\com\fasterxml\jackson\datatype\jackson-datatype-jdk8\2.15.3\jackson-datatype-jdk8-2.15.3.jar;C:\Users\2318431\.m2\repository\com\fasterxml\jackson\datatype\jackson-datatype-jsr310\2.15.3\jackson-datatype-jsr310-2.15.3.jar;C:\Users\2318431\.m2\repository\com\fasterxml\jackson\module\jackson-module-parameter-names\2.15.3\jackson-module-parameter-names-2.15.3.jar;C:\Users\2318431\.m2\repository\org\springframework\boot\spring-boot-starter-tomcat\3.2.2\spring-boot-starter-tomcat-3.2.2.jar;C:\Users\2318431\.m2\repository\org\apache\tomcat\embed\tomcat-embed-core\10.1.18\tomcat-embed-core-10.1.18.jar;C:\Users\2318431\.m2\repository\org\apache\tomcat\embed\tomcat-embed-el\10.1.18\tomcat-embed-el-10.1.18.jar;C:\Users\2318431\.m2\repository\org\apache\tomcat\embed\tomcat-embed-websocket\10.1.18\tomcat-embed-websocket-10.1.18.jar;C:\Users\2318431\.m2\repository\org\springframework\spring-web\6.1.3\spring-web-6.1.3.jar;C:\Users\2318431\.m2\repository\io\micrometer\micrometer-observation\1.12.2\micrometer-observation-1.12.2.jar;C:\Users\2318431\.m2\repository\io\micrometer\micrometer-commons\1.12.2\micrometer-commons-1.12.2.jar;C:\Users\2318431\.m2\repository\org\springframework\spring-webmvc\6.1.3\spring-webmvc-6.1.3.jar;C:\Users\2318431\.m2\repository\org\springframework\spring-expression\6.1.3\spring-expression-6.1.3.jar;C:\Users\2318431\.m2\repository\org\springframework\boot\spring-boot-devtools\3.2.2\spring-boot-devtools-3.2.2.jar;C:\Users\2318431\.m2\repository\org\springframework\boot\spring-boot\3.2.2\spring-boot-3.2.2.jar;C:\Users\2318431\.m2\repository\org\springframework\boot\spring-boot-autoconfigure\3.2.2\spring-boot-autoconfigure-3.2.2.jar;C:\Users\2318431\.m2\repository\com\h2database\h2\2.2.224\h2-2.2.224.jar;C:\Users\2318431\.m2\repository\org\springframework\boot\spring-boot-starter-test\3.2.2\spring-boot-starter-test-3.2.2.jar;C:\Users\2318431\.m2\repository\org\springframework\boot\spring-boot-test\3.2.2\spring-boot-test-3.2.2.jar;C:\Users\2318431\.m2\repository\org\springframework\boot\spring-boot-test-autoconfigure\3.2.2\spring-boot-test-autoconfigure-3.2.2.jar;C:\Users\2318431\.m2\repository\com\jayway\jsonpath\json-path\2.8.0\json-path-2.8.0.jar;C:\Users\2318431\.m2\repository\jakarta\xml\bind\jakarta.xml.bind-api\4.0.1\jakarta.xml.bind-api-4.0.1.jar;C:\Users\2318431\.m2\repository\jakarta\activation\jakarta.activation-api\2.1.2\jakarta.activation-api-2.1.2.jar;C:\Users\2318431\.m2\repository\net\minidev\json-smart\2.5.0\json-smart-2.5.0.jar;C:\Users\2318431\.m2\repository\net\minidev\accessors-smart\2.5.0\accessors-smart-2.5.0.jar;C:\Users\2318431\.m2\repository\org\ow2\asm\asm\9.3\asm-9.3.jar;C:\Users\2318431\.m2\repository\org\assertj\assertj-core\3.24.2\assertj-core-3.24.2.jar;C:\Users\2318431\.m2\repository\org\awaitility\awaitility\4.2.0\awaitility-4.2.0.jar;C:\Users\2318431\.m2\repository\org\hamcrest\hamcrest\2.2\hamcrest-2.2.jar;C:\Users\2318431\.m2\repository\org\junit\jupiter\junit-jupiter\5.10.1\junit-jupiter-5.10.1.jar;C:\Users\2318431\.m2\repository\org\junit\jupiter\junit-jupiter-api\5.10.1\junit-jupiter-api-5.10.1.jar;C:\Users\2318431\.m2\repository\org\opentest4j\opentest4j\1.3.0\opentest4j-1.3.0.jar;C:\Users\2318431\.m2\repository\org\junit\platform\junit-platform-commons\1.10.1\junit-platform-commons-1.10.1.jar;C:\Users\2318431\.m2\repository\org\apiguardian\apiguardian-api\1.1.2\apiguardian-api-1.1.2.jar;C:\Users\2318431\.m2\repository\org\junit\jupiter\junit-jupiter-params\5.10.1\junit-jupiter-params-5.10.1.jar;C:\Users\2318431\.m2\repository\org\junit\jupiter\junit-jupiter-engine\5.10.1\junit-jupiter-engine-5.10.1.jar;C:\Users\2318431\.m2\repository\org\junit\platform\junit-platform-engine\1.10.1\junit-platform-engine-1.10.1.jar;C:\Users\2318431\.m2\repository\org\mockito\mockito-core\5.7.0\mockito-core-5.7.0.jar;C:\Users\2318431\.m2\repository\net\bytebuddy\byte-buddy-agent\1.14.11\byte-buddy-agent-1.14.11.jar;C:\Users\2318431\.m2\repository\org\objenesis\objenesis\3.3\objenesis-3.3.jar;C:\Users\2318431\.m2\repository\org\mockito\mockito-junit-jupiter\5.7.0\mockito-junit-jupiter-5.7.0.jar;C:\Users\2318431\.m2\repository\org\skyscreamer\jsonassert\1.5.1\jsonassert-1.5.1.jar;C:\Users\2318431\.m2\repository\com\vaadin\external\google\android-json\0.0.20131108.vaadin1\android-json-0.0.20131108.vaadin1.jar;C:\Users\2318431\.m2\repository\org\springframework\spring-core\6.1.3\spring-core-6.1.3.jar;C:\Users\2318431\.m2\repository\org\springframework\spring-jcl\6.1.3\spring-jcl-6.1.3.jar;C:\Users\2318431\.m2\repository\org\springframework\spring-test\6.1.3\spring-test-6.1.3.jar;C:\Users\2318431\.m2\repository\org\xmlunit\xmlunit-core\2.9.1\xmlunit-core-2.9.1.jar;C:\Users\2318431\.m2\repository\org\springdoc\springdoc-openapi-starter-webmvc-ui\2.4.0\springdoc-openapi-starter-webmvc-ui-2.4.0.jar;C:\Users\2318431\.m2\repository\org\springdoc\springdoc-openapi-starter-webmvc-api\2.4.0\springdoc-openapi-starter-webmvc-api-2.4.0.jar;C:\Users\2318431\.m2\repository\org\springdoc\springdoc-openapi-starter-common\2.4.0\springdoc-openapi-starter-common-2.4.0.jar;C:\Users\2318431\.m2\repository\io\swagger\core\v3\swagger-core-jakarta\2.2.20\swagger-core-jakarta-2.2.20.jar;C:\Users\2318431\.m2\repository\org\apache\commons\commons-lang3\3.13.0\commons-lang3-3.13.0.jar;C:\Users\2318431\.m2\repository\io\swagger\core\v3\swagger-annotations-jakarta\2.2.20\swagger-annotations-jakarta-2.2.20.jar;C:\Users\2318431\.m2\repository\io\swagger\core\v3\swagger-models-jakarta\2.2.20\swagger-models-jakarta-2.2.20.jar;C:\Users\2318431\.m2\repository\com\fasterxml\jackson\dataformat\jackson-dataformat-yaml\2.15.3\jackson-dataformat-yaml-2.15.3.jar;C:\Users\2318431\.m2\repository\org\webjars\swagger-ui\5.11.8\swagger-ui-5.11.8.jar;C:\Users\2318431\.m2\repository\jakarta\validation\jakarta.validation-api\3.0.2\jakarta.validation-api-3.0.2.jar;C:\Users\2318431\.m2\repository\org\projectlombok\lombok\1.18.30\lombok-1.18.30.jar;C:\Users\2318431\.m2\repository\org\springframework\cloud\spring-cloud-starter\4.1.2\spring-cloud-starter-4.1.2.jar;C:\Users\2318431\.m2\repository\org\springframework\cloud\spring-cloud-context\4.1.2\spring-cloud-context-4.1.2.jar;C:\Users\2318431\.m2\repository\org\springframework\security\spring-security-crypto\6.2.1\spring-security-crypto-6.2.1.jar;C:\Users\2318431\.m2\repository\org\springframework\cloud\spring-cloud-commons\4.1.2\spring-cloud-commons-4.1.2.jar;C:\Users\2318431\.m2\repository\org\springframework\security\spring-security-rsa\1.1.2\spring-security-rsa-1.1.2.jar;C:\Users\2318431\.m2\repository\org\bouncycastle\bcprov-jdk18on\1.77\bcprov-jdk18on-1.77.jar;C:\Users\2318431\.m2\repository\org\springframework\cloud\spring-cloud-starter-netflix-eureka-client\4.1.1\spring-cloud-starter-netflix-eureka-client-4.1.1.jar;C:\Users\2318431\.m2\repository\org\springframework\cloud\spring-cloud-netflix-eureka-client\4.1.1\spring-cloud-netflix-eureka-client-4.1.1.jar;C:\Users\2318431\.m2\repository\org\apache\httpcomponents\client5\httpclient5\5.2.3\httpclient5-5.2.3.jar;C:\Users\2318431\.m2\repository\org\apache\httpcomponents\core5\httpcore5\5.2.4\httpcore5-5.2.4.jar;C:\Users\2318431\.m2\repository\org\apache\httpcomponents\core5\httpcore5-h2\5.2.4\httpcore5-h2-5.2.4.jar;C:\Users\2318431\.m2\repository\com\netflix\eureka\eureka-client\2.0.2\eureka-client-2.0.2.jar;C:\Users\2318431\.m2\repository\com\netflix\netflix-commons\netflix-eventbus\0.3.0\netflix-eventbus-0.3.0.jar;C:\Users\2318431\.m2\repository\com\netflix\netflix-commons\netflix-infix\0.3.0\netflix-infix-0.3.0.jar;C:\Users\2318431\.m2\repository\commons-jxpath\commons-jxpath\1.3\commons-jxpath-1.3.jar;C:\Users\2318431\.m2\repository\joda-time\joda-time\2.3\joda-time-2.3.jar;C:\Users\2318431\.m2\repository\org\antlr\antlr-runtime\3.4\antlr-runtime-3.4.jar;C:\Users\2318431\.m2\repository\org\antlr\stringtemplate\3.2.1\stringtemplate-3.2.1.jar;C:\Users\2318431\.m2\repository\antlr\antlr\2.7.7\antlr-2.7.7.jar;C:\Users\2318431\.m2\repository\com\google\code\gson\gson\2.10.1\gson-2.10.1.jar;C:\Users\2318431\.m2\repository\org\apache\commons\commons-math\2.2\commons-math-2.2.jar;C:\Users\2318431\.m2\repository\com\thoughtworks\xstream\xstream\1.4.19\xstream-1.4.19.jar;C:\Users\2318431\.m2\repository\io\github\x-stream\mxparser\1.2.2\mxparser-1.2.2.jar;C:\Users\2318431\.m2\repository\xmlpull\xmlpull\1.1.3.1\xmlpull-1.1.3.1.jar;C:\Users\2318431\.m2\repository\jakarta\ws\rs\jakarta.ws.rs-api\3.1.0\jakarta.ws.rs-api-3.1.0.jar;C:\Users\2318431\.m2\repository\com\netflix\servo\servo-core\0.12.21\servo-core-0.12.21.jar;C:\Users\2318431\.m2\repository\com\google\guava\guava\19.0\guava-19.0.jar;C:\Users\2318431\.m2\repository\org\apache\httpcomponents\httpclient\4.5.3\httpclient-4.5.3.jar;C:\Users\2318431\.m2\repository\org\apache\httpcomponents\httpcore\4.4.16\httpcore-4.4.16.jar;C:\Users\2318431\.m2\repository\commons-codec\commons-codec\1.16.0\commons-codec-1.16.0.jar;C:\Users\2318431\.m2\repository\commons-configuration\commons-configuration\1.10\commons-configuration-1.10.jar;C:\Users\2318431\.m2\repository\commons-lang\commons-lang\2.6\commons-lang-2.6.jar;C:\Users\2318431\.m2\repository\com\fasterxml\jackson\core\jackson-annotations\2.15.3\jackson-annotations-2.15.3.jar;C:\Users\2318431\.m2\repository\com\fasterxml\jackson\core\jackson-core\2.15.3\jackson-core-2.15.3.jar;C:\Users\2318431\.m2\repository\org\codehaus\jettison\jettison\1.5.4\jettison-1.5.4.jar;C:\Users\2318431\.m2\repository\com\netflix\eureka\eureka-core\2.0.2\eureka-core-2.0.2.jar;C:\Users\2318431\.m2\repository\com\fasterxml\woodstox\woodstox-core\6.2.1\woodstox-core-6.2.1.jar;C:\Users\2318431\.m2\repository\org\codehaus\woodstox\stax2-api\4.2.1\stax2-api-4.2.1.jar;C:\Users\2318431\.m2\repository\org\springframework\cloud\spring-cloud-starter-loadbalancer\4.1.2\spring-cloud-starter-loadbalancer-4.1.2.jar;C:\Users\2318431\.m2\repository\org\springframework\cloud\spring-cloud-loadbalancer\4.1.2\spring-cloud-loadbalancer-4.1.2.jar;C:\Users\2318431\.m2\repository\io\projectreactor\reactor-core\3.6.2\reactor-core-3.6.2.jar;C:\Users\2318431\.m2\repository\org\reactivestreams\reactive-streams\1.0.4\reactive-streams-1.0.4.jar;C:\Users\2318431\.m2\repository\io\projectreactor\addons\reactor-extra\3.5.1\reactor-extra-3.5.1.jar;C:\Users\2318431\.m2\repository\org\springframework\boot\spring-boot-starter-cache\3.2.2\spring-boot-starter-cache-3.2.2.jar;C:\Users\2318431\.m2\repository\org\springframework\spring-context-support\6.1.3\spring-context-support-6.1.3.jar;C:\Users\2318431\.m2\repository\com\stoyanr\evictor\1.0.0\evictor-1.0.0.jar;, java.vm.vendor=Eclipse Adoptium, sun.arch.data.model=64, user.variant=, java.vendor.url=https://adoptium.net/, user.timezone=Asia/Calcutta, jakarta.persistence.sharedCache.mode=UNSPECIFIED, org.jboss.logging.provider=slf4j, java.vm.specification.version=17, os.name=Windows 11, jakarta.persistence.nonJtaDataSource=org.springframework.jdbc.datasource.embedded.EmbeddedDatabaseFactory$EmbeddedDataSourceProxy@30decae, sun.java.launcher=SUN_STANDARD, user.country=IN, sun.boot.library.path=C:\Users\2318431\Downloads\sts-4.21.1.RELEASE\plugins\org.eclipse.justj.openjdk.hotspot.jre.full.win32.x86_64_17.0.10.v20240120-1143\jre\bin, sun.java.command=C:\Users\2318431\AppData\Local\Temp\surefire11695190849379645671\surefirebooter-20240424170201165_3.jar C:\Users\2318431\AppData\Local\Temp\surefire11695190849379645671 2024-04-24T17-02-00_144-jvmRun1 surefire-20240424170201165_1tmp surefire_0-20240424170201165_2tmp, javax.persistence.nonJtaDataSource=org.springframework.jdbc.datasource.embedded.EmbeddedDatabaseFactory$EmbeddedDataSourceProxy@30decae, hibernate.transaction.jta.platform=org.hibernate.engine.transaction.jta.platform.internal.NoJtaPlatform@1db8ec3, jdk.debug=release, surefire.test.class.path=C:\Users\2318431\Downloads\Ridesharingplatform\target\test-classes;C:\Users\2318431\Downloads\Ridesharingplatform\target\classes;C:\Users\2318431\.m2\repository\org\springframework\boot\spring-boot-starter-data-jpa\3.2.2\spring-boot-starter-data-jpa-3.2.2.jar;C:\Users\2318431\.m2\repository\org\springframework\boot\spring-boot-starter-aop\3.2.2\spring-boot-starter-aop-3.2.2.jar;C:\Users\2318431\.m2\repository\org\springframework\spring-aop\6.1.3\spring-aop-6.1.3.jar;C:\Users\2318431\.m2\repository\org\aspectj\aspectjweaver\1.9.21\aspectjweaver-1.9.21.jar;C:\Users\2318431\.m2\repository\org\springframework\boot\spring-boot-starter-jdbc\3.2.2\spring-boot-starter-jdbc-3.2.2.jar;C:\Users\2318431\.m2\repository\com\zaxxer\HikariCP\5.0.1\HikariCP-5.0.1.jar;C:\Users\2318431\.m2\repository\org\springframework\spring-jdbc\6.1.3\spring-jdbc-6.1.3.jar;C:\Users\2318431\.m2\repository\org\hibernate\orm\hibernate-core\6.4.1.Final\hibernate-core-6.4.1.Final.jar;C:\Users\2318431\.m2\repository\jakarta\persistence\jakarta.persistence-api\3.1.0\jakarta.persistence-api-3.1.0.jar;C:\Users\2318431\.m2\repository\jakarta\transaction\jakarta.transaction-api\2.0.1\jakarta.transaction-api-2.0.1.jar;C:\Users\2318431\.m2\repository\org\jboss\logging\jboss-logging\3.5.3.Final\jboss-logging-3.5.3.Final.jar;C:\Users\2318431\.m2\repository\org\hibernate\common\hibernate-commons-annotations\6.0.6.Final\hibernate-commons-annotations-6.0.6.Final.jar;C:\Users\2318431\.m2\repository\io\smallrye\jandex\3.1.2\jandex-3.1.2.jar;C:\Users\2318431\.m2\repository\com\fasterxml\classmate\1.6.0\classmate-1.6.0.jar;C:\Users\2318431\.m2\repository\net\bytebuddy\byte-buddy\1.14.11\byte-buddy-1.14.11.jar;C:\Users\2318431\.m2\repository\org\glassfish\jaxb\jaxb-runtime\4.0.4\jaxb-runtime-4.0.4.jar;C:\Users\2318431\.m2\repository\org\glassfish\jaxb\jaxb-core\4.0.4\jaxb-core-4.0.4.jar;C:\Users\2318431\.m2\repository\org\eclipse\angus\angus-activation\2.0.1\angus-activation-2.0.1.jar;C:\Users\2318431\.m2\repository\org\glassfish\jaxb\txw2\4.0.4\txw2-4.0.4.jar;C:\Users\2318431\.m2\repository\com\sun\istack\istack-commons-runtime\4.1.2\istack-commons-runtime-4.1.2.jar;C:\Users\2318431\.m2\repository\jakarta\inject\jakarta.inject-api\2.0.1\jakarta.inject-api-2.0.1.jar;C:\Users\2318431\.m2\repository\org\antlr\antlr4-runtime\4.13.0\antlr4-runtime-4.13.0.jar;C:\Users\2318431\.m2\repository\org\springframework\data\spring-data-jpa\3.2.2\spring-data-jpa-3.2.2.jar;C:\Users\2318431\.m2\repository\org\springframework\data\spring-data-commons\3.2.2\spring-data-commons-3.2.2.jar;C:\Users\2318431\.m2\repository\org\springframework\spring-orm\6.1.3\spring-orm-6.1.3.jar;C:\Users\2318431\.m2\repository\org\springframework\spring-context\6.1.3\spring-context-6.1.3.jar;C:\Users\2318431\.m2\repository\org\springframework\spring-tx\6.1.3\spring-tx-6.1.3.jar;C:\Users\2318431\.m2\repository\org\springframework\spring-beans\6.1.3\spring-beans-6.1.3.jar;C:\Users\2318431\.m2\repository\jakarta\annotation\jakarta.annotation-api\2.1.1\jakarta.annotation-api-2.1.1.jar;C:\Users\2318431\.m2\repository\org\slf4j\slf4j-api\2.0.11\slf4j-api-2.0.11.jar;C:\Users\2318431\.m2\repository\org\springframework\spring-aspects\6.1.3\spring-aspects-6.1.3.jar;C:\Users\2318431\.m2\repository\org\springframework\boot\spring-boot-starter-web\3.2.2\spring-boot-starter-web-3.2.2.jar;C:\Users\2318431\.m2\repository\org\springframework\boot\spring-boot-starter\3.2.2\spring-boot-starter-3.2.2.jar;C:\Users\2318431\.m2\repository\org\springframework\boot\spring-boot-starter-logging\3.2.2\spring-boot-starter-logging-3.2.2.jar;C:\Users\2318431\.m2\repository\ch\qos\logback\logback-classic\1.4.14\logback-classic-1.4.14.jar;C:\Users\2318431\.m2\repository\ch\qos\logback\logback-core\1.4.14\logback-core-1.4.14.jar;C:\Users\2318431\.m2\repository\org\apache\logging\log4j\log4j-to-slf4j\2.21.1\log4j-to-slf4j-2.21.1.jar;C:\Users\2318431\.m2\repository\org\apache\logging\log4j\log4j-api\2.21.1\log4j-api-2.21.1.jar;C:\Users\2318431\.m2\repository\org\slf4j\jul-to-slf4j\2.0.11\jul-to-slf4j-2.0.11.jar;C:\Users\2318431\.m2\repository\org\yaml\snakeyaml\2.2\snakeyaml-2.2.jar;C:\Users\2318431\.m2\repository\org\springframework\boot\spring-boot-starter-json\3.2.2\spring-boot-starter-json-3.2.2.jar;C:\Users\2318431\.m2\repository\com\fasterxml\jackson\core\jackson-databind\2.15.3\jackson-databind-2.15.3.jar;C:\Users\2318431\.m2\repository\com\fasterxml\jackson\datatype\jackson-datatype-jdk8\2.15.3\jackson-datatype-jdk8-2.15.3.jar;C:\Users\2318431\.m2\repository\com\fasterxml\jackson\datatype\jackson-datatype-jsr310\2.15.3\jackson-datatype-jsr310-2.15.3.jar;C:\Users\2318431\.m2\repository\com\fasterxml\jackson\module\jackson-module-parameter-names\2.15.3\jackson-module-parameter-names-2.15.3.jar;C:\Users\2318431\.m2\repository\org\springframework\boot\spring-boot-starter-tomcat\3.2.2\spring-boot-starter-tomcat-3.2.2.jar;C:\Users\2318431\.m2\repository\org\apache\tomcat\embed\tomcat-embed-core\10.1.18\tomcat-embed-core-10.1.18.jar;C:\Users\2318431\.m2\repository\org\apache\tomcat\embed\tomcat-embed-el\10.1.18\tomcat-embed-el-10.1.18.jar;C:\Users\2318431\.m2\repository\org\apache\tomcat\embed\tomcat-embed-websocket\10.1.18\tomcat-embed-websocket-10.1.18.jar;C:\Users\2318431\.m2\repository\org\springframework\spring-web\6.1.3\spring-web-6.1.3.jar;C:\Users\2318431\.m2\repository\io\micrometer\micrometer-observation\1.12.2\micrometer-observation-1.12.2.jar;C:\Users\2318431\.m2\repository\io\micrometer\micrometer-commons\1.12.2\micrometer-commons-1.12.2.jar;C:\Users\2318431\.m2\repository\org\springframework\spring-webmvc\6.1.3\spring-webmvc-6.1.3.jar;C:\Users\2318431\.m2\repository\org\springframework\spring-expression\6.1.3\spring-expression-6.1.3.jar;C:\Users\2318431\.m2\repository\org\springframework\boot\spring-boot-devtools\3.2.2\spring-boot-devtools-3.2.2.jar;C:\Users\2318431\.m2\repository\org\springframework\boot\spring-boot\3.2.2\spring-boot-3.2.2.jar;C:\Users\2318431\.m2\repository\org\springframework\boot\spring-boot-autoconfigure\3.2.2\spring-boot-autoconfigure-3.2.2.jar;C:\Users\2318431\.m2\repository\com\h2database\h2\2.2.224\h2-2.2.224.jar;C:\Users\2318431\.m2\repository\org\springframework\boot\spring-boot-starter-test\3.2.2\spring-boot-starter-test-3.2.2.jar;C:\Users\2318431\.m2\repository\org\springframework\boot\spring-boot-test\3.2.2\spring-boot-test-3.2.2.jar;C:\Users\2318431\.m2\repository\org\springframework\boot\spring-boot-test-autoconfigure\3.2.2\spring-boot-test-autoconfigure-3.2.2.jar;C:\Users\2318431\.m2\repository\com\jayway\jsonpath\json-path\2.8.0\json-path-2.8.0.jar;C:\Users\2318431\.m2\repository\jakarta\xml\bind\jakarta.xml.bind-api\4.0.1\jakarta.xml.bind-api-4.0.1.jar;C:\Users\2318431\.m2\repository\jakarta\activation\jakarta.activation-api\2.1.2\jakarta.activation-api-2.1.2.jar;C:\Users\2318431\.m2\repository\net\minidev\json-smart\2.5.0\json-smart-2.5.0.jar;C:\Users\2318431\.m2\repository\net\minidev\accessors-smart\2.5.0\accessors-smart-2.5.0.jar;C:\Users\2318431\.m2\repository\org\ow2\asm\asm\9.3\asm-9.3.jar;C:\Users\2318431\.m2\repository\org\assertj\assertj-core\3.24.2\assertj-core-3.24.2.jar;C:\Users\2318431\.m2\repository\org\awaitility\awaitility\4.2.0\awaitility-4.2.0.jar;C:\Users\2318431\.m2\repository\org\hamcrest\hamcrest\2.2\hamcrest-2.2.jar;C:\Users\2318431\.m2\repository\org\junit\jupiter\junit-jupiter\5.10.1\junit-jupiter-5.10.1.jar;C:\Users\2318431\.m2\repository\org\junit\jupiter\junit-jupiter-api\5.10.1\junit-jupiter-api-5.10.1.jar;C:\Users\2318431\.m2\repository\org\opentest4j\opentest4j\1.3.0\opentest4j-1.3.0.jar;C:\Users\2318431\.m2\repository\org\junit\platform\junit-platform-commons\1.10.1\junit-platform-commons-1.10.1.jar;C:\Users\2318431\.m2\repository\org\apiguardian\apiguardian-api\1.1.2\apiguardian-api-1.1.2.jar;C:\Users\2318431\.m2\repository\org\junit\jupiter\junit-jupiter-params\5.10.1\junit-jupiter-params-5.10.1.jar;C:\Users\2318431\.m2\repository\org\junit\jupiter\junit-jupiter-engine\5.10.1\junit-jupiter-engine-5.10.1.jar;C:\Users\2318431\.m2\repository\org\junit\platform\junit-platform-engine\1.10.1\junit-platform-engine-1.10.1.jar;C:\Users\2318431\.m2\repository\org\mockito\mockito-core\5.7.0\mockito-core-5.7.0.jar;C:\Users\2318431\.m2\repository\net\bytebuddy\byte-buddy-agent\1.14.11\byte-buddy-agent-1.14.11.jar;C:\Users\2318431\.m2\repository\org\objenesis\objenesis\3.3\objenesis-3.3.jar;C:\Users\2318431\.m2\repository\org\mockito\mockito-junit-jupiter\5.7.0\mockito-junit-jupiter-5.7.0.jar;C:\Users\2318431\.m2\repository\org\skyscreamer\jsonassert\1.5.1\jsonassert-1.5.1.jar;C:\Users\2318431\.m2\repository\com\vaadin\external\google\android-json\0.0.20131108.vaadin1\android-json-0.0.20131108.vaadin1.jar;C:\Users\2318431\.m2\repository\org\springframework\spring-core\6.1.3\spring-core-6.1.3.jar;C:\Users\2318431\.m2\repository\org\springframework\spring-jcl\6.1.3\spring-jcl-6.1.3.jar;C:\Users\2318431\.m2\repository\org\springframework\spring-test\6.1.3\spring-test-6.1.3.jar;C:\Users\2318431\.m2\repository\org\xmlunit\xmlunit-core\2.9.1\xmlunit-core-2.9.1.jar;C:\Users\2318431\.m2\repository\org\springdoc\springdoc-openapi-starter-webmvc-ui\2.4.0\springdoc-openapi-starter-webmvc-ui-2.4.0.jar;C:\Users\2318431\.m2\repository\org\springdoc\springdoc-openapi-starter-webmvc-api\2.4.0\springdoc-openapi-starter-webmvc-api-2.4.0.jar;C:\Users\2318431\.m2\repository\org\springdoc\springdoc-openapi-starter-common\2.4.0\springdoc-openapi-starter-common-2.4.0.jar;C:\Users\2318431\.m2\repository\io\swagger\core\v3\swagger-core-jakarta\2.2.20\swagger-core-jakarta-2.2.20.jar;C:\Users\2318431\.m2\repository\org\apache\commons\commons-lang3\3.13.0\commons-lang3-3.13.0.jar;C:\Users\2318431\.m2\repository\io\swagger\core\v3\swagger-annotations-jakarta\2.2.20\swagger-annotations-jakarta-2.2.20.jar;C:\Users\2318431\.m2\repository\io\swagger\core\v3\swagger-models-jakarta\2.2.20\swagger-models-jakarta-2.2.20.jar;C:\Users\2318431\.m2\repository\com\fasterxml\jackson\dataformat\jackson-dataformat-yaml\2.15.3\jackson-dataformat-yaml-2.15.3.jar;C:\Users\2318431\.m2\repository\org\webjars\swagger-ui\5.11.8\swagger-ui-5.11.8.jar;C:\Users\2318431\.m2\repository\jakarta\validation\jakarta.validation-api\3.0.2\jakarta.validation-api-3.0.2.jar;C:\Users\2318431\.m2\repository\org\projectlombok\lombok\1.18.30\lombok-1.18.30.jar;C:\Users\2318431\.m2\repository\org\springframework\cloud\spring-cloud-starter\4.1.2\spring-cloud-starter-4.1.2.jar;C:\Users\2318431\.m2\repository\org\springframework\cloud\spring-cloud-context\4.1.2\spring-cloud-context-4.1.2.jar;C:\Users\2318431\.m2\repository\org\springframework\security\spring-security-crypto\6.2.1\spring-security-crypto-6.2.1.jar;C:\Users\2318431\.m2\repository\org\springframework\cloud\spring-cloud-commons\4.1.2\spring-cloud-commons-4.1.2.jar;C:\Users\2318431\.m2\repository\org\springframework\security\spring-security-rsa\1.1.2\spring-security-rsa-1.1.2.jar;C:\Users\2318431\.m2\repository\org\bouncycastle\bcprov-jdk18on\1.77\bcprov-jdk18on-1.77.jar;C:\Users\2318431\.m2\repository\org\springframework\cloud\spring-cloud-starter-netflix-eureka-client\4.1.1\spring-cloud-starter-netflix-eureka-client-4.1.1.jar;C:\Users\2318431\.m2\repository\org\springframework\cloud\spring-cloud-netflix-eureka-client\4.1.1\spring-cloud-netflix-eureka-client-4.1.1.jar;C:\Users\2318431\.m2\repository\org\apache\httpcomponents\client5\httpclient5\5.2.3\httpclient5-5.2.3.jar;C:\Users\2318431\.m2\repository\org\apache\httpcomponents\core5\httpcore5\5.2.4\httpcore5-5.2.4.jar;C:\Users\2318431\.m2\repository\org\apache\httpcomponents\core5\httpcore5-h2\5.2.4\httpcore5-h2-5.2.4.jar;C:\Users\2318431\.m2\repository\com\netflix\eureka\eureka-client\2.0.2\eureka-client-2.0.2.jar;C:\Users\2318431\.m2\repository\com\netflix\netflix-commons\netflix-eventbus\0.3.0\netflix-eventbus-0.3.0.jar;C:\Users\2318431\.m2\repository\com\netflix\netflix-commons\netflix-infix\0.3.0\netflix-infix-0.3.0.jar;C:\Users\2318431\.m2\repository\commons-jxpath\commons-jxpath\1.3\commons-jxpath-1.3.jar;C:\Users\2318431\.m2\repository\joda-time\joda-time\2.3\joda-time-2.3.jar;C:\Users\2318431\.m2\repository\org\antlr\antlr-runtime\3.4\antlr-runtime-3.4.jar;C:\Users\2318431\.m2\repository\org\antlr\stringtemplate\3.2.1\stringtemplate-3.2.1.jar;C:\Users\2318431\.m2\repository\antlr\antlr\2.7.7\antlr-2.7.7.jar;C:\Users\2318431\.m2\repository\com\google\code\gson\gson\2.10.1\gson-2.10.1.jar;C:\Users\2318431\.m2\repository\org\apache\commons\commons-math\2.2\commons-math-2.2.jar;C:\Users\2318431\.m2\repository\com\thoughtworks\xstream\xstream\1.4.19\xstream-1.4.19.jar;C:\Users\2318431\.m2\repository\io\github\x-stream\mxparser\1.2.2\mxparser-1.2.2.jar;C:\Users\2318431\.m2\repository\xmlpull\xmlpull\1.1.3.1\xmlpull-1.1.3.1.jar;C:\Users\2318431\.m2\repository\jakarta\ws\rs\jakarta.ws.rs-api\3.1.0\jakarta.ws.rs-api-3.1.0.jar;C:\Users\2318431\.m2\repository\com\netflix\servo\servo-core\0.12.21\servo-core-0.12.21.jar;C:\Users\2318431\.m2\repository\com\google\guava\guava\19.0\guava-19.0.jar;C:\Users\2318431\.m2\repository\org\apache\httpcomponents\httpclient\4.5.3\httpclient-4.5.3.jar;C:\Users\2318431\.m2\repository\org\apache\httpcomponents\httpcore\4.4.16\httpcore-4.4.16.jar;C:\Users\2318431\.m2\repository\commons-codec\commons-codec\1.16.0\commons-codec-1.16.0.jar;C:\Users\2318431\.m2\repository\commons-configuration\commons-configuration\1.10\commons-configuration-1.10.jar;C:\Users\2318431\.m2\repository\commons-lang\commons-lang\2.6\commons-lang-2.6.jar;C:\Users\2318431\.m2\repository\com\fasterxml\jackson\core\jackson-annotations\2.15.3\jackson-annotations-2.15.3.jar;C:\Users\2318431\.m2\repository\com\fasterxml\jackson\core\jackson-core\2.15.3\jackson-core-2.15.3.jar;C:\Users\2318431\.m2\repository\org\codehaus\jettison\jettison\1.5.4\jettison-1.5.4.jar;C:\Users\2318431\.m2\repository\com\netflix\eureka\eureka-core\2.0.2\eureka-core-2.0.2.jar;C:\Users\2318431\.m2\repository\com\fasterxml\woodstox\woodstox-core\6.2.1\woodstox-core-6.2.1.jar;C:\Users\2318431\.m2\repository\org\codehaus\woodstox\stax2-api\4.2.1\stax2-api-4.2.1.jar;C:\Users\2318431\.m2\repository\org\springframework\cloud\spring-cloud-starter-loadbalancer\4.1.2\spring-cloud-starter-loadbalancer-4.1.2.jar;C:\Users\2318431\.m2\repository\org\springframework\cloud\spring-cloud-loadbalancer\4.1.2\spring-cloud-loadbalancer-4.1.2.jar;C:\Users\2318431\.m2\repository\io\projectreactor\reactor-core\3.6.2\reactor-core-3.6.2.jar;C:\Users\2318431\.m2\repository\org\reactivestreams\reactive-streams\1.0.4\reactive-streams-1.0.4.jar;C:\Users\2318431\.m2\repository\io\projectreactor\addons\reactor-extra\3.5.1\reactor-extra-3.5.1.jar;C:\Users\2318431\.m2\repository\org\springframework\boot\spring-boot-starter-cache\3.2.2\spring-boot-starter-cache-3.2.2.jar;C:\Users\2318431\.m2\repository\org\springframework\spring-context-support\6.1.3\spring-context-support-6.1.3.jar;C:\Users\2318431\.m2\repository\com\stoyanr\evictor\1.0.0\evictor-1.0.0.jar;, sun.cpu.endian=little, hibernate.cdi.extensions=true, user.home=C:\Users\2318431, user.language=en, java.specification.vendor=Oracle Corporation, java.version.date=2024-01-16, java.home=C:\Users\2318431\Downloads\sts-4.21.1.RELEASE\plugins\org.eclipse.justj.openjdk.hotspot.jre.full.win32.x86_64_17.0.10.v20240120-1143\jre, file.separator=\, basedir=C:\Users\2318431\Downloads\Ridesharingplatform, style.color=always, java.vm.compressedOopsMode=Zero based, line.separator=
, hibernate.persistenceUnitName=default, java.vm.specification.vendor=Oracle Corporation, java.specification.name=Java Platform API Specification, FILE_LOG_CHARSET=windows-1252, hibernate.transaction.coordinator_class=class org.hibernate.resource.transaction.backend.jdbc.internal.JdbcResourceLocalTransactionCoordinatorBuilderImpl, java.awt.headless=true, surefire.real.class.path=C:\Users\2318431\AppData\Local\Temp\surefire11695190849379645671\surefirebooter-20240424170201165_3.jar, jakarta.persistence.validation.mode=AUTO, hibernate.hbm2ddl.auto=update, user.script=, sun.management.compiler=HotSpot 64-Bit Tiered Compilers, java.runtime.version=17.0.10+7, user.name=2318431, path.separator=;, os.version=10.0, java.runtime.name=OpenJDK Runtime Environment, file.encoding=Cp1252, java.vm.name=OpenJDK 64-Bit Server VM, hibernate.show_sql=true, java.vendor.version=Temurin-17.0.10+7, localRepository=C:\Users\2318431\.m2\repository, java.vendor.url.bug=https://github.com/adoptium/adoptium-support/issues, java.io.tmpdir=C:\Users\2318431\AppData\Local\Temp\, com.zaxxer.hikari.pool_number=1, java.version=17.0.10, hibernate.physical_naming_strategy=org.hibernate.boot.model.naming.CamelCaseToUnderscoresNamingStrategy, user.dir=C:\Users\2318431\Downloads\Ridesharingplatform, os.arch=amd64, java.vm.specification.name=Java Virtual Machine Specification, PID=5824, sun.os.patch.level=, CONSOLE_LOG_CHARSET=windows-1252, hibernate.boot.CfgXmlAccessService.key=org.hibernate.boot.registry.StandardServiceRegistryBuilder$1@1cc1813a, native.encoding=Cp1252, java.library.path=C:\Users\2318431\Downloads\sts-4.21.1.RELEASE\plugins\org.eclipse.justj.openjdk.hotspot.jre.full.win32.x86_64_17.0.10.v20240120-1143\jre\bin;C:\Windows\Sun\Java\bin;C:\Windows\system32;C:\Windows;C:/Users/2318431/Downloads/sts-4.21.1.RELEASE//plugins/org.eclipse.justj.openjdk.hotspot.jre.full.win32.x86_64_17.0.10.v20240120-1143/jre/bin/server;C:/Users/2318431/Downloads/sts-4.21.1.RELEASE//plugins/org.eclipse.justj.openjdk.hotspot.jre.full.win32.x86_64_17.0.10.v20240120-1143/jre/bin;C:\Program Files\Common Files\Oracle\Java\javapath;C:\Program Files (x86)\Common Files\Oracle\Java\javapath;C:\Program Files\Zulu\zulu-17\bin\;C:\Windows\system32;C:\Windows;C:\Windows\System32\Wbem;C:\Windows\System32\WindowsPowerShell\v1.0\;C:\Windows\System32\OpenSSH\;C:\Users\2318431\Downloads\apache-maven-3.9.6-bin.zip\apache-maven-3.9.6\bin;C:\apache-maven-3.9.6\bin;C:\Program Files\Git\cmd;C:\Users\2318431\Downloads\node-v20.12.2-win-x64\node-v20.12.2-win-x64;C:\Program Files\MySQL\MySQL Shell 8.0\bin\;C:\Users\2318431\AppData\Local\Microsoft\WindowsApps;;C:\Users\2318431\AppData\Local\Programs\Microsoft VS Code\bin;C:\Users\2318431\AppData\Roaming\npm;C:\Users\2318431\Downloads\sts-4.21.1.RELEASE;;., java.vendor=Eclipse Adoptium, java.vm.info=mixed mode, java.vm.version=17.0.10+7, sun.io.unicode.encoding=UnicodeLittle, hibernate.archive.scanner=org.hibernate.boot.archive.scan.internal.DisabledScanner, hibernate.connection.datasource=org.springframework.jdbc.datasource.embedded.EmbeddedDatabaseFactory$EmbeddedDataSourceProxy@30decae, java.class.version=61.0, LOGGED_APPLICATION_NAME=[Vehicle Management Module] }
2024-04-24T17:02:26.222+05:30 DEBUG 5824 --- [Vehicle Management Module] [           main] o.hibernate.internal.SessionFactoryImpl  : Session factory constructed with filter configurations : {}
2024-04-24T17:02:26.225+05:30 DEBUG 5824 --- [Vehicle Management Module] [           main] o.h.b.beanvalidation.TypeSafeActivator   : Unable to acquire Bean Validation ValidatorFactory, skipping activation
2024-04-24T17:02:26.237+05:30 DEBUG 5824 --- [Vehicle Management Module] [           main] o.h.q.sqm.function.SqmFunctionRegistry   : Registered SqmFunctionTemplate [NamedSqmFunctionTemplate(max)] under max; prior registration was null
2024-04-24T17:02:26.237+05:30 DEBUG 5824 --- [Vehicle Management Module] [           main] o.h.q.sqm.function.SqmFunctionRegistry   : Registered SqmFunctionTemplate [NamedSqmFunctionTemplate(min)] under min; prior registration was null
2024-04-24T17:02:26.237+05:30 DEBUG 5824 --- [Vehicle Management Module] [           main] o.h.q.sqm.function.SqmFunctionRegistry   : Registered SqmFunctionTemplate [NamedSqmFunctionTemplate(sum)] under sum; prior registration was null
2024-04-24T17:02:26.237+05:30 DEBUG 5824 --- [Vehicle Management Module] [           main] o.h.q.sqm.function.SqmFunctionRegistry   : Registered SqmFunctionTemplate [NamedSqmFunctionTemplate(avg)] under avg; prior registration was null
2024-04-24T17:02:26.237+05:30 DEBUG 5824 --- [Vehicle Management Module] [           main] o.h.q.sqm.function.SqmFunctionRegistry   : Registered SqmFunctionTemplate [org.hibernate.dialect.function.CountFunction@67a8a641] under count; prior registration was null
2024-04-24T17:02:26.237+05:30 DEBUG 5824 --- [Vehicle Management Module] [           main] o.h.q.sqm.function.SqmFunctionRegistry   : Registered SqmFunctionTemplate [org.hibernate.dialect.function.EveryAnyEmulation@45c99f3d] under every; prior registration was null
2024-04-24T17:02:26.238+05:30 DEBUG 5824 --- [Vehicle Management Module] [           main] o.h.q.sqm.function.SqmFunctionRegistry   : Registered SqmFunctionTemplate [org.hibernate.dialect.function.EveryAnyEmulation@18b9acd1] under any; prior registration was null
2024-04-24T17:02:26.238+05:30 DEBUG 5824 --- [Vehicle Management Module] [           main] o.h.q.sqm.function.SqmFunctionRegistry   : Registered SqmFunctionTemplate [NamedSqmFunctionTemplate(floor)] under floor; prior registration was null
2024-04-24T17:02:26.238+05:30 DEBUG 5824 --- [Vehicle Management Module] [           main] o.h.q.sqm.function.SqmFunctionRegistry   : Registered SqmFunctionTemplate [NamedSqmFunctionTemplate(ceiling)] under ceiling; prior registration was null
2024-04-24T17:02:26.238+05:30 DEBUG 5824 --- [Vehicle Management Module] [           main] o.h.q.sqm.function.SqmFunctionRegistry   : Registered SqmFunctionTemplate [NamedSqmFunctionTemplate(mod)] under mod; prior registration was null
2024-04-24T17:02:26.238+05:30 DEBUG 5824 --- [Vehicle Management Module] [           main] o.h.q.sqm.function.SqmFunctionRegistry   : Registered SqmFunctionTemplate [NamedSqmFunctionTemplate(abs)] under abs; prior registration was null
2024-04-24T17:02:26.238+05:30 DEBUG 5824 --- [Vehicle Management Module] [           main] o.h.q.sqm.function.SqmFunctionRegistry   : Registered SqmFunctionTemplate [NamedSqmFunctionTemplate(sign)] under sign; prior registration was null
2024-04-24T17:02:26.238+05:30 DEBUG 5824 --- [Vehicle Management Module] [           main] o.h.q.sqm.function.SqmFunctionRegistry   : Registered SqmFunctionTemplate [NamedSqmFunctionTemplate(sqrt)] under sqrt; prior registration was null
2024-04-24T17:02:26.238+05:30 DEBUG 5824 --- [Vehicle Management Module] [           main] o.h.q.sqm.function.SqmFunctionRegistry   : Registered SqmFunctionTemplate [NamedSqmFunctionTemplate(ln)] under ln; prior registration was null
2024-04-24T17:02:26.238+05:30 DEBUG 5824 --- [Vehicle Management Module] [           main] o.h.q.sqm.function.SqmFunctionRegistry   : Registered SqmFunctionTemplate [NamedSqmFunctionTemplate(exp)] under exp; prior registration was null
2024-04-24T17:02:26.238+05:30 DEBUG 5824 --- [Vehicle Management Module] [           main] o.h.q.sqm.function.SqmFunctionRegistry   : Registered SqmFunctionTemplate [NamedSqmFunctionTemplate(power)] under power; prior registration was null
2024-04-24T17:02:26.238+05:30 DEBUG 5824 --- [Vehicle Management Module] [           main] o.h.q.sqm.function.SqmFunctionRegistry   : Registered SqmFunctionTemplate [NamedSqmFunctionTemplate(round)] under round; prior registration was null
2024-04-24T17:02:26.238+05:30 DEBUG 5824 --- [Vehicle Management Module] [           main] o.h.q.sqm.function.SqmFunctionRegistry   : Registered SqmFunctionTemplate [NamedSqmFunctionTemplate(sin)] under sin; prior registration was null
2024-04-24T17:02:26.238+05:30 DEBUG 5824 --- [Vehicle Management Module] [           main] o.h.q.sqm.function.SqmFunctionRegistry   : Registered SqmFunctionTemplate [NamedSqmFunctionTemplate(cos)] under cos; prior registration was null
2024-04-24T17:02:26.238+05:30 DEBUG 5824 --- [Vehicle Management Module] [           main] o.h.q.sqm.function.SqmFunctionRegistry   : Registered SqmFunctionTemplate [NamedSqmFunctionTemplate(tan)] under tan; prior registration was null
2024-04-24T17:02:26.238+05:30 DEBUG 5824 --- [Vehicle Management Module] [           main] o.h.q.sqm.function.SqmFunctionRegistry   : Registered SqmFunctionTemplate [NamedSqmFunctionTemplate(asin)] under asin; prior registration was null
2024-04-24T17:02:26.238+05:30 DEBUG 5824 --- [Vehicle Management Module] [           main] o.h.q.sqm.function.SqmFunctionRegistry   : Registered SqmFunctionTemplate [NamedSqmFunctionTemplate(acos)] under acos; prior registration was null
2024-04-24T17:02:26.238+05:30 DEBUG 5824 --- [Vehicle Management Module] [           main] o.h.q.sqm.function.SqmFunctionRegistry   : Registered SqmFunctionTemplate [NamedSqmFunctionTemplate(atan)] under atan; prior registration was null
2024-04-24T17:02:26.238+05:30 DEBUG 5824 --- [Vehicle Management Module] [           main] o.h.q.sqm.function.SqmFunctionRegistry   : Registered SqmFunctionTemplate [NamedSqmFunctionTemplate(atan2)] under atan2; prior registration was null
2024-04-24T17:02:26.238+05:30 DEBUG 5824 --- [Vehicle Management Module] [           main] o.h.q.sqm.function.SqmFunctionRegistry   : Registered SqmFunctionTemplate [org.hibernate.query.sqm.function.PatternBasedSqmFunctionDescriptor@86126ad] under sinh; prior registration was null
2024-04-24T17:02:26.238+05:30 DEBUG 5824 --- [Vehicle Management Module] [           main] o.h.q.sqm.function.SqmFunctionRegistry   : Registered SqmFunctionTemplate [org.hibernate.query.sqm.function.PatternBasedSqmFunctionDescriptor@2a59034e] under cosh; prior registration was null
2024-04-24T17:02:26.238+05:30 DEBUG 5824 --- [Vehicle Management Module] [           main] o.h.q.sqm.function.SqmFunctionRegistry   : Registered SqmFunctionTemplate [org.hibernate.query.sqm.function.PatternBasedSqmFunctionDescriptor@2360414f] under tanh; prior registration was null
2024-04-24T17:02:26.238+05:30 DEBUG 5824 --- [Vehicle Management Module] [           main] o.h.q.sqm.function.SqmFunctionRegistry   : Registered SqmFunctionTemplate [org.hibernate.query.sqm.function.PatternBasedSqmFunctionDescriptor@76eabed6] under pi; prior registration was null
2024-04-24T17:02:26.238+05:30 DEBUG 5824 --- [Vehicle Management Module] [           main] o.h.q.sqm.function.SqmFunctionRegistry   : Registered SqmFunctionTemplate [org.hibernate.query.sqm.function.PatternBasedSqmFunctionDescriptor@773faae8] under log; prior registration was null
2024-04-24T17:02:26.238+05:30 DEBUG 5824 --- [Vehicle Management Module] [           main] o.h.q.sqm.function.SqmFunctionRegistry   : Registered SqmFunctionTemplate [NamedSqmFunctionTemplate(coalesce)] under coalesce; prior registration was null
2024-04-24T17:02:26.238+05:30 DEBUG 5824 --- [Vehicle Management Module] [           main] o.h.q.sqm.function.SqmFunctionRegistry   : Registered SqmFunctionTemplate [NamedSqmFunctionTemplate(nullif)] under nullif; prior registration was null
2024-04-24T17:02:26.239+05:30 DEBUG 5824 --- [Vehicle Management Module] [           main] o.h.q.sqm.function.SqmFunctionRegistry   : Registered SqmFunctionTemplate [NamedSqmFunctionTemplate(left)] under left; prior registration was null
2024-04-24T17:02:26.239+05:30 DEBUG 5824 --- [Vehicle Management Module] [           main] o.h.q.sqm.function.SqmFunctionRegistry   : Registered SqmFunctionTemplate [NamedSqmFunctionTemplate(right)] under right; prior registration was null
2024-04-24T17:02:26.239+05:30 DEBUG 5824 --- [Vehicle Management Module] [           main] o.h.q.sqm.function.SqmFunctionRegistry   : Registered SqmFunctionTemplate [NamedSqmFunctionTemplate(replace)] under replace; prior registration was null
2024-04-24T17:02:26.239+05:30 DEBUG 5824 --- [Vehicle Management Module] [           main] o.h.q.sqm.function.SqmFunctionRegistry   : Registered SqmFunctionTemplate [NamedSqmFunctionTemplate(concat)] under concat; prior registration was null
2024-04-24T17:02:26.239+05:30 DEBUG 5824 --- [Vehicle Management Module] [           main] o.h.q.sqm.function.SqmFunctionRegistry   : Registered SqmFunctionTemplate [NamedSqmFunctionTemplate(lower)] under lower; prior registration was null
2024-04-24T17:02:26.239+05:30 DEBUG 5824 --- [Vehicle Management Module] [           main] o.h.q.sqm.function.SqmFunctionRegistry   : Registered SqmFunctionTemplate [NamedSqmFunctionTemplate(upper)] under upper; prior registration was null
2024-04-24T17:02:26.239+05:30 DEBUG 5824 --- [Vehicle Management Module] [           main] o.h.q.sqm.function.SqmFunctionRegistry   : Registered SqmFunctionTemplate [NamedSqmFunctionTemplate(substring)] under substring; prior registration was null
2024-04-24T17:02:26.239+05:30 DEBUG 5824 --- [Vehicle Management Module] [           main] o.h.q.sqm.function.SqmFunctionRegistry   : Registered SqmFunctionTemplate [NamedSqmFunctionTemplate(locate)] under locate; prior registration was null
2024-04-24T17:02:26.239+05:30 DEBUG 5824 --- [Vehicle Management Module] [           main] o.h.q.sqm.function.SqmFunctionRegistry   : Registered SqmFunctionTemplate [NamedSqmFunctionTemplate(character_length)] under character_length; prior registration was null
2024-04-24T17:02:26.239+05:30 DEBUG 5824 --- [Vehicle Management Module] [           main] o.h.q.sqm.function.SqmFunctionRegistry   : Registering alternate key : length -> character_length
2024-04-24T17:02:26.239+05:30 DEBUG 5824 --- [Vehicle Management Module] [           main] o.h.q.sqm.function.SqmFunctionRegistry   : Registered SqmFunctionTemplate [org.hibernate.dialect.function.LocatePositionEmulation@159e8432] under position; prior registration was null
2024-04-24T17:02:26.239+05:30 DEBUG 5824 --- [Vehicle Management Module] [           main] o.h.q.sqm.function.SqmFunctionRegistry   : Registered SqmFunctionTemplate [org.hibernate.dialect.function.InsertSubstringOverlayEmulation@34d5d5f7] under overlay; prior registration was null
2024-04-24T17:02:26.239+05:30 DEBUG 5824 --- [Vehicle Management Module] [           main] o.h.q.sqm.function.SqmFunctionRegistry   : Registered SqmFunctionTemplate [org.hibernate.dialect.function.TrimFunction@17eac1b5] under trim; prior registration was null
2024-04-24T17:02:26.239+05:30 DEBUG 5824 --- [Vehicle Management Module] [           main] o.h.q.sqm.function.SqmFunctionRegistry   : Registered SqmFunctionTemplate [org.hibernate.dialect.function.CastFunction@1d88414a] under cast; prior registration was null
2024-04-24T17:02:26.239+05:30 DEBUG 5824 --- [Vehicle Management Module] [           main] o.h.q.sqm.function.SqmFunctionRegistry   : Registered SqmFunctionTemplate [org.hibernate.query.sqm.function.PatternBasedSqmFunctionDescriptor@7cd6e9dd] under collate; prior registration was null
2024-04-24T17:02:26.239+05:30 DEBUG 5824 --- [Vehicle Management Module] [           main] o.h.q.sqm.function.SqmFunctionRegistry   : Registered SqmFunctionTemplate [org.hibernate.dialect.function.ExtractFunction@6636e1dd] under extract; prior registration was null
2024-04-24T17:02:26.239+05:30 DEBUG 5824 --- [Vehicle Management Module] [           main] o.h.q.sqm.function.SqmFunctionRegistry   : Registered SqmFunctionTemplate [NamedSqmFunctionTemplate(least)] under least; prior registration was null
2024-04-24T17:02:26.239+05:30 DEBUG 5824 --- [Vehicle Management Module] [           main] o.h.q.sqm.function.SqmFunctionRegistry   : Registered SqmFunctionTemplate [NamedSqmFunctionTemplate(greatest)] under greatest; prior registration was null
2024-04-24T17:02:26.240+05:30 DEBUG 5824 --- [Vehicle Management Module] [           main] o.h.q.sqm.function.SqmFunctionRegistry   : Registered SqmFunctionTemplate [org.hibernate.dialect.function.CoalesceIfnullEmulation@279063c7] under ifnull; prior registration was null
2024-04-24T17:02:26.240+05:30 DEBUG 5824 --- [Vehicle Management Module] [           main] o.h.q.sqm.function.SqmFunctionRegistry   : Registered SqmFunctionTemplate [NamedSqmFunctionTemplate(lpad)] under lpad; prior registration was null
2024-04-24T17:02:26.240+05:30 DEBUG 5824 --- [Vehicle Management Module] [           main] o.h.q.sqm.function.SqmFunctionRegistry   : Registered SqmFunctionTemplate [NamedSqmFunctionTemplate(rpad)] under rpad; prior registration was null
2024-04-24T17:02:26.240+05:30 DEBUG 5824 --- [Vehicle Management Module] [           main] o.h.q.sqm.function.SqmFunctionRegistry   : Registered SqmFunctionTemplate [org.hibernate.dialect.function.LpadRpadPadEmulation@784df46e] under pad; prior registration was null
2024-04-24T17:02:26.240+05:30 DEBUG 5824 --- [Vehicle Management Module] [           main] o.h.q.sqm.function.SqmFunctionRegistry   : Registered SqmFunctionTemplate [org.hibernate.dialect.function.CastStrEmulation@339e62bb] under str; prior registration was null
2024-04-24T17:02:26.240+05:30 DEBUG 5824 --- [Vehicle Management Module] [           main] o.h.q.sqm.function.SqmFunctionRegistry   : Registered SqmFunctionTemplate [org.hibernate.dialect.function.FormatFunction@6277551c] under format; prior registration was null
2024-04-24T17:02:26.240+05:30 DEBUG 5824 --- [Vehicle Management Module] [           main] o.h.q.sqm.function.SqmFunctionRegistry   : Registered SqmFunctionTemplate [org.hibernate.dialect.function.TimestampaddFunction@465d9cce] under timestampadd; prior registration was null
2024-04-24T17:02:26.240+05:30 DEBUG 5824 --- [Vehicle Management Module] [           main] o.h.q.sqm.function.SqmFunctionRegistry   : Registered SqmFunctionTemplate [org.hibernate.dialect.function.TimestampdiffFunction@51a4feef] under timestampdiff; prior registration was null
2024-04-24T17:02:26.240+05:30 DEBUG 5824 --- [Vehicle Management Module] [           main] o.h.q.sqm.function.SqmFunctionRegistry   : Registering alternate key : dateadd -> timestampadd
2024-04-24T17:02:26.240+05:30 DEBUG 5824 --- [Vehicle Management Module] [           main] o.h.q.sqm.function.SqmFunctionRegistry   : Registering alternate key : datediff -> timestampdiff
2024-04-24T17:02:26.240+05:30 DEBUG 5824 --- [Vehicle Management Module] [           main] o.h.q.sqm.function.SqmFunctionRegistry   : Registered SqmFunctionTemplate [org.hibernate.dialect.function.CurrentFunction@11efc5da] under current_date; prior registration was null
2024-04-24T17:02:26.240+05:30 DEBUG 5824 --- [Vehicle Management Module] [           main] o.h.q.sqm.function.SqmFunctionRegistry   : Registered SqmFunctionTemplate [org.hibernate.dialect.function.CurrentFunction@4968bd4e] under current_time; prior registration was null
2024-04-24T17:02:26.240+05:30 DEBUG 5824 --- [Vehicle Management Module] [           main] o.h.q.sqm.function.SqmFunctionRegistry   : Registered SqmFunctionTemplate [org.hibernate.dialect.function.CurrentFunction@6379f341] under current_timestamp; prior registration was null
2024-04-24T17:02:26.240+05:30 DEBUG 5824 --- [Vehicle Management Module] [           main] o.h.q.sqm.function.SqmFunctionRegistry   : Registering alternate key : current date -> current_date
2024-04-24T17:02:26.240+05:30 DEBUG 5824 --- [Vehicle Management Module] [           main] o.h.q.sqm.function.SqmFunctionRegistry   : Registering alternate key : current time -> current_time
2024-04-24T17:02:26.240+05:30 DEBUG 5824 --- [Vehicle Management Module] [           main] o.h.q.sqm.function.SqmFunctionRegistry   : Registering alternate key : current timestamp -> current_timestamp
2024-04-24T17:02:26.240+05:30 DEBUG 5824 --- [Vehicle Management Module] [           main] o.h.q.sqm.function.SqmFunctionRegistry   : Registered SqmFunctionTemplate [org.hibernate.dialect.function.CurrentFunction@155c2a47] under local_date; prior registration was null
2024-04-24T17:02:26.240+05:30 DEBUG 5824 --- [Vehicle Management Module] [           main] o.h.q.sqm.function.SqmFunctionRegistry   : Registered SqmFunctionTemplate [org.hibernate.dialect.function.CurrentFunction@7a72fc23] under local_time; prior registration was null
2024-04-24T17:02:26.240+05:30 DEBUG 5824 --- [Vehicle Management Module] [           main] o.h.q.sqm.function.SqmFunctionRegistry   : Registered SqmFunctionTemplate [org.hibernate.dialect.function.CurrentFunction@767cacee] under local_datetime; prior registration was null
2024-04-24T17:02:26.241+05:30 DEBUG 5824 --- [Vehicle Management Module] [           main] o.h.q.sqm.function.SqmFunctionRegistry   : Registered SqmFunctionTemplate [org.hibernate.dialect.function.CurrentFunction@5a33ba9b] under offset_datetime; prior registration was null
2024-04-24T17:02:26.241+05:30 DEBUG 5824 --- [Vehicle Management Module] [           main] o.h.q.sqm.function.SqmFunctionRegistry   : Registering alternate key : local date -> local_date
2024-04-24T17:02:26.241+05:30 DEBUG 5824 --- [Vehicle Management Module] [           main] o.h.q.sqm.function.SqmFunctionRegistry   : Registering alternate key : local time -> local_time
2024-04-24T17:02:26.241+05:30 DEBUG 5824 --- [Vehicle Management Module] [           main] o.h.q.sqm.function.SqmFunctionRegistry   : Registering alternate key : local datetime -> local_datetime
2024-04-24T17:02:26.241+05:30 DEBUG 5824 --- [Vehicle Management Module] [           main] o.h.q.sqm.function.SqmFunctionRegistry   : Registering alternate key : offset datetime -> offset_datetime
2024-04-24T17:02:26.241+05:30 DEBUG 5824 --- [Vehicle Management Module] [           main] o.h.q.sqm.function.SqmFunctionRegistry   : Registered SqmFunctionTemplate [org.hibernate.dialect.function.CurrentFunction@2ec9bd88] under instant; prior registration was null
2024-04-24T17:02:26.241+05:30 DEBUG 5824 --- [Vehicle Management Module] [           main] o.h.q.sqm.function.SqmFunctionRegistry   : Registering alternate key : current_instant -> instant
2024-04-24T17:02:26.241+05:30 DEBUG 5824 --- [Vehicle Management Module] [           main] o.h.q.sqm.function.SqmFunctionRegistry   : Registered SqmFunctionTemplate [org.hibernate.dialect.function.SqlFunction@4337cf96] under sql; prior registration was null
2024-04-24T17:02:26.241+05:30 DEBUG 5824 --- [Vehicle Management Module] [           main] o.h.q.sqm.function.SqmFunctionRegistry   : Registered SqmFunctionTemplate [NamedSqmFunctionTemplate(max)] under max; prior registration was NamedSqmFunctionTemplate(max)
2024-04-24T17:02:26.241+05:30 DEBUG 5824 --- [Vehicle Management Module] [           main] o.h.q.sqm.function.SqmFunctionRegistry   : Registered SqmFunctionTemplate [NamedSqmFunctionTemplate(min)] under min; prior registration was NamedSqmFunctionTemplate(min)
2024-04-24T17:02:26.241+05:30 DEBUG 5824 --- [Vehicle Management Module] [           main] o.h.q.sqm.function.SqmFunctionRegistry   : Registered SqmFunctionTemplate [NamedSqmFunctionTemplate(sum)] under sum; prior registration was NamedSqmFunctionTemplate(sum)
2024-04-24T17:02:26.241+05:30 DEBUG 5824 --- [Vehicle Management Module] [           main] o.h.q.sqm.function.SqmFunctionRegistry   : Registered SqmFunctionTemplate [NamedSqmFunctionTemplate(avg)] under avg; prior registration was NamedSqmFunctionTemplate(avg)
2024-04-24T17:02:26.241+05:30 DEBUG 5824 --- [Vehicle Management Module] [           main] o.h.q.sqm.function.SqmFunctionRegistry   : Registered SqmFunctionTemplate [org.hibernate.dialect.function.CountFunction@50bf00c2] under count; prior registration was org.hibernate.dialect.function.CountFunction@67a8a641
2024-04-24T17:02:26.241+05:30 DEBUG 5824 --- [Vehicle Management Module] [           main] o.h.q.sqm.function.SqmFunctionRegistry   : Registered SqmFunctionTemplate [org.hibernate.dialect.function.AvgFunction@171f9f2c] under avg; prior registration was NamedSqmFunctionTemplate(avg)
2024-04-24T17:02:26.241+05:30 DEBUG 5824 --- [Vehicle Management Module] [           main] o.h.q.sqm.function.SqmFunctionRegistry   : Registered SqmFunctionTemplate [NamedSqmFunctionTemplate(pi)] under pi; prior registration was org.hibernate.query.sqm.function.PatternBasedSqmFunctionDescriptor@76eabed6
2024-04-24T17:02:26.241+05:30 DEBUG 5824 --- [Vehicle Management Module] [           main] o.h.q.sqm.function.SqmFunctionRegistry   : Registered SqmFunctionTemplate [NamedSqmFunctionTemplate(cot)] under cot; prior registration was null
2024-04-24T17:02:26.241+05:30 DEBUG 5824 --- [Vehicle Management Module] [           main] o.h.q.sqm.function.SqmFunctionRegistry   : Registered SqmFunctionTemplate [NamedSqmFunctionTemplate(radians)] under radians; prior registration was null
2024-04-24T17:02:26.241+05:30 DEBUG 5824 --- [Vehicle Management Module] [           main] o.h.q.sqm.function.SqmFunctionRegistry   : Registered SqmFunctionTemplate [NamedSqmFunctionTemplate(degrees)] under degrees; prior registration was null
2024-04-24T17:02:26.241+05:30 DEBUG 5824 --- [Vehicle Management Module] [           main] o.h.q.sqm.function.SqmFunctionRegistry   : Registered SqmFunctionTemplate [NamedSqmFunctionTemplate(log10)] under log10; prior registration was null
2024-04-24T17:02:26.241+05:30 DEBUG 5824 --- [Vehicle Management Module] [           main] o.h.q.sqm.function.SqmFunctionRegistry   : Registered SqmFunctionTemplate [org.hibernate.query.sqm.function.PatternBasedSqmFunctionDescriptor@745955ba] under mod; prior registration was NamedSqmFunctionTemplate(mod)
2024-04-24T17:02:26.241+05:30 DEBUG 5824 --- [Vehicle Management Module] [           main] o.h.q.sqm.function.SqmFunctionRegistry   : Registered SqmFunctionTemplate [NamedSqmFunctionTemplate(rand)] under rand; prior registration was null
2024-04-24T17:02:26.241+05:30 DEBUG 5824 --- [Vehicle Management Module] [           main] o.h.q.sqm.function.SqmFunctionRegistry   : Registered SqmFunctionTemplate [NamedSqmFunctionTemplate(soundex)] under soundex; prior registration was null
2024-04-24T17:02:26.241+05:30 DEBUG 5824 --- [Vehicle Management Module] [           main] o.h.q.sqm.function.SqmFunctionRegistry   : Registered SqmFunctionTemplate [NamedSqmFunctionTemplate(translate)] under translate; prior registration was null
2024-04-24T17:02:26.242+05:30 DEBUG 5824 --- [Vehicle Management Module] [           main] o.h.q.sqm.function.SqmFunctionRegistry   : Registered SqmFunctionTemplate [NamedSqmFunctionTemplate(bitand)] under bitand; prior registration was null
2024-04-24T17:02:26.244+05:30 DEBUG 5824 --- [Vehicle Management Module] [           main] o.h.q.sqm.function.SqmFunctionRegistry   : Registered SqmFunctionTemplate [NamedSqmFunctionTemplate(bitor)] under bitor; prior registration was null
2024-04-24T17:02:26.244+05:30 DEBUG 5824 --- [Vehicle Management Module] [           main] o.h.q.sqm.function.SqmFunctionRegistry   : Registered SqmFunctionTemplate [NamedSqmFunctionTemplate(bitxor)] under bitxor; prior registration was null
2024-04-24T17:02:26.244+05:30 DEBUG 5824 --- [Vehicle Management Module] [           main] o.h.q.sqm.function.SqmFunctionRegistry   : Registered SqmFunctionTemplate [NamedSqmFunctionTemplate(bit_and)] under bit_and; prior registration was null
2024-04-24T17:02:26.244+05:30 DEBUG 5824 --- [Vehicle Management Module] [           main] o.h.q.sqm.function.SqmFunctionRegistry   : Registered SqmFunctionTemplate [NamedSqmFunctionTemplate(bit_or)] under bit_or; prior registration was null
2024-04-24T17:02:26.245+05:30 DEBUG 5824 --- [Vehicle Management Module] [           main] o.h.q.sqm.function.SqmFunctionRegistry   : Registered SqmFunctionTemplate [NamedSqmFunctionTemplate(day)] under day; prior registration was null
2024-04-24T17:02:26.245+05:30 DEBUG 5824 --- [Vehicle Management Module] [           main] o.h.q.sqm.function.SqmFunctionRegistry   : Registered SqmFunctionTemplate [NamedSqmFunctionTemplate(month)] under month; prior registration was null
2024-04-24T17:02:26.245+05:30 DEBUG 5824 --- [Vehicle Management Module] [           main] o.h.q.sqm.function.SqmFunctionRegistry   : Registered SqmFunctionTemplate [NamedSqmFunctionTemplate(year)] under year; prior registration was null
2024-04-24T17:02:26.245+05:30 DEBUG 5824 --- [Vehicle Management Module] [           main] o.h.q.sqm.function.SqmFunctionRegistry   : Registered SqmFunctionTemplate [NamedSqmFunctionTemplate(hour)] under hour; prior registration was null
2024-04-24T17:02:26.245+05:30 DEBUG 5824 --- [Vehicle Management Module] [           main] o.h.q.sqm.function.SqmFunctionRegistry   : Registered SqmFunctionTemplate [NamedSqmFunctionTemplate(minute)] under minute; prior registration was null
2024-04-24T17:02:26.245+05:30 DEBUG 5824 --- [Vehicle Management Module] [           main] o.h.q.sqm.function.SqmFunctionRegistry   : Registered SqmFunctionTemplate [NamedSqmFunctionTemplate(second)] under second; prior registration was null
2024-04-24T17:02:26.245+05:30 DEBUG 5824 --- [Vehicle Management Module] [           main] o.h.q.sqm.function.SqmFunctionRegistry   : Registered SqmFunctionTemplate [NamedSqmFunctionTemplate(microsecond)] under microsecond; prior registration was null
2024-04-24T17:02:26.245+05:30 DEBUG 5824 --- [Vehicle Management Module] [           main] o.h.q.sqm.function.SqmFunctionRegistry   : Registered SqmFunctionTemplate [NamedSqmFunctionTemplate(day_of_week)] under day_of_week; prior registration was null
2024-04-24T17:02:26.245+05:30 DEBUG 5824 --- [Vehicle Management Module] [           main] o.h.q.sqm.function.SqmFunctionRegistry   : Registered SqmFunctionTemplate [NamedSqmFunctionTemplate(day_of_month)] under day_of_month; prior registration was null
2024-04-24T17:02:26.245+05:30 DEBUG 5824 --- [Vehicle Management Module] [           main] o.h.q.sqm.function.SqmFunctionRegistry   : Registering alternate key : day -> day_of_month
2024-04-24T17:02:26.245+05:30 DEBUG 5824 --- [Vehicle Management Module] [           main] o.h.q.sqm.function.SqmFunctionRegistry   : Registered SqmFunctionTemplate [NamedSqmFunctionTemplate(day_of_year)] under day_of_year; prior registration was null
2024-04-24T17:02:26.245+05:30 DEBUG 5824 --- [Vehicle Management Module] [           main] o.h.q.sqm.function.SqmFunctionRegistry   : Registered SqmFunctionTemplate [NamedSqmFunctionTemplate(week)] under week; prior registration was null
2024-04-24T17:02:26.245+05:30 DEBUG 5824 --- [Vehicle Management Module] [           main] o.h.q.sqm.function.SqmFunctionRegistry   : Registered SqmFunctionTemplate [NamedSqmFunctionTemplate(quarter)] under quarter; prior registration was null
2024-04-24T17:02:26.245+05:30 DEBUG 5824 --- [Vehicle Management Module] [           main] o.h.q.sqm.function.SqmFunctionRegistry   : Registered SqmFunctionTemplate [NamedSqmFunctionTemplate(monthname)] under monthname; prior registration was null
2024-04-24T17:02:26.245+05:30 DEBUG 5824 --- [Vehicle Management Module] [           main] o.h.q.sqm.function.SqmFunctionRegistry   : Registered SqmFunctionTemplate [NamedSqmFunctionTemplate(dayname)] under dayname; prior registration was null
2024-04-24T17:02:26.245+05:30 DEBUG 5824 --- [Vehicle Management Module] [           main] o.h.q.sqm.function.SqmFunctionRegistry   : Registered SqmFunctionTemplate [NamedSqmFunctionTemplate(localtime)] under localtime; prior registration was null
2024-04-24T17:02:26.245+05:30 DEBUG 5824 --- [Vehicle Management Module] [           main] o.h.q.sqm.function.SqmFunctionRegistry   : Registered SqmFunctionTemplate [NamedSqmFunctionTemplate(localtimestamp)] under localtimestamp; prior registration was null
2024-04-24T17:02:26.245+05:30 DEBUG 5824 --- [Vehicle Management Module] [           main] o.h.q.sqm.function.SqmFunctionRegistry   : Registered SqmFunctionTemplate [NamedSqmFunctionTemplate(localtime)] under local_time; prior registration was org.hibernate.dialect.function.CurrentFunction@7a72fc23
2024-04-24T17:02:26.245+05:30 DEBUG 5824 --- [Vehicle Management Module] [           main] o.h.q.sqm.function.SqmFunctionRegistry   : Registered SqmFunctionTemplate [NamedSqmFunctionTemplate(localtimestamp)] under local_datetime; prior registration was org.hibernate.dialect.function.CurrentFunction@767cacee
2024-04-24T17:02:26.245+05:30 DEBUG 5824 --- [Vehicle Management Module] [           main] o.h.q.sqm.function.SqmFunctionRegistry   : Registered SqmFunctionTemplate [org.hibernate.dialect.function.TruncFunction@9ef7fd8] under trunc; prior registration was null
2024-04-24T17:02:26.245+05:30 DEBUG 5824 --- [Vehicle Management Module] [           main] o.h.q.sqm.function.SqmFunctionRegistry   : Registering alternate key : truncate -> trunc
2024-04-24T17:02:26.245+05:30 DEBUG 5824 --- [Vehicle Management Module] [           main] o.h.q.sqm.function.SqmFunctionRegistry   : Registered SqmFunctionTemplate [org.hibernate.query.sqm.function.PatternBasedSqmFunctionDescriptor@217ed737] under date_trunc; prior registration was null
2024-04-24T17:02:26.245+05:30 DEBUG 5824 --- [Vehicle Management Module] [           main] o.h.q.sqm.function.SqmFunctionRegistry   : Registered SqmFunctionTemplate [NamedSqmFunctionTemplate(bit_length)] under bit_length; prior registration was null
2024-04-24T17:02:26.246+05:30 DEBUG 5824 --- [Vehicle Management Module] [           main] o.h.q.sqm.function.SqmFunctionRegistry   : Registered SqmFunctionTemplate [NamedSqmFunctionTemplate(octet_length)] under octet_length; prior registration was null
2024-04-24T17:02:26.246+05:30 DEBUG 5824 --- [Vehicle Management Module] [           main] o.h.q.sqm.function.SqmFunctionRegistry   : Registered SqmFunctionTemplate [NamedSqmFunctionTemplate(ascii)] under ascii; prior registration was null
2024-04-24T17:02:26.246+05:30 DEBUG 5824 --- [Vehicle Management Module] [           main] o.h.q.sqm.function.SqmFunctionRegistry   : Registered SqmFunctionTemplate [NamedSqmFunctionTemplate(octet_length)] under octet_length; prior registration was NamedSqmFunctionTemplate(octet_length)
2024-04-24T17:02:26.246+05:30 DEBUG 5824 --- [Vehicle Management Module] [           main] o.h.q.sqm.function.SqmFunctionRegistry   : Registered SqmFunctionTemplate [NamedSqmFunctionTemplate(space)] under space; prior registration was null
2024-04-24T17:02:26.246+05:30 DEBUG 5824 --- [Vehicle Management Module] [           main] o.h.q.sqm.function.SqmFunctionRegistry   : Registered SqmFunctionTemplate [NamedSqmFunctionTemplate(repeat)] under repeat; prior registration was null
2024-04-24T17:02:26.246+05:30 DEBUG 5824 --- [Vehicle Management Module] [           main] o.h.q.sqm.function.SqmFunctionRegistry   : Registered SqmFunctionTemplate [NamedSqmFunctionTemplate(char)] under char; prior registration was null
2024-04-24T17:02:26.246+05:30 DEBUG 5824 --- [Vehicle Management Module] [           main] o.h.q.sqm.function.SqmFunctionRegistry   : Registering alternate key : chr -> char
2024-04-24T17:02:26.246+05:30 DEBUG 5824 --- [Vehicle Management Module] [           main] o.h.q.sqm.function.SqmFunctionRegistry   : Registered SqmFunctionTemplate [NamedSqmFunctionTemplate(instr)] under instr; prior registration was null
2024-04-24T17:02:26.246+05:30 DEBUG 5824 --- [Vehicle Management Module] [           main] o.h.q.sqm.function.SqmFunctionRegistry   : Registered SqmFunctionTemplate [NamedSqmFunctionTemplate(substr)] under substr; prior registration was null
2024-04-24T17:02:26.246+05:30 DEBUG 5824 --- [Vehicle Management Module] [           main] o.h.q.sqm.function.SqmFunctionRegistry   : Registered SqmFunctionTemplate [org.hibernate.query.sqm.function.PatternBasedSqmFunctionDescriptor@4af3cacb] under position; prior registration was org.hibernate.dialect.function.LocatePositionEmulation@159e8432
2024-04-24T17:02:26.246+05:30 DEBUG 5824 --- [Vehicle Management Module] [           main] o.h.q.sqm.function.SqmFunctionRegistry   : Registered SqmFunctionTemplate [NamedSqmFunctionTemplate(ltrim)] under ltrim; prior registration was null
2024-04-24T17:02:26.246+05:30 DEBUG 5824 --- [Vehicle Management Module] [           main] o.h.q.sqm.function.SqmFunctionRegistry   : Registered SqmFunctionTemplate [NamedSqmFunctionTemplate(rtrim)] under rtrim; prior registration was null
2024-04-24T17:02:26.246+05:30 DEBUG 5824 --- [Vehicle Management Module] [           main] o.h.q.sqm.function.SqmFunctionRegistry   : Registered SqmFunctionTemplate [org.hibernate.query.sqm.function.PatternBasedSqmFunctionDescriptor@7439b2aa] under concat; prior registration was NamedSqmFunctionTemplate(concat)
2024-04-24T17:02:26.246+05:30 DEBUG 5824 --- [Vehicle Management Module] [           main] o.h.q.sqm.function.SqmFunctionRegistry   : Registered SqmFunctionTemplate [NamedSqmFunctionTemplate(curtime)] under curtime; prior registration was null
2024-04-24T17:02:26.246+05:30 DEBUG 5824 --- [Vehicle Management Module] [           main] o.h.q.sqm.function.SqmFunctionRegistry   : Registered SqmFunctionTemplate [NamedSqmFunctionTemplate(curdate)] under curdate; prior registration was null
2024-04-24T17:02:26.246+05:30 DEBUG 5824 --- [Vehicle Management Module] [           main] o.h.q.sqm.function.SqmFunctionRegistry   : Registered SqmFunctionTemplate [NamedSqmFunctionTemplate(now)] under now; prior registration was null
2024-04-24T17:02:26.246+05:30 DEBUG 5824 --- [Vehicle Management Module] [           main] o.h.q.sqm.function.SqmFunctionRegistry   : Registered SqmFunctionTemplate [NamedSqmFunctionTemplate(sysdate)] under sysdate; prior registration was null
2024-04-24T17:02:26.246+05:30 DEBUG 5824 --- [Vehicle Management Module] [           main] o.h.q.sqm.function.SqmFunctionRegistry   : Registered SqmFunctionTemplate [NamedSqmFunctionTemplate(insert)] under insert; prior registration was null
2024-04-24T17:02:26.246+05:30 DEBUG 5824 --- [Vehicle Management Module] [           main] o.h.q.sqm.function.SqmFunctionRegistry   : Registered SqmFunctionTemplate [NamedSqmFunctionTemplate(bool_and)] under bool_and; prior registration was null
2024-04-24T17:02:26.246+05:30 DEBUG 5824 --- [Vehicle Management Module] [           main] o.h.q.sqm.function.SqmFunctionRegistry   : Registering alternate key : every -> bool_and
2024-04-24T17:02:26.246+05:30 DEBUG 5824 --- [Vehicle Management Module] [           main] o.h.q.sqm.function.SqmFunctionRegistry   : Registered SqmFunctionTemplate [NamedSqmFunctionTemplate(bool_or)] under bool_or; prior registration was null
2024-04-24T17:02:26.246+05:30 DEBUG 5824 --- [Vehicle Management Module] [           main] o.h.q.sqm.function.SqmFunctionRegistry   : Registering alternate key : any -> bool_or
2024-04-24T17:02:26.246+05:30 DEBUG 5824 --- [Vehicle Management Module] [           main] o.h.q.sqm.function.SqmFunctionRegistry   : Registered SqmFunctionTemplate [NamedSqmFunctionTemplate(median)] under median; prior registration was null
2024-04-24T17:02:26.246+05:30 DEBUG 5824 --- [Vehicle Management Module] [           main] o.h.q.sqm.function.SqmFunctionRegistry   : Registered SqmFunctionTemplate [NamedSqmFunctionTemplate(stddev_pop)] under stddev_pop; prior registration was null
2024-04-24T17:02:26.246+05:30 DEBUG 5824 --- [Vehicle Management Module] [           main] o.h.q.sqm.function.SqmFunctionRegistry   : Registered SqmFunctionTemplate [NamedSqmFunctionTemplate(stddev_samp)] under stddev_samp; prior registration was null
2024-04-24T17:02:26.247+05:30 DEBUG 5824 --- [Vehicle Management Module] [           main] o.h.q.sqm.function.SqmFunctionRegistry   : Registered SqmFunctionTemplate [NamedSqmFunctionTemplate(var_pop)] under var_pop; prior registration was null
2024-04-24T17:02:26.247+05:30 DEBUG 5824 --- [Vehicle Management Module] [           main] o.h.q.sqm.function.SqmFunctionRegistry   : Registered SqmFunctionTemplate [NamedSqmFunctionTemplate(var_samp)] under var_samp; prior registration was null
2024-04-24T17:02:26.247+05:30 DEBUG 5824 --- [Vehicle Management Module] [           main] o.h.q.sqm.function.SqmFunctionRegistry   : Registered SqmFunctionTemplate [org.hibernate.dialect.function.FormatFunction@65a124a] under format; prior registration was org.hibernate.dialect.function.FormatFunction@6277551c
2024-04-24T17:02:26.247+05:30 DEBUG 5824 --- [Vehicle Management Module] [           main] o.h.q.sqm.function.SqmFunctionRegistry   : Registered SqmFunctionTemplate [NamedSqmFunctionTemplate(rownum)] under rownum; prior registration was null
2024-04-24T17:02:26.247+05:30 DEBUG 5824 --- [Vehicle Management Module] [           main] o.h.q.sqm.function.SqmFunctionRegistry   : Registered SqmFunctionTemplate [NamedSqmFunctionTemplate(row_number)] under row_number; prior registration was null
2024-04-24T17:02:26.247+05:30 DEBUG 5824 --- [Vehicle Management Module] [           main] o.h.q.sqm.function.SqmFunctionRegistry   : Registered SqmFunctionTemplate [NamedSqmFunctionTemplate(lag)] under lag; prior registration was null
2024-04-24T17:02:26.247+05:30 DEBUG 5824 --- [Vehicle Management Module] [           main] o.h.q.sqm.function.SqmFunctionRegistry   : Registered SqmFunctionTemplate [NamedSqmFunctionTemplate(lead)] under lead; prior registration was null
2024-04-24T17:02:26.247+05:30 DEBUG 5824 --- [Vehicle Management Module] [           main] o.h.q.sqm.function.SqmFunctionRegistry   : Registered SqmFunctionTemplate [NamedSqmFunctionTemplate(first_value)] under first_value; prior registration was null
2024-04-24T17:02:26.247+05:30 DEBUG 5824 --- [Vehicle Management Module] [           main] o.h.q.sqm.function.SqmFunctionRegistry   : Registered SqmFunctionTemplate [NamedSqmFunctionTemplate(last_value)] under last_value; prior registration was null
2024-04-24T17:02:26.247+05:30 DEBUG 5824 --- [Vehicle Management Module] [           main] o.h.q.sqm.function.SqmFunctionRegistry   : Registered SqmFunctionTemplate [NamedSqmFunctionTemplate(nth_value)] under nth_value; prior registration was null
2024-04-24T17:02:26.247+05:30 DEBUG 5824 --- [Vehicle Management Module] [           main] o.h.q.sqm.function.SqmFunctionRegistry   : Registered SqmFunctionTemplate [org.hibernate.dialect.function.ListaggFunction@514abad9] under listagg; prior registration was null
2024-04-24T17:02:26.247+05:30 DEBUG 5824 --- [Vehicle Management Module] [           main] o.h.q.sqm.function.SqmFunctionRegistry   : Registered SqmFunctionTemplate [org.hibernate.dialect.function.InverseDistributionFunction@53b97a9] under mode; prior registration was null
2024-04-24T17:02:26.247+05:30 DEBUG 5824 --- [Vehicle Management Module] [           main] o.h.q.sqm.function.SqmFunctionRegistry   : Registered SqmFunctionTemplate [org.hibernate.dialect.function.InverseDistributionFunction@3c2ed946] under percentile_cont; prior registration was null
2024-04-24T17:02:26.247+05:30 DEBUG 5824 --- [Vehicle Management Module] [           main] o.h.q.sqm.function.SqmFunctionRegistry   : Registered SqmFunctionTemplate [org.hibernate.dialect.function.InverseDistributionFunction@6a3044cb] under percentile_disc; prior registration was null
2024-04-24T17:02:26.247+05:30 DEBUG 5824 --- [Vehicle Management Module] [           main] o.h.q.sqm.function.SqmFunctionRegistry   : Registered SqmFunctionTemplate [org.hibernate.dialect.function.HypotheticalSetFunction@6e28a726] under rank; prior registration was null
2024-04-24T17:02:26.247+05:30 DEBUG 5824 --- [Vehicle Management Module] [           main] o.h.q.sqm.function.SqmFunctionRegistry   : Registered SqmFunctionTemplate [org.hibernate.dialect.function.HypotheticalSetFunction@3777e395] under dense_rank; prior registration was null
2024-04-24T17:02:26.247+05:30 DEBUG 5824 --- [Vehicle Management Module] [           main] o.h.q.sqm.function.SqmFunctionRegistry   : Registered SqmFunctionTemplate [org.hibernate.dialect.function.HypotheticalSetFunction@7d59e8d4] under percent_rank; prior registration was null
2024-04-24T17:02:26.247+05:30 DEBUG 5824 --- [Vehicle Management Module] [           main] o.h.q.sqm.function.SqmFunctionRegistry   : Registered SqmFunctionTemplate [org.hibernate.dialect.function.HypotheticalSetFunction@15a7fda8] under cume_dist; prior registration was null
2024-04-24T17:02:26.247+05:30 DEBUG 5824 --- [Vehicle Management Module] [           main] o.h.q.sqm.function.SqmFunctionRegistry   : Registered SqmFunctionTemplate [org.hibernate.dialect.function.array.ArrayConstructorFunction@3e1d79ad] under array; prior registration was null
2024-04-24T17:02:26.247+05:30 DEBUG 5824 --- [Vehicle Management Module] [           main] o.h.q.sqm.function.SqmFunctionRegistry   : Registered SqmFunctionTemplate [org.hibernate.dialect.function.array.ArrayConstructorFunction@36fe4eb0] under array_list; prior registration was null
2024-04-24T17:02:26.247+05:30 DEBUG 5824 --- [Vehicle Management Module] [           main] o.h.q.sqm.function.SqmFunctionRegistry   : Registered SqmFunctionTemplate [org.hibernate.dialect.function.array.ArrayAggFunction@4d31ff3] under array_agg; prior registration was null
2024-04-24T17:02:26.247+05:30 DEBUG 5824 --- [Vehicle Management Module] [           main] o.h.q.sqm.function.SqmFunctionRegistry   : Registered SqmFunctionTemplate [org.hibernate.dialect.function.array.H2ArrayPositionFunction@2eb3e87c] under array_position; prior registration was null
2024-04-24T17:02:26.247+05:30 DEBUG 5824 --- [Vehicle Management Module] [           main] o.h.q.sqm.function.SqmFunctionRegistry   : Registered SqmFunctionTemplate [org.hibernate.dialect.function.array.H2ArrayPositionsFunction@7b362c16] under array_positions; prior registration was null
2024-04-24T17:02:26.248+05:30 DEBUG 5824 --- [Vehicle Management Module] [           main] o.h.q.sqm.function.SqmFunctionRegistry   : Registered SqmFunctionTemplate [org.hibernate.dialect.function.array.H2ArrayPositionsFunction@3f79660e] under array_positions_list; prior registration was null
2024-04-24T17:02:26.248+05:30 DEBUG 5824 --- [Vehicle Management Module] [           main] o.h.q.sqm.function.SqmFunctionRegistry   : Registered SqmFunctionTemplate [org.hibernate.query.sqm.function.PatternBasedSqmFunctionDescriptor@23c9da95] under array_length; prior registration was null
2024-04-24T17:02:26.248+05:30 DEBUG 5824 --- [Vehicle Management Module] [           main] o.h.q.sqm.function.SqmFunctionRegistry   : Registered SqmFunctionTemplate [org.hibernate.dialect.function.array.ArrayConcatFunction@12882698] under array_concat; prior registration was null
2024-04-24T17:02:26.248+05:30 DEBUG 5824 --- [Vehicle Management Module] [           main] o.h.q.sqm.function.SqmFunctionRegistry   : Registered SqmFunctionTemplate [org.hibernate.dialect.function.array.ArrayConcatElementFunction@5814fe43] under array_prepend; prior registration was null
2024-04-24T17:02:26.248+05:30 DEBUG 5824 --- [Vehicle Management Module] [           main] o.h.q.sqm.function.SqmFunctionRegistry   : Registered SqmFunctionTemplate [org.hibernate.dialect.function.array.ArrayConcatElementFunction@2c29aa59] under array_append; prior registration was null
2024-04-24T17:02:26.248+05:30 DEBUG 5824 --- [Vehicle Management Module] [           main] o.h.q.sqm.function.SqmFunctionRegistry   : Registered SqmFunctionTemplate [org.hibernate.dialect.function.array.H2ArrayContainsFunction@4159c03b] under array_contains; prior registration was null
2024-04-24T17:02:26.248+05:30 DEBUG 5824 --- [Vehicle Management Module] [           main] o.h.q.sqm.function.SqmFunctionRegistry   : Registered SqmFunctionTemplate [org.hibernate.dialect.function.array.H2ArrayContainsFunction@1236926e] under array_contains_nullable; prior registration was null
2024-04-24T17:02:26.248+05:30 DEBUG 5824 --- [Vehicle Management Module] [           main] o.h.q.sqm.function.SqmFunctionRegistry   : Registered SqmFunctionTemplate [org.hibernate.dialect.function.array.H2ArrayOverlapsFunction@6d2f808d] under array_overlaps; prior registration was null
2024-04-24T17:02:26.248+05:30 DEBUG 5824 --- [Vehicle Management Module] [           main] o.h.q.sqm.function.SqmFunctionRegistry   : Registered SqmFunctionTemplate [org.hibernate.dialect.function.array.H2ArrayOverlapsFunction@c359413] under array_overlaps_nullable; prior registration was null
2024-04-24T17:02:26.248+05:30 DEBUG 5824 --- [Vehicle Management Module] [           main] o.h.q.sqm.function.SqmFunctionRegistry   : Registered SqmFunctionTemplate [org.hibernate.query.sqm.function.PatternBasedSqmFunctionDescriptor@3e2d5b6] under array_get; prior registration was null
2024-04-24T17:02:26.248+05:30 DEBUG 5824 --- [Vehicle Management Module] [           main] o.h.q.sqm.function.SqmFunctionRegistry   : Registered SqmFunctionTemplate [org.hibernate.dialect.function.array.H2ArraySetFunction@25618246] under array_set; prior registration was null
2024-04-24T17:02:26.248+05:30 DEBUG 5824 --- [Vehicle Management Module] [           main] o.h.q.sqm.function.SqmFunctionRegistry   : Registered SqmFunctionTemplate [org.hibernate.dialect.function.array.H2ArrayRemoveFunction@345b558f] under array_remove; prior registration was null
2024-04-24T17:02:26.248+05:30 DEBUG 5824 --- [Vehicle Management Module] [           main] o.h.q.sqm.function.SqmFunctionRegistry   : Registered SqmFunctionTemplate [org.hibernate.dialect.function.array.H2ArrayRemoveIndexFunction@146eda1b] under array_remove_index; prior registration was null
2024-04-24T17:02:26.248+05:30 DEBUG 5824 --- [Vehicle Management Module] [           main] o.h.q.sqm.function.SqmFunctionRegistry   : Registered SqmFunctionTemplate [org.hibernate.query.sqm.function.PatternBasedSqmFunctionDescriptor@1b4f245] under array_slice; prior registration was null
2024-04-24T17:02:26.248+05:30 DEBUG 5824 --- [Vehicle Management Module] [           main] o.h.q.sqm.function.SqmFunctionRegistry   : Registered SqmFunctionTemplate [org.hibernate.dialect.function.array.H2ArrayReplaceFunction@286e2387] under array_replace; prior registration was null
2024-04-24T17:02:26.249+05:30 DEBUG 5824 --- [Vehicle Management Module] [           main] o.h.q.sqm.function.SqmFunctionRegistry   : Registered SqmFunctionTemplate [org.hibernate.query.sqm.function.PatternBasedSqmFunctionDescriptor@46f7fc28] under array_trim; prior registration was null
2024-04-24T17:02:26.249+05:30 DEBUG 5824 --- [Vehicle Management Module] [           main] o.h.q.sqm.function.SqmFunctionRegistry   : Registered SqmFunctionTemplate [org.hibernate.dialect.function.array.H2ArrayFillFunction@242b48ef] under array_fill; prior registration was null
2024-04-24T17:02:26.249+05:30 DEBUG 5824 --- [Vehicle Management Module] [           main] o.h.q.sqm.function.SqmFunctionRegistry   : Registered SqmFunctionTemplate [org.hibernate.dialect.function.array.H2ArrayFillFunction@22bb0f5] under array_fill_list; prior registration was null
2024-04-24T17:02:26.249+05:30 DEBUG 5824 --- [Vehicle Management Module] [           main] o.h.q.sqm.function.SqmFunctionRegistry   : Registered SqmFunctionTemplate [org.hibernate.dialect.function.array.H2ArrayToStringFunction@5b00d92c] under array_to_string; prior registration was null
2024-04-24T17:02:26.249+05:30 DEBUG 5824 --- [Vehicle Management Module] [           main] org.hibernate.HQL_FUNCTIONS              : abs(NUMERIC arg)
2024-04-24T17:02:26.249+05:30 DEBUG 5824 --- [Vehicle Management Module] [           main] org.hibernate.HQL_FUNCTIONS              : Double acos(NUMERIC arg)
2024-04-24T17:02:26.249+05:30 DEBUG 5824 --- [Vehicle Management Module] [           main] org.hibernate.HQL_FUNCTIONS              : Boolean any(BOOLEAN predicate)
2024-04-24T17:02:26.249+05:30 DEBUG 5824 --- [Vehicle Management Module] [           main] org.hibernate.HQL_FUNCTIONS              : array( ... )
2024-04-24T17:02:26.249+05:30 DEBUG 5824 --- [Vehicle Management Module] [           main] org.hibernate.HQL_FUNCTIONS              : array_agg(arg)
2024-04-24T17:02:26.250+05:30 DEBUG 5824 --- [Vehicle Management Module] [           main] org.hibernate.HQL_FUNCTIONS              : array_append( ... )
2024-04-24T17:02:26.251+05:30 DEBUG 5824 --- [Vehicle Management Module] [           main] org.hibernate.HQL_FUNCTIONS              : array_concat( ... )
2024-04-24T17:02:26.251+05:30 DEBUG 5824 --- [Vehicle Management Module] [           main] org.hibernate.HQL_FUNCTIONS              : Boolean array_contains(ARRAY haystackArray, OBJECT needleElementOrArray)
2024-04-24T17:02:26.251+05:30 DEBUG 5824 --- [Vehicle Management Module] [           main] org.hibernate.HQL_FUNCTIONS              : Boolean array_contains_nullable(ARRAY haystackArray, OBJECT needleElementOrArray)
2024-04-24T17:02:26.251+05:30 DEBUG 5824 --- [Vehicle Management Module] [           main] org.hibernate.HQL_FUNCTIONS              : array_fill(OBJECT element, INTEGER elementCount)
2024-04-24T17:02:26.251+05:30 DEBUG 5824 --- [Vehicle Management Module] [           main] org.hibernate.HQL_FUNCTIONS              : array_fill_list(OBJECT element, INTEGER elementCount)
2024-04-24T17:02:26.251+05:30 DEBUG 5824 --- [Vehicle Management Module] [           main] org.hibernate.HQL_FUNCTIONS              : array_get(ARRAY array, INTEGER index)
2024-04-24T17:02:26.252+05:30 DEBUG 5824 --- [Vehicle Management Module] [           main] org.hibernate.HQL_FUNCTIONS              : Integer array_length(ARRAY array)
2024-04-24T17:02:26.252+05:30 DEBUG 5824 --- [Vehicle Management Module] [           main] org.hibernate.HQL_FUNCTIONS              : array_list( ... )
2024-04-24T17:02:26.252+05:30 DEBUG 5824 --- [Vehicle Management Module] [           main] org.hibernate.HQL_FUNCTIONS              : Boolean array_overlaps(ARRAY array0, OBJECT array1)
2024-04-24T17:02:26.252+05:30 DEBUG 5824 --- [Vehicle Management Module] [           main] org.hibernate.HQL_FUNCTIONS              : Boolean array_overlaps_nullable(ARRAY array0, OBJECT array1)
2024-04-24T17:02:26.252+05:30 DEBUG 5824 --- [Vehicle Management Module] [           main] org.hibernate.HQL_FUNCTIONS              : Integer array_position(ARRAY array, OBJECT element[, INTEGER startPosition])
2024-04-24T17:02:26.252+05:30 DEBUG 5824 --- [Vehicle Management Module] [           main] org.hibernate.HQL_FUNCTIONS              : int[] array_positions(ARRAY array, OBJECT element)
2024-04-24T17:02:26.252+05:30 DEBUG 5824 --- [Vehicle Management Module] [           main] org.hibernate.HQL_FUNCTIONS              : List array_positions_list(ARRAY array, OBJECT element)
2024-04-24T17:02:26.252+05:30 DEBUG 5824 --- [Vehicle Management Module] [           main] org.hibernate.HQL_FUNCTIONS              : array_prepend( ... )
2024-04-24T17:02:26.252+05:30 DEBUG 5824 --- [Vehicle Management Module] [           main] org.hibernate.HQL_FUNCTIONS              : array_remove( ... )
2024-04-24T17:02:26.252+05:30 DEBUG 5824 --- [Vehicle Management Module] [           main] org.hibernate.HQL_FUNCTIONS              : array_remove_index( ... )
2024-04-24T17:02:26.252+05:30 DEBUG 5824 --- [Vehicle Management Module] [           main] org.hibernate.HQL_FUNCTIONS              : array_replace( ... )
2024-04-24T17:02:26.252+05:30 DEBUG 5824 --- [Vehicle Management Module] [           main] org.hibernate.HQL_FUNCTIONS              : array_set( ... )
2024-04-24T17:02:26.252+05:30 DEBUG 5824 --- [Vehicle Management Module] [           main] org.hibernate.HQL_FUNCTIONS              : array_slice(ARRAY array, INTEGER start, INTEGER end)
2024-04-24T17:02:26.253+05:30 DEBUG 5824 --- [Vehicle Management Module] [           main] org.hibernate.HQL_FUNCTIONS              : String array_to_string( ... )
2024-04-24T17:02:26.253+05:30 DEBUG 5824 --- [Vehicle Management Module] [           main] org.hibernate.HQL_FUNCTIONS              : array_trim(ARRAY array, INTEGER elementsToRemove)
2024-04-24T17:02:26.253+05:30 DEBUG 5824 --- [Vehicle Management Module] [           main] org.hibernate.HQL_FUNCTIONS              : Integer ascii(STRING arg)
2024-04-24T17:02:26.253+05:30 DEBUG 5824 --- [Vehicle Management Module] [           main] org.hibernate.HQL_FUNCTIONS              : Double asin(NUMERIC arg)
2024-04-24T17:02:26.253+05:30 DEBUG 5824 --- [Vehicle Management Module] [           main] org.hibernate.HQL_FUNCTIONS              : Double atan(NUMERIC arg)
2024-04-24T17:02:26.253+05:30 DEBUG 5824 --- [Vehicle Management Module] [           main] org.hibernate.HQL_FUNCTIONS              : Double atan2(NUMERIC arg0, NUMERIC arg1)
2024-04-24T17:02:26.253+05:30 DEBUG 5824 --- [Vehicle Management Module] [           main] org.hibernate.HQL_FUNCTIONS              : avg(NUMERIC arg)
2024-04-24T17:02:26.253+05:30 DEBUG 5824 --- [Vehicle Management Module] [           main] org.hibernate.HQL_FUNCTIONS              : bit_and(arg)
2024-04-24T17:02:26.253+05:30 DEBUG 5824 --- [Vehicle Management Module] [           main] org.hibernate.HQL_FUNCTIONS              : Integer bit_length(STRING_OR_CLOB arg)
2024-04-24T17:02:26.253+05:30 DEBUG 5824 --- [Vehicle Management Module] [           main] org.hibernate.HQL_FUNCTIONS              : bit_or(arg)
2024-04-24T17:02:26.253+05:30 DEBUG 5824 --- [Vehicle Management Module] [           main] org.hibernate.HQL_FUNCTIONS              : bitand(arg0, arg1)
2024-04-24T17:02:26.253+05:30 DEBUG 5824 --- [Vehicle Management Module] [           main] org.hibernate.HQL_FUNCTIONS              : bitor(arg0, arg1)
2024-04-24T17:02:26.253+05:30 DEBUG 5824 --- [Vehicle Management Module] [           main] org.hibernate.HQL_FUNCTIONS              : bitxor(arg0, arg1)
2024-04-24T17:02:26.253+05:30 DEBUG 5824 --- [Vehicle Management Module] [           main] org.hibernate.HQL_FUNCTIONS              : Boolean bool_and(BOOLEAN predicate)
2024-04-24T17:02:26.253+05:30 DEBUG 5824 --- [Vehicle Management Module] [           main] org.hibernate.HQL_FUNCTIONS              : Boolean bool_or(BOOLEAN predicate)
2024-04-24T17:02:26.253+05:30 DEBUG 5824 --- [Vehicle Management Module] [           main] org.hibernate.HQL_FUNCTIONS              : cast(arg as Type)
2024-04-24T17:02:26.253+05:30 DEBUG 5824 --- [Vehicle Management Module] [           main] org.hibernate.HQL_FUNCTIONS              : ceiling(NUMERIC arg)
2024-04-24T17:02:26.253+05:30 DEBUG 5824 --- [Vehicle Management Module] [           main] org.hibernate.HQL_FUNCTIONS              : Character char(INTEGER arg)
2024-04-24T17:02:26.254+05:30 DEBUG 5824 --- [Vehicle Management Module] [           main] org.hibernate.HQL_FUNCTIONS              : Integer character_length(STRING_OR_CLOB arg)
2024-04-24T17:02:26.254+05:30 DEBUG 5824 --- [Vehicle Management Module] [           main] org.hibernate.HQL_FUNCTIONS              : Character chr(INTEGER arg)
2024-04-24T17:02:26.254+05:30 DEBUG 5824 --- [Vehicle Management Module] [           main] org.hibernate.HQL_FUNCTIONS              : coalesce(arg0[, arg1[, ...]])
2024-04-24T17:02:26.254+05:30 DEBUG 5824 --- [Vehicle Management Module] [           main] org.hibernate.HQL_FUNCTIONS              : String collate(STRING string as COLLATION collation)
2024-04-24T17:02:26.254+05:30 DEBUG 5824 --- [Vehicle Management Module] [           main] org.hibernate.HQL_FUNCTIONS              : String concat(STRING string0[, STRING string1[, ...]])
2024-04-24T17:02:26.254+05:30 DEBUG 5824 --- [Vehicle Management Module] [           main] org.hibernate.HQL_FUNCTIONS              : Double cos(NUMERIC arg)
2024-04-24T17:02:26.254+05:30 DEBUG 5824 --- [Vehicle Management Module] [           main] org.hibernate.HQL_FUNCTIONS              : Double cosh(NUMERIC arg)
2024-04-24T17:02:26.254+05:30 DEBUG 5824 --- [Vehicle Management Module] [           main] org.hibernate.HQL_FUNCTIONS              : Double cot(NUMERIC arg)
2024-04-24T17:02:26.254+05:30 DEBUG 5824 --- [Vehicle Management Module] [           main] org.hibernate.HQL_FUNCTIONS              : Long count([distinct ]{arg|*})
2024-04-24T17:02:26.254+05:30 DEBUG 5824 --- [Vehicle Management Module] [           main] org.hibernate.HQL_FUNCTIONS              : Double cume_dist([arg0[, ...]])
2024-04-24T17:02:26.254+05:30 DEBUG 5824 --- [Vehicle Management Module] [           main] org.hibernate.HQL_FUNCTIONS              : Date curdate()
2024-04-24T17:02:26.254+05:30 DEBUG 5824 --- [Vehicle Management Module] [           main] org.hibernate.HQL_FUNCTIONS              : Date current date
2024-04-24T17:02:26.254+05:30 DEBUG 5824 --- [Vehicle Management Module] [           main] org.hibernate.HQL_FUNCTIONS              : Time current time
2024-04-24T17:02:26.254+05:30 DEBUG 5824 --- [Vehicle Management Module] [           main] org.hibernate.HQL_FUNCTIONS              : Timestamp current timestamp
2024-04-24T17:02:26.254+05:30 DEBUG 5824 --- [Vehicle Management Module] [           main] org.hibernate.HQL_FUNCTIONS              : Date current_date
2024-04-24T17:02:26.254+05:30 DEBUG 5824 --- [Vehicle Management Module] [           main] org.hibernate.HQL_FUNCTIONS              : Instant current_instant
2024-04-24T17:02:26.254+05:30 DEBUG 5824 --- [Vehicle Management Module] [           main] org.hibernate.HQL_FUNCTIONS              : Time current_time
2024-04-24T17:02:26.254+05:30 DEBUG 5824 --- [Vehicle Management Module] [           main] org.hibernate.HQL_FUNCTIONS              : Timestamp current_timestamp
2024-04-24T17:02:26.254+05:30 DEBUG 5824 --- [Vehicle Management Module] [           main] org.hibernate.HQL_FUNCTIONS              : Time curtime()
2024-04-24T17:02:26.254+05:30 DEBUG 5824 --- [Vehicle Management Module] [           main] org.hibernate.HQL_FUNCTIONS              : date_trunc(STRING field, TEMPORAL datetime)
2024-04-24T17:02:26.254+05:30 DEBUG 5824 --- [Vehicle Management Module] [           main] org.hibernate.HQL_FUNCTIONS              : dateadd(TEMPORAL_UNIT field, INTEGER magnitude, TEMPORAL datetime)
2024-04-24T17:02:26.254+05:30 DEBUG 5824 --- [Vehicle Management Module] [           main] org.hibernate.HQL_FUNCTIONS              : basicType@35(java.lang.Long,-5)|basicType@38(java.lang.Double,8) datediff(TEMPORAL_UNIT field, TEMPORAL start, TEMPORAL end)
2024-04-24T17:02:26.254+05:30 DEBUG 5824 --- [Vehicle Management Module] [           main] org.hibernate.HQL_FUNCTIONS              : Integer day(DATE arg)
2024-04-24T17:02:26.254+05:30 DEBUG 5824 --- [Vehicle Management Module] [           main] org.hibernate.HQL_FUNCTIONS              : Integer day_of_month(DATE arg)
2024-04-24T17:02:26.254+05:30 DEBUG 5824 --- [Vehicle Management Module] [           main] org.hibernate.HQL_FUNCTIONS              : Integer day_of_week(DATE arg)
2024-04-24T17:02:26.254+05:30 DEBUG 5824 --- [Vehicle Management Module] [           main] org.hibernate.HQL_FUNCTIONS              : Integer day_of_year(DATE arg)
2024-04-24T17:02:26.254+05:30 DEBUG 5824 --- [Vehicle Management Module] [           main] org.hibernate.HQL_FUNCTIONS              : String dayname(DATE arg)
2024-04-24T17:02:26.254+05:30 DEBUG 5824 --- [Vehicle Management Module] [           main] org.hibernate.HQL_FUNCTIONS              : Double degrees(NUMERIC arg)
2024-04-24T17:02:26.255+05:30 DEBUG 5824 --- [Vehicle Management Module] [           main] org.hibernate.HQL_FUNCTIONS              : Long dense_rank([arg0[, ...]])
2024-04-24T17:02:26.255+05:30 DEBUG 5824 --- [Vehicle Management Module] [           main] org.hibernate.HQL_FUNCTIONS              : Boolean every(BOOLEAN predicate)
2024-04-24T17:02:26.255+05:30 DEBUG 5824 --- [Vehicle Management Module] [           main] org.hibernate.HQL_FUNCTIONS              : Double exp(NUMERIC arg)
2024-04-24T17:02:26.255+05:30 DEBUG 5824 --- [Vehicle Management Module] [           main] org.hibernate.HQL_FUNCTIONS              : extract(TEMPORAL_UNIT field from TEMPORAL arg)
2024-04-24T17:02:26.255+05:30 DEBUG 5824 --- [Vehicle Management Module] [           main] org.hibernate.HQL_FUNCTIONS              : first_valueANY value
2024-04-24T17:02:26.255+05:30 DEBUG 5824 --- [Vehicle Management Module] [           main] org.hibernate.HQL_FUNCTIONS              : floor(NUMERIC arg)
2024-04-24T17:02:26.255+05:30 DEBUG 5824 --- [Vehicle Management Module] [           main] org.hibernate.HQL_FUNCTIONS              : String format(TEMPORAL datetime as STRING pattern)
2024-04-24T17:02:26.255+05:30 DEBUG 5824 --- [Vehicle Management Module] [           main] org.hibernate.HQL_FUNCTIONS              : greatest(COMPARABLE arg0, COMPARABLE arg1[, arg2[, ...]])
2024-04-24T17:02:26.255+05:30 DEBUG 5824 --- [Vehicle Management Module] [           main] org.hibernate.HQL_FUNCTIONS              : Integer hour(TIME arg)
2024-04-24T17:02:26.255+05:30 DEBUG 5824 --- [Vehicle Management Module] [           main] org.hibernate.HQL_FUNCTIONS              : ifnull(arg0, arg1)
2024-04-24T17:02:26.255+05:30 DEBUG 5824 --- [Vehicle Management Module] [           main] org.hibernate.HQL_FUNCTIONS              : String insert(STRING string, INTEGER start, INTEGER length, STRING replacement)
2024-04-24T17:02:26.255+05:30 DEBUG 5824 --- [Vehicle Management Module] [           main] org.hibernate.HQL_FUNCTIONS              : Instant instant
2024-04-24T17:02:26.255+05:30 DEBUG 5824 --- [Vehicle Management Module] [           main] org.hibernate.HQL_FUNCTIONS              : Integer instr(STRING string, STRING pattern[, INTEGER start[, INTEGER occurrence]])
2024-04-24T17:02:26.255+05:30 DEBUG 5824 --- [Vehicle Management Module] [           main] org.hibernate.HQL_FUNCTIONS              : lagANY value[, INTEGER offset[, ANY default]]
2024-04-24T17:02:26.255+05:30 DEBUG 5824 --- [Vehicle Management Module] [           main] org.hibernate.HQL_FUNCTIONS              : last_valueANY value
2024-04-24T17:02:26.255+05:30 DEBUG 5824 --- [Vehicle Management Module] [           main] org.hibernate.HQL_FUNCTIONS              : leadANY value[, INTEGER offset[, ANY default]]
2024-04-24T17:02:26.255+05:30 DEBUG 5824 --- [Vehicle Management Module] [           main] org.hibernate.HQL_FUNCTIONS              : least(COMPARABLE arg0, COMPARABLE arg1[, arg2[, ...]])
2024-04-24T17:02:26.255+05:30 DEBUG 5824 --- [Vehicle Management Module] [           main] org.hibernate.HQL_FUNCTIONS              : String left(STRING string, INTEGER length)
2024-04-24T17:02:26.255+05:30 DEBUG 5824 --- [Vehicle Management Module] [           main] org.hibernate.HQL_FUNCTIONS              : Integer length(STRING_OR_CLOB arg)
2024-04-24T17:02:26.255+05:30 DEBUG 5824 --- [Vehicle Management Module] [           main] org.hibernate.HQL_FUNCTIONS              : String listagg(STRING arg0, STRING arg1)
2024-04-24T17:02:26.255+05:30 DEBUG 5824 --- [Vehicle Management Module] [           main] org.hibernate.HQL_FUNCTIONS              : Double ln(NUMERIC arg)
2024-04-24T17:02:26.255+05:30 DEBUG 5824 --- [Vehicle Management Module] [           main] org.hibernate.HQL_FUNCTIONS              : LocalDate local date
2024-04-24T17:02:26.255+05:30 DEBUG 5824 --- [Vehicle Management Module] [           main] org.hibernate.HQL_FUNCTIONS              : LocalDateTime local datetime
2024-04-24T17:02:26.255+05:30 DEBUG 5824 --- [Vehicle Management Module] [           main] org.hibernate.HQL_FUNCTIONS              : LocalTime local time
2024-04-24T17:02:26.255+05:30 DEBUG 5824 --- [Vehicle Management Module] [           main] org.hibernate.HQL_FUNCTIONS              : LocalDate local_date
2024-04-24T17:02:26.255+05:30 DEBUG 5824 --- [Vehicle Management Module] [           main] org.hibernate.HQL_FUNCTIONS              : LocalDateTime local_datetime
2024-04-24T17:02:26.255+05:30 DEBUG 5824 --- [Vehicle Management Module] [           main] org.hibernate.HQL_FUNCTIONS              : LocalTime local_time
2024-04-24T17:02:26.255+05:30 DEBUG 5824 --- [Vehicle Management Module] [           main] org.hibernate.HQL_FUNCTIONS              : Time localtime
2024-04-24T17:02:26.255+05:30 DEBUG 5824 --- [Vehicle Management Module] [           main] org.hibernate.HQL_FUNCTIONS              : Timestamp localtimestamp
2024-04-24T17:02:26.255+05:30 DEBUG 5824 --- [Vehicle Management Module] [           main] org.hibernate.HQL_FUNCTIONS              : Integer locate(STRING pattern, STRING string[, INTEGER start])
2024-04-24T17:02:26.255+05:30 DEBUG 5824 --- [Vehicle Management Module] [           main] org.hibernate.HQL_FUNCTIONS              : Double log(NUMERIC base, NUMERIC arg)
2024-04-24T17:02:26.255+05:30 DEBUG 5824 --- [Vehicle Management Module] [           main] org.hibernate.HQL_FUNCTIONS              : Double log10(NUMERIC arg)
2024-04-24T17:02:26.255+05:30 DEBUG 5824 --- [Vehicle Management Module] [           main] org.hibernate.HQL_FUNCTIONS              : String lower(STRING string)
2024-04-24T17:02:26.255+05:30 DEBUG 5824 --- [Vehicle Management Module] [           main] org.hibernate.HQL_FUNCTIONS              : String lpad(STRING string, INTEGER length[, STRING padding])
2024-04-24T17:02:26.255+05:30 DEBUG 5824 --- [Vehicle Management Module] [           main] org.hibernate.HQL_FUNCTIONS              : String ltrim(STRING string)
2024-04-24T17:02:26.255+05:30 DEBUG 5824 --- [Vehicle Management Module] [           main] org.hibernate.HQL_FUNCTIONS              : max(COMPARABLE arg)
2024-04-24T17:02:26.255+05:30 DEBUG 5824 --- [Vehicle Management Module] [           main] org.hibernate.HQL_FUNCTIONS              : Double median(NUMERIC arg)
2024-04-24T17:02:26.255+05:30 DEBUG 5824 --- [Vehicle Management Module] [           main] org.hibernate.HQL_FUNCTIONS              : Integer microsecond(TIME arg)
2024-04-24T17:02:26.255+05:30 DEBUG 5824 --- [Vehicle Management Module] [           main] org.hibernate.HQL_FUNCTIONS              : min(COMPARABLE arg)
2024-04-24T17:02:26.255+05:30 DEBUG 5824 --- [Vehicle Management Module] [           main] org.hibernate.HQL_FUNCTIONS              : Integer minute(TIME arg)
2024-04-24T17:02:26.255+05:30 DEBUG 5824 --- [Vehicle Management Module] [           main] org.hibernate.HQL_FUNCTIONS              : Integer mod(INTEGER arg0, INTEGER arg1)
2024-04-24T17:02:26.255+05:30 DEBUG 5824 --- [Vehicle Management Module] [           main] org.hibernate.HQL_FUNCTIONS              : mode()
2024-04-24T17:02:26.255+05:30 DEBUG 5824 --- [Vehicle Management Module] [           main] org.hibernate.HQL_FUNCTIONS              : Integer month(DATE arg)
2024-04-24T17:02:26.255+05:30 DEBUG 5824 --- [Vehicle Management Module] [           main] org.hibernate.HQL_FUNCTIONS              : String monthname(DATE arg)
2024-04-24T17:02:26.255+05:30 DEBUG 5824 --- [Vehicle Management Module] [           main] org.hibernate.HQL_FUNCTIONS              : Timestamp now()
2024-04-24T17:02:26.256+05:30 DEBUG 5824 --- [Vehicle Management Module] [           main] org.hibernate.HQL_FUNCTIONS              : nth_valueANY value, INTEGER nth
2024-04-24T17:02:26.256+05:30 DEBUG 5824 --- [Vehicle Management Module] [           main] org.hibernate.HQL_FUNCTIONS              : nullif(arg0, arg1)
2024-04-24T17:02:26.256+05:30 DEBUG 5824 --- [Vehicle Management Module] [           main] org.hibernate.HQL_FUNCTIONS              : Integer octet_length(STRING_OR_CLOB arg)
2024-04-24T17:02:26.256+05:30 DEBUG 5824 --- [Vehicle Management Module] [           main] org.hibernate.HQL_FUNCTIONS              : OffsetDateTime offset datetime
2024-04-24T17:02:26.256+05:30 DEBUG 5824 --- [Vehicle Management Module] [           main] org.hibernate.HQL_FUNCTIONS              : OffsetDateTime offset_datetime
2024-04-24T17:02:26.256+05:30 DEBUG 5824 --- [Vehicle Management Module] [           main] org.hibernate.HQL_FUNCTIONS              : String overlay(STRING string placing STRING replacement from INTEGER start[ for INTEGER length])
2024-04-24T17:02:26.256+05:30 DEBUG 5824 --- [Vehicle Management Module] [           main] org.hibernate.HQL_FUNCTIONS              : String pad(STRING string with INTEGER length {leading|trailing}[ STRING character])
2024-04-24T17:02:26.256+05:30 DEBUG 5824 --- [Vehicle Management Module] [           main] org.hibernate.HQL_FUNCTIONS              : Double percent_rank([arg0[, ...]])
2024-04-24T17:02:26.256+05:30 DEBUG 5824 --- [Vehicle Management Module] [           main] org.hibernate.HQL_FUNCTIONS              : percentile_cont(NUMERIC arg)
2024-04-24T17:02:26.256+05:30 DEBUG 5824 --- [Vehicle Management Module] [           main] org.hibernate.HQL_FUNCTIONS              : percentile_disc(NUMERIC arg)
2024-04-24T17:02:26.256+05:30 DEBUG 5824 --- [Vehicle Management Module] [           main] org.hibernate.HQL_FUNCTIONS              : Double pi
2024-04-24T17:02:26.256+05:30 DEBUG 5824 --- [Vehicle Management Module] [           main] org.hibernate.HQL_FUNCTIONS              : Integer position(STRING pattern in STRING string)
2024-04-24T17:02:26.256+05:30 DEBUG 5824 --- [Vehicle Management Module] [           main] org.hibernate.HQL_FUNCTIONS              : Double power(NUMERIC arg0, NUMERIC arg1)
2024-04-24T17:02:26.256+05:30 DEBUG 5824 --- [Vehicle Management Module] [           main] org.hibernate.HQL_FUNCTIONS              : Integer quarter(DATE arg)
2024-04-24T17:02:26.256+05:30 DEBUG 5824 --- [Vehicle Management Module] [           main] org.hibernate.HQL_FUNCTIONS              : Double radians(NUMERIC arg)
2024-04-24T17:02:26.256+05:30 DEBUG 5824 --- [Vehicle Management Module] [           main] org.hibernate.HQL_FUNCTIONS              : Double rand([INTEGER seed])
2024-04-24T17:02:26.256+05:30 DEBUG 5824 --- [Vehicle Management Module] [           main] org.hibernate.HQL_FUNCTIONS              : Long rank([arg0[, ...]])
2024-04-24T17:02:26.256+05:30 DEBUG 5824 --- [Vehicle Management Module] [           main] org.hibernate.HQL_FUNCTIONS              : String repeat(STRING string, INTEGER times)
2024-04-24T17:02:26.256+05:30 DEBUG 5824 --- [Vehicle Management Module] [           main] org.hibernate.HQL_FUNCTIONS              : String replace(STRING string, STRING pattern, STRING replacement)
2024-04-24T17:02:26.256+05:30 DEBUG 5824 --- [Vehicle Management Module] [           main] org.hibernate.HQL_FUNCTIONS              : String right(STRING string, INTEGER length)
2024-04-24T17:02:26.256+05:30 DEBUG 5824 --- [Vehicle Management Module] [           main] org.hibernate.HQL_FUNCTIONS              : round(NUMERIC number[, INTEGER places])
2024-04-24T17:02:26.256+05:30 DEBUG 5824 --- [Vehicle Management Module] [           main] org.hibernate.HQL_FUNCTIONS              : Long row_number()
2024-04-24T17:02:26.257+05:30 DEBUG 5824 --- [Vehicle Management Module] [           main] org.hibernate.HQL_FUNCTIONS              : Long rownum()
2024-04-24T17:02:26.257+05:30 DEBUG 5824 --- [Vehicle Management Module] [           main] org.hibernate.HQL_FUNCTIONS              : String rpad(STRING string, INTEGER length[, STRING padding])
2024-04-24T17:02:26.257+05:30 DEBUG 5824 --- [Vehicle Management Module] [           main] org.hibernate.HQL_FUNCTIONS              : String rtrim(STRING string)
2024-04-24T17:02:26.257+05:30 DEBUG 5824 --- [Vehicle Management Module] [           main] org.hibernate.HQL_FUNCTIONS              : Integer second(TIME arg)
2024-04-24T17:02:26.257+05:30 DEBUG 5824 --- [Vehicle Management Module] [           main] org.hibernate.HQL_FUNCTIONS              : Integer sign(NUMERIC arg)
2024-04-24T17:02:26.257+05:30 DEBUG 5824 --- [Vehicle Management Module] [           main] org.hibernate.HQL_FUNCTIONS              : Double sin(NUMERIC arg)
2024-04-24T17:02:26.257+05:30 DEBUG 5824 --- [Vehicle Management Module] [           main] org.hibernate.HQL_FUNCTIONS              : Double sinh(NUMERIC arg)
2024-04-24T17:02:26.257+05:30 DEBUG 5824 --- [Vehicle Management Module] [           main] org.hibernate.HQL_FUNCTIONS              : String soundex(arg)
2024-04-24T17:02:26.257+05:30 DEBUG 5824 --- [Vehicle Management Module] [           main] org.hibernate.HQL_FUNCTIONS              : String space(INTEGER arg)
2024-04-24T17:02:26.257+05:30 DEBUG 5824 --- [Vehicle Management Module] [           main] org.hibernate.HQL_FUNCTIONS              : Object sql
2024-04-24T17:02:26.257+05:30 DEBUG 5824 --- [Vehicle Management Module] [           main] org.hibernate.HQL_FUNCTIONS              : Double sqrt(NUMERIC arg)
2024-04-24T17:02:26.257+05:30 DEBUG 5824 --- [Vehicle Management Module] [           main] org.hibernate.HQL_FUNCTIONS              : Double stddev_pop(NUMERIC arg)
2024-04-24T17:02:26.257+05:30 DEBUG 5824 --- [Vehicle Management Module] [           main] org.hibernate.HQL_FUNCTIONS              : Double stddev_samp(NUMERIC arg)
2024-04-24T17:02:26.257+05:30 DEBUG 5824 --- [Vehicle Management Module] [           main] org.hibernate.HQL_FUNCTIONS              : String str(arg)
2024-04-24T17:02:26.257+05:30 DEBUG 5824 --- [Vehicle Management Module] [           main] org.hibernate.HQL_FUNCTIONS              : String substr(STRING string, INTEGER start[, INTEGER length])
2024-04-24T17:02:26.257+05:30 DEBUG 5824 --- [Vehicle Management Module] [           main] org.hibernate.HQL_FUNCTIONS              : String substring(STRING string{ from|,} INTEGER start[{ for|,} INTEGER length])
2024-04-24T17:02:26.257+05:30 DEBUG 5824 --- [Vehicle Management Module] [           main] org.hibernate.HQL_FUNCTIONS              : sum(arg)
2024-04-24T17:02:26.257+05:30 DEBUG 5824 --- [Vehicle Management Module] [           main] org.hibernate.HQL_FUNCTIONS              : Timestamp sysdate
2024-04-24T17:02:26.257+05:30 DEBUG 5824 --- [Vehicle Management Module] [           main] org.hibernate.HQL_FUNCTIONS              : Double tan(NUMERIC arg)
2024-04-24T17:02:26.257+05:30 DEBUG 5824 --- [Vehicle Management Module] [           main] org.hibernate.HQL_FUNCTIONS              : Double tanh(NUMERIC arg)
2024-04-24T17:02:26.257+05:30 DEBUG 5824 --- [Vehicle Management Module] [           main] org.hibernate.HQL_FUNCTIONS              : timestampadd(TEMPORAL_UNIT field, INTEGER magnitude, TEMPORAL datetime)
2024-04-24T17:02:26.257+05:30 DEBUG 5824 --- [Vehicle Management Module] [           main] org.hibernate.HQL_FUNCTIONS              : basicType@35(java.lang.Long,-5)|basicType@38(java.lang.Double,8) timestampdiff(TEMPORAL_UNIT field, TEMPORAL start, TEMPORAL end)
2024-04-24T17:02:26.257+05:30 DEBUG 5824 --- [Vehicle Management Module] [           main] org.hibernate.HQL_FUNCTIONS              : String translate(STRING arg0, STRING arg1, STRING arg2)
2024-04-24T17:02:26.257+05:30 DEBUG 5824 --- [Vehicle Management Module] [           main] org.hibernate.HQL_FUNCTIONS              : String trim([[{leading|trailing|both} ][STRING arg0 ]from] STRING arg1)
2024-04-24T17:02:26.257+05:30 DEBUG 5824 --- [Vehicle Management Module] [           main] org.hibernate.HQL_FUNCTIONS              : trunc( ... )
2024-04-24T17:02:26.257+05:30 DEBUG 5824 --- [Vehicle Management Module] [           main] org.hibernate.HQL_FUNCTIONS              : truncate( ... )
2024-04-24T17:02:26.257+05:30 DEBUG 5824 --- [Vehicle Management Module] [           main] org.hibernate.HQL_FUNCTIONS              : String upper(STRING string)
2024-04-24T17:02:26.257+05:30 DEBUG 5824 --- [Vehicle Management Module] [           main] org.hibernate.HQL_FUNCTIONS              : Double var_pop(NUMERIC arg)
2024-04-24T17:02:26.259+05:30 DEBUG 5824 --- [Vehicle Management Module] [           main] org.hibernate.HQL_FUNCTIONS              : Double var_samp(NUMERIC arg)
2024-04-24T17:02:26.259+05:30 DEBUG 5824 --- [Vehicle Management Module] [           main] org.hibernate.HQL_FUNCTIONS              : Integer week(DATE arg)
2024-04-24T17:02:26.259+05:30 DEBUG 5824 --- [Vehicle Management Module] [           main] org.hibernate.HQL_FUNCTIONS              : Integer year(DATE arg)
2024-04-24T17:02:26.259+05:30 DEBUG 5824 --- [Vehicle Management Module] [           main] org.hibernate.orm.query.plan.cache       : Starting QueryInterpretationCache(2048)
2024-04-24T17:02:26.260+05:30 DEBUG 5824 --- [Vehicle Management Module] [           main] .h.s.i.SessionFactoryServiceRegistryImpl : EventListenerRegistry access via ServiceRegistry is deprecated.  Use `sessionFactory.getEventEngine().getListenerRegistry()` instead
2024-04-24T17:02:26.260+05:30 DEBUG 5824 --- [Vehicle Management Module] [           main] h.e.i.EntityCopyObserverFactoryInitiator : Configured EntityCopyObserver strategy: disallow
2024-04-24T17:02:26.263+05:30 DEBUG 5824 --- [Vehicle Management Module] [           main] org.hibernate.ormbytecode.interceptor    : To-one property `com.cognizant.main.entities.Vehicles#vehicleDetails` was mapped with LAZY + NO_PROXY but the class was not enhanced
2024-04-24T17:02:26.263+05:30 DEBUG 5824 --- [Vehicle Management Module] [           main] org.hibernate.ormbytecode.interceptor    : To-one property `com.cognizant.main.entities.Vehicles#vehicleDetails` was mapped with LAZY + NO_PROXY but the class was not enhanced
2024-04-24T17:02:26.263+05:30 DEBUG 5824 --- [Vehicle Management Module] [           main] org.hibernate.ormbytecode.interceptor    : To-one property `com.cognizant.main.entities.Vehicles#vehicleTypeId` was mapped with LAZY + NO_PROXY but the class was not enhanced
2024-04-24T17:02:26.263+05:30 DEBUG 5824 --- [Vehicle Management Module] [           main] org.hibernate.ormbytecode.interceptor    : To-one property `com.cognizant.main.entities.Vehicles#vehicleTypeId` was mapped with LAZY + NO_PROXY but the class was not enhanced
2024-04-24T17:02:26.264+05:30 DEBUG 5824 --- [Vehicle Management Module] [           main] o.h.boot.internal.ClassLoaderAccessImpl  : Not known whether passed class name [com.cognizant.main.entities.Vehicles] is safe
2024-04-24T17:02:26.264+05:30 DEBUG 5824 --- [Vehicle Management Module] [           main] o.h.boot.internal.ClassLoaderAccessImpl  : No temp ClassLoader provided; using live ClassLoader for loading potentially unsafe class : com.cognizant.main.entities.Vehicles
2024-04-24T17:02:26.293+05:30 DEBUG 5824 --- [Vehicle Management Module] [           main] o.h.b.i.bytebuddy.BytecodeProviderImpl   : HHH000513: Unable to create the ReflectionOptimizer for [com.cognizant.main.entities.Vehicles]: private accessor [belongsToUserId]
2024-04-24T17:02:26.294+05:30 DEBUG 5824 --- [Vehicle Management Module] [           main] org.hibernate.ormbytecode.interceptor    : To-one property `com.cognizant.main.entities.Vehicles#vehicleDetails` was mapped with LAZY + NO_PROXY but the class was not enhanced
2024-04-24T17:02:26.294+05:30 DEBUG 5824 --- [Vehicle Management Module] [           main] org.hibernate.ormbytecode.interceptor    : To-one property `com.cognizant.main.entities.Vehicles#vehicleTypeId` was mapped with LAZY + NO_PROXY but the class was not enhanced
2024-04-24T17:02:26.295+05:30 DEBUG 5824 --- [Vehicle Management Module] [           main] o.h.boot.internal.ClassLoaderAccessImpl  : Not known whether passed class name [com.cognizant.main.entities.VehicleTypes] is safe
2024-04-24T17:02:26.295+05:30 DEBUG 5824 --- [Vehicle Management Module] [           main] o.h.boot.internal.ClassLoaderAccessImpl  : No temp ClassLoader provided; using live ClassLoader for loading potentially unsafe class : com.cognizant.main.entities.VehicleTypes
2024-04-24T17:02:26.313+05:30 DEBUG 5824 --- [Vehicle Management Module] [           main] o.h.b.i.bytebuddy.BytecodeProviderImpl   : HHH000513: Unable to create the ReflectionOptimizer for [com.cognizant.main.entities.VehicleTypes]: private accessor [FarePerKM]
2024-04-24T17:02:26.315+05:30 DEBUG 5824 --- [Vehicle Management Module] [           main] o.h.boot.internal.ClassLoaderAccessImpl  : Not known whether passed class name [com.cognizant.main.entities.VehicleDetails] is safe
2024-04-24T17:02:26.315+05:30 DEBUG 5824 --- [Vehicle Management Module] [           main] o.h.boot.internal.ClassLoaderAccessImpl  : No temp ClassLoader provided; using live ClassLoader for loading potentially unsafe class : com.cognizant.main.entities.VehicleDetails
2024-04-24T17:02:26.364+05:30 DEBUG 5824 --- [Vehicle Management Module] [           main] o.h.b.i.bytebuddy.BytecodeProviderImpl   : HHH000513: Unable to create the ReflectionOptimizer for [com.cognizant.main.entities.VehicleDetails]: private accessor [InsuraceNo]
2024-04-24T17:02:26.365+05:30 DEBUG 5824 --- [Vehicle Management Module] [           main] org.hibernate.orm.jdbc.mutation          : Skipping collection (re)creation - com.cognizant.main.entities.VehicleTypes.vechicles
2024-04-24T17:02:26.365+05:30 DEBUG 5824 --- [Vehicle Management Module] [           main] org.hibernate.orm.jdbc.mutation          : Skipping collection row deletions - com.cognizant.main.entities.VehicleTypes.vechicles
2024-04-24T17:02:26.365+05:30 DEBUG 5824 --- [Vehicle Management Module] [           main] org.hibernate.orm.jdbc.mutation          : Skipping collection removals - com.cognizant.main.entities.VehicleTypes.vechicles
2024-04-24T17:02:26.367+05:30 DEBUG 5824 --- [Vehicle Management Module] [           main] o.hibernate.orm.model.mapping.creation   : Starting post-init callbacks
2024-04-24T17:02:26.367+05:30 DEBUG 5824 --- [Vehicle Management Module] [           main] o.hibernate.orm.model.mapping.creation   : Starting PostInitCallbackEntry : To-one key - NavigableRole[com.cognizant.main.entities.Vehicles.vehicleDetails]
2024-04-24T17:02:26.367+05:30 DEBUG 5824 --- [Vehicle Management Module] [           main] o.hibernate.orm.model.mapping.creation   : Starting PostInitCallbackEntry : To-one key - NavigableRole[com.cognizant.main.entities.Vehicles.vehicleTypeId]
2024-04-24T17:02:26.367+05:30 DEBUG 5824 --- [Vehicle Management Module] [           main] o.hibernate.orm.model.mapping.creation   : Starting PostInitCallbackEntry : Entity(com.cognizant.main.entities.Vehicles) `staticFetchableList` generator
2024-04-24T17:02:26.367+05:30 DEBUG 5824 --- [Vehicle Management Module] [           main] o.hibernate.orm.model.mapping.creation   : Starting PostInitCallbackEntry : PluralAttributeMapping( NavigableRole[com.cognizant.main.entities.VehicleTypes.vechicles#{element}]) - element descriptor
2024-04-24T17:02:26.367+05:30 DEBUG 5824 --- [Vehicle Management Module] [           main] o.hibernate.orm.model.mapping.creation   : Starting PostInitCallbackEntry : PluralAttributeMapping(com.cognizant.main.entities.VehicleTypes.vechicles)#finishInitialization
2024-04-24T17:02:26.367+05:30 DEBUG 5824 --- [Vehicle Management Module] [           main] o.hibernate.orm.model.mapping.creation   : Starting PostInitCallbackEntry : PluralAttributeMapping(com.cognizant.main.entities.VehicleTypes.vechicles) - key descriptor
2024-04-24T17:02:26.367+05:30 DEBUG 5824 --- [Vehicle Management Module] [           main] o.hibernate.orm.model.mapping.creation   : Starting PostInitCallbackEntry : Entity(com.cognizant.main.entities.VehicleTypes) `staticFetchableList` generator
2024-04-24T17:02:26.367+05:30 DEBUG 5824 --- [Vehicle Management Module] [           main] o.hibernate.orm.model.mapping.creation   : Starting PostInitCallbackEntry : Entity(com.cognizant.main.entities.VehicleDetails) `staticFetchableList` generator
2024-04-24T17:02:26.367+05:30 DEBUG 5824 --- [Vehicle Management Module] [           main] o.hibernate.orm.model.mapping.creation   : Starting PostInitCallbackEntry : PluralAttributeMapping( NavigableRole[com.cognizant.main.entities.VehicleTypes.vechicles#{element}]) - element descriptor
2024-04-24T17:02:26.373+05:30 DEBUG 5824 --- [Vehicle Management Module] [           main] org.hibernate.orm.sql.ast.create         : Created new SQL alias : v1_0
2024-04-24T17:02:26.373+05:30 DEBUG 5824 --- [Vehicle Management Module] [           main] org.hibernate.orm.sql.ast.create         : Registration of TableGroup [StandardTableGroup(com.cognizant.main.entities.Vehicles)] with identifierForTableGroup [com.cognizant.main.entities.Vehicles] for NavigablePath [com.cognizant.main.entities.Vehicles] 
2024-04-24T17:02:26.375+05:30 DEBUG 5824 --- [Vehicle Management Module] [           main] org.hibernate.orm.sql.ast.create         : Registration of TableGroup [org.hibernate.sql.ast.tree.from.LazyTableGroup@232fc6a6] with identifierForTableGroup [com.cognizant.main.entities.Vehicles.vehicleDetails] for NavigablePath [com.cognizant.main.entities.Vehicles.vehicleDetails] 
2024-04-24T17:02:26.375+05:30 DEBUG 5824 --- [Vehicle Management Module] [           main] org.hibernate.orm.sql.ast.create         : Created new SQL alias : vd1_0
2024-04-24T17:02:26.375+05:30 DEBUG 5824 --- [Vehicle Management Module] [           main] org.hibernate.orm.sql.ast.create         : Registration of TableGroup [org.hibernate.sql.ast.tree.from.LazyTableGroup@3d741969] with identifierForTableGroup [com.cognizant.main.entities.Vehicles.vehicleTypeId] for NavigablePath [com.cognizant.main.entities.Vehicles.vehicleTypeId] 
2024-04-24T17:02:26.376+05:30 DEBUG 5824 --- [Vehicle Management Module] [           main] org.hibernate.orm.sql.ast.create         : Created new SQL alias : vti1_0
2024-04-24T17:02:26.376+05:30 DEBUG 5824 --- [Vehicle Management Module] [           main] org.hibernate.orm.results.graph.AST      : DomainResult Graph:
 \-EntityResultImpl [com.cognizant.main.entities.Vehicles]
 |  +-BasicFetch [com.cognizant.main.entities.Vehicles.belongsToUserId]
 |  +-BasicFetch [com.cognizant.main.entities.Vehicles.inspectedByUserId]
 |  +-BasicFetch [com.cognizant.main.entities.Vehicles.inspectedOn]
 |  +-BasicFetch [com.cognizant.main.entities.Vehicles.inspectionStatus]
 |  +-EntityFetchJoinedImpl [com.cognizant.main.entities.Vehicles.vehicleDetails]
 |  \-EntityFetchJoinedImpl [com.cognizant.main.entities.Vehicles.vehicleTypeId]

2024-04-24T17:02:26.376+05:30 DEBUG 5824 --- [Vehicle Management Module] [           main] org.hibernate.orm.sql.ast.tree           : SQL AST Tree:
    SelectStatement {
      FromClause {
        StandardTableGroup (v1 : com.cognizant.main.entities.Vehicles) {
          primaryTableReference : vechicles as v1_0
          TableGroupJoins {
            left  join LazyTableGroup (vd1 : com.cognizant.main.entities.Vehicles.vehicleDetails) {
              primaryTableReference : vechile_details as vd1_0
            }
            left  join LazyTableGroup (vti1 : com.cognizant.main.entities.Vehicles.vehicleTypeId) {
              primaryTableReference : vechicle_types as vti1_0
            }
          }
        }
      }
    }

2024-04-24T17:02:26.377+05:30 DEBUG 5824 --- [Vehicle Management Module] [           main] o.h.p.entity.AbstractEntityPersister     : Static SQL for entity: com.cognizant.main.entities.Vehicles
2024-04-24T17:02:26.377+05:30 DEBUG 5824 --- [Vehicle Management Module] [           main] o.h.p.entity.AbstractEntityPersister     :  Version select: select registration_no from vechicles where registration_no=?
2024-04-24T17:02:26.377+05:30 DEBUG 5824 --- [Vehicle Management Module] [           main] o.h.p.entity.AbstractEntityPersister     :  Insert (0): insert into vechicles (belongs_to_user_id,inspected_by_user_id,inspected_on,inspection_status,vechicle_type_id,registration_no) values (?,?,?,?,?,?)
2024-04-24T17:02:26.377+05:30 DEBUG 5824 --- [Vehicle Management Module] [           main] o.h.p.entity.AbstractEntityPersister     :  Update (0): update vechicles set belongs_to_user_id=?,inspected_by_user_id=?,inspected_on=?,inspection_status=?,vechicle_type_id=? where registration_no=?
2024-04-24T17:02:26.377+05:30 DEBUG 5824 --- [Vehicle Management Module] [           main] o.h.p.entity.AbstractEntityPersister     :  Delete (0): delete from vechicles where registration_no=?
2024-04-24T17:02:26.377+05:30 DEBUG 5824 --- [Vehicle Management Module] [           main] org.hibernate.orm.sql.ast.create         : Created new SQL alias : vt1_0
2024-04-24T17:02:26.377+05:30 DEBUG 5824 --- [Vehicle Management Module] [           main] org.hibernate.orm.sql.ast.create         : Registration of TableGroup [StandardTableGroup(com.cognizant.main.entities.VehicleTypes)] with identifierForTableGroup [com.cognizant.main.entities.VehicleTypes] for NavigablePath [com.cognizant.main.entities.VehicleTypes] 
2024-04-24T17:02:26.378+05:30 DEBUG 5824 --- [Vehicle Management Module] [           main] org.hibernate.orm.results.graph.AST      : DomainResult Graph:
 \-EntityResultImpl [com.cognizant.main.entities.VehicleTypes]
 |  +-BasicFetch [com.cognizant.main.entities.VehicleTypes.FarePerKM]
 |  +-BasicFetch [com.cognizant.main.entities.VehicleTypes.MaxPassengersAllowed]
 |  +-BasicFetch [com.cognizant.main.entities.VehicleTypes.Type]
 |  \-DelayedCollectionFetch [com.cognizant.main.entities.VehicleTypes.vechicles]

2024-04-24T17:02:26.378+05:30 DEBUG 5824 --- [Vehicle Management Module] [           main] org.hibernate.orm.sql.ast.tree           : SQL AST Tree:
    SelectStatement {
      FromClause {
        StandardTableGroup (vt1 : com.cognizant.main.entities.VehicleTypes) {
          primaryTableReference : vechicle_types as vt1_0
        }
      }
    }

2024-04-24T17:02:26.378+05:30 DEBUG 5824 --- [Vehicle Management Module] [           main] o.h.p.entity.AbstractEntityPersister     : Static SQL for entity: com.cognizant.main.entities.VehicleTypes
2024-04-24T17:02:26.378+05:30 DEBUG 5824 --- [Vehicle Management Module] [           main] o.h.p.entity.AbstractEntityPersister     :  Version select: select id from vechicle_types where id=?
2024-04-24T17:02:26.378+05:30 DEBUG 5824 --- [Vehicle Management Module] [           main] o.h.p.entity.AbstractEntityPersister     :  Insert (0): insert into vechicle_types (fare_perkm,max_passengers_allowed,type,id) values (?,?,?,?)
2024-04-24T17:02:26.378+05:30 DEBUG 5824 --- [Vehicle Management Module] [           main] o.h.p.entity.AbstractEntityPersister     :  Update (0): update vechicle_types set fare_perkm=?,max_passengers_allowed=?,type=? where id=?
2024-04-24T17:02:26.378+05:30 DEBUG 5824 --- [Vehicle Management Module] [           main] o.h.p.entity.AbstractEntityPersister     :  Delete (0): delete from vechicle_types where id=?
2024-04-24T17:02:26.379+05:30 DEBUG 5824 --- [Vehicle Management Module] [           main] org.hibernate.orm.sql.ast.create         : Created new SQL alias : vd1_0
2024-04-24T17:02:26.379+05:30 DEBUG 5824 --- [Vehicle Management Module] [           main] org.hibernate.orm.sql.ast.create         : Registration of TableGroup [StandardTableGroup(com.cognizant.main.entities.VehicleDetails)] with identifierForTableGroup [com.cognizant.main.entities.VehicleDetails] for NavigablePath [com.cognizant.main.entities.VehicleDetails] 
2024-04-24T17:02:26.379+05:30 DEBUG 5824 --- [Vehicle Management Module] [           main] org.hibernate.orm.results.graph.AST      : DomainResult Graph:
 \-EntityResultImpl [com.cognizant.main.entities.VehicleDetails]
 |  +-BasicFetch [com.cognizant.main.entities.VehicleDetails.InsuraceNo]
 |  +-BasicFetch [com.cognizant.main.entities.VehicleDetails.InsuranceCertificateDOCURL]
 |  +-BasicFetch [com.cognizant.main.entities.VehicleDetails.InsuranceCompanyName]
 |  +-BasicFetch [com.cognizant.main.entities.VehicleDetails.InsuranceExpiresOn]
 |  +-BasicFetch [com.cognizant.main.entities.VehicleDetails.InsurancedOn]
 |  +-BasicFetch [com.cognizant.main.entities.VehicleDetails.PUCCertificateNo]
 |  +-BasicFetch [com.cognizant.main.entities.VehicleDetails.PUCDOCURL]
 |  +-BasicFetch [com.cognizant.main.entities.VehicleDetails.PUCIssuedOn]
 |  +-BasicFetch [com.cognizant.main.entities.VehicleDetails.PUCValidUntil]
 |  +-BasicFetch [com.cognizant.main.entities.VehicleDetails.RCDocURL]
 |  +-BasicFetch [com.cognizant.main.entities.VehicleDetails.RTOName]
 |  +-BasicFetch [com.cognizant.main.entities.VehicleDetails.RegistrationDate]
 |  \-BasicFetch [com.cognizant.main.entities.VehicleDetails.RegistrationExpiresOn]

2024-04-24T17:02:26.379+05:30 DEBUG 5824 --- [Vehicle Management Module] [           main] org.hibernate.orm.sql.ast.tree           : SQL AST Tree:
    SelectStatement {
      FromClause {
        StandardTableGroup (vd1 : com.cognizant.main.entities.VehicleDetails) {
          primaryTableReference : vechile_details as vd1_0
        }
      }
    }

2024-04-24T17:02:26.380+05:30 DEBUG 5824 --- [Vehicle Management Module] [           main] o.h.p.entity.AbstractEntityPersister     : Static SQL for entity: com.cognizant.main.entities.VehicleDetails
2024-04-24T17:02:26.380+05:30 DEBUG 5824 --- [Vehicle Management Module] [           main] o.h.p.entity.AbstractEntityPersister     :  Version select: select registration_no from vechile_details where registration_no=?
2024-04-24T17:02:26.380+05:30 DEBUG 5824 --- [Vehicle Management Module] [           main] o.h.p.entity.AbstractEntityPersister     :  Insert (0): insert into vechile_details (insurance_no,insurance_certificatedocurl,insurance_company_name,insurance_expires_on,insuranced_on,puccertificate_no,pucdocurl,pucissued_on,pucvalid_until,rcdocurl,rtoname,registration_date,registration_expires_on,registration_no) values (?,?,?,?,?,?,?,?,?,?,?,?,?,?)
2024-04-24T17:02:26.380+05:30 DEBUG 5824 --- [Vehicle Management Module] [           main] o.h.p.entity.AbstractEntityPersister     :  Update (0): update vechile_details set insurance_no=?,insurance_certificatedocurl=?,insurance_company_name=?,insurance_expires_on=?,insuranced_on=?,puccertificate_no=?,pucdocurl=?,pucissued_on=?,pucvalid_until=?,rcdocurl=?,rtoname=?,registration_date=?,registration_expires_on=? where registration_no=?
2024-04-24T17:02:26.380+05:30 DEBUG 5824 --- [Vehicle Management Module] [           main] o.h.p.entity.AbstractEntityPersister     :  Delete (0): delete from vechile_details where registration_no=?
2024-04-24T17:02:26.380+05:30 DEBUG 5824 --- [Vehicle Management Module] [           main] org.hibernate.orm.sql.ast.create         : Created new SQL alias : v1_0
2024-04-24T17:02:26.380+05:30 DEBUG 5824 --- [Vehicle Management Module] [           main] org.hibernate.orm.sql.ast.create         : Registration of TableGroup [org.hibernate.sql.ast.tree.from.OneToManyTableGroup@6b5e9923] with identifierForTableGroup [com.cognizant.main.entities.VehicleTypes.vechicles] for NavigablePath [com.cognizant.main.entities.VehicleTypes.vechicles] 
2024-04-24T17:02:26.380+05:30 DEBUG 5824 --- [Vehicle Management Module] [           main] org.hibernate.orm.sql.ast.create         : Registration of TableGroup [StandardTableGroup(com.cognizant.main.entities.VehicleTypes.vechicles.{element})] with identifierForTableGroup [com.cognizant.main.entities.VehicleTypes.vechicles.{element}] for NavigablePath [com.cognizant.main.entities.VehicleTypes.vechicles.{element}] 
2024-04-24T17:02:26.381+05:30 DEBUG 5824 --- [Vehicle Management Module] [           main] org.hibernate.orm.sql.ast.create         : Registration of TableGroup [org.hibernate.sql.ast.tree.from.LazyTableGroup@7e21f10e] with identifierForTableGroup [com.cognizant.main.entities.VehicleTypes.vechicles.{element}.vehicleDetails] for NavigablePath [com.cognizant.main.entities.VehicleTypes.vechicles.{element}.vehicleDetails] 
2024-04-24T17:02:26.381+05:30 DEBUG 5824 --- [Vehicle Management Module] [           main] org.hibernate.orm.sql.ast.create         : Created new SQL alias : vd1_0
2024-04-24T17:02:26.381+05:30 DEBUG 5824 --- [Vehicle Management Module] [           main] org.hibernate.orm.sql.ast.create         : Registration of TableGroup [org.hibernate.sql.ast.tree.from.LazyTableGroup@1ca9fd34] with identifierForTableGroup [com.cognizant.main.entities.VehicleTypes.vechicles.{element}.vehicleTypeId] for NavigablePath [com.cognizant.main.entities.VehicleTypes.vechicles.{element}.vehicleTypeId] 
2024-04-24T17:02:26.382+05:30 DEBUG 5824 --- [Vehicle Management Module] [           main] org.hibernate.orm.results.graph.AST      : DomainResult Graph:
 \-CollectionDomainResult [com.cognizant.main.entities.VehicleTypes.vechicles]

2024-04-24T17:02:26.382+05:30 DEBUG 5824 --- [Vehicle Management Module] [           main] org.hibernate.orm.sql.ast.tree           : SQL AST Tree:
    SelectStatement {
      FromClause {
        OneToManyTableGroup (v1 : com.cognizant.main.entities.VehicleTypes.vechicles) {
          primaryTableReference : vechicles as v1_0
          TableGroupJoins {
            left  join LazyTableGroup (vd1 : com.cognizant.main.entities.VehicleTypes.vechicles.{element}.vehicleDetails) {
              primaryTableReference : vechile_details as vd1_0
            }
            left  join LazyTableGroup (vti1 : com.cognizant.main.entities.VehicleTypes.vechicles.{element}.vehicleTypeId) {
            }
          }
        }
      }
    }

2024-04-24T17:02:26.382+05:30 DEBUG 5824 --- [Vehicle Management Module] [           main] org.hibernate.orm.jdbc.mutation          : Static SQL for collection: com.cognizant.main.entities.VehicleTypes.vechicles
2024-04-24T17:02:26.385+05:30  INFO 5824 --- [Vehicle Management Module] [           main] o.h.e.t.j.p.i.JtaPlatformInitiator       : HHH000489: No JTA platform available (set 'hibernate.transaction.jta.platform' to enable JTA platform integration)
2024-04-24T17:02:26.385+05:30 DEBUG 5824 --- [Vehicle Management Module] [           main] o.h.type.spi.TypeConfiguration$Scope     : Scoping TypeConfiguration [org.hibernate.type.spi.TypeConfiguration@6c76a792] to SessionFactoryImplementor [org.hibernate.internal.SessionFactoryImpl@23b2ddc4]
2024-04-24T17:02:26.385+05:30 DEBUG 5824 --- [Vehicle Management Module] [           main] o.h.query.named.NamedObjectRepository    : Checking 0 named HQL queries
2024-04-24T17:02:26.385+05:30 DEBUG 5824 --- [Vehicle Management Module] [           main] o.h.query.named.NamedObjectRepository    : Checking 0 named SQL queries
2024-04-24T17:02:26.386+05:30 DEBUG 5824 --- [Vehicle Management Module] [           main] o.s.j.datasource.SimpleDriverDataSource  : Creating new JDBC Driver Connection to [jdbc:h2:mem:77e5e59b-9028-4692-bf3e-2dbb97a1edaf;DB_CLOSE_DELAY=-1;DB_CLOSE_ON_EXIT=false]
2024-04-24T17:02:26.391+05:30 DEBUG 5824 --- [Vehicle Management Module] [           main] org.hibernate.mapping.Table              : No alter strings for table : vechicle_types
2024-04-24T17:02:26.391+05:30 DEBUG 5824 --- [Vehicle Management Module] [           main] org.hibernate.mapping.Table              : No alter strings for table : vechicles
2024-04-24T17:02:26.391+05:30 DEBUG 5824 --- [Vehicle Management Module] [           main] org.hibernate.mapping.Table              : No alter strings for table : vechile_details
2024-04-24T17:02:26.391+05:30 DEBUG 5824 --- [Vehicle Management Module] [           main] org.hibernate.SQL                        : alter table if exists vechicles add constraint FKni44qw0vknnp35k27spqthqxp foreign key (vechicle_type_id) references vechicle_types
Hibernate: alter table if exists vechicles add constraint FKni44qw0vknnp35k27spqthqxp foreign key (vechicle_type_id) references vechicle_types
2024-04-24T17:02:26.393+05:30 DEBUG 5824 --- [Vehicle Management Module] [           main] o.h.internal.SessionFactoryRegistry      : Registering SessionFactory: 49a2ed0f-f8af-4e8c-b2aa-2c6cb3c7b037 (<unnamed>)
2024-04-24T17:02:26.393+05:30 DEBUG 5824 --- [Vehicle Management Module] [           main] o.h.internal.SessionFactoryRegistry      : Not binding SessionFactory to JNDI, no JNDI name configured
2024-04-24T17:02:26.393+05:30 DEBUG 5824 --- [Vehicle Management Module] [           main] o.hibernate.internal.SessionFactoryImpl  : Instantiated SessionFactory
2024-04-24T17:02:26.393+05:30  INFO 5824 --- [Vehicle Management Module] [           main] j.LocalContainerEntityManagerFactoryBean : Initialized JPA EntityManagerFactory for persistence unit 'default'
2024-04-24T17:02:26.394+05:30 DEBUG 5824 --- [Vehicle Management Module] [           main] o.s.b.f.s.DefaultListableBeanFactory     : Creating shared instance of singleton bean 'ridesharingplatformApplication'
2024-04-24T17:02:26.394+05:30 DEBUG 5824 --- [Vehicle Management Module] [           main] o.s.b.f.s.DefaultListableBeanFactory     : Creating shared instance of singleton bean 'vehicleController'
2024-04-24T17:02:26.395+05:30 DEBUG 5824 --- [Vehicle Management Module] [           main] o.s.b.f.s.DefaultListableBeanFactory     : Creating shared instance of singleton bean 'vehicleServiceImpl'
2024-04-24T17:02:26.396+05:30 DEBUG 5824 --- [Vehicle Management Module] [           main] o.s.b.f.s.DefaultListableBeanFactory     : Creating shared instance of singleton bean 'vehicleTypesRepository'
2024-04-24T17:02:26.402+05:30 DEBUG 5824 --- [Vehicle Management Module] [           main] o.s.b.f.s.DefaultListableBeanFactory     : Creating shared instance of singleton bean 'jpa.named-queries#1'
2024-04-24T17:02:26.406+05:30 DEBUG 5824 --- [Vehicle Management Module] [           main] o.s.b.f.s.DefaultListableBeanFactory     : Creating shared instance of singleton bean 'jpa.VehicleTypesRepository.fragments#0'
2024-04-24T17:02:26.408+05:30 DEBUG 5824 --- [Vehicle Management Module] [           main] o.s.b.f.s.DefaultListableBeanFactory     : Creating shared instance of singleton bean 'jpaSharedEM_entityManagerFactory'
2024-04-24T17:02:26.424+05:30 DEBUG 5824 --- [Vehicle Management Module] [           main] o.s.b.f.s.DefaultListableBeanFactory     : Creating shared instance of singleton bean 'jpaMappingContext'
2024-04-24T17:02:26.425+05:30 DEBUG 5824 --- [Vehicle Management Module] [           main] .c.JpaMetamodelMappingContextFactoryBean : Initializing JpaMetamodelMappingContext…
2024-04-24T17:02:26.426+05:30 DEBUG 5824 --- [Vehicle Management Module] [           main] .c.JpaMetamodelMappingContextFactoryBean : Finished initializing JpaMetamodelMappingContext
2024-04-24T17:02:26.430+05:30 DEBUG 5824 --- [Vehicle Management Module] [           main] tor$SharedEntityManagerInvocationHandler : Creating new EntityManager for shared EntityManager invocation
2024-04-24T17:02:26.431+05:30 DEBUG 5824 --- [Vehicle Management Module] [           main] o.h.stat.internal.StatisticsInitiator    : Statistics initialized [enabled=false]
2024-04-24T17:02:26.460+05:30 DEBUG 5824 --- [Vehicle Management Module] [           main] o.s.d.r.c.s.RepositoryFactorySupport     : Initializing repository instance for com.cognizant.main.repository.VehicleTypesRepository…
2024-04-24T17:02:26.461+05:30 DEBUG 5824 --- [Vehicle Management Module] [           main] tor$SharedEntityManagerInvocationHandler : Creating new EntityManager for shared EntityManager invocation
2024-04-24T17:02:26.487+05:30 DEBUG 5824 --- [Vehicle Management Module] [           main] o.s.d.r.c.s.RepositoryFactorySupport     : Finished creation of repository instance for com.cognizant.main.repository.VehicleTypesRepository.
2024-04-24T17:02:26.489+05:30 DEBUG 5824 --- [Vehicle Management Module] [           main] o.s.b.f.s.DefaultListableBeanFactory     : Creating shared instance of singleton bean 'vehiclesRepository'
2024-04-24T17:02:26.491+05:30 DEBUG 5824 --- [Vehicle Management Module] [           main] o.s.b.f.s.DefaultListableBeanFactory     : Creating shared instance of singleton bean 'jpa.named-queries#2'
2024-04-24T17:02:26.492+05:30 DEBUG 5824 --- [Vehicle Management Module] [           main] o.s.b.f.s.DefaultListableBeanFactory     : Creating shared instance of singleton bean 'jpa.VehiclesRepository.fragments#0'
2024-04-24T17:02:26.493+05:30 DEBUG 5824 --- [Vehicle Management Module] [           main] tor$SharedEntityManagerInvocationHandler : Creating new EntityManager for shared EntityManager invocation
2024-04-24T17:02:26.494+05:30 DEBUG 5824 --- [Vehicle Management Module] [           main] o.s.d.r.c.s.RepositoryFactorySupport     : Initializing repository instance for com.cognizant.main.repository.VehiclesRepository…
2024-04-24T17:02:26.495+05:30 DEBUG 5824 --- [Vehicle Management Module] [           main] tor$SharedEntityManagerInvocationHandler : Creating new EntityManager for shared EntityManager invocation
2024-04-24T17:02:26.541+05:30 DEBUG 5824 --- [Vehicle Management Module] [           main] o.s.d.jpa.repository.query.NamedQuery    : Looking up named query Vehicles.findByRegistrationNoAndBelongsToUserId
2024-04-24T17:02:26.541+05:30 DEBUG 5824 --- [Vehicle Management Module] [           main] cResourceLocalTransactionCoordinatorImpl : JDBC transaction marked for rollback-only (exception provided for stack trace)

java.lang.Exception: exception just for purpose of providing stack trace
	at org.hibernate.resource.transaction.backend.jdbc.internal.JdbcResourceLocalTransactionCoordinatorImpl$TransactionDriverControlImpl.markRollbackOnly(JdbcResourceLocalTransactionCoordinatorImpl.java:310) ~[hibernate-core-6.4.1.Final.jar:6.4.1.Final]
	at org.hibernate.internal.AbstractSharedSessionContract.buildNamedQuery(AbstractSharedSessionContract.java:1076) ~[hibernate-core-6.4.1.Final.jar:6.4.1.Final]
	at org.hibernate.internal.AbstractSharedSessionContract.createNamedQuery(AbstractSharedSessionContract.java:954) ~[hibernate-core-6.4.1.Final.jar:6.4.1.Final]
	at org.hibernate.internal.AbstractSharedSessionContract.createNamedQuery(AbstractSharedSessionContract.java:133) ~[hibernate-core-6.4.1.Final.jar:6.4.1.Final]
	at java.base/jdk.internal.reflect.NativeMethodAccessorImpl.invoke0(Native Method) ~[na:na]
	at java.base/jdk.internal.reflect.NativeMethodAccessorImpl.invoke(NativeMethodAccessorImpl.java:77) ~[na:na]
	at java.base/jdk.internal.reflect.DelegatingMethodAccessorImpl.invoke(DelegatingMethodAccessorImpl.java:43) ~[na:na]
	at java.base/java.lang.reflect.Method.invoke(Method.java:568) ~[na:na]
	at org.springframework.orm.jpa.ExtendedEntityManagerCreator$ExtendedEntityManagerInvocationHandler.invoke(ExtendedEntityManagerCreator.java:364) ~[spring-orm-6.1.3.jar:6.1.3]
	at jdk.proxy2/jdk.proxy2.$Proxy161.createNamedQuery(Unknown Source) ~[na:na]
	at org.springframework.data.jpa.repository.query.NamedQuery.hasNamedQuery(NamedQuery.java:113) ~[spring-data-jpa-3.2.2.jar:3.2.2]
	at org.springframework.data.jpa.repository.query.NamedQuery.lookupFrom(NamedQuery.java:141) ~[spring-data-jpa-3.2.2.jar:3.2.2]
	at org.springframework.data.jpa.repository.query.JpaQueryLookupStrategy$DeclaredQueryLookupStrategy.resolveQuery(JpaQueryLookupStrategy.java:180) ~[spring-data-jpa-3.2.2.jar:3.2.2]
	at org.springframework.data.jpa.repository.query.JpaQueryLookupStrategy$CreateIfNotFoundQueryLookupStrategy.resolveQuery(JpaQueryLookupStrategy.java:252) ~[spring-data-jpa-3.2.2.jar:3.2.2]
	at org.springframework.data.jpa.repository.query.JpaQueryLookupStrategy$AbstractQueryLookupStrategy.resolveQuery(JpaQueryLookupStrategy.java:95) ~[spring-data-jpa-3.2.2.jar:3.2.2]
	at org.springframework.data.repository.core.support.QueryExecutorMethodInterceptor.lookupQuery(QueryExecutorMethodInterceptor.java:111) ~[spring-data-commons-3.2.2.jar:3.2.2]
	at org.springframework.data.repository.core.support.QueryExecutorMethodInterceptor.mapMethodsToQuery(QueryExecutorMethodInterceptor.java:99) ~[spring-data-commons-3.2.2.jar:3.2.2]
	at org.springframework.data.repository.core.support.QueryExecutorMethodInterceptor.lambda$new$0(QueryExecutorMethodInterceptor.java:88) ~[spring-data-commons-3.2.2.jar:3.2.2]
	at java.base/java.util.Optional.map(Optional.java:260) ~[na:na]
	at org.springframework.data.repository.core.support.QueryExecutorMethodInterceptor.<init>(QueryExecutorMethodInterceptor.java:88) ~[spring-data-commons-3.2.2.jar:3.2.2]
	at org.springframework.data.repository.core.support.RepositoryFactorySupport.getRepository(RepositoryFactorySupport.java:357) ~[spring-data-commons-3.2.2.jar:3.2.2]
	at org.springframework.data.repository.core.support.RepositoryFactoryBeanSupport.lambda$afterPropertiesSet$5(RepositoryFactoryBeanSupport.java:279) ~[spring-data-commons-3.2.2.jar:3.2.2]
	at org.springframework.data.util.Lazy.getNullable(Lazy.java:135) ~[spring-data-commons-3.2.2.jar:3.2.2]
	at org.springframework.data.util.Lazy.get(Lazy.java:113) ~[spring-data-commons-3.2.2.jar:3.2.2]
	at org.springframework.data.repository.core.support.RepositoryFactoryBeanSupport.afterPropertiesSet(RepositoryFactoryBeanSupport.java:285) ~[spring-data-commons-3.2.2.jar:3.2.2]
	at org.springframework.data.jpa.repository.support.JpaRepositoryFactoryBean.afterPropertiesSet(JpaRepositoryFactoryBean.java:132) ~[spring-data-jpa-3.2.2.jar:3.2.2]
	at org.springframework.beans.factory.support.AbstractAutowireCapableBeanFactory.invokeInitMethods(AbstractAutowireCapableBeanFactory.java:1820) ~[spring-beans-6.1.3.jar:6.1.3]
	at org.springframework.beans.factory.support.AbstractAutowireCapableBeanFactory.initializeBean(AbstractAutowireCapableBeanFactory.java:1769) ~[spring-beans-6.1.3.jar:6.1.3]
	at org.springframework.beans.factory.support.AbstractAutowireCapableBeanFactory.doCreateBean(AbstractAutowireCapableBeanFactory.java:599) ~[spring-beans-6.1.3.jar:6.1.3]
	at org.springframework.beans.factory.support.AbstractAutowireCapableBeanFactory.createBean(AbstractAutowireCapableBeanFactory.java:521) ~[spring-beans-6.1.3.jar:6.1.3]
	at org.springframework.beans.factory.support.AbstractBeanFactory.lambda$doGetBean$0(AbstractBeanFactory.java:325) ~[spring-beans-6.1.3.jar:6.1.3]
	at org.springframework.beans.factory.support.DefaultSingletonBeanRegistry.getSingleton(DefaultSingletonBeanRegistry.java:234) ~[spring-beans-6.1.3.jar:6.1.3]
	at org.springframework.beans.factory.support.AbstractBeanFactory.doGetBean(AbstractBeanFactory.java:323) ~[spring-beans-6.1.3.jar:6.1.3]
	at org.springframework.beans.factory.support.AbstractBeanFactory.getBean(AbstractBeanFactory.java:199) ~[spring-beans-6.1.3.jar:6.1.3]
	at org.springframework.beans.factory.config.DependencyDescriptor.resolveCandidate(DependencyDescriptor.java:254) ~[spring-beans-6.1.3.jar:6.1.3]
	at org.springframework.beans.factory.support.DefaultListableBeanFactory.doResolveDependency(DefaultListableBeanFactory.java:1443) ~[spring-beans-6.1.3.jar:6.1.3]
	at org.springframework.beans.factory.support.DefaultListableBeanFactory.resolveDependency(DefaultListableBeanFactory.java:1353) ~[spring-beans-6.1.3.jar:6.1.3]
	at org.springframework.beans.factory.annotation.AutowiredAnnotationBeanPostProcessor$AutowiredFieldElement.resolveFieldValue(AutowiredAnnotationBeanPostProcessor.java:784) ~[spring-beans-6.1.3.jar:6.1.3]
	at org.springframework.beans.factory.annotation.AutowiredAnnotationBeanPostProcessor$AutowiredFieldElement.inject(AutowiredAnnotationBeanPostProcessor.java:767) ~[spring-beans-6.1.3.jar:6.1.3]
	at org.springframework.beans.factory.annotation.InjectionMetadata.inject(InjectionMetadata.java:145) ~[spring-beans-6.1.3.jar:6.1.3]
	at org.springframework.beans.factory.annotation.AutowiredAnnotationBeanPostProcessor.postProcessProperties(AutowiredAnnotationBeanPostProcessor.java:508) ~[spring-beans-6.1.3.jar:6.1.3]
	at org.springframework.beans.factory.support.AbstractAutowireCapableBeanFactory.populateBean(AbstractAutowireCapableBeanFactory.java:1418) ~[spring-beans-6.1.3.jar:6.1.3]
	at org.springframework.beans.factory.support.AbstractAutowireCapableBeanFactory.doCreateBean(AbstractAutowireCapableBeanFactory.java:598) ~[spring-beans-6.1.3.jar:6.1.3]
	at org.springframework.beans.factory.support.AbstractAutowireCapableBeanFactory.createBean(AbstractAutowireCapableBeanFactory.java:521) ~[spring-beans-6.1.3.jar:6.1.3]
	at org.springframework.beans.factory.support.AbstractBeanFactory.lambda$doGetBean$0(AbstractBeanFactory.java:325) ~[spring-beans-6.1.3.jar:6.1.3]
	at org.springframework.beans.factory.support.DefaultSingletonBeanRegistry.getSingleton(DefaultSingletonBeanRegistry.java:234) ~[spring-beans-6.1.3.jar:6.1.3]
	at org.springframework.beans.factory.support.AbstractBeanFactory.doGetBean(AbstractBeanFactory.java:323) ~[spring-beans-6.1.3.jar:6.1.3]
	at org.springframework.beans.factory.support.AbstractBeanFactory.getBean(AbstractBeanFactory.java:199) ~[spring-beans-6.1.3.jar:6.1.3]
	at org.springframework.beans.factory.config.DependencyDescriptor.resolveCandidate(DependencyDescriptor.java:254) ~[spring-beans-6.1.3.jar:6.1.3]
	at org.springframework.beans.factory.support.DefaultListableBeanFactory.doResolveDependency(DefaultListableBeanFactory.java:1443) ~[spring-beans-6.1.3.jar:6.1.3]
	at org.springframework.beans.factory.support.DefaultListableBeanFactory.resolveDependency(DefaultListableBeanFactory.java:1353) ~[spring-beans-6.1.3.jar:6.1.3]
	at org.springframework.beans.factory.annotation.AutowiredAnnotationBeanPostProcessor$AutowiredFieldElement.resolveFieldValue(AutowiredAnnotationBeanPostProcessor.java:784) ~[spring-beans-6.1.3.jar:6.1.3]
	at org.springframework.beans.factory.annotation.AutowiredAnnotationBeanPostProcessor$AutowiredFieldElement.inject(AutowiredAnnotationBeanPostProcessor.java:767) ~[spring-beans-6.1.3.jar:6.1.3]
	at org.springframework.beans.factory.annotation.InjectionMetadata.inject(InjectionMetadata.java:145) ~[spring-beans-6.1.3.jar:6.1.3]
	at org.springframework.beans.factory.annotation.AutowiredAnnotationBeanPostProcessor.postProcessProperties(AutowiredAnnotationBeanPostProcessor.java:508) ~[spring-beans-6.1.3.jar:6.1.3]
	at org.springframework.beans.factory.support.AbstractAutowireCapableBeanFactory.populateBean(AbstractAutowireCapableBeanFactory.java:1418) ~[spring-beans-6.1.3.jar:6.1.3]
	at org.springframework.beans.factory.support.AbstractAutowireCapableBeanFactory.doCreateBean(AbstractAutowireCapableBeanFactory.java:598) ~[spring-beans-6.1.3.jar:6.1.3]
	at org.springframework.beans.factory.support.AbstractAutowireCapableBeanFactory.createBean(AbstractAutowireCapableBeanFactory.java:521) ~[spring-beans-6.1.3.jar:6.1.3]
	at org.springframework.beans.factory.support.AbstractBeanFactory.lambda$doGetBean$0(AbstractBeanFactory.java:325) ~[spring-beans-6.1.3.jar:6.1.3]
	at org.springframework.beans.factory.support.DefaultSingletonBeanRegistry.getSingleton(DefaultSingletonBeanRegistry.java:234) ~[spring-beans-6.1.3.jar:6.1.3]
	at org.springframework.beans.factory.support.AbstractBeanFactory.doGetBean(AbstractBeanFactory.java:323) ~[spring-beans-6.1.3.jar:6.1.3]
	at org.springframework.beans.factory.support.AbstractBeanFactory.getBean(AbstractBeanFactory.java:199) ~[spring-beans-6.1.3.jar:6.1.3]
	at org.springframework.beans.factory.support.DefaultListableBeanFactory.preInstantiateSingletons(DefaultListableBeanFactory.java:975) ~[spring-beans-6.1.3.jar:6.1.3]
	at org.springframework.context.support.AbstractApplicationContext.finishBeanFactoryInitialization(AbstractApplicationContext.java:959) ~[spring-context-6.1.3.jar:6.1.3]
	at org.springframework.context.support.AbstractApplicationContext.refresh(AbstractApplicationContext.java:624) ~[spring-context-6.1.3.jar:6.1.3]
	at org.springframework.boot.SpringApplication.refresh(SpringApplication.java:754) ~[spring-boot-3.2.2.jar:3.2.2]
	at org.springframework.boot.SpringApplication.refreshContext(SpringApplication.java:456) ~[spring-boot-3.2.2.jar:3.2.2]
	at org.springframework.boot.SpringApplication.run(SpringApplication.java:334) ~[spring-boot-3.2.2.jar:3.2.2]
	at org.springframework.boot.test.context.SpringBootContextLoader.lambda$loadContext$3(SpringBootContextLoader.java:137) ~[spring-boot-test-3.2.2.jar:3.2.2]
	at org.springframework.util.function.ThrowingSupplier.get(ThrowingSupplier.java:58) ~[spring-core-6.1.3.jar:6.1.3]
	at org.springframework.util.function.ThrowingSupplier.get(ThrowingSupplier.java:46) ~[spring-core-6.1.3.jar:6.1.3]
	at org.springframework.boot.SpringApplication.withHook(SpringApplication.java:1454) ~[spring-boot-3.2.2.jar:3.2.2]
	at org.springframework.boot.test.context.SpringBootContextLoader$ContextLoaderHook.run(SpringBootContextLoader.java:552) ~[spring-boot-test-3.2.2.jar:3.2.2]
	at org.springframework.boot.test.context.SpringBootContextLoader.loadContext(SpringBootContextLoader.java:137) ~[spring-boot-test-3.2.2.jar:3.2.2]
	at org.springframework.boot.test.context.SpringBootContextLoader.loadContext(SpringBootContextLoader.java:108) ~[spring-boot-test-3.2.2.jar:3.2.2]
	at org.springframework.test.context.cache.DefaultCacheAwareContextLoaderDelegate.loadContextInternal(DefaultCacheAwareContextLoaderDelegate.java:225) ~[spring-test-6.1.3.jar:6.1.3]
	at org.springframework.test.context.cache.DefaultCacheAwareContextLoaderDelegate.loadContext(DefaultCacheAwareContextLoaderDelegate.java:152) ~[spring-test-6.1.3.jar:6.1.3]
	at org.springframework.test.context.support.DefaultTestContext.getApplicationContext(DefaultTestContext.java:130) ~[spring-test-6.1.3.jar:6.1.3]
	at org.springframework.test.context.support.DependencyInjectionTestExecutionListener.injectDependencies(DependencyInjectionTestExecutionListener.java:142) ~[spring-test-6.1.3.jar:6.1.3]
	at org.springframework.test.context.support.DependencyInjectionTestExecutionListener.prepareTestInstance(DependencyInjectionTestExecutionListener.java:98) ~[spring-test-6.1.3.jar:6.1.3]
	at org.springframework.test.context.TestContextManager.prepareTestInstance(TestContextManager.java:260) ~[spring-test-6.1.3.jar:6.1.3]
	at org.springframework.test.context.junit.jupiter.SpringExtension.postProcessTestInstance(SpringExtension.java:163) ~[spring-test-6.1.3.jar:6.1.3]
	at org.junit.jupiter.engine.descriptor.ClassBasedTestDescriptor.lambda$invokeTestInstancePostProcessors$10(ClassBasedTestDescriptor.java:378) ~[junit-jupiter-engine-5.10.1.jar:5.10.1]
	at org.junit.jupiter.engine.descriptor.ClassBasedTestDescriptor.executeAndMaskThrowable(ClassBasedTestDescriptor.java:383) ~[junit-jupiter-engine-5.10.1.jar:5.10.1]
	at org.junit.jupiter.engine.descriptor.ClassBasedTestDescriptor.lambda$invokeTestInstancePostProcessors$11(ClassBasedTestDescriptor.java:378) ~[junit-jupiter-engine-5.10.1.jar:5.10.1]
	at java.base/java.util.stream.ReferencePipeline$3$1.accept(ReferencePipeline.java:197) ~[na:na]
	at java.base/java.util.stream.ReferencePipeline$2$1.accept(ReferencePipeline.java:179) ~[na:na]
	at java.base/java.util.ArrayList$ArrayListSpliterator.forEachRemaining(ArrayList.java:1625) ~[na:na]
	at java.base/java.util.stream.AbstractPipeline.copyInto(AbstractPipeline.java:509) ~[na:na]
	at java.base/java.util.stream.AbstractPipeline.wrapAndCopyInto(AbstractPipeline.java:499) ~[na:na]
	at java.base/java.util.stream.StreamSpliterators$WrappingSpliterator.forEachRemaining(StreamSpliterators.java:310) ~[na:na]
	at java.base/java.util.stream.Streams$ConcatSpliterator.forEachRemaining(Streams.java:735) ~[na:na]
	at java.base/java.util.stream.Streams$ConcatSpliterator.forEachRemaining(Streams.java:734) ~[na:na]
	at java.base/java.util.stream.ReferencePipeline$Head.forEach(ReferencePipeline.java:762) ~[na:na]
	at org.junit.jupiter.engine.descriptor.ClassBasedTestDescriptor.invokeTestInstancePostProcessors(ClassBasedTestDescriptor.java:377) ~[junit-jupiter-engine-5.10.1.jar:5.10.1]
	at org.junit.jupiter.engine.descriptor.ClassBasedTestDescriptor.lambda$instantiateAndPostProcessTestInstance$6(ClassBasedTestDescriptor.java:290) ~[junit-jupiter-engine-5.10.1.jar:5.10.1]
	at org.junit.platform.engine.support.hierarchical.ThrowableCollector.execute(ThrowableCollector.java:73) ~[junit-platform-engine-1.10.1.jar:1.10.1]
	at org.junit.jupiter.engine.descriptor.ClassBasedTestDescriptor.instantiateAndPostProcessTestInstance(ClassBasedTestDescriptor.java:289) ~[junit-jupiter-engine-5.10.1.jar:5.10.1]
	at org.junit.jupiter.engine.descriptor.ClassBasedTestDescriptor.lambda$testInstancesProvider$4(ClassBasedTestDescriptor.java:279) ~[junit-jupiter-engine-5.10.1.jar:5.10.1]
	at java.base/java.util.Optional.orElseGet(Optional.java:364) ~[na:na]
	at org.junit.jupiter.engine.descriptor.ClassBasedTestDescriptor.lambda$testInstancesProvider$5(ClassBasedTestDescriptor.java:278) ~[junit-jupiter-engine-5.10.1.jar:5.10.1]
	at org.junit.jupiter.engine.execution.TestInstancesProvider.getTestInstances(TestInstancesProvider.java:31) ~[junit-jupiter-engine-5.10.1.jar:5.10.1]
	at org.junit.jupiter.engine.descriptor.TestMethodTestDescriptor.lambda$prepare$0(TestMethodTestDescriptor.java:106) ~[junit-jupiter-engine-5.10.1.jar:5.10.1]
	at org.junit.platform.engine.support.hierarchical.ThrowableCollector.execute(ThrowableCollector.java:73) ~[junit-platform-engine-1.10.1.jar:1.10.1]
	at org.junit.jupiter.engine.descriptor.TestMethodTestDescriptor.prepare(TestMethodTestDescriptor.java:105) ~[junit-jupiter-engine-5.10.1.jar:5.10.1]
	at org.junit.jupiter.engine.descriptor.TestMethodTestDescriptor.prepare(TestMethodTestDescriptor.java:69) ~[junit-jupiter-engine-5.10.1.jar:5.10.1]
	at org.junit.platform.engine.support.hierarchical.NodeTestTask.lambda$prepare$2(NodeTestTask.java:123) ~[junit-platform-engine-1.10.1.jar:1.10.1]
	at org.junit.platform.engine.support.hierarchical.ThrowableCollector.execute(ThrowableCollector.java:73) ~[junit-platform-engine-1.10.1.jar:1.10.1]
	at org.junit.platform.engine.support.hierarchical.NodeTestTask.prepare(NodeTestTask.java:123) ~[junit-platform-engine-1.10.1.jar:1.10.1]
	at org.junit.platform.engine.support.hierarchical.NodeTestTask.execute(NodeTestTask.java:90) ~[junit-platform-engine-1.10.1.jar:1.10.1]
	at java.base/java.util.ArrayList.forEach(ArrayList.java:1511) ~[na:na]
	at org.junit.platform.engine.support.hierarchical.SameThreadHierarchicalTestExecutorService.invokeAll(SameThreadHierarchicalTestExecutorService.java:41) ~[junit-platform-engine-1.10.1.jar:1.10.1]
	at org.junit.platform.engine.support.hierarchical.NodeTestTask.lambda$executeRecursively$6(NodeTestTask.java:155) ~[junit-platform-engine-1.10.1.jar:1.10.1]
	at org.junit.platform.engine.support.hierarchical.ThrowableCollector.execute(ThrowableCollector.java:73) ~[junit-platform-engine-1.10.1.jar:1.10.1]
	at org.junit.platform.engine.support.hierarchical.NodeTestTask.lambda$executeRecursively$8(NodeTestTask.java:141) ~[junit-platform-engine-1.10.1.jar:1.10.1]
	at org.junit.platform.engine.support.hierarchical.Node.around(Node.java:137) ~[junit-platform-engine-1.10.1.jar:1.10.1]
	at org.junit.platform.engine.support.hierarchical.NodeTestTask.lambda$executeRecursively$9(NodeTestTask.java:139) ~[junit-platform-engine-1.10.1.jar:1.10.1]
	at org.junit.platform.engine.support.hierarchical.ThrowableCollector.execute(ThrowableCollector.java:73) ~[junit-platform-engine-1.10.1.jar:1.10.1]
	at org.junit.platform.engine.support.hierarchical.NodeTestTask.executeRecursively(NodeTestTask.java:138) ~[junit-platform-engine-1.10.1.jar:1.10.1]
	at org.junit.platform.engine.support.hierarchical.NodeTestTask.execute(NodeTestTask.java:95) ~[junit-platform-engine-1.10.1.jar:1.10.1]
	at java.base/java.util.ArrayList.forEach(ArrayList.java:1511) ~[na:na]
	at org.junit.platform.engine.support.hierarchical.SameThreadHierarchicalTestExecutorService.invokeAll(SameThreadHierarchicalTestExecutorService.java:41) ~[junit-platform-engine-1.10.1.jar:1.10.1]
	at org.junit.platform.engine.support.hierarchical.NodeTestTask.lambda$executeRecursively$6(NodeTestTask.java:155) ~[junit-platform-engine-1.10.1.jar:1.10.1]
	at org.junit.platform.engine.support.hierarchical.ThrowableCollector.execute(ThrowableCollector.java:73) ~[junit-platform-engine-1.10.1.jar:1.10.1]
	at org.junit.platform.engine.support.hierarchical.NodeTestTask.lambda$executeRecursively$8(NodeTestTask.java:141) ~[junit-platform-engine-1.10.1.jar:1.10.1]
	at org.junit.platform.engine.support.hierarchical.Node.around(Node.java:137) ~[junit-platform-engine-1.10.1.jar:1.10.1]
	at org.junit.platform.engine.support.hierarchical.NodeTestTask.lambda$executeRecursively$9(NodeTestTask.java:139) ~[junit-platform-engine-1.10.1.jar:1.10.1]
	at org.junit.platform.engine.support.hierarchical.ThrowableCollector.execute(ThrowableCollector.java:73) ~[junit-platform-engine-1.10.1.jar:1.10.1]
	at org.junit.platform.engine.support.hierarchical.NodeTestTask.executeRecursively(NodeTestTask.java:138) ~[junit-platform-engine-1.10.1.jar:1.10.1]
	at org.junit.platform.engine.support.hierarchical.NodeTestTask.execute(NodeTestTask.java:95) ~[junit-platform-engine-1.10.1.jar:1.10.1]
	at org.junit.platform.engine.support.hierarchical.SameThreadHierarchicalTestExecutorService.submit(SameThreadHierarchicalTestExecutorService.java:35) ~[junit-platform-engine-1.10.1.jar:1.10.1]
	at org.junit.platform.engine.support.hierarchical.HierarchicalTestExecutor.execute(HierarchicalTestExecutor.java:57) ~[junit-platform-engine-1.10.1.jar:1.10.1]
	at org.junit.platform.engine.support.hierarchical.HierarchicalTestEngine.execute(HierarchicalTestEngine.java:54) ~[junit-platform-engine-1.10.1.jar:1.10.1]
	at org.junit.platform.launcher.core.EngineExecutionOrchestrator.execute(EngineExecutionOrchestrator.java:198) ~[junit-platform-launcher-1.10.1.jar:1.10.1]
	at org.junit.platform.launcher.core.EngineExecutionOrchestrator.execute(EngineExecutionOrchestrator.java:169) ~[junit-platform-launcher-1.10.1.jar:1.10.1]
	at org.junit.platform.launcher.core.EngineExecutionOrchestrator.execute(EngineExecutionOrchestrator.java:93) ~[junit-platform-launcher-1.10.1.jar:1.10.1]
	at org.junit.platform.launcher.core.EngineExecutionOrchestrator.lambda$execute$0(EngineExecutionOrchestrator.java:58) ~[junit-platform-launcher-1.10.1.jar:1.10.1]
	at org.junit.platform.launcher.core.EngineExecutionOrchestrator.withInterceptedStreams(EngineExecutionOrchestrator.java:141) ~[junit-platform-launcher-1.10.1.jar:1.10.1]
	at org.junit.platform.launcher.core.EngineExecutionOrchestrator.execute(EngineExecutionOrchestrator.java:57) ~[junit-platform-launcher-1.10.1.jar:1.10.1]
	at org.junit.platform.launcher.core.DefaultLauncher.execute(DefaultLauncher.java:103) ~[junit-platform-launcher-1.10.1.jar:1.10.1]
	at org.junit.platform.launcher.core.DefaultLauncher.execute(DefaultLauncher.java:85) ~[junit-platform-launcher-1.10.1.jar:1.10.1]
	at org.junit.platform.launcher.core.DelegatingLauncher.execute(DelegatingLauncher.java:47) ~[junit-platform-launcher-1.10.1.jar:1.10.1]
	at org.apache.maven.surefire.junitplatform.LazyLauncher.execute(LazyLauncher.java:56) ~[surefire-junit-platform-3.1.2.jar:3.1.2]
	at org.apache.maven.surefire.junitplatform.JUnitPlatformProvider.execute(JUnitPlatformProvider.java:184) ~[surefire-junit-platform-3.1.2.jar:3.1.2]
	at org.apache.maven.surefire.junitplatform.JUnitPlatformProvider.invokeAllTests(JUnitPlatformProvider.java:148) ~[surefire-junit-platform-3.1.2.jar:3.1.2]
	at org.apache.maven.surefire.junitplatform.JUnitPlatformProvider.invoke(JUnitPlatformProvider.java:122) ~[surefire-junit-platform-3.1.2.jar:3.1.2]
	at org.apache.maven.surefire.booter.ForkedBooter.runSuitesInProcess(ForkedBooter.java:385) ~[surefire-booter-3.1.2.jar:3.1.2]
	at org.apache.maven.surefire.booter.ForkedBooter.execute(ForkedBooter.java:162) ~[surefire-booter-3.1.2.jar:3.1.2]
	at org.apache.maven.surefire.booter.ForkedBooter.run(ForkedBooter.java:507) ~[surefire-booter-3.1.2.jar:3.1.2]
	at org.apache.maven.surefire.booter.ForkedBooter.main(ForkedBooter.java:495) ~[surefire-booter-3.1.2.jar:3.1.2]

2024-04-24T17:02:26.543+05:30 DEBUG 5824 --- [Vehicle Management Module] [           main] o.s.d.jpa.repository.query.NamedQuery    : Did not find named query Vehicles.findByRegistrationNoAndBelongsToUserId
2024-04-24T17:02:26.544+05:30 DEBUG 5824 --- [Vehicle Management Module] [           main] tor$SharedEntityManagerInvocationHandler : Creating new EntityManager for shared EntityManager invocation
2024-04-24T17:02:26.546+05:30 DEBUG 5824 --- [Vehicle Management Module] [           main] o.s.d.jpa.repository.query.NamedQuery    : Looking up named query Vehicles.findAllByInspectionStatus
2024-04-24T17:02:26.546+05:30 DEBUG 5824 --- [Vehicle Management Module] [           main] cResourceLocalTransactionCoordinatorImpl : JDBC transaction marked for rollback-only (exception provided for stack trace)

java.lang.Exception: exception just for purpose of providing stack trace
	at org.hibernate.resource.transaction.backend.jdbc.internal.JdbcResourceLocalTransactionCoordinatorImpl$TransactionDriverControlImpl.markRollbackOnly(JdbcResourceLocalTransactionCoordinatorImpl.java:310) ~[hibernate-core-6.4.1.Final.jar:6.4.1.Final]
	at org.hibernate.internal.AbstractSharedSessionContract.buildNamedQuery(AbstractSharedSessionContract.java:1076) ~[hibernate-core-6.4.1.Final.jar:6.4.1.Final]
	at org.hibernate.internal.AbstractSharedSessionContract.createNamedQuery(AbstractSharedSessionContract.java:954) ~[hibernate-core-6.4.1.Final.jar:6.4.1.Final]
	at org.hibernate.internal.AbstractSharedSessionContract.createNamedQuery(AbstractSharedSessionContract.java:133) ~[hibernate-core-6.4.1.Final.jar:6.4.1.Final]
	at java.base/jdk.internal.reflect.NativeMethodAccessorImpl.invoke0(Native Method) ~[na:na]
	at java.base/jdk.internal.reflect.NativeMethodAccessorImpl.invoke(NativeMethodAccessorImpl.java:77) ~[na:na]
	at java.base/jdk.internal.reflect.DelegatingMethodAccessorImpl.invoke(DelegatingMethodAccessorImpl.java:43) ~[na:na]
	at java.base/java.lang.reflect.Method.invoke(Method.java:568) ~[na:na]
	at org.springframework.orm.jpa.ExtendedEntityManagerCreator$ExtendedEntityManagerInvocationHandler.invoke(ExtendedEntityManagerCreator.java:364) ~[spring-orm-6.1.3.jar:6.1.3]
	at jdk.proxy2/jdk.proxy2.$Proxy161.createNamedQuery(Unknown Source) ~[na:na]
	at org.springframework.data.jpa.repository.query.NamedQuery.hasNamedQuery(NamedQuery.java:113) ~[spring-data-jpa-3.2.2.jar:3.2.2]
	at org.springframework.data.jpa.repository.query.NamedQuery.lookupFrom(NamedQuery.java:141) ~[spring-data-jpa-3.2.2.jar:3.2.2]
	at org.springframework.data.jpa.repository.query.JpaQueryLookupStrategy$DeclaredQueryLookupStrategy.resolveQuery(JpaQueryLookupStrategy.java:180) ~[spring-data-jpa-3.2.2.jar:3.2.2]
	at org.springframework.data.jpa.repository.query.JpaQueryLookupStrategy$CreateIfNotFoundQueryLookupStrategy.resolveQuery(JpaQueryLookupStrategy.java:252) ~[spring-data-jpa-3.2.2.jar:3.2.2]
	at org.springframework.data.jpa.repository.query.JpaQueryLookupStrategy$AbstractQueryLookupStrategy.resolveQuery(JpaQueryLookupStrategy.java:95) ~[spring-data-jpa-3.2.2.jar:3.2.2]
	at org.springframework.data.repository.core.support.QueryExecutorMethodInterceptor.lookupQuery(QueryExecutorMethodInterceptor.java:111) ~[spring-data-commons-3.2.2.jar:3.2.2]
	at org.springframework.data.repository.core.support.QueryExecutorMethodInterceptor.mapMethodsToQuery(QueryExecutorMethodInterceptor.java:99) ~[spring-data-commons-3.2.2.jar:3.2.2]
	at org.springframework.data.repository.core.support.QueryExecutorMethodInterceptor.lambda$new$0(QueryExecutorMethodInterceptor.java:88) ~[spring-data-commons-3.2.2.jar:3.2.2]
	at java.base/java.util.Optional.map(Optional.java:260) ~[na:na]
	at org.springframework.data.repository.core.support.QueryExecutorMethodInterceptor.<init>(QueryExecutorMethodInterceptor.java:88) ~[spring-data-commons-3.2.2.jar:3.2.2]
	at org.springframework.data.repository.core.support.RepositoryFactorySupport.getRepository(RepositoryFactorySupport.java:357) ~[spring-data-commons-3.2.2.jar:3.2.2]
	at org.springframework.data.repository.core.support.RepositoryFactoryBeanSupport.lambda$afterPropertiesSet$5(RepositoryFactoryBeanSupport.java:279) ~[spring-data-commons-3.2.2.jar:3.2.2]
	at org.springframework.data.util.Lazy.getNullable(Lazy.java:135) ~[spring-data-commons-3.2.2.jar:3.2.2]
	at org.springframework.data.util.Lazy.get(Lazy.java:113) ~[spring-data-commons-3.2.2.jar:3.2.2]
	at org.springframework.data.repository.core.support.RepositoryFactoryBeanSupport.afterPropertiesSet(RepositoryFactoryBeanSupport.java:285) ~[spring-data-commons-3.2.2.jar:3.2.2]
	at org.springframework.data.jpa.repository.support.JpaRepositoryFactoryBean.afterPropertiesSet(JpaRepositoryFactoryBean.java:132) ~[spring-data-jpa-3.2.2.jar:3.2.2]
	at org.springframework.beans.factory.support.AbstractAutowireCapableBeanFactory.invokeInitMethods(AbstractAutowireCapableBeanFactory.java:1820) ~[spring-beans-6.1.3.jar:6.1.3]
	at org.springframework.beans.factory.support.AbstractAutowireCapableBeanFactory.initializeBean(AbstractAutowireCapableBeanFactory.java:1769) ~[spring-beans-6.1.3.jar:6.1.3]
	at org.springframework.beans.factory.support.AbstractAutowireCapableBeanFactory.doCreateBean(AbstractAutowireCapableBeanFactory.java:599) ~[spring-beans-6.1.3.jar:6.1.3]
	at org.springframework.beans.factory.support.AbstractAutowireCapableBeanFactory.createBean(AbstractAutowireCapableBeanFactory.java:521) ~[spring-beans-6.1.3.jar:6.1.3]
	at org.springframework.beans.factory.support.AbstractBeanFactory.lambda$doGetBean$0(AbstractBeanFactory.java:325) ~[spring-beans-6.1.3.jar:6.1.3]
	at org.springframework.beans.factory.support.DefaultSingletonBeanRegistry.getSingleton(DefaultSingletonBeanRegistry.java:234) ~[spring-beans-6.1.3.jar:6.1.3]
	at org.springframework.beans.factory.support.AbstractBeanFactory.doGetBean(AbstractBeanFactory.java:323) ~[spring-beans-6.1.3.jar:6.1.3]
	at org.springframework.beans.factory.support.AbstractBeanFactory.getBean(AbstractBeanFactory.java:199) ~[spring-beans-6.1.3.jar:6.1.3]
	at org.springframework.beans.factory.config.DependencyDescriptor.resolveCandidate(DependencyDescriptor.java:254) ~[spring-beans-6.1.3.jar:6.1.3]
	at org.springframework.beans.factory.support.DefaultListableBeanFactory.doResolveDependency(DefaultListableBeanFactory.java:1443) ~[spring-beans-6.1.3.jar:6.1.3]
	at org.springframework.beans.factory.support.DefaultListableBeanFactory.resolveDependency(DefaultListableBeanFactory.java:1353) ~[spring-beans-6.1.3.jar:6.1.3]
	at org.springframework.beans.factory.annotation.AutowiredAnnotationBeanPostProcessor$AutowiredFieldElement.resolveFieldValue(AutowiredAnnotationBeanPostProcessor.java:784) ~[spring-beans-6.1.3.jar:6.1.3]
	at org.springframework.beans.factory.annotation.AutowiredAnnotationBeanPostProcessor$AutowiredFieldElement.inject(AutowiredAnnotationBeanPostProcessor.java:767) ~[spring-beans-6.1.3.jar:6.1.3]
	at org.springframework.beans.factory.annotation.InjectionMetadata.inject(InjectionMetadata.java:145) ~[spring-beans-6.1.3.jar:6.1.3]
	at org.springframework.beans.factory.annotation.AutowiredAnnotationBeanPostProcessor.postProcessProperties(AutowiredAnnotationBeanPostProcessor.java:508) ~[spring-beans-6.1.3.jar:6.1.3]
	at org.springframework.beans.factory.support.AbstractAutowireCapableBeanFactory.populateBean(AbstractAutowireCapableBeanFactory.java:1418) ~[spring-beans-6.1.3.jar:6.1.3]
	at org.springframework.beans.factory.support.AbstractAutowireCapableBeanFactory.doCreateBean(AbstractAutowireCapableBeanFactory.java:598) ~[spring-beans-6.1.3.jar:6.1.3]
	at org.springframework.beans.factory.support.AbstractAutowireCapableBeanFactory.createBean(AbstractAutowireCapableBeanFactory.java:521) ~[spring-beans-6.1.3.jar:6.1.3]
	at org.springframework.beans.factory.support.AbstractBeanFactory.lambda$doGetBean$0(AbstractBeanFactory.java:325) ~[spring-beans-6.1.3.jar:6.1.3]
	at org.springframework.beans.factory.support.DefaultSingletonBeanRegistry.getSingleton(DefaultSingletonBeanRegistry.java:234) ~[spring-beans-6.1.3.jar:6.1.3]
	at org.springframework.beans.factory.support.AbstractBeanFactory.doGetBean(AbstractBeanFactory.java:323) ~[spring-beans-6.1.3.jar:6.1.3]
	at org.springframework.beans.factory.support.AbstractBeanFactory.getBean(AbstractBeanFactory.java:199) ~[spring-beans-6.1.3.jar:6.1.3]
	at org.springframework.beans.factory.config.DependencyDescriptor.resolveCandidate(DependencyDescriptor.java:254) ~[spring-beans-6.1.3.jar:6.1.3]
	at org.springframework.beans.factory.support.DefaultListableBeanFactory.doResolveDependency(DefaultListableBeanFactory.java:1443) ~[spring-beans-6.1.3.jar:6.1.3]
	at org.springframework.beans.factory.support.DefaultListableBeanFactory.resolveDependency(DefaultListableBeanFactory.java:1353) ~[spring-beans-6.1.3.jar:6.1.3]
	at org.springframework.beans.factory.annotation.AutowiredAnnotationBeanPostProcessor$AutowiredFieldElement.resolveFieldValue(AutowiredAnnotationBeanPostProcessor.java:784) ~[spring-beans-6.1.3.jar:6.1.3]
	at org.springframework.beans.factory.annotation.AutowiredAnnotationBeanPostProcessor$AutowiredFieldElement.inject(AutowiredAnnotationBeanPostProcessor.java:767) ~[spring-beans-6.1.3.jar:6.1.3]
	at org.springframework.beans.factory.annotation.InjectionMetadata.inject(InjectionMetadata.java:145) ~[spring-beans-6.1.3.jar:6.1.3]
	at org.springframework.beans.factory.annotation.AutowiredAnnotationBeanPostProcessor.postProcessProperties(AutowiredAnnotationBeanPostProcessor.java:508) ~[spring-beans-6.1.3.jar:6.1.3]
	at org.springframework.beans.factory.support.AbstractAutowireCapableBeanFactory.populateBean(AbstractAutowireCapableBeanFactory.java:1418) ~[spring-beans-6.1.3.jar:6.1.3]
	at org.springframework.beans.factory.support.AbstractAutowireCapableBeanFactory.doCreateBean(AbstractAutowireCapableBeanFactory.java:598) ~[spring-beans-6.1.3.jar:6.1.3]
	at org.springframework.beans.factory.support.AbstractAutowireCapableBeanFactory.createBean(AbstractAutowireCapableBeanFactory.java:521) ~[spring-beans-6.1.3.jar:6.1.3]
	at org.springframework.beans.factory.support.AbstractBeanFactory.lambda$doGetBean$0(AbstractBeanFactory.java:325) ~[spring-beans-6.1.3.jar:6.1.3]
	at org.springframework.beans.factory.support.DefaultSingletonBeanRegistry.getSingleton(DefaultSingletonBeanRegistry.java:234) ~[spring-beans-6.1.3.jar:6.1.3]
	at org.springframework.beans.factory.support.AbstractBeanFactory.doGetBean(AbstractBeanFactory.java:323) ~[spring-beans-6.1.3.jar:6.1.3]
	at org.springframework.beans.factory.support.AbstractBeanFactory.getBean(AbstractBeanFactory.java:199) ~[spring-beans-6.1.3.jar:6.1.3]
	at org.springframework.beans.factory.support.DefaultListableBeanFactory.preInstantiateSingletons(DefaultListableBeanFactory.java:975) ~[spring-beans-6.1.3.jar:6.1.3]
	at org.springframework.context.support.AbstractApplicationContext.finishBeanFactoryInitialization(AbstractApplicationContext.java:959) ~[spring-context-6.1.3.jar:6.1.3]
	at org.springframework.context.support.AbstractApplicationContext.refresh(AbstractApplicationContext.java:624) ~[spring-context-6.1.3.jar:6.1.3]
	at org.springframework.boot.SpringApplication.refresh(SpringApplication.java:754) ~[spring-boot-3.2.2.jar:3.2.2]
	at org.springframework.boot.SpringApplication.refreshContext(SpringApplication.java:456) ~[spring-boot-3.2.2.jar:3.2.2]
	at org.springframework.boot.SpringApplication.run(SpringApplication.java:334) ~[spring-boot-3.2.2.jar:3.2.2]
	at org.springframework.boot.test.context.SpringBootContextLoader.lambda$loadContext$3(SpringBootContextLoader.java:137) ~[spring-boot-test-3.2.2.jar:3.2.2]
	at org.springframework.util.function.ThrowingSupplier.get(ThrowingSupplier.java:58) ~[spring-core-6.1.3.jar:6.1.3]
	at org.springframework.util.function.ThrowingSupplier.get(ThrowingSupplier.java:46) ~[spring-core-6.1.3.jar:6.1.3]
	at org.springframework.boot.SpringApplication.withHook(SpringApplication.java:1454) ~[spring-boot-3.2.2.jar:3.2.2]
	at org.springframework.boot.test.context.SpringBootContextLoader$ContextLoaderHook.run(SpringBootContextLoader.java:552) ~[spring-boot-test-3.2.2.jar:3.2.2]
	at org.springframework.boot.test.context.SpringBootContextLoader.loadContext(SpringBootContextLoader.java:137) ~[spring-boot-test-3.2.2.jar:3.2.2]
	at org.springframework.boot.test.context.SpringBootContextLoader.loadContext(SpringBootContextLoader.java:108) ~[spring-boot-test-3.2.2.jar:3.2.2]
	at org.springframework.test.context.cache.DefaultCacheAwareContextLoaderDelegate.loadContextInternal(DefaultCacheAwareContextLoaderDelegate.java:225) ~[spring-test-6.1.3.jar:6.1.3]
	at org.springframework.test.context.cache.DefaultCacheAwareContextLoaderDelegate.loadContext(DefaultCacheAwareContextLoaderDelegate.java:152) ~[spring-test-6.1.3.jar:6.1.3]
	at org.springframework.test.context.support.DefaultTestContext.getApplicationContext(DefaultTestContext.java:130) ~[spring-test-6.1.3.jar:6.1.3]
	at org.springframework.test.context.support.DependencyInjectionTestExecutionListener.injectDependencies(DependencyInjectionTestExecutionListener.java:142) ~[spring-test-6.1.3.jar:6.1.3]
	at org.springframework.test.context.support.DependencyInjectionTestExecutionListener.prepareTestInstance(DependencyInjectionTestExecutionListener.java:98) ~[spring-test-6.1.3.jar:6.1.3]
	at org.springframework.test.context.TestContextManager.prepareTestInstance(TestContextManager.java:260) ~[spring-test-6.1.3.jar:6.1.3]
	at org.springframework.test.context.junit.jupiter.SpringExtension.postProcessTestInstance(SpringExtension.java:163) ~[spring-test-6.1.3.jar:6.1.3]
	at org.junit.jupiter.engine.descriptor.ClassBasedTestDescriptor.lambda$invokeTestInstancePostProcessors$10(ClassBasedTestDescriptor.java:378) ~[junit-jupiter-engine-5.10.1.jar:5.10.1]
	at org.junit.jupiter.engine.descriptor.ClassBasedTestDescriptor.executeAndMaskThrowable(ClassBasedTestDescriptor.java:383) ~[junit-jupiter-engine-5.10.1.jar:5.10.1]
	at org.junit.jupiter.engine.descriptor.ClassBasedTestDescriptor.lambda$invokeTestInstancePostProcessors$11(ClassBasedTestDescriptor.java:378) ~[junit-jupiter-engine-5.10.1.jar:5.10.1]
	at java.base/java.util.stream.ReferencePipeline$3$1.accept(ReferencePipeline.java:197) ~[na:na]
	at java.base/java.util.stream.ReferencePipeline$2$1.accept(ReferencePipeline.java:179) ~[na:na]
	at java.base/java.util.ArrayList$ArrayListSpliterator.forEachRemaining(ArrayList.java:1625) ~[na:na]
	at java.base/java.util.stream.AbstractPipeline.copyInto(AbstractPipeline.java:509) ~[na:na]
	at java.base/java.util.stream.AbstractPipeline.wrapAndCopyInto(AbstractPipeline.java:499) ~[na:na]
	at java.base/java.util.stream.StreamSpliterators$WrappingSpliterator.forEachRemaining(StreamSpliterators.java:310) ~[na:na]
	at java.base/java.util.stream.Streams$ConcatSpliterator.forEachRemaining(Streams.java:735) ~[na:na]
	at java.base/java.util.stream.Streams$ConcatSpliterator.forEachRemaining(Streams.java:734) ~[na:na]
	at java.base/java.util.stream.ReferencePipeline$Head.forEach(ReferencePipeline.java:762) ~[na:na]
	at org.junit.jupiter.engine.descriptor.ClassBasedTestDescriptor.invokeTestInstancePostProcessors(ClassBasedTestDescriptor.java:377) ~[junit-jupiter-engine-5.10.1.jar:5.10.1]
	at org.junit.jupiter.engine.descriptor.ClassBasedTestDescriptor.lambda$instantiateAndPostProcessTestInstance$6(ClassBasedTestDescriptor.java:290) ~[junit-jupiter-engine-5.10.1.jar:5.10.1]
	at org.junit.platform.engine.support.hierarchical.ThrowableCollector.execute(ThrowableCollector.java:73) ~[junit-platform-engine-1.10.1.jar:1.10.1]
	at org.junit.jupiter.engine.descriptor.ClassBasedTestDescriptor.instantiateAndPostProcessTestInstance(ClassBasedTestDescriptor.java:289) ~[junit-jupiter-engine-5.10.1.jar:5.10.1]
	at org.junit.jupiter.engine.descriptor.ClassBasedTestDescriptor.lambda$testInstancesProvider$4(ClassBasedTestDescriptor.java:279) ~[junit-jupiter-engine-5.10.1.jar:5.10.1]
	at java.base/java.util.Optional.orElseGet(Optional.java:364) ~[na:na]
	at org.junit.jupiter.engine.descriptor.ClassBasedTestDescriptor.lambda$testInstancesProvider$5(ClassBasedTestDescriptor.java:278) ~[junit-jupiter-engine-5.10.1.jar:5.10.1]
	at org.junit.jupiter.engine.execution.TestInstancesProvider.getTestInstances(TestInstancesProvider.java:31) ~[junit-jupiter-engine-5.10.1.jar:5.10.1]
	at org.junit.jupiter.engine.descriptor.TestMethodTestDescriptor.lambda$prepare$0(TestMethodTestDescriptor.java:106) ~[junit-jupiter-engine-5.10.1.jar:5.10.1]
	at org.junit.platform.engine.support.hierarchical.ThrowableCollector.execute(ThrowableCollector.java:73) ~[junit-platform-engine-1.10.1.jar:1.10.1]
	at org.junit.jupiter.engine.descriptor.TestMethodTestDescriptor.prepare(TestMethodTestDescriptor.java:105) ~[junit-jupiter-engine-5.10.1.jar:5.10.1]
	at org.junit.jupiter.engine.descriptor.TestMethodTestDescriptor.prepare(TestMethodTestDescriptor.java:69) ~[junit-jupiter-engine-5.10.1.jar:5.10.1]
	at org.junit.platform.engine.support.hierarchical.NodeTestTask.lambda$prepare$2(NodeTestTask.java:123) ~[junit-platform-engine-1.10.1.jar:1.10.1]
	at org.junit.platform.engine.support.hierarchical.ThrowableCollector.execute(ThrowableCollector.java:73) ~[junit-platform-engine-1.10.1.jar:1.10.1]
	at org.junit.platform.engine.support.hierarchical.NodeTestTask.prepare(NodeTestTask.java:123) ~[junit-platform-engine-1.10.1.jar:1.10.1]
	at org.junit.platform.engine.support.hierarchical.NodeTestTask.execute(NodeTestTask.java:90) ~[junit-platform-engine-1.10.1.jar:1.10.1]
	at java.base/java.util.ArrayList.forEach(ArrayList.java:1511) ~[na:na]
	at org.junit.platform.engine.support.hierarchical.SameThreadHierarchicalTestExecutorService.invokeAll(SameThreadHierarchicalTestExecutorService.java:41) ~[junit-platform-engine-1.10.1.jar:1.10.1]
	at org.junit.platform.engine.support.hierarchical.NodeTestTask.lambda$executeRecursively$6(NodeTestTask.java:155) ~[junit-platform-engine-1.10.1.jar:1.10.1]
	at org.junit.platform.engine.support.hierarchical.ThrowableCollector.execute(ThrowableCollector.java:73) ~[junit-platform-engine-1.10.1.jar:1.10.1]
	at org.junit.platform.engine.support.hierarchical.NodeTestTask.lambda$executeRecursively$8(NodeTestTask.java:141) ~[junit-platform-engine-1.10.1.jar:1.10.1]
	at org.junit.platform.engine.support.hierarchical.Node.around(Node.java:137) ~[junit-platform-engine-1.10.1.jar:1.10.1]
	at org.junit.platform.engine.support.hierarchical.NodeTestTask.lambda$executeRecursively$9(NodeTestTask.java:139) ~[junit-platform-engine-1.10.1.jar:1.10.1]
	at org.junit.platform.engine.support.hierarchical.ThrowableCollector.execute(ThrowableCollector.java:73) ~[junit-platform-engine-1.10.1.jar:1.10.1]
	at org.junit.platform.engine.support.hierarchical.NodeTestTask.executeRecursively(NodeTestTask.java:138) ~[junit-platform-engine-1.10.1.jar:1.10.1]
	at org.junit.platform.engine.support.hierarchical.NodeTestTask.execute(NodeTestTask.java:95) ~[junit-platform-engine-1.10.1.jar:1.10.1]
	at java.base/java.util.ArrayList.forEach(ArrayList.java:1511) ~[na:na]
	at org.junit.platform.engine.support.hierarchical.SameThreadHierarchicalTestExecutorService.invokeAll(SameThreadHierarchicalTestExecutorService.java:41) ~[junit-platform-engine-1.10.1.jar:1.10.1]
	at org.junit.platform.engine.support.hierarchical.NodeTestTask.lambda$executeRecursively$6(NodeTestTask.java:155) ~[junit-platform-engine-1.10.1.jar:1.10.1]
	at org.junit.platform.engine.support.hierarchical.ThrowableCollector.execute(ThrowableCollector.java:73) ~[junit-platform-engine-1.10.1.jar:1.10.1]
	at org.junit.platform.engine.support.hierarchical.NodeTestTask.lambda$executeRecursively$8(NodeTestTask.java:141) ~[junit-platform-engine-1.10.1.jar:1.10.1]
	at org.junit.platform.engine.support.hierarchical.Node.around(Node.java:137) ~[junit-platform-engine-1.10.1.jar:1.10.1]
	at org.junit.platform.engine.support.hierarchical.NodeTestTask.lambda$executeRecursively$9(NodeTestTask.java:139) ~[junit-platform-engine-1.10.1.jar:1.10.1]
	at org.junit.platform.engine.support.hierarchical.ThrowableCollector.execute(ThrowableCollector.java:73) ~[junit-platform-engine-1.10.1.jar:1.10.1]
	at org.junit.platform.engine.support.hierarchical.NodeTestTask.executeRecursively(NodeTestTask.java:138) ~[junit-platform-engine-1.10.1.jar:1.10.1]
	at org.junit.platform.engine.support.hierarchical.NodeTestTask.execute(NodeTestTask.java:95) ~[junit-platform-engine-1.10.1.jar:1.10.1]
	at org.junit.platform.engine.support.hierarchical.SameThreadHierarchicalTestExecutorService.submit(SameThreadHierarchicalTestExecutorService.java:35) ~[junit-platform-engine-1.10.1.jar:1.10.1]
	at org.junit.platform.engine.support.hierarchical.HierarchicalTestExecutor.execute(HierarchicalTestExecutor.java:57) ~[junit-platform-engine-1.10.1.jar:1.10.1]
	at org.junit.platform.engine.support.hierarchical.HierarchicalTestEngine.execute(HierarchicalTestEngine.java:54) ~[junit-platform-engine-1.10.1.jar:1.10.1]
	at org.junit.platform.launcher.core.EngineExecutionOrchestrator.execute(EngineExecutionOrchestrator.java:198) ~[junit-platform-launcher-1.10.1.jar:1.10.1]
	at org.junit.platform.launcher.core.EngineExecutionOrchestrator.execute(EngineExecutionOrchestrator.java:169) ~[junit-platform-launcher-1.10.1.jar:1.10.1]
	at org.junit.platform.launcher.core.EngineExecutionOrchestrator.execute(EngineExecutionOrchestrator.java:93) ~[junit-platform-launcher-1.10.1.jar:1.10.1]
	at org.junit.platform.launcher.core.EngineExecutionOrchestrator.lambda$execute$0(EngineExecutionOrchestrator.java:58) ~[junit-platform-launcher-1.10.1.jar:1.10.1]
	at org.junit.platform.launcher.core.EngineExecutionOrchestrator.withInterceptedStreams(EngineExecutionOrchestrator.java:141) ~[junit-platform-launcher-1.10.1.jar:1.10.1]
	at org.junit.platform.launcher.core.EngineExecutionOrchestrator.execute(EngineExecutionOrchestrator.java:57) ~[junit-platform-launcher-1.10.1.jar:1.10.1]
	at org.junit.platform.launcher.core.DefaultLauncher.execute(DefaultLauncher.java:103) ~[junit-platform-launcher-1.10.1.jar:1.10.1]
	at org.junit.platform.launcher.core.DefaultLauncher.execute(DefaultLauncher.java:85) ~[junit-platform-launcher-1.10.1.jar:1.10.1]
	at org.junit.platform.launcher.core.DelegatingLauncher.execute(DelegatingLauncher.java:47) ~[junit-platform-launcher-1.10.1.jar:1.10.1]
	at org.apache.maven.surefire.junitplatform.LazyLauncher.execute(LazyLauncher.java:56) ~[surefire-junit-platform-3.1.2.jar:3.1.2]
	at org.apache.maven.surefire.junitplatform.JUnitPlatformProvider.execute(JUnitPlatformProvider.java:184) ~[surefire-junit-platform-3.1.2.jar:3.1.2]
	at org.apache.maven.surefire.junitplatform.JUnitPlatformProvider.invokeAllTests(JUnitPlatformProvider.java:148) ~[surefire-junit-platform-3.1.2.jar:3.1.2]
	at org.apache.maven.surefire.junitplatform.JUnitPlatformProvider.invoke(JUnitPlatformProvider.java:122) ~[surefire-junit-platform-3.1.2.jar:3.1.2]
	at org.apache.maven.surefire.booter.ForkedBooter.runSuitesInProcess(ForkedBooter.java:385) ~[surefire-booter-3.1.2.jar:3.1.2]
	at org.apache.maven.surefire.booter.ForkedBooter.execute(ForkedBooter.java:162) ~[surefire-booter-3.1.2.jar:3.1.2]
	at org.apache.maven.surefire.booter.ForkedBooter.run(ForkedBooter.java:507) ~[surefire-booter-3.1.2.jar:3.1.2]
	at org.apache.maven.surefire.booter.ForkedBooter.main(ForkedBooter.java:495) ~[surefire-booter-3.1.2.jar:3.1.2]

2024-04-24T17:02:26.548+05:30 DEBUG 5824 --- [Vehicle Management Module] [           main] o.s.d.jpa.repository.query.NamedQuery    : Did not find named query Vehicles.findAllByInspectionStatus
2024-04-24T17:02:26.548+05:30 DEBUG 5824 --- [Vehicle Management Module] [           main] tor$SharedEntityManagerInvocationHandler : Creating new EntityManager for shared EntityManager invocation
2024-04-24T17:02:26.552+05:30 DEBUG 5824 --- [Vehicle Management Module] [           main] o.s.d.jpa.repository.query.NamedQuery    : Looking up named query Vehicles.existsByRegistrationNo
2024-04-24T17:02:26.552+05:30 DEBUG 5824 --- [Vehicle Management Module] [           main] cResourceLocalTransactionCoordinatorImpl : JDBC transaction marked for rollback-only (exception provided for stack trace)

java.lang.Exception: exception just for purpose of providing stack trace
	at org.hibernate.resource.transaction.backend.jdbc.internal.JdbcResourceLocalTransactionCoordinatorImpl$TransactionDriverControlImpl.markRollbackOnly(JdbcResourceLocalTransactionCoordinatorImpl.java:310) ~[hibernate-core-6.4.1.Final.jar:6.4.1.Final]
	at org.hibernate.internal.AbstractSharedSessionContract.buildNamedQuery(AbstractSharedSessionContract.java:1076) ~[hibernate-core-6.4.1.Final.jar:6.4.1.Final]
	at org.hibernate.internal.AbstractSharedSessionContract.createNamedQuery(AbstractSharedSessionContract.java:954) ~[hibernate-core-6.4.1.Final.jar:6.4.1.Final]
	at org.hibernate.internal.AbstractSharedSessionContract.createNamedQuery(AbstractSharedSessionContract.java:133) ~[hibernate-core-6.4.1.Final.jar:6.4.1.Final]
	at java.base/jdk.internal.reflect.NativeMethodAccessorImpl.invoke0(Native Method) ~[na:na]
	at java.base/jdk.internal.reflect.NativeMethodAccessorImpl.invoke(NativeMethodAccessorImpl.java:77) ~[na:na]
	at java.base/jdk.internal.reflect.DelegatingMethodAccessorImpl.invoke(DelegatingMethodAccessorImpl.java:43) ~[na:na]
	at java.base/java.lang.reflect.Method.invoke(Method.java:568) ~[na:na]
	at org.springframework.orm.jpa.ExtendedEntityManagerCreator$ExtendedEntityManagerInvocationHandler.invoke(ExtendedEntityManagerCreator.java:364) ~[spring-orm-6.1.3.jar:6.1.3]
	at jdk.proxy2/jdk.proxy2.$Proxy161.createNamedQuery(Unknown Source) ~[na:na]
	at org.springframework.data.jpa.repository.query.NamedQuery.hasNamedQuery(NamedQuery.java:113) ~[spring-data-jpa-3.2.2.jar:3.2.2]
	at org.springframework.data.jpa.repository.query.NamedQuery.lookupFrom(NamedQuery.java:141) ~[spring-data-jpa-3.2.2.jar:3.2.2]
	at org.springframework.data.jpa.repository.query.JpaQueryLookupStrategy$DeclaredQueryLookupStrategy.resolveQuery(JpaQueryLookupStrategy.java:180) ~[spring-data-jpa-3.2.2.jar:3.2.2]
	at org.springframework.data.jpa.repository.query.JpaQueryLookupStrategy$CreateIfNotFoundQueryLookupStrategy.resolveQuery(JpaQueryLookupStrategy.java:252) ~[spring-data-jpa-3.2.2.jar:3.2.2]
	at org.springframework.data.jpa.repository.query.JpaQueryLookupStrategy$AbstractQueryLookupStrategy.resolveQuery(JpaQueryLookupStrategy.java:95) ~[spring-data-jpa-3.2.2.jar:3.2.2]
	at org.springframework.data.repository.core.support.QueryExecutorMethodInterceptor.lookupQuery(QueryExecutorMethodInterceptor.java:111) ~[spring-data-commons-3.2.2.jar:3.2.2]
	at org.springframework.data.repository.core.support.QueryExecutorMethodInterceptor.mapMethodsToQuery(QueryExecutorMethodInterceptor.java:99) ~[spring-data-commons-3.2.2.jar:3.2.2]
	at org.springframework.data.repository.core.support.QueryExecutorMethodInterceptor.lambda$new$0(QueryExecutorMethodInterceptor.java:88) ~[spring-data-commons-3.2.2.jar:3.2.2]
	at java.base/java.util.Optional.map(Optional.java:260) ~[na:na]
	at org.springframework.data.repository.core.support.QueryExecutorMethodInterceptor.<init>(QueryExecutorMethodInterceptor.java:88) ~[spring-data-commons-3.2.2.jar:3.2.2]
	at org.springframework.data.repository.core.support.RepositoryFactorySupport.getRepository(RepositoryFactorySupport.java:357) ~[spring-data-commons-3.2.2.jar:3.2.2]
	at org.springframework.data.repository.core.support.RepositoryFactoryBeanSupport.lambda$afterPropertiesSet$5(RepositoryFactoryBeanSupport.java:279) ~[spring-data-commons-3.2.2.jar:3.2.2]
	at org.springframework.data.util.Lazy.getNullable(Lazy.java:135) ~[spring-data-commons-3.2.2.jar:3.2.2]
	at org.springframework.data.util.Lazy.get(Lazy.java:113) ~[spring-data-commons-3.2.2.jar:3.2.2]
	at org.springframework.data.repository.core.support.RepositoryFactoryBeanSupport.afterPropertiesSet(RepositoryFactoryBeanSupport.java:285) ~[spring-data-commons-3.2.2.jar:3.2.2]
	at org.springframework.data.jpa.repository.support.JpaRepositoryFactoryBean.afterPropertiesSet(JpaRepositoryFactoryBean.java:132) ~[spring-data-jpa-3.2.2.jar:3.2.2]
	at org.springframework.beans.factory.support.AbstractAutowireCapableBeanFactory.invokeInitMethods(AbstractAutowireCapableBeanFactory.java:1820) ~[spring-beans-6.1.3.jar:6.1.3]
	at org.springframework.beans.factory.support.AbstractAutowireCapableBeanFactory.initializeBean(AbstractAutowireCapableBeanFactory.java:1769) ~[spring-beans-6.1.3.jar:6.1.3]
	at org.springframework.beans.factory.support.AbstractAutowireCapableBeanFactory.doCreateBean(AbstractAutowireCapableBeanFactory.java:599) ~[spring-beans-6.1.3.jar:6.1.3]
	at org.springframework.beans.factory.support.AbstractAutowireCapableBeanFactory.createBean(AbstractAutowireCapableBeanFactory.java:521) ~[spring-beans-6.1.3.jar:6.1.3]
	at org.springframework.beans.factory.support.AbstractBeanFactory.lambda$doGetBean$0(AbstractBeanFactory.java:325) ~[spring-beans-6.1.3.jar:6.1.3]
	at org.springframework.beans.factory.support.DefaultSingletonBeanRegistry.getSingleton(DefaultSingletonBeanRegistry.java:234) ~[spring-beans-6.1.3.jar:6.1.3]
	at org.springframework.beans.factory.support.AbstractBeanFactory.doGetBean(AbstractBeanFactory.java:323) ~[spring-beans-6.1.3.jar:6.1.3]
	at org.springframework.beans.factory.support.AbstractBeanFactory.getBean(AbstractBeanFactory.java:199) ~[spring-beans-6.1.3.jar:6.1.3]
	at org.springframework.beans.factory.config.DependencyDescriptor.resolveCandidate(DependencyDescriptor.java:254) ~[spring-beans-6.1.3.jar:6.1.3]
	at org.springframework.beans.factory.support.DefaultListableBeanFactory.doResolveDependency(DefaultListableBeanFactory.java:1443) ~[spring-beans-6.1.3.jar:6.1.3]
	at org.springframework.beans.factory.support.DefaultListableBeanFactory.resolveDependency(DefaultListableBeanFactory.java:1353) ~[spring-beans-6.1.3.jar:6.1.3]
	at org.springframework.beans.factory.annotation.AutowiredAnnotationBeanPostProcessor$AutowiredFieldElement.resolveFieldValue(AutowiredAnnotationBeanPostProcessor.java:784) ~[spring-beans-6.1.3.jar:6.1.3]
	at org.springframework.beans.factory.annotation.AutowiredAnnotationBeanPostProcessor$AutowiredFieldElement.inject(AutowiredAnnotationBeanPostProcessor.java:767) ~[spring-beans-6.1.3.jar:6.1.3]
	at org.springframework.beans.factory.annotation.InjectionMetadata.inject(InjectionMetadata.java:145) ~[spring-beans-6.1.3.jar:6.1.3]
	at org.springframework.beans.factory.annotation.AutowiredAnnotationBeanPostProcessor.postProcessProperties(AutowiredAnnotationBeanPostProcessor.java:508) ~[spring-beans-6.1.3.jar:6.1.3]
	at org.springframework.beans.factory.support.AbstractAutowireCapableBeanFactory.populateBean(AbstractAutowireCapableBeanFactory.java:1418) ~[spring-beans-6.1.3.jar:6.1.3]
	at org.springframework.beans.factory.support.AbstractAutowireCapableBeanFactory.doCreateBean(AbstractAutowireCapableBeanFactory.java:598) ~[spring-beans-6.1.3.jar:6.1.3]
	at org.springframework.beans.factory.support.AbstractAutowireCapableBeanFactory.createBean(AbstractAutowireCapableBeanFactory.java:521) ~[spring-beans-6.1.3.jar:6.1.3]
	at org.springframework.beans.factory.support.AbstractBeanFactory.lambda$doGetBean$0(AbstractBeanFactory.java:325) ~[spring-beans-6.1.3.jar:6.1.3]
	at org.springframework.beans.factory.support.DefaultSingletonBeanRegistry.getSingleton(DefaultSingletonBeanRegistry.java:234) ~[spring-beans-6.1.3.jar:6.1.3]
	at org.springframework.beans.factory.support.AbstractBeanFactory.doGetBean(AbstractBeanFactory.java:323) ~[spring-beans-6.1.3.jar:6.1.3]
	at org.springframework.beans.factory.support.AbstractBeanFactory.getBean(AbstractBeanFactory.java:199) ~[spring-beans-6.1.3.jar:6.1.3]
	at org.springframework.beans.factory.config.DependencyDescriptor.resolveCandidate(DependencyDescriptor.java:254) ~[spring-beans-6.1.3.jar:6.1.3]
	at org.springframework.beans.factory.support.DefaultListableBeanFactory.doResolveDependency(DefaultListableBeanFactory.java:1443) ~[spring-beans-6.1.3.jar:6.1.3]
	at org.springframework.beans.factory.support.DefaultListableBeanFactory.resolveDependency(DefaultListableBeanFactory.java:1353) ~[spring-beans-6.1.3.jar:6.1.3]
	at org.springframework.beans.factory.annotation.AutowiredAnnotationBeanPostProcessor$AutowiredFieldElement.resolveFieldValue(AutowiredAnnotationBeanPostProcessor.java:784) ~[spring-beans-6.1.3.jar:6.1.3]
	at org.springframework.beans.factory.annotation.AutowiredAnnotationBeanPostProcessor$AutowiredFieldElement.inject(AutowiredAnnotationBeanPostProcessor.java:767) ~[spring-beans-6.1.3.jar:6.1.3]
	at org.springframework.beans.factory.annotation.InjectionMetadata.inject(InjectionMetadata.java:145) ~[spring-beans-6.1.3.jar:6.1.3]
	at org.springframework.beans.factory.annotation.AutowiredAnnotationBeanPostProcessor.postProcessProperties(AutowiredAnnotationBeanPostProcessor.java:508) ~[spring-beans-6.1.3.jar:6.1.3]
	at org.springframework.beans.factory.support.AbstractAutowireCapableBeanFactory.populateBean(AbstractAutowireCapableBeanFactory.java:1418) ~[spring-beans-6.1.3.jar:6.1.3]
	at org.springframework.beans.factory.support.AbstractAutowireCapableBeanFactory.doCreateBean(AbstractAutowireCapableBeanFactory.java:598) ~[spring-beans-6.1.3.jar:6.1.3]
	at org.springframework.beans.factory.support.AbstractAutowireCapableBeanFactory.createBean(AbstractAutowireCapableBeanFactory.java:521) ~[spring-beans-6.1.3.jar:6.1.3]
	at org.springframework.beans.factory.support.AbstractBeanFactory.lambda$doGetBean$0(AbstractBeanFactory.java:325) ~[spring-beans-6.1.3.jar:6.1.3]
	at org.springframework.beans.factory.support.DefaultSingletonBeanRegistry.getSingleton(DefaultSingletonBeanRegistry.java:234) ~[spring-beans-6.1.3.jar:6.1.3]
	at org.springframework.beans.factory.support.AbstractBeanFactory.doGetBean(AbstractBeanFactory.java:323) ~[spring-beans-6.1.3.jar:6.1.3]
	at org.springframework.beans.factory.support.AbstractBeanFactory.getBean(AbstractBeanFactory.java:199) ~[spring-beans-6.1.3.jar:6.1.3]
	at org.springframework.beans.factory.support.DefaultListableBeanFactory.preInstantiateSingletons(DefaultListableBeanFactory.java:975) ~[spring-beans-6.1.3.jar:6.1.3]
	at org.springframework.context.support.AbstractApplicationContext.finishBeanFactoryInitialization(AbstractApplicationContext.java:959) ~[spring-context-6.1.3.jar:6.1.3]
	at org.springframework.context.support.AbstractApplicationContext.refresh(AbstractApplicationContext.java:624) ~[spring-context-6.1.3.jar:6.1.3]
	at org.springframework.boot.SpringApplication.refresh(SpringApplication.java:754) ~[spring-boot-3.2.2.jar:3.2.2]
	at org.springframework.boot.SpringApplication.refreshContext(SpringApplication.java:456) ~[spring-boot-3.2.2.jar:3.2.2]
	at org.springframework.boot.SpringApplication.run(SpringApplication.java:334) ~[spring-boot-3.2.2.jar:3.2.2]
	at org.springframework.boot.test.context.SpringBootContextLoader.lambda$loadContext$3(SpringBootContextLoader.java:137) ~[spring-boot-test-3.2.2.jar:3.2.2]
	at org.springframework.util.function.ThrowingSupplier.get(ThrowingSupplier.java:58) ~[spring-core-6.1.3.jar:6.1.3]
	at org.springframework.util.function.ThrowingSupplier.get(ThrowingSupplier.java:46) ~[spring-core-6.1.3.jar:6.1.3]
	at org.springframework.boot.SpringApplication.withHook(SpringApplication.java:1454) ~[spring-boot-3.2.2.jar:3.2.2]
	at org.springframework.boot.test.context.SpringBootContextLoader$ContextLoaderHook.run(SpringBootContextLoader.java:552) ~[spring-boot-test-3.2.2.jar:3.2.2]
	at org.springframework.boot.test.context.SpringBootContextLoader.loadContext(SpringBootContextLoader.java:137) ~[spring-boot-test-3.2.2.jar:3.2.2]
	at org.springframework.boot.test.context.SpringBootContextLoader.loadContext(SpringBootContextLoader.java:108) ~[spring-boot-test-3.2.2.jar:3.2.2]
	at org.springframework.test.context.cache.DefaultCacheAwareContextLoaderDelegate.loadContextInternal(DefaultCacheAwareContextLoaderDelegate.java:225) ~[spring-test-6.1.3.jar:6.1.3]
	at org.springframework.test.context.cache.DefaultCacheAwareContextLoaderDelegate.loadContext(DefaultCacheAwareContextLoaderDelegate.java:152) ~[spring-test-6.1.3.jar:6.1.3]
	at org.springframework.test.context.support.DefaultTestContext.getApplicationContext(DefaultTestContext.java:130) ~[spring-test-6.1.3.jar:6.1.3]
	at org.springframework.test.context.support.DependencyInjectionTestExecutionListener.injectDependencies(DependencyInjectionTestExecutionListener.java:142) ~[spring-test-6.1.3.jar:6.1.3]
	at org.springframework.test.context.support.DependencyInjectionTestExecutionListener.prepareTestInstance(DependencyInjectionTestExecutionListener.java:98) ~[spring-test-6.1.3.jar:6.1.3]
	at org.springframework.test.context.TestContextManager.prepareTestInstance(TestContextManager.java:260) ~[spring-test-6.1.3.jar:6.1.3]
	at org.springframework.test.context.junit.jupiter.SpringExtension.postProcessTestInstance(SpringExtension.java:163) ~[spring-test-6.1.3.jar:6.1.3]
	at org.junit.jupiter.engine.descriptor.ClassBasedTestDescriptor.lambda$invokeTestInstancePostProcessors$10(ClassBasedTestDescriptor.java:378) ~[junit-jupiter-engine-5.10.1.jar:5.10.1]
	at org.junit.jupiter.engine.descriptor.ClassBasedTestDescriptor.executeAndMaskThrowable(ClassBasedTestDescriptor.java:383) ~[junit-jupiter-engine-5.10.1.jar:5.10.1]
	at org.junit.jupiter.engine.descriptor.ClassBasedTestDescriptor.lambda$invokeTestInstancePostProcessors$11(ClassBasedTestDescriptor.java:378) ~[junit-jupiter-engine-5.10.1.jar:5.10.1]
	at java.base/java.util.stream.ReferencePipeline$3$1.accept(ReferencePipeline.java:197) ~[na:na]
	at java.base/java.util.stream.ReferencePipeline$2$1.accept(ReferencePipeline.java:179) ~[na:na]
	at java.base/java.util.ArrayList$ArrayListSpliterator.forEachRemaining(ArrayList.java:1625) ~[na:na]
	at java.base/java.util.stream.AbstractPipeline.copyInto(AbstractPipeline.java:509) ~[na:na]
	at java.base/java.util.stream.AbstractPipeline.wrapAndCopyInto(AbstractPipeline.java:499) ~[na:na]
	at java.base/java.util.stream.StreamSpliterators$WrappingSpliterator.forEachRemaining(StreamSpliterators.java:310) ~[na:na]
	at java.base/java.util.stream.Streams$ConcatSpliterator.forEachRemaining(Streams.java:735) ~[na:na]
	at java.base/java.util.stream.Streams$ConcatSpliterator.forEachRemaining(Streams.java:734) ~[na:na]
	at java.base/java.util.stream.ReferencePipeline$Head.forEach(ReferencePipeline.java:762) ~[na:na]
	at org.junit.jupiter.engine.descriptor.ClassBasedTestDescriptor.invokeTestInstancePostProcessors(ClassBasedTestDescriptor.java:377) ~[junit-jupiter-engine-5.10.1.jar:5.10.1]
	at org.junit.jupiter.engine.descriptor.ClassBasedTestDescriptor.lambda$instantiateAndPostProcessTestInstance$6(ClassBasedTestDescriptor.java:290) ~[junit-jupiter-engine-5.10.1.jar:5.10.1]
	at org.junit.platform.engine.support.hierarchical.ThrowableCollector.execute(ThrowableCollector.java:73) ~[junit-platform-engine-1.10.1.jar:1.10.1]
	at org.junit.jupiter.engine.descriptor.ClassBasedTestDescriptor.instantiateAndPostProcessTestInstance(ClassBasedTestDescriptor.java:289) ~[junit-jupiter-engine-5.10.1.jar:5.10.1]
	at org.junit.jupiter.engine.descriptor.ClassBasedTestDescriptor.lambda$testInstancesProvider$4(ClassBasedTestDescriptor.java:279) ~[junit-jupiter-engine-5.10.1.jar:5.10.1]
	at java.base/java.util.Optional.orElseGet(Optional.java:364) ~[na:na]
	at org.junit.jupiter.engine.descriptor.ClassBasedTestDescriptor.lambda$testInstancesProvider$5(ClassBasedTestDescriptor.java:278) ~[junit-jupiter-engine-5.10.1.jar:5.10.1]
	at org.junit.jupiter.engine.execution.TestInstancesProvider.getTestInstances(TestInstancesProvider.java:31) ~[junit-jupiter-engine-5.10.1.jar:5.10.1]
	at org.junit.jupiter.engine.descriptor.TestMethodTestDescriptor.lambda$prepare$0(TestMethodTestDescriptor.java:106) ~[junit-jupiter-engine-5.10.1.jar:5.10.1]
	at org.junit.platform.engine.support.hierarchical.ThrowableCollector.execute(ThrowableCollector.java:73) ~[junit-platform-engine-1.10.1.jar:1.10.1]
	at org.junit.jupiter.engine.descriptor.TestMethodTestDescriptor.prepare(TestMethodTestDescriptor.java:105) ~[junit-jupiter-engine-5.10.1.jar:5.10.1]
	at org.junit.jupiter.engine.descriptor.TestMethodTestDescriptor.prepare(TestMethodTestDescriptor.java:69) ~[junit-jupiter-engine-5.10.1.jar:5.10.1]
	at org.junit.platform.engine.support.hierarchical.NodeTestTask.lambda$prepare$2(NodeTestTask.java:123) ~[junit-platform-engine-1.10.1.jar:1.10.1]
	at org.junit.platform.engine.support.hierarchical.ThrowableCollector.execute(ThrowableCollector.java:73) ~[junit-platform-engine-1.10.1.jar:1.10.1]
	at org.junit.platform.engine.support.hierarchical.NodeTestTask.prepare(NodeTestTask.java:123) ~[junit-platform-engine-1.10.1.jar:1.10.1]
	at org.junit.platform.engine.support.hierarchical.NodeTestTask.execute(NodeTestTask.java:90) ~[junit-platform-engine-1.10.1.jar:1.10.1]
	at java.base/java.util.ArrayList.forEach(ArrayList.java:1511) ~[na:na]
	at org.junit.platform.engine.support.hierarchical.SameThreadHierarchicalTestExecutorService.invokeAll(SameThreadHierarchicalTestExecutorService.java:41) ~[junit-platform-engine-1.10.1.jar:1.10.1]
	at org.junit.platform.engine.support.hierarchical.NodeTestTask.lambda$executeRecursively$6(NodeTestTask.java:155) ~[junit-platform-engine-1.10.1.jar:1.10.1]
	at org.junit.platform.engine.support.hierarchical.ThrowableCollector.execute(ThrowableCollector.java:73) ~[junit-platform-engine-1.10.1.jar:1.10.1]
	at org.junit.platform.engine.support.hierarchical.NodeTestTask.lambda$executeRecursively$8(NodeTestTask.java:141) ~[junit-platform-engine-1.10.1.jar:1.10.1]
	at org.junit.platform.engine.support.hierarchical.Node.around(Node.java:137) ~[junit-platform-engine-1.10.1.jar:1.10.1]
	at org.junit.platform.engine.support.hierarchical.NodeTestTask.lambda$executeRecursively$9(NodeTestTask.java:139) ~[junit-platform-engine-1.10.1.jar:1.10.1]
	at org.junit.platform.engine.support.hierarchical.ThrowableCollector.execute(ThrowableCollector.java:73) ~[junit-platform-engine-1.10.1.jar:1.10.1]
	at org.junit.platform.engine.support.hierarchical.NodeTestTask.executeRecursively(NodeTestTask.java:138) ~[junit-platform-engine-1.10.1.jar:1.10.1]
	at org.junit.platform.engine.support.hierarchical.NodeTestTask.execute(NodeTestTask.java:95) ~[junit-platform-engine-1.10.1.jar:1.10.1]
	at java.base/java.util.ArrayList.forEach(ArrayList.java:1511) ~[na:na]
	at org.junit.platform.engine.support.hierarchical.SameThreadHierarchicalTestExecutorService.invokeAll(SameThreadHierarchicalTestExecutorService.java:41) ~[junit-platform-engine-1.10.1.jar:1.10.1]
	at org.junit.platform.engine.support.hierarchical.NodeTestTask.lambda$executeRecursively$6(NodeTestTask.java:155) ~[junit-platform-engine-1.10.1.jar:1.10.1]
	at org.junit.platform.engine.support.hierarchical.ThrowableCollector.execute(ThrowableCollector.java:73) ~[junit-platform-engine-1.10.1.jar:1.10.1]
	at org.junit.platform.engine.support.hierarchical.NodeTestTask.lambda$executeRecursively$8(NodeTestTask.java:141) ~[junit-platform-engine-1.10.1.jar:1.10.1]
	at org.junit.platform.engine.support.hierarchical.Node.around(Node.java:137) ~[junit-platform-engine-1.10.1.jar:1.10.1]
	at org.junit.platform.engine.support.hierarchical.NodeTestTask.lambda$executeRecursively$9(NodeTestTask.java:139) ~[junit-platform-engine-1.10.1.jar:1.10.1]
	at org.junit.platform.engine.support.hierarchical.ThrowableCollector.execute(ThrowableCollector.java:73) ~[junit-platform-engine-1.10.1.jar:1.10.1]
	at org.junit.platform.engine.support.hierarchical.NodeTestTask.executeRecursively(NodeTestTask.java:138) ~[junit-platform-engine-1.10.1.jar:1.10.1]
	at org.junit.platform.engine.support.hierarchical.NodeTestTask.execute(NodeTestTask.java:95) ~[junit-platform-engine-1.10.1.jar:1.10.1]
	at org.junit.platform.engine.support.hierarchical.SameThreadHierarchicalTestExecutorService.submit(SameThreadHierarchicalTestExecutorService.java:35) ~[junit-platform-engine-1.10.1.jar:1.10.1]
	at org.junit.platform.engine.support.hierarchical.HierarchicalTestExecutor.execute(HierarchicalTestExecutor.java:57) ~[junit-platform-engine-1.10.1.jar:1.10.1]
	at org.junit.platform.engine.support.hierarchical.HierarchicalTestEngine.execute(HierarchicalTestEngine.java:54) ~[junit-platform-engine-1.10.1.jar:1.10.1]
	at org.junit.platform.launcher.core.EngineExecutionOrchestrator.execute(EngineExecutionOrchestrator.java:198) ~[junit-platform-launcher-1.10.1.jar:1.10.1]
	at org.junit.platform.launcher.core.EngineExecutionOrchestrator.execute(EngineExecutionOrchestrator.java:169) ~[junit-platform-launcher-1.10.1.jar:1.10.1]
	at org.junit.platform.launcher.core.EngineExecutionOrchestrator.execute(EngineExecutionOrchestrator.java:93) ~[junit-platform-launcher-1.10.1.jar:1.10.1]
	at org.junit.platform.launcher.core.EngineExecutionOrchestrator.lambda$execute$0(EngineExecutionOrchestrator.java:58) ~[junit-platform-launcher-1.10.1.jar:1.10.1]
	at org.junit.platform.launcher.core.EngineExecutionOrchestrator.withInterceptedStreams(EngineExecutionOrchestrator.java:141) ~[junit-platform-launcher-1.10.1.jar:1.10.1]
	at org.junit.platform.launcher.core.EngineExecutionOrchestrator.execute(EngineExecutionOrchestrator.java:57) ~[junit-platform-launcher-1.10.1.jar:1.10.1]
	at org.junit.platform.launcher.core.DefaultLauncher.execute(DefaultLauncher.java:103) ~[junit-platform-launcher-1.10.1.jar:1.10.1]
	at org.junit.platform.launcher.core.DefaultLauncher.execute(DefaultLauncher.java:85) ~[junit-platform-launcher-1.10.1.jar:1.10.1]
	at org.junit.platform.launcher.core.DelegatingLauncher.execute(DelegatingLauncher.java:47) ~[junit-platform-launcher-1.10.1.jar:1.10.1]
	at org.apache.maven.surefire.junitplatform.LazyLauncher.execute(LazyLauncher.java:56) ~[surefire-junit-platform-3.1.2.jar:3.1.2]
	at org.apache.maven.surefire.junitplatform.JUnitPlatformProvider.execute(JUnitPlatformProvider.java:184) ~[surefire-junit-platform-3.1.2.jar:3.1.2]
	at org.apache.maven.surefire.junitplatform.JUnitPlatformProvider.invokeAllTests(JUnitPlatformProvider.java:148) ~[surefire-junit-platform-3.1.2.jar:3.1.2]
	at org.apache.maven.surefire.junitplatform.JUnitPlatformProvider.invoke(JUnitPlatformProvider.java:122) ~[surefire-junit-platform-3.1.2.jar:3.1.2]
	at org.apache.maven.surefire.booter.ForkedBooter.runSuitesInProcess(ForkedBooter.java:385) ~[surefire-booter-3.1.2.jar:3.1.2]
	at org.apache.maven.surefire.booter.ForkedBooter.execute(ForkedBooter.java:162) ~[surefire-booter-3.1.2.jar:3.1.2]
	at org.apache.maven.surefire.booter.ForkedBooter.run(ForkedBooter.java:507) ~[surefire-booter-3.1.2.jar:3.1.2]
	at org.apache.maven.surefire.booter.ForkedBooter.main(ForkedBooter.java:495) ~[surefire-booter-3.1.2.jar:3.1.2]

2024-04-24T17:02:26.554+05:30 DEBUG 5824 --- [Vehicle Management Module] [           main] o.s.d.jpa.repository.query.NamedQuery    : Did not find named query Vehicles.existsByRegistrationNo
2024-04-24T17:02:26.554+05:30 DEBUG 5824 --- [Vehicle Management Module] [           main] tor$SharedEntityManagerInvocationHandler : Creating new EntityManager for shared EntityManager invocation
2024-04-24T17:02:26.558+05:30 DEBUG 5824 --- [Vehicle Management Module] [           main] o.s.d.jpa.repository.query.NamedQuery    : Looking up named query Vehicles.existsByBelongsToUserId
2024-04-24T17:02:26.559+05:30 DEBUG 5824 --- [Vehicle Management Module] [           main] cResourceLocalTransactionCoordinatorImpl : JDBC transaction marked for rollback-only (exception provided for stack trace)

java.lang.Exception: exception just for purpose of providing stack trace
	at org.hibernate.resource.transaction.backend.jdbc.internal.JdbcResourceLocalTransactionCoordinatorImpl$TransactionDriverControlImpl.markRollbackOnly(JdbcResourceLocalTransactionCoordinatorImpl.java:310) ~[hibernate-core-6.4.1.Final.jar:6.4.1.Final]
	at org.hibernate.internal.AbstractSharedSessionContract.buildNamedQuery(AbstractSharedSessionContract.java:1076) ~[hibernate-core-6.4.1.Final.jar:6.4.1.Final]
	at org.hibernate.internal.AbstractSharedSessionContract.createNamedQuery(AbstractSharedSessionContract.java:954) ~[hibernate-core-6.4.1.Final.jar:6.4.1.Final]
	at org.hibernate.internal.AbstractSharedSessionContract.createNamedQuery(AbstractSharedSessionContract.java:133) ~[hibernate-core-6.4.1.Final.jar:6.4.1.Final]
	at java.base/jdk.internal.reflect.NativeMethodAccessorImpl.invoke0(Native Method) ~[na:na]
	at java.base/jdk.internal.reflect.NativeMethodAccessorImpl.invoke(NativeMethodAccessorImpl.java:77) ~[na:na]
	at java.base/jdk.internal.reflect.DelegatingMethodAccessorImpl.invoke(DelegatingMethodAccessorImpl.java:43) ~[na:na]
	at java.base/java.lang.reflect.Method.invoke(Method.java:568) ~[na:na]
	at org.springframework.orm.jpa.ExtendedEntityManagerCreator$ExtendedEntityManagerInvocationHandler.invoke(ExtendedEntityManagerCreator.java:364) ~[spring-orm-6.1.3.jar:6.1.3]
	at jdk.proxy2/jdk.proxy2.$Proxy161.createNamedQuery(Unknown Source) ~[na:na]
	at org.springframework.data.jpa.repository.query.NamedQuery.hasNamedQuery(NamedQuery.java:113) ~[spring-data-jpa-3.2.2.jar:3.2.2]
	at org.springframework.data.jpa.repository.query.NamedQuery.lookupFrom(NamedQuery.java:141) ~[spring-data-jpa-3.2.2.jar:3.2.2]
	at org.springframework.data.jpa.repository.query.JpaQueryLookupStrategy$DeclaredQueryLookupStrategy.resolveQuery(JpaQueryLookupStrategy.java:180) ~[spring-data-jpa-3.2.2.jar:3.2.2]
	at org.springframework.data.jpa.repository.query.JpaQueryLookupStrategy$CreateIfNotFoundQueryLookupStrategy.resolveQuery(JpaQueryLookupStrategy.java:252) ~[spring-data-jpa-3.2.2.jar:3.2.2]
	at org.springframework.data.jpa.repository.query.JpaQueryLookupStrategy$AbstractQueryLookupStrategy.resolveQuery(JpaQueryLookupStrategy.java:95) ~[spring-data-jpa-3.2.2.jar:3.2.2]
	at org.springframework.data.repository.core.support.QueryExecutorMethodInterceptor.lookupQuery(QueryExecutorMethodInterceptor.java:111) ~[spring-data-commons-3.2.2.jar:3.2.2]
	at org.springframework.data.repository.core.support.QueryExecutorMethodInterceptor.mapMethodsToQuery(QueryExecutorMethodInterceptor.java:99) ~[spring-data-commons-3.2.2.jar:3.2.2]
	at org.springframework.data.repository.core.support.QueryExecutorMethodInterceptor.lambda$new$0(QueryExecutorMethodInterceptor.java:88) ~[spring-data-commons-3.2.2.jar:3.2.2]
	at java.base/java.util.Optional.map(Optional.java:260) ~[na:na]
	at org.springframework.data.repository.core.support.QueryExecutorMethodInterceptor.<init>(QueryExecutorMethodInterceptor.java:88) ~[spring-data-commons-3.2.2.jar:3.2.2]
	at org.springframework.data.repository.core.support.RepositoryFactorySupport.getRepository(RepositoryFactorySupport.java:357) ~[spring-data-commons-3.2.2.jar:3.2.2]
	at org.springframework.data.repository.core.support.RepositoryFactoryBeanSupport.lambda$afterPropertiesSet$5(RepositoryFactoryBeanSupport.java:279) ~[spring-data-commons-3.2.2.jar:3.2.2]
	at org.springframework.data.util.Lazy.getNullable(Lazy.java:135) ~[spring-data-commons-3.2.2.jar:3.2.2]
	at org.springframework.data.util.Lazy.get(Lazy.java:113) ~[spring-data-commons-3.2.2.jar:3.2.2]
	at org.springframework.data.repository.core.support.RepositoryFactoryBeanSupport.afterPropertiesSet(RepositoryFactoryBeanSupport.java:285) ~[spring-data-commons-3.2.2.jar:3.2.2]
	at org.springframework.data.jpa.repository.support.JpaRepositoryFactoryBean.afterPropertiesSet(JpaRepositoryFactoryBean.java:132) ~[spring-data-jpa-3.2.2.jar:3.2.2]
	at org.springframework.beans.factory.support.AbstractAutowireCapableBeanFactory.invokeInitMethods(AbstractAutowireCapableBeanFactory.java:1820) ~[spring-beans-6.1.3.jar:6.1.3]
	at org.springframework.beans.factory.support.AbstractAutowireCapableBeanFactory.initializeBean(AbstractAutowireCapableBeanFactory.java:1769) ~[spring-beans-6.1.3.jar:6.1.3]
	at org.springframework.beans.factory.support.AbstractAutowireCapableBeanFactory.doCreateBean(AbstractAutowireCapableBeanFactory.java:599) ~[spring-beans-6.1.3.jar:6.1.3]
	at org.springframework.beans.factory.support.AbstractAutowireCapableBeanFactory.createBean(AbstractAutowireCapableBeanFactory.java:521) ~[spring-beans-6.1.3.jar:6.1.3]
	at org.springframework.beans.factory.support.AbstractBeanFactory.lambda$doGetBean$0(AbstractBeanFactory.java:325) ~[spring-beans-6.1.3.jar:6.1.3]
	at org.springframework.beans.factory.support.DefaultSingletonBeanRegistry.getSingleton(DefaultSingletonBeanRegistry.java:234) ~[spring-beans-6.1.3.jar:6.1.3]
	at org.springframework.beans.factory.support.AbstractBeanFactory.doGetBean(AbstractBeanFactory.java:323) ~[spring-beans-6.1.3.jar:6.1.3]
	at org.springframework.beans.factory.support.AbstractBeanFactory.getBean(AbstractBeanFactory.java:199) ~[spring-beans-6.1.3.jar:6.1.3]
	at org.springframework.beans.factory.config.DependencyDescriptor.resolveCandidate(DependencyDescriptor.java:254) ~[spring-beans-6.1.3.jar:6.1.3]
	at org.springframework.beans.factory.support.DefaultListableBeanFactory.doResolveDependency(DefaultListableBeanFactory.java:1443) ~[spring-beans-6.1.3.jar:6.1.3]
	at org.springframework.beans.factory.support.DefaultListableBeanFactory.resolveDependency(DefaultListableBeanFactory.java:1353) ~[spring-beans-6.1.3.jar:6.1.3]
	at org.springframework.beans.factory.annotation.AutowiredAnnotationBeanPostProcessor$AutowiredFieldElement.resolveFieldValue(AutowiredAnnotationBeanPostProcessor.java:784) ~[spring-beans-6.1.3.jar:6.1.3]
	at org.springframework.beans.factory.annotation.AutowiredAnnotationBeanPostProcessor$AutowiredFieldElement.inject(AutowiredAnnotationBeanPostProcessor.java:767) ~[spring-beans-6.1.3.jar:6.1.3]
	at org.springframework.beans.factory.annotation.InjectionMetadata.inject(InjectionMetadata.java:145) ~[spring-beans-6.1.3.jar:6.1.3]
	at org.springframework.beans.factory.annotation.AutowiredAnnotationBeanPostProcessor.postProcessProperties(AutowiredAnnotationBeanPostProcessor.java:508) ~[spring-beans-6.1.3.jar:6.1.3]
	at org.springframework.beans.factory.support.AbstractAutowireCapableBeanFactory.populateBean(AbstractAutowireCapableBeanFactory.java:1418) ~[spring-beans-6.1.3.jar:6.1.3]
	at org.springframework.beans.factory.support.AbstractAutowireCapableBeanFactory.doCreateBean(AbstractAutowireCapableBeanFactory.java:598) ~[spring-beans-6.1.3.jar:6.1.3]
	at org.springframework.beans.factory.support.AbstractAutowireCapableBeanFactory.createBean(AbstractAutowireCapableBeanFactory.java:521) ~[spring-beans-6.1.3.jar:6.1.3]
	at org.springframework.beans.factory.support.AbstractBeanFactory.lambda$doGetBean$0(AbstractBeanFactory.java:325) ~[spring-beans-6.1.3.jar:6.1.3]
	at org.springframework.beans.factory.support.DefaultSingletonBeanRegistry.getSingleton(DefaultSingletonBeanRegistry.java:234) ~[spring-beans-6.1.3.jar:6.1.3]
	at org.springframework.beans.factory.support.AbstractBeanFactory.doGetBean(AbstractBeanFactory.java:323) ~[spring-beans-6.1.3.jar:6.1.3]
	at org.springframework.beans.factory.support.AbstractBeanFactory.getBean(AbstractBeanFactory.java:199) ~[spring-beans-6.1.3.jar:6.1.3]
	at org.springframework.beans.factory.config.DependencyDescriptor.resolveCandidate(DependencyDescriptor.java:254) ~[spring-beans-6.1.3.jar:6.1.3]
	at org.springframework.beans.factory.support.DefaultListableBeanFactory.doResolveDependency(DefaultListableBeanFactory.java:1443) ~[spring-beans-6.1.3.jar:6.1.3]
	at org.springframework.beans.factory.support.DefaultListableBeanFactory.resolveDependency(DefaultListableBeanFactory.java:1353) ~[spring-beans-6.1.3.jar:6.1.3]
	at org.springframework.beans.factory.annotation.AutowiredAnnotationBeanPostProcessor$AutowiredFieldElement.resolveFieldValue(AutowiredAnnotationBeanPostProcessor.java:784) ~[spring-beans-6.1.3.jar:6.1.3]
	at org.springframework.beans.factory.annotation.AutowiredAnnotationBeanPostProcessor$AutowiredFieldElement.inject(AutowiredAnnotationBeanPostProcessor.java:767) ~[spring-beans-6.1.3.jar:6.1.3]
	at org.springframework.beans.factory.annotation.InjectionMetadata.inject(InjectionMetadata.java:145) ~[spring-beans-6.1.3.jar:6.1.3]
	at org.springframework.beans.factory.annotation.AutowiredAnnotationBeanPostProcessor.postProcessProperties(AutowiredAnnotationBeanPostProcessor.java:508) ~[spring-beans-6.1.3.jar:6.1.3]
	at org.springframework.beans.factory.support.AbstractAutowireCapableBeanFactory.populateBean(AbstractAutowireCapableBeanFactory.java:1418) ~[spring-beans-6.1.3.jar:6.1.3]
	at org.springframework.beans.factory.support.AbstractAutowireCapableBeanFactory.doCreateBean(AbstractAutowireCapableBeanFactory.java:598) ~[spring-beans-6.1.3.jar:6.1.3]
	at org.springframework.beans.factory.support.AbstractAutowireCapableBeanFactory.createBean(AbstractAutowireCapableBeanFactory.java:521) ~[spring-beans-6.1.3.jar:6.1.3]
	at org.springframework.beans.factory.support.AbstractBeanFactory.lambda$doGetBean$0(AbstractBeanFactory.java:325) ~[spring-beans-6.1.3.jar:6.1.3]
	at org.springframework.beans.factory.support.DefaultSingletonBeanRegistry.getSingleton(DefaultSingletonBeanRegistry.java:234) ~[spring-beans-6.1.3.jar:6.1.3]
	at org.springframework.beans.factory.support.AbstractBeanFactory.doGetBean(AbstractBeanFactory.java:323) ~[spring-beans-6.1.3.jar:6.1.3]
	at org.springframework.beans.factory.support.AbstractBeanFactory.getBean(AbstractBeanFactory.java:199) ~[spring-beans-6.1.3.jar:6.1.3]
	at org.springframework.beans.factory.support.DefaultListableBeanFactory.preInstantiateSingletons(DefaultListableBeanFactory.java:975) ~[spring-beans-6.1.3.jar:6.1.3]
	at org.springframework.context.support.AbstractApplicationContext.finishBeanFactoryInitialization(AbstractApplicationContext.java:959) ~[spring-context-6.1.3.jar:6.1.3]
	at org.springframework.context.support.AbstractApplicationContext.refresh(AbstractApplicationContext.java:624) ~[spring-context-6.1.3.jar:6.1.3]
	at org.springframework.boot.SpringApplication.refresh(SpringApplication.java:754) ~[spring-boot-3.2.2.jar:3.2.2]
	at org.springframework.boot.SpringApplication.refreshContext(SpringApplication.java:456) ~[spring-boot-3.2.2.jar:3.2.2]
	at org.springframework.boot.SpringApplication.run(SpringApplication.java:334) ~[spring-boot-3.2.2.jar:3.2.2]
	at org.springframework.boot.test.context.SpringBootContextLoader.lambda$loadContext$3(SpringBootContextLoader.java:137) ~[spring-boot-test-3.2.2.jar:3.2.2]
	at org.springframework.util.function.ThrowingSupplier.get(ThrowingSupplier.java:58) ~[spring-core-6.1.3.jar:6.1.3]
	at org.springframework.util.function.ThrowingSupplier.get(ThrowingSupplier.java:46) ~[spring-core-6.1.3.jar:6.1.3]
	at org.springframework.boot.SpringApplication.withHook(SpringApplication.java:1454) ~[spring-boot-3.2.2.jar:3.2.2]
	at org.springframework.boot.test.context.SpringBootContextLoader$ContextLoaderHook.run(SpringBootContextLoader.java:552) ~[spring-boot-test-3.2.2.jar:3.2.2]
	at org.springframework.boot.test.context.SpringBootContextLoader.loadContext(SpringBootContextLoader.java:137) ~[spring-boot-test-3.2.2.jar:3.2.2]
	at org.springframework.boot.test.context.SpringBootContextLoader.loadContext(SpringBootContextLoader.java:108) ~[spring-boot-test-3.2.2.jar:3.2.2]
	at org.springframework.test.context.cache.DefaultCacheAwareContextLoaderDelegate.loadContextInternal(DefaultCacheAwareContextLoaderDelegate.java:225) ~[spring-test-6.1.3.jar:6.1.3]
	at org.springframework.test.context.cache.DefaultCacheAwareContextLoaderDelegate.loadContext(DefaultCacheAwareContextLoaderDelegate.java:152) ~[spring-test-6.1.3.jar:6.1.3]
	at org.springframework.test.context.support.DefaultTestContext.getApplicationContext(DefaultTestContext.java:130) ~[spring-test-6.1.3.jar:6.1.3]
	at org.springframework.test.context.support.DependencyInjectionTestExecutionListener.injectDependencies(DependencyInjectionTestExecutionListener.java:142) ~[spring-test-6.1.3.jar:6.1.3]
	at org.springframework.test.context.support.DependencyInjectionTestExecutionListener.prepareTestInstance(DependencyInjectionTestExecutionListener.java:98) ~[spring-test-6.1.3.jar:6.1.3]
	at org.springframework.test.context.TestContextManager.prepareTestInstance(TestContextManager.java:260) ~[spring-test-6.1.3.jar:6.1.3]
	at org.springframework.test.context.junit.jupiter.SpringExtension.postProcessTestInstance(SpringExtension.java:163) ~[spring-test-6.1.3.jar:6.1.3]
	at org.junit.jupiter.engine.descriptor.ClassBasedTestDescriptor.lambda$invokeTestInstancePostProcessors$10(ClassBasedTestDescriptor.java:378) ~[junit-jupiter-engine-5.10.1.jar:5.10.1]
	at org.junit.jupiter.engine.descriptor.ClassBasedTestDescriptor.executeAndMaskThrowable(ClassBasedTestDescriptor.java:383) ~[junit-jupiter-engine-5.10.1.jar:5.10.1]
	at org.junit.jupiter.engine.descriptor.ClassBasedTestDescriptor.lambda$invokeTestInstancePostProcessors$11(ClassBasedTestDescriptor.java:378) ~[junit-jupiter-engine-5.10.1.jar:5.10.1]
	at java.base/java.util.stream.ReferencePipeline$3$1.accept(ReferencePipeline.java:197) ~[na:na]
	at java.base/java.util.stream.ReferencePipeline$2$1.accept(ReferencePipeline.java:179) ~[na:na]
	at java.base/java.util.ArrayList$ArrayListSpliterator.forEachRemaining(ArrayList.java:1625) ~[na:na]
	at java.base/java.util.stream.AbstractPipeline.copyInto(AbstractPipeline.java:509) ~[na:na]
	at java.base/java.util.stream.AbstractPipeline.wrapAndCopyInto(AbstractPipeline.java:499) ~[na:na]
	at java.base/java.util.stream.StreamSpliterators$WrappingSpliterator.forEachRemaining(StreamSpliterators.java:310) ~[na:na]
	at java.base/java.util.stream.Streams$ConcatSpliterator.forEachRemaining(Streams.java:735) ~[na:na]
	at java.base/java.util.stream.Streams$ConcatSpliterator.forEachRemaining(Streams.java:734) ~[na:na]
	at java.base/java.util.stream.ReferencePipeline$Head.forEach(ReferencePipeline.java:762) ~[na:na]
	at org.junit.jupiter.engine.descriptor.ClassBasedTestDescriptor.invokeTestInstancePostProcessors(ClassBasedTestDescriptor.java:377) ~[junit-jupiter-engine-5.10.1.jar:5.10.1]
	at org.junit.jupiter.engine.descriptor.ClassBasedTestDescriptor.lambda$instantiateAndPostProcessTestInstance$6(ClassBasedTestDescriptor.java:290) ~[junit-jupiter-engine-5.10.1.jar:5.10.1]
	at org.junit.platform.engine.support.hierarchical.ThrowableCollector.execute(ThrowableCollector.java:73) ~[junit-platform-engine-1.10.1.jar:1.10.1]
	at org.junit.jupiter.engine.descriptor.ClassBasedTestDescriptor.instantiateAndPostProcessTestInstance(ClassBasedTestDescriptor.java:289) ~[junit-jupiter-engine-5.10.1.jar:5.10.1]
	at org.junit.jupiter.engine.descriptor.ClassBasedTestDescriptor.lambda$testInstancesProvider$4(ClassBasedTestDescriptor.java:279) ~[junit-jupiter-engine-5.10.1.jar:5.10.1]
	at java.base/java.util.Optional.orElseGet(Optional.java:364) ~[na:na]
	at org.junit.jupiter.engine.descriptor.ClassBasedTestDescriptor.lambda$testInstancesProvider$5(ClassBasedTestDescriptor.java:278) ~[junit-jupiter-engine-5.10.1.jar:5.10.1]
	at org.junit.jupiter.engine.execution.TestInstancesProvider.getTestInstances(TestInstancesProvider.java:31) ~[junit-jupiter-engine-5.10.1.jar:5.10.1]
	at org.junit.jupiter.engine.descriptor.TestMethodTestDescriptor.lambda$prepare$0(TestMethodTestDescriptor.java:106) ~[junit-jupiter-engine-5.10.1.jar:5.10.1]
	at org.junit.platform.engine.support.hierarchical.ThrowableCollector.execute(ThrowableCollector.java:73) ~[junit-platform-engine-1.10.1.jar:1.10.1]
	at org.junit.jupiter.engine.descriptor.TestMethodTestDescriptor.prepare(TestMethodTestDescriptor.java:105) ~[junit-jupiter-engine-5.10.1.jar:5.10.1]
	at org.junit.jupiter.engine.descriptor.TestMethodTestDescriptor.prepare(TestMethodTestDescriptor.java:69) ~[junit-jupiter-engine-5.10.1.jar:5.10.1]
	at org.junit.platform.engine.support.hierarchical.NodeTestTask.lambda$prepare$2(NodeTestTask.java:123) ~[junit-platform-engine-1.10.1.jar:1.10.1]
	at org.junit.platform.engine.support.hierarchical.ThrowableCollector.execute(ThrowableCollector.java:73) ~[junit-platform-engine-1.10.1.jar:1.10.1]
	at org.junit.platform.engine.support.hierarchical.NodeTestTask.prepare(NodeTestTask.java:123) ~[junit-platform-engine-1.10.1.jar:1.10.1]
	at org.junit.platform.engine.support.hierarchical.NodeTestTask.execute(NodeTestTask.java:90) ~[junit-platform-engine-1.10.1.jar:1.10.1]
	at java.base/java.util.ArrayList.forEach(ArrayList.java:1511) ~[na:na]
	at org.junit.platform.engine.support.hierarchical.SameThreadHierarchicalTestExecutorService.invokeAll(SameThreadHierarchicalTestExecutorService.java:41) ~[junit-platform-engine-1.10.1.jar:1.10.1]
	at org.junit.platform.engine.support.hierarchical.NodeTestTask.lambda$executeRecursively$6(NodeTestTask.java:155) ~[junit-platform-engine-1.10.1.jar:1.10.1]
	at org.junit.platform.engine.support.hierarchical.ThrowableCollector.execute(ThrowableCollector.java:73) ~[junit-platform-engine-1.10.1.jar:1.10.1]
	at org.junit.platform.engine.support.hierarchical.NodeTestTask.lambda$executeRecursively$8(NodeTestTask.java:141) ~[junit-platform-engine-1.10.1.jar:1.10.1]
	at org.junit.platform.engine.support.hierarchical.Node.around(Node.java:137) ~[junit-platform-engine-1.10.1.jar:1.10.1]
	at org.junit.platform.engine.support.hierarchical.NodeTestTask.lambda$executeRecursively$9(NodeTestTask.java:139) ~[junit-platform-engine-1.10.1.jar:1.10.1]
	at org.junit.platform.engine.support.hierarchical.ThrowableCollector.execute(ThrowableCollector.java:73) ~[junit-platform-engine-1.10.1.jar:1.10.1]
	at org.junit.platform.engine.support.hierarchical.NodeTestTask.executeRecursively(NodeTestTask.java:138) ~[junit-platform-engine-1.10.1.jar:1.10.1]
	at org.junit.platform.engine.support.hierarchical.NodeTestTask.execute(NodeTestTask.java:95) ~[junit-platform-engine-1.10.1.jar:1.10.1]
	at java.base/java.util.ArrayList.forEach(ArrayList.java:1511) ~[na:na]
	at org.junit.platform.engine.support.hierarchical.SameThreadHierarchicalTestExecutorService.invokeAll(SameThreadHierarchicalTestExecutorService.java:41) ~[junit-platform-engine-1.10.1.jar:1.10.1]
	at org.junit.platform.engine.support.hierarchical.NodeTestTask.lambda$executeRecursively$6(NodeTestTask.java:155) ~[junit-platform-engine-1.10.1.jar:1.10.1]
	at org.junit.platform.engine.support.hierarchical.ThrowableCollector.execute(ThrowableCollector.java:73) ~[junit-platform-engine-1.10.1.jar:1.10.1]
	at org.junit.platform.engine.support.hierarchical.NodeTestTask.lambda$executeRecursively$8(NodeTestTask.java:141) ~[junit-platform-engine-1.10.1.jar:1.10.1]
	at org.junit.platform.engine.support.hierarchical.Node.around(Node.java:137) ~[junit-platform-engine-1.10.1.jar:1.10.1]
	at org.junit.platform.engine.support.hierarchical.NodeTestTask.lambda$executeRecursively$9(NodeTestTask.java:139) ~[junit-platform-engine-1.10.1.jar:1.10.1]
	at org.junit.platform.engine.support.hierarchical.ThrowableCollector.execute(ThrowableCollector.java:73) ~[junit-platform-engine-1.10.1.jar:1.10.1]
	at org.junit.platform.engine.support.hierarchical.NodeTestTask.executeRecursively(NodeTestTask.java:138) ~[junit-platform-engine-1.10.1.jar:1.10.1]
	at org.junit.platform.engine.support.hierarchical.NodeTestTask.execute(NodeTestTask.java:95) ~[junit-platform-engine-1.10.1.jar:1.10.1]
	at org.junit.platform.engine.support.hierarchical.SameThreadHierarchicalTestExecutorService.submit(SameThreadHierarchicalTestExecutorService.java:35) ~[junit-platform-engine-1.10.1.jar:1.10.1]
	at org.junit.platform.engine.support.hierarchical.HierarchicalTestExecutor.execute(HierarchicalTestExecutor.java:57) ~[junit-platform-engine-1.10.1.jar:1.10.1]
	at org.junit.platform.engine.support.hierarchical.HierarchicalTestEngine.execute(HierarchicalTestEngine.java:54) ~[junit-platform-engine-1.10.1.jar:1.10.1]
	at org.junit.platform.launcher.core.EngineExecutionOrchestrator.execute(EngineExecutionOrchestrator.java:198) ~[junit-platform-launcher-1.10.1.jar:1.10.1]
	at org.junit.platform.launcher.core.EngineExecutionOrchestrator.execute(EngineExecutionOrchestrator.java:169) ~[junit-platform-launcher-1.10.1.jar:1.10.1]
	at org.junit.platform.launcher.core.EngineExecutionOrchestrator.execute(EngineExecutionOrchestrator.java:93) ~[junit-platform-launcher-1.10.1.jar:1.10.1]
	at org.junit.platform.launcher.core.EngineExecutionOrchestrator.lambda$execute$0(EngineExecutionOrchestrator.java:58) ~[junit-platform-launcher-1.10.1.jar:1.10.1]
	at org.junit.platform.launcher.core.EngineExecutionOrchestrator.withInterceptedStreams(EngineExecutionOrchestrator.java:141) ~[junit-platform-launcher-1.10.1.jar:1.10.1]
	at org.junit.platform.launcher.core.EngineExecutionOrchestrator.execute(EngineExecutionOrchestrator.java:57) ~[junit-platform-launcher-1.10.1.jar:1.10.1]
	at org.junit.platform.launcher.core.DefaultLauncher.execute(DefaultLauncher.java:103) ~[junit-platform-launcher-1.10.1.jar:1.10.1]
	at org.junit.platform.launcher.core.DefaultLauncher.execute(DefaultLauncher.java:85) ~[junit-platform-launcher-1.10.1.jar:1.10.1]
	at org.junit.platform.launcher.core.DelegatingLauncher.execute(DelegatingLauncher.java:47) ~[junit-platform-launcher-1.10.1.jar:1.10.1]
	at org.apache.maven.surefire.junitplatform.LazyLauncher.execute(LazyLauncher.java:56) ~[surefire-junit-platform-3.1.2.jar:3.1.2]
	at org.apache.maven.surefire.junitplatform.JUnitPlatformProvider.execute(JUnitPlatformProvider.java:184) ~[surefire-junit-platform-3.1.2.jar:3.1.2]
	at org.apache.maven.surefire.junitplatform.JUnitPlatformProvider.invokeAllTests(JUnitPlatformProvider.java:148) ~[surefire-junit-platform-3.1.2.jar:3.1.2]
	at org.apache.maven.surefire.junitplatform.JUnitPlatformProvider.invoke(JUnitPlatformProvider.java:122) ~[surefire-junit-platform-3.1.2.jar:3.1.2]
	at org.apache.maven.surefire.booter.ForkedBooter.runSuitesInProcess(ForkedBooter.java:385) ~[surefire-booter-3.1.2.jar:3.1.2]
	at org.apache.maven.surefire.booter.ForkedBooter.execute(ForkedBooter.java:162) ~[surefire-booter-3.1.2.jar:3.1.2]
	at org.apache.maven.surefire.booter.ForkedBooter.run(ForkedBooter.java:507) ~[surefire-booter-3.1.2.jar:3.1.2]
	at org.apache.maven.surefire.booter.ForkedBooter.main(ForkedBooter.java:495) ~[surefire-booter-3.1.2.jar:3.1.2]

2024-04-24T17:02:26.560+05:30 DEBUG 5824 --- [Vehicle Management Module] [           main] o.s.d.jpa.repository.query.NamedQuery    : Did not find named query Vehicles.existsByBelongsToUserId
2024-04-24T17:02:26.561+05:30 DEBUG 5824 --- [Vehicle Management Module] [           main] tor$SharedEntityManagerInvocationHandler : Creating new EntityManager for shared EntityManager invocation
2024-04-24T17:02:26.563+05:30 DEBUG 5824 --- [Vehicle Management Module] [           main] o.s.d.jpa.repository.query.NamedQuery    : Looking up named query Vehicles.findByBelongsToUserId
2024-04-24T17:02:26.563+05:30 DEBUG 5824 --- [Vehicle Management Module] [           main] cResourceLocalTransactionCoordinatorImpl : JDBC transaction marked for rollback-only (exception provided for stack trace)

java.lang.Exception: exception just for purpose of providing stack trace
	at org.hibernate.resource.transaction.backend.jdbc.internal.JdbcResourceLocalTransactionCoordinatorImpl$TransactionDriverControlImpl.markRollbackOnly(JdbcResourceLocalTransactionCoordinatorImpl.java:310) ~[hibernate-core-6.4.1.Final.jar:6.4.1.Final]
	at org.hibernate.internal.AbstractSharedSessionContract.buildNamedQuery(AbstractSharedSessionContract.java:1076) ~[hibernate-core-6.4.1.Final.jar:6.4.1.Final]
	at org.hibernate.internal.AbstractSharedSessionContract.createNamedQuery(AbstractSharedSessionContract.java:954) ~[hibernate-core-6.4.1.Final.jar:6.4.1.Final]
	at org.hibernate.internal.AbstractSharedSessionContract.createNamedQuery(AbstractSharedSessionContract.java:133) ~[hibernate-core-6.4.1.Final.jar:6.4.1.Final]
	at java.base/jdk.internal.reflect.NativeMethodAccessorImpl.invoke0(Native Method) ~[na:na]
	at java.base/jdk.internal.reflect.NativeMethodAccessorImpl.invoke(NativeMethodAccessorImpl.java:77) ~[na:na]
	at java.base/jdk.internal.reflect.DelegatingMethodAccessorImpl.invoke(DelegatingMethodAccessorImpl.java:43) ~[na:na]
	at java.base/java.lang.reflect.Method.invoke(Method.java:568) ~[na:na]
	at org.springframework.orm.jpa.ExtendedEntityManagerCreator$ExtendedEntityManagerInvocationHandler.invoke(ExtendedEntityManagerCreator.java:364) ~[spring-orm-6.1.3.jar:6.1.3]
	at jdk.proxy2/jdk.proxy2.$Proxy161.createNamedQuery(Unknown Source) ~[na:na]
	at org.springframework.data.jpa.repository.query.NamedQuery.hasNamedQuery(NamedQuery.java:113) ~[spring-data-jpa-3.2.2.jar:3.2.2]
	at org.springframework.data.jpa.repository.query.NamedQuery.lookupFrom(NamedQuery.java:141) ~[spring-data-jpa-3.2.2.jar:3.2.2]
	at org.springframework.data.jpa.repository.query.JpaQueryLookupStrategy$DeclaredQueryLookupStrategy.resolveQuery(JpaQueryLookupStrategy.java:180) ~[spring-data-jpa-3.2.2.jar:3.2.2]
	at org.springframework.data.jpa.repository.query.JpaQueryLookupStrategy$CreateIfNotFoundQueryLookupStrategy.resolveQuery(JpaQueryLookupStrategy.java:252) ~[spring-data-jpa-3.2.2.jar:3.2.2]
	at org.springframework.data.jpa.repository.query.JpaQueryLookupStrategy$AbstractQueryLookupStrategy.resolveQuery(JpaQueryLookupStrategy.java:95) ~[spring-data-jpa-3.2.2.jar:3.2.2]
	at org.springframework.data.repository.core.support.QueryExecutorMethodInterceptor.lookupQuery(QueryExecutorMethodInterceptor.java:111) ~[spring-data-commons-3.2.2.jar:3.2.2]
	at org.springframework.data.repository.core.support.QueryExecutorMethodInterceptor.mapMethodsToQuery(QueryExecutorMethodInterceptor.java:99) ~[spring-data-commons-3.2.2.jar:3.2.2]
	at org.springframework.data.repository.core.support.QueryExecutorMethodInterceptor.lambda$new$0(QueryExecutorMethodInterceptor.java:88) ~[spring-data-commons-3.2.2.jar:3.2.2]
	at java.base/java.util.Optional.map(Optional.java:260) ~[na:na]
	at org.springframework.data.repository.core.support.QueryExecutorMethodInterceptor.<init>(QueryExecutorMethodInterceptor.java:88) ~[spring-data-commons-3.2.2.jar:3.2.2]
	at org.springframework.data.repository.core.support.RepositoryFactorySupport.getRepository(RepositoryFactorySupport.java:357) ~[spring-data-commons-3.2.2.jar:3.2.2]
	at org.springframework.data.repository.core.support.RepositoryFactoryBeanSupport.lambda$afterPropertiesSet$5(RepositoryFactoryBeanSupport.java:279) ~[spring-data-commons-3.2.2.jar:3.2.2]
	at org.springframework.data.util.Lazy.getNullable(Lazy.java:135) ~[spring-data-commons-3.2.2.jar:3.2.2]
	at org.springframework.data.util.Lazy.get(Lazy.java:113) ~[spring-data-commons-3.2.2.jar:3.2.2]
	at org.springframework.data.repository.core.support.RepositoryFactoryBeanSupport.afterPropertiesSet(RepositoryFactoryBeanSupport.java:285) ~[spring-data-commons-3.2.2.jar:3.2.2]
	at org.springframework.data.jpa.repository.support.JpaRepositoryFactoryBean.afterPropertiesSet(JpaRepositoryFactoryBean.java:132) ~[spring-data-jpa-3.2.2.jar:3.2.2]
	at org.springframework.beans.factory.support.AbstractAutowireCapableBeanFactory.invokeInitMethods(AbstractAutowireCapableBeanFactory.java:1820) ~[spring-beans-6.1.3.jar:6.1.3]
	at org.springframework.beans.factory.support.AbstractAutowireCapableBeanFactory.initializeBean(AbstractAutowireCapableBeanFactory.java:1769) ~[spring-beans-6.1.3.jar:6.1.3]
	at org.springframework.beans.factory.support.AbstractAutowireCapableBeanFactory.doCreateBean(AbstractAutowireCapableBeanFactory.java:599) ~[spring-beans-6.1.3.jar:6.1.3]
	at org.springframework.beans.factory.support.AbstractAutowireCapableBeanFactory.createBean(AbstractAutowireCapableBeanFactory.java:521) ~[spring-beans-6.1.3.jar:6.1.3]
	at org.springframework.beans.factory.support.AbstractBeanFactory.lambda$doGetBean$0(AbstractBeanFactory.java:325) ~[spring-beans-6.1.3.jar:6.1.3]
	at org.springframework.beans.factory.support.DefaultSingletonBeanRegistry.getSingleton(DefaultSingletonBeanRegistry.java:234) ~[spring-beans-6.1.3.jar:6.1.3]
	at org.springframework.beans.factory.support.AbstractBeanFactory.doGetBean(AbstractBeanFactory.java:323) ~[spring-beans-6.1.3.jar:6.1.3]
	at org.springframework.beans.factory.support.AbstractBeanFactory.getBean(AbstractBeanFactory.java:199) ~[spring-beans-6.1.3.jar:6.1.3]
	at org.springframework.beans.factory.config.DependencyDescriptor.resolveCandidate(DependencyDescriptor.java:254) ~[spring-beans-6.1.3.jar:6.1.3]
	at org.springframework.beans.factory.support.DefaultListableBeanFactory.doResolveDependency(DefaultListableBeanFactory.java:1443) ~[spring-beans-6.1.3.jar:6.1.3]
	at org.springframework.beans.factory.support.DefaultListableBeanFactory.resolveDependency(DefaultListableBeanFactory.java:1353) ~[spring-beans-6.1.3.jar:6.1.3]
	at org.springframework.beans.factory.annotation.AutowiredAnnotationBeanPostProcessor$AutowiredFieldElement.resolveFieldValue(AutowiredAnnotationBeanPostProcessor.java:784) ~[spring-beans-6.1.3.jar:6.1.3]
	at org.springframework.beans.factory.annotation.AutowiredAnnotationBeanPostProcessor$AutowiredFieldElement.inject(AutowiredAnnotationBeanPostProcessor.java:767) ~[spring-beans-6.1.3.jar:6.1.3]
	at org.springframework.beans.factory.annotation.InjectionMetadata.inject(InjectionMetadata.java:145) ~[spring-beans-6.1.3.jar:6.1.3]
	at org.springframework.beans.factory.annotation.AutowiredAnnotationBeanPostProcessor.postProcessProperties(AutowiredAnnotationBeanPostProcessor.java:508) ~[spring-beans-6.1.3.jar:6.1.3]
	at org.springframework.beans.factory.support.AbstractAutowireCapableBeanFactory.populateBean(AbstractAutowireCapableBeanFactory.java:1418) ~[spring-beans-6.1.3.jar:6.1.3]
	at org.springframework.beans.factory.support.AbstractAutowireCapableBeanFactory.doCreateBean(AbstractAutowireCapableBeanFactory.java:598) ~[spring-beans-6.1.3.jar:6.1.3]
	at org.springframework.beans.factory.support.AbstractAutowireCapableBeanFactory.createBean(AbstractAutowireCapableBeanFactory.java:521) ~[spring-beans-6.1.3.jar:6.1.3]
	at org.springframework.beans.factory.support.AbstractBeanFactory.lambda$doGetBean$0(AbstractBeanFactory.java:325) ~[spring-beans-6.1.3.jar:6.1.3]
	at org.springframework.beans.factory.support.DefaultSingletonBeanRegistry.getSingleton(DefaultSingletonBeanRegistry.java:234) ~[spring-beans-6.1.3.jar:6.1.3]
	at org.springframework.beans.factory.support.AbstractBeanFactory.doGetBean(AbstractBeanFactory.java:323) ~[spring-beans-6.1.3.jar:6.1.3]
	at org.springframework.beans.factory.support.AbstractBeanFactory.getBean(AbstractBeanFactory.java:199) ~[spring-beans-6.1.3.jar:6.1.3]
	at org.springframework.beans.factory.config.DependencyDescriptor.resolveCandidate(DependencyDescriptor.java:254) ~[spring-beans-6.1.3.jar:6.1.3]
	at org.springframework.beans.factory.support.DefaultListableBeanFactory.doResolveDependency(DefaultListableBeanFactory.java:1443) ~[spring-beans-6.1.3.jar:6.1.3]
	at org.springframework.beans.factory.support.DefaultListableBeanFactory.resolveDependency(DefaultListableBeanFactory.java:1353) ~[spring-beans-6.1.3.jar:6.1.3]
	at org.springframework.beans.factory.annotation.AutowiredAnnotationBeanPostProcessor$AutowiredFieldElement.resolveFieldValue(AutowiredAnnotationBeanPostProcessor.java:784) ~[spring-beans-6.1.3.jar:6.1.3]
	at org.springframework.beans.factory.annotation.AutowiredAnnotationBeanPostProcessor$AutowiredFieldElement.inject(AutowiredAnnotationBeanPostProcessor.java:767) ~[spring-beans-6.1.3.jar:6.1.3]
	at org.springframework.beans.factory.annotation.InjectionMetadata.inject(InjectionMetadata.java:145) ~[spring-beans-6.1.3.jar:6.1.3]
	at org.springframework.beans.factory.annotation.AutowiredAnnotationBeanPostProcessor.postProcessProperties(AutowiredAnnotationBeanPostProcessor.java:508) ~[spring-beans-6.1.3.jar:6.1.3]
	at org.springframework.beans.factory.support.AbstractAutowireCapableBeanFactory.populateBean(AbstractAutowireCapableBeanFactory.java:1418) ~[spring-beans-6.1.3.jar:6.1.3]
	at org.springframework.beans.factory.support.AbstractAutowireCapableBeanFactory.doCreateBean(AbstractAutowireCapableBeanFactory.java:598) ~[spring-beans-6.1.3.jar:6.1.3]
	at org.springframework.beans.factory.support.AbstractAutowireCapableBeanFactory.createBean(AbstractAutowireCapableBeanFactory.java:521) ~[spring-beans-6.1.3.jar:6.1.3]
	at org.springframework.beans.factory.support.AbstractBeanFactory.lambda$doGetBean$0(AbstractBeanFactory.java:325) ~[spring-beans-6.1.3.jar:6.1.3]
	at org.springframework.beans.factory.support.DefaultSingletonBeanRegistry.getSingleton(DefaultSingletonBeanRegistry.java:234) ~[spring-beans-6.1.3.jar:6.1.3]
	at org.springframework.beans.factory.support.AbstractBeanFactory.doGetBean(AbstractBeanFactory.java:323) ~[spring-beans-6.1.3.jar:6.1.3]
	at org.springframework.beans.factory.support.AbstractBeanFactory.getBean(AbstractBeanFactory.java:199) ~[spring-beans-6.1.3.jar:6.1.3]
	at org.springframework.beans.factory.support.DefaultListableBeanFactory.preInstantiateSingletons(DefaultListableBeanFactory.java:975) ~[spring-beans-6.1.3.jar:6.1.3]
	at org.springframework.context.support.AbstractApplicationContext.finishBeanFactoryInitialization(AbstractApplicationContext.java:959) ~[spring-context-6.1.3.jar:6.1.3]
	at org.springframework.context.support.AbstractApplicationContext.refresh(AbstractApplicationContext.java:624) ~[spring-context-6.1.3.jar:6.1.3]
	at org.springframework.boot.SpringApplication.refresh(SpringApplication.java:754) ~[spring-boot-3.2.2.jar:3.2.2]
	at org.springframework.boot.SpringApplication.refreshContext(SpringApplication.java:456) ~[spring-boot-3.2.2.jar:3.2.2]
	at org.springframework.boot.SpringApplication.run(SpringApplication.java:334) ~[spring-boot-3.2.2.jar:3.2.2]
	at org.springframework.boot.test.context.SpringBootContextLoader.lambda$loadContext$3(SpringBootContextLoader.java:137) ~[spring-boot-test-3.2.2.jar:3.2.2]
	at org.springframework.util.function.ThrowingSupplier.get(ThrowingSupplier.java:58) ~[spring-core-6.1.3.jar:6.1.3]
	at org.springframework.util.function.ThrowingSupplier.get(ThrowingSupplier.java:46) ~[spring-core-6.1.3.jar:6.1.3]
	at org.springframework.boot.SpringApplication.withHook(SpringApplication.java:1454) ~[spring-boot-3.2.2.jar:3.2.2]
	at org.springframework.boot.test.context.SpringBootContextLoader$ContextLoaderHook.run(SpringBootContextLoader.java:552) ~[spring-boot-test-3.2.2.jar:3.2.2]
	at org.springframework.boot.test.context.SpringBootContextLoader.loadContext(SpringBootContextLoader.java:137) ~[spring-boot-test-3.2.2.jar:3.2.2]
	at org.springframework.boot.test.context.SpringBootContextLoader.loadContext(SpringBootContextLoader.java:108) ~[spring-boot-test-3.2.2.jar:3.2.2]
	at org.springframework.test.context.cache.DefaultCacheAwareContextLoaderDelegate.loadContextInternal(DefaultCacheAwareContextLoaderDelegate.java:225) ~[spring-test-6.1.3.jar:6.1.3]
	at org.springframework.test.context.cache.DefaultCacheAwareContextLoaderDelegate.loadContext(DefaultCacheAwareContextLoaderDelegate.java:152) ~[spring-test-6.1.3.jar:6.1.3]
	at org.springframework.test.context.support.DefaultTestContext.getApplicationContext(DefaultTestContext.java:130) ~[spring-test-6.1.3.jar:6.1.3]
	at org.springframework.test.context.support.DependencyInjectionTestExecutionListener.injectDependencies(DependencyInjectionTestExecutionListener.java:142) ~[spring-test-6.1.3.jar:6.1.3]
	at org.springframework.test.context.support.DependencyInjectionTestExecutionListener.prepareTestInstance(DependencyInjectionTestExecutionListener.java:98) ~[spring-test-6.1.3.jar:6.1.3]
	at org.springframework.test.context.TestContextManager.prepareTestInstance(TestContextManager.java:260) ~[spring-test-6.1.3.jar:6.1.3]
	at org.springframework.test.context.junit.jupiter.SpringExtension.postProcessTestInstance(SpringExtension.java:163) ~[spring-test-6.1.3.jar:6.1.3]
	at org.junit.jupiter.engine.descriptor.ClassBasedTestDescriptor.lambda$invokeTestInstancePostProcessors$10(ClassBasedTestDescriptor.java:378) ~[junit-jupiter-engine-5.10.1.jar:5.10.1]
	at org.junit.jupiter.engine.descriptor.ClassBasedTestDescriptor.executeAndMaskThrowable(ClassBasedTestDescriptor.java:383) ~[junit-jupiter-engine-5.10.1.jar:5.10.1]
	at org.junit.jupiter.engine.descriptor.ClassBasedTestDescriptor.lambda$invokeTestInstancePostProcessors$11(ClassBasedTestDescriptor.java:378) ~[junit-jupiter-engine-5.10.1.jar:5.10.1]
	at java.base/java.util.stream.ReferencePipeline$3$1.accept(ReferencePipeline.java:197) ~[na:na]
	at java.base/java.util.stream.ReferencePipeline$2$1.accept(ReferencePipeline.java:179) ~[na:na]
	at java.base/java.util.ArrayList$ArrayListSpliterator.forEachRemaining(ArrayList.java:1625) ~[na:na]
	at java.base/java.util.stream.AbstractPipeline.copyInto(AbstractPipeline.java:509) ~[na:na]
	at java.base/java.util.stream.AbstractPipeline.wrapAndCopyInto(AbstractPipeline.java:499) ~[na:na]
	at java.base/java.util.stream.StreamSpliterators$WrappingSpliterator.forEachRemaining(StreamSpliterators.java:310) ~[na:na]
	at java.base/java.util.stream.Streams$ConcatSpliterator.forEachRemaining(Streams.java:735) ~[na:na]
	at java.base/java.util.stream.Streams$ConcatSpliterator.forEachRemaining(Streams.java:734) ~[na:na]
	at java.base/java.util.stream.ReferencePipeline$Head.forEach(ReferencePipeline.java:762) ~[na:na]
	at org.junit.jupiter.engine.descriptor.ClassBasedTestDescriptor.invokeTestInstancePostProcessors(ClassBasedTestDescriptor.java:377) ~[junit-jupiter-engine-5.10.1.jar:5.10.1]
	at org.junit.jupiter.engine.descriptor.ClassBasedTestDescriptor.lambda$instantiateAndPostProcessTestInstance$6(ClassBasedTestDescriptor.java:290) ~[junit-jupiter-engine-5.10.1.jar:5.10.1]
	at org.junit.platform.engine.support.hierarchical.ThrowableCollector.execute(ThrowableCollector.java:73) ~[junit-platform-engine-1.10.1.jar:1.10.1]
	at org.junit.jupiter.engine.descriptor.ClassBasedTestDescriptor.instantiateAndPostProcessTestInstance(ClassBasedTestDescriptor.java:289) ~[junit-jupiter-engine-5.10.1.jar:5.10.1]
	at org.junit.jupiter.engine.descriptor.ClassBasedTestDescriptor.lambda$testInstancesProvider$4(ClassBasedTestDescriptor.java:279) ~[junit-jupiter-engine-5.10.1.jar:5.10.1]
	at java.base/java.util.Optional.orElseGet(Optional.java:364) ~[na:na]
	at org.junit.jupiter.engine.descriptor.ClassBasedTestDescriptor.lambda$testInstancesProvider$5(ClassBasedTestDescriptor.java:278) ~[junit-jupiter-engine-5.10.1.jar:5.10.1]
	at org.junit.jupiter.engine.execution.TestInstancesProvider.getTestInstances(TestInstancesProvider.java:31) ~[junit-jupiter-engine-5.10.1.jar:5.10.1]
	at org.junit.jupiter.engine.descriptor.TestMethodTestDescriptor.lambda$prepare$0(TestMethodTestDescriptor.java:106) ~[junit-jupiter-engine-5.10.1.jar:5.10.1]
	at org.junit.platform.engine.support.hierarchical.ThrowableCollector.execute(ThrowableCollector.java:73) ~[junit-platform-engine-1.10.1.jar:1.10.1]
	at org.junit.jupiter.engine.descriptor.TestMethodTestDescriptor.prepare(TestMethodTestDescriptor.java:105) ~[junit-jupiter-engine-5.10.1.jar:5.10.1]
	at org.junit.jupiter.engine.descriptor.TestMethodTestDescriptor.prepare(TestMethodTestDescriptor.java:69) ~[junit-jupiter-engine-5.10.1.jar:5.10.1]
	at org.junit.platform.engine.support.hierarchical.NodeTestTask.lambda$prepare$2(NodeTestTask.java:123) ~[junit-platform-engine-1.10.1.jar:1.10.1]
	at org.junit.platform.engine.support.hierarchical.ThrowableCollector.execute(ThrowableCollector.java:73) ~[junit-platform-engine-1.10.1.jar:1.10.1]
	at org.junit.platform.engine.support.hierarchical.NodeTestTask.prepare(NodeTestTask.java:123) ~[junit-platform-engine-1.10.1.jar:1.10.1]
	at org.junit.platform.engine.support.hierarchical.NodeTestTask.execute(NodeTestTask.java:90) ~[junit-platform-engine-1.10.1.jar:1.10.1]
	at java.base/java.util.ArrayList.forEach(ArrayList.java:1511) ~[na:na]
	at org.junit.platform.engine.support.hierarchical.SameThreadHierarchicalTestExecutorService.invokeAll(SameThreadHierarchicalTestExecutorService.java:41) ~[junit-platform-engine-1.10.1.jar:1.10.1]
	at org.junit.platform.engine.support.hierarchical.NodeTestTask.lambda$executeRecursively$6(NodeTestTask.java:155) ~[junit-platform-engine-1.10.1.jar:1.10.1]
	at org.junit.platform.engine.support.hierarchical.ThrowableCollector.execute(ThrowableCollector.java:73) ~[junit-platform-engine-1.10.1.jar:1.10.1]
	at org.junit.platform.engine.support.hierarchical.NodeTestTask.lambda$executeRecursively$8(NodeTestTask.java:141) ~[junit-platform-engine-1.10.1.jar:1.10.1]
	at org.junit.platform.engine.support.hierarchical.Node.around(Node.java:137) ~[junit-platform-engine-1.10.1.jar:1.10.1]
	at org.junit.platform.engine.support.hierarchical.NodeTestTask.lambda$executeRecursively$9(NodeTestTask.java:139) ~[junit-platform-engine-1.10.1.jar:1.10.1]
	at org.junit.platform.engine.support.hierarchical.ThrowableCollector.execute(ThrowableCollector.java:73) ~[junit-platform-engine-1.10.1.jar:1.10.1]
	at org.junit.platform.engine.support.hierarchical.NodeTestTask.executeRecursively(NodeTestTask.java:138) ~[junit-platform-engine-1.10.1.jar:1.10.1]
	at org.junit.platform.engine.support.hierarchical.NodeTestTask.execute(NodeTestTask.java:95) ~[junit-platform-engine-1.10.1.jar:1.10.1]
	at java.base/java.util.ArrayList.forEach(ArrayList.java:1511) ~[na:na]
	at org.junit.platform.engine.support.hierarchical.SameThreadHierarchicalTestExecutorService.invokeAll(SameThreadHierarchicalTestExecutorService.java:41) ~[junit-platform-engine-1.10.1.jar:1.10.1]
	at org.junit.platform.engine.support.hierarchical.NodeTestTask.lambda$executeRecursively$6(NodeTestTask.java:155) ~[junit-platform-engine-1.10.1.jar:1.10.1]
	at org.junit.platform.engine.support.hierarchical.ThrowableCollector.execute(ThrowableCollector.java:73) ~[junit-platform-engine-1.10.1.jar:1.10.1]
	at org.junit.platform.engine.support.hierarchical.NodeTestTask.lambda$executeRecursively$8(NodeTestTask.java:141) ~[junit-platform-engine-1.10.1.jar:1.10.1]
	at org.junit.platform.engine.support.hierarchical.Node.around(Node.java:137) ~[junit-platform-engine-1.10.1.jar:1.10.1]
	at org.junit.platform.engine.support.hierarchical.NodeTestTask.lambda$executeRecursively$9(NodeTestTask.java:139) ~[junit-platform-engine-1.10.1.jar:1.10.1]
	at org.junit.platform.engine.support.hierarchical.ThrowableCollector.execute(ThrowableCollector.java:73) ~[junit-platform-engine-1.10.1.jar:1.10.1]
	at org.junit.platform.engine.support.hierarchical.NodeTestTask.executeRecursively(NodeTestTask.java:138) ~[junit-platform-engine-1.10.1.jar:1.10.1]
	at org.junit.platform.engine.support.hierarchical.NodeTestTask.execute(NodeTestTask.java:95) ~[junit-platform-engine-1.10.1.jar:1.10.1]
	at org.junit.platform.engine.support.hierarchical.SameThreadHierarchicalTestExecutorService.submit(SameThreadHierarchicalTestExecutorService.java:35) ~[junit-platform-engine-1.10.1.jar:1.10.1]
	at org.junit.platform.engine.support.hierarchical.HierarchicalTestExecutor.execute(HierarchicalTestExecutor.java:57) ~[junit-platform-engine-1.10.1.jar:1.10.1]
	at org.junit.platform.engine.support.hierarchical.HierarchicalTestEngine.execute(HierarchicalTestEngine.java:54) ~[junit-platform-engine-1.10.1.jar:1.10.1]
	at org.junit.platform.launcher.core.EngineExecutionOrchestrator.execute(EngineExecutionOrchestrator.java:198) ~[junit-platform-launcher-1.10.1.jar:1.10.1]
	at org.junit.platform.launcher.core.EngineExecutionOrchestrator.execute(EngineExecutionOrchestrator.java:169) ~[junit-platform-launcher-1.10.1.jar:1.10.1]
	at org.junit.platform.launcher.core.EngineExecutionOrchestrator.execute(EngineExecutionOrchestrator.java:93) ~[junit-platform-launcher-1.10.1.jar:1.10.1]
	at org.junit.platform.launcher.core.EngineExecutionOrchestrator.lambda$execute$0(EngineExecutionOrchestrator.java:58) ~[junit-platform-launcher-1.10.1.jar:1.10.1]
	at org.junit.platform.launcher.core.EngineExecutionOrchestrator.withInterceptedStreams(EngineExecutionOrchestrator.java:141) ~[junit-platform-launcher-1.10.1.jar:1.10.1]
	at org.junit.platform.launcher.core.EngineExecutionOrchestrator.execute(EngineExecutionOrchestrator.java:57) ~[junit-platform-launcher-1.10.1.jar:1.10.1]
	at org.junit.platform.launcher.core.DefaultLauncher.execute(DefaultLauncher.java:103) ~[junit-platform-launcher-1.10.1.jar:1.10.1]
	at org.junit.platform.launcher.core.DefaultLauncher.execute(DefaultLauncher.java:85) ~[junit-platform-launcher-1.10.1.jar:1.10.1]
	at org.junit.platform.launcher.core.DelegatingLauncher.execute(DelegatingLauncher.java:47) ~[junit-platform-launcher-1.10.1.jar:1.10.1]
	at org.apache.maven.surefire.junitplatform.LazyLauncher.execute(LazyLauncher.java:56) ~[surefire-junit-platform-3.1.2.jar:3.1.2]
	at org.apache.maven.surefire.junitplatform.JUnitPlatformProvider.execute(JUnitPlatformProvider.java:184) ~[surefire-junit-platform-3.1.2.jar:3.1.2]
	at org.apache.maven.surefire.junitplatform.JUnitPlatformProvider.invokeAllTests(JUnitPlatformProvider.java:148) ~[surefire-junit-platform-3.1.2.jar:3.1.2]
	at org.apache.maven.surefire.junitplatform.JUnitPlatformProvider.invoke(JUnitPlatformProvider.java:122) ~[surefire-junit-platform-3.1.2.jar:3.1.2]
	at org.apache.maven.surefire.booter.ForkedBooter.runSuitesInProcess(ForkedBooter.java:385) ~[surefire-booter-3.1.2.jar:3.1.2]
	at org.apache.maven.surefire.booter.ForkedBooter.execute(ForkedBooter.java:162) ~[surefire-booter-3.1.2.jar:3.1.2]
	at org.apache.maven.surefire.booter.ForkedBooter.run(ForkedBooter.java:507) ~[surefire-booter-3.1.2.jar:3.1.2]
	at org.apache.maven.surefire.booter.ForkedBooter.main(ForkedBooter.java:495) ~[surefire-booter-3.1.2.jar:3.1.2]

2024-04-24T17:02:26.565+05:30 DEBUG 5824 --- [Vehicle Management Module] [           main] o.s.d.jpa.repository.query.NamedQuery    : Did not find named query Vehicles.findByBelongsToUserId
2024-04-24T17:02:26.566+05:30 DEBUG 5824 --- [Vehicle Management Module] [           main] tor$SharedEntityManagerInvocationHandler : Creating new EntityManager for shared EntityManager invocation
2024-04-24T17:02:26.569+05:30 DEBUG 5824 --- [Vehicle Management Module] [           main] o.s.d.jpa.repository.query.NamedQuery    : Looking up named query Vehicles.deleteByRegistrationNoAndBelongsToUserId
2024-04-24T17:02:26.570+05:30 DEBUG 5824 --- [Vehicle Management Module] [           main] cResourceLocalTransactionCoordinatorImpl : JDBC transaction marked for rollback-only (exception provided for stack trace)

java.lang.Exception: exception just for purpose of providing stack trace
	at org.hibernate.resource.transaction.backend.jdbc.internal.JdbcResourceLocalTransactionCoordinatorImpl$TransactionDriverControlImpl.markRollbackOnly(JdbcResourceLocalTransactionCoordinatorImpl.java:310) ~[hibernate-core-6.4.1.Final.jar:6.4.1.Final]
	at org.hibernate.internal.AbstractSharedSessionContract.buildNamedQuery(AbstractSharedSessionContract.java:1076) ~[hibernate-core-6.4.1.Final.jar:6.4.1.Final]
	at org.hibernate.internal.AbstractSharedSessionContract.createNamedQuery(AbstractSharedSessionContract.java:954) ~[hibernate-core-6.4.1.Final.jar:6.4.1.Final]
	at org.hibernate.internal.AbstractSharedSessionContract.createNamedQuery(AbstractSharedSessionContract.java:133) ~[hibernate-core-6.4.1.Final.jar:6.4.1.Final]
	at java.base/jdk.internal.reflect.NativeMethodAccessorImpl.invoke0(Native Method) ~[na:na]
	at java.base/jdk.internal.reflect.NativeMethodAccessorImpl.invoke(NativeMethodAccessorImpl.java:77) ~[na:na]
	at java.base/jdk.internal.reflect.DelegatingMethodAccessorImpl.invoke(DelegatingMethodAccessorImpl.java:43) ~[na:na]
	at java.base/java.lang.reflect.Method.invoke(Method.java:568) ~[na:na]
	at org.springframework.orm.jpa.ExtendedEntityManagerCreator$ExtendedEntityManagerInvocationHandler.invoke(ExtendedEntityManagerCreator.java:364) ~[spring-orm-6.1.3.jar:6.1.3]
	at jdk.proxy2/jdk.proxy2.$Proxy161.createNamedQuery(Unknown Source) ~[na:na]
	at org.springframework.data.jpa.repository.query.NamedQuery.hasNamedQuery(NamedQuery.java:113) ~[spring-data-jpa-3.2.2.jar:3.2.2]
	at org.springframework.data.jpa.repository.query.NamedQuery.lookupFrom(NamedQuery.java:141) ~[spring-data-jpa-3.2.2.jar:3.2.2]
	at org.springframework.data.jpa.repository.query.JpaQueryLookupStrategy$DeclaredQueryLookupStrategy.resolveQuery(JpaQueryLookupStrategy.java:180) ~[spring-data-jpa-3.2.2.jar:3.2.2]
	at org.springframework.data.jpa.repository.query.JpaQueryLookupStrategy$CreateIfNotFoundQueryLookupStrategy.resolveQuery(JpaQueryLookupStrategy.java:252) ~[spring-data-jpa-3.2.2.jar:3.2.2]
	at org.springframework.data.jpa.repository.query.JpaQueryLookupStrategy$AbstractQueryLookupStrategy.resolveQuery(JpaQueryLookupStrategy.java:95) ~[spring-data-jpa-3.2.2.jar:3.2.2]
	at org.springframework.data.repository.core.support.QueryExecutorMethodInterceptor.lookupQuery(QueryExecutorMethodInterceptor.java:111) ~[spring-data-commons-3.2.2.jar:3.2.2]
	at org.springframework.data.repository.core.support.QueryExecutorMethodInterceptor.mapMethodsToQuery(QueryExecutorMethodInterceptor.java:99) ~[spring-data-commons-3.2.2.jar:3.2.2]
	at org.springframework.data.repository.core.support.QueryExecutorMethodInterceptor.lambda$new$0(QueryExecutorMethodInterceptor.java:88) ~[spring-data-commons-3.2.2.jar:3.2.2]
	at java.base/java.util.Optional.map(Optional.java:260) ~[na:na]
	at org.springframework.data.repository.core.support.QueryExecutorMethodInterceptor.<init>(QueryExecutorMethodInterceptor.java:88) ~[spring-data-commons-3.2.2.jar:3.2.2]
	at org.springframework.data.repository.core.support.RepositoryFactorySupport.getRepository(RepositoryFactorySupport.java:357) ~[spring-data-commons-3.2.2.jar:3.2.2]
	at org.springframework.data.repository.core.support.RepositoryFactoryBeanSupport.lambda$afterPropertiesSet$5(RepositoryFactoryBeanSupport.java:279) ~[spring-data-commons-3.2.2.jar:3.2.2]
	at org.springframework.data.util.Lazy.getNullable(Lazy.java:135) ~[spring-data-commons-3.2.2.jar:3.2.2]
	at org.springframework.data.util.Lazy.get(Lazy.java:113) ~[spring-data-commons-3.2.2.jar:3.2.2]
	at org.springframework.data.repository.core.support.RepositoryFactoryBeanSupport.afterPropertiesSet(RepositoryFactoryBeanSupport.java:285) ~[spring-data-commons-3.2.2.jar:3.2.2]
	at org.springframework.data.jpa.repository.support.JpaRepositoryFactoryBean.afterPropertiesSet(JpaRepositoryFactoryBean.java:132) ~[spring-data-jpa-3.2.2.jar:3.2.2]
	at org.springframework.beans.factory.support.AbstractAutowireCapableBeanFactory.invokeInitMethods(AbstractAutowireCapableBeanFactory.java:1820) ~[spring-beans-6.1.3.jar:6.1.3]
	at org.springframework.beans.factory.support.AbstractAutowireCapableBeanFactory.initializeBean(AbstractAutowireCapableBeanFactory.java:1769) ~[spring-beans-6.1.3.jar:6.1.3]
	at org.springframework.beans.factory.support.AbstractAutowireCapableBeanFactory.doCreateBean(AbstractAutowireCapableBeanFactory.java:599) ~[spring-beans-6.1.3.jar:6.1.3]
	at org.springframework.beans.factory.support.AbstractAutowireCapableBeanFactory.createBean(AbstractAutowireCapableBeanFactory.java:521) ~[spring-beans-6.1.3.jar:6.1.3]
	at org.springframework.beans.factory.support.AbstractBeanFactory.lambda$doGetBean$0(AbstractBeanFactory.java:325) ~[spring-beans-6.1.3.jar:6.1.3]
	at org.springframework.beans.factory.support.DefaultSingletonBeanRegistry.getSingleton(DefaultSingletonBeanRegistry.java:234) ~[spring-beans-6.1.3.jar:6.1.3]
	at org.springframework.beans.factory.support.AbstractBeanFactory.doGetBean(AbstractBeanFactory.java:323) ~[spring-beans-6.1.3.jar:6.1.3]
	at org.springframework.beans.factory.support.AbstractBeanFactory.getBean(AbstractBeanFactory.java:199) ~[spring-beans-6.1.3.jar:6.1.3]
	at org.springframework.beans.factory.config.DependencyDescriptor.resolveCandidate(DependencyDescriptor.java:254) ~[spring-beans-6.1.3.jar:6.1.3]
	at org.springframework.beans.factory.support.DefaultListableBeanFactory.doResolveDependency(DefaultListableBeanFactory.java:1443) ~[spring-beans-6.1.3.jar:6.1.3]
	at org.springframework.beans.factory.support.DefaultListableBeanFactory.resolveDependency(DefaultListableBeanFactory.java:1353) ~[spring-beans-6.1.3.jar:6.1.3]
	at org.springframework.beans.factory.annotation.AutowiredAnnotationBeanPostProcessor$AutowiredFieldElement.resolveFieldValue(AutowiredAnnotationBeanPostProcessor.java:784) ~[spring-beans-6.1.3.jar:6.1.3]
	at org.springframework.beans.factory.annotation.AutowiredAnnotationBeanPostProcessor$AutowiredFieldElement.inject(AutowiredAnnotationBeanPostProcessor.java:767) ~[spring-beans-6.1.3.jar:6.1.3]
	at org.springframework.beans.factory.annotation.InjectionMetadata.inject(InjectionMetadata.java:145) ~[spring-beans-6.1.3.jar:6.1.3]
	at org.springframework.beans.factory.annotation.AutowiredAnnotationBeanPostProcessor.postProcessProperties(AutowiredAnnotationBeanPostProcessor.java:508) ~[spring-beans-6.1.3.jar:6.1.3]
	at org.springframework.beans.factory.support.AbstractAutowireCapableBeanFactory.populateBean(AbstractAutowireCapableBeanFactory.java:1418) ~[spring-beans-6.1.3.jar:6.1.3]
	at org.springframework.beans.factory.support.AbstractAutowireCapableBeanFactory.doCreateBean(AbstractAutowireCapableBeanFactory.java:598) ~[spring-beans-6.1.3.jar:6.1.3]
	at org.springframework.beans.factory.support.AbstractAutowireCapableBeanFactory.createBean(AbstractAutowireCapableBeanFactory.java:521) ~[spring-beans-6.1.3.jar:6.1.3]
	at org.springframework.beans.factory.support.AbstractBeanFactory.lambda$doGetBean$0(AbstractBeanFactory.java:325) ~[spring-beans-6.1.3.jar:6.1.3]
	at org.springframework.beans.factory.support.DefaultSingletonBeanRegistry.getSingleton(DefaultSingletonBeanRegistry.java:234) ~[spring-beans-6.1.3.jar:6.1.3]
	at org.springframework.beans.factory.support.AbstractBeanFactory.doGetBean(AbstractBeanFactory.java:323) ~[spring-beans-6.1.3.jar:6.1.3]
	at org.springframework.beans.factory.support.AbstractBeanFactory.getBean(AbstractBeanFactory.java:199) ~[spring-beans-6.1.3.jar:6.1.3]
	at org.springframework.beans.factory.config.DependencyDescriptor.resolveCandidate(DependencyDescriptor.java:254) ~[spring-beans-6.1.3.jar:6.1.3]
	at org.springframework.beans.factory.support.DefaultListableBeanFactory.doResolveDependency(DefaultListableBeanFactory.java:1443) ~[spring-beans-6.1.3.jar:6.1.3]
	at org.springframework.beans.factory.support.DefaultListableBeanFactory.resolveDependency(DefaultListableBeanFactory.java:1353) ~[spring-beans-6.1.3.jar:6.1.3]
	at org.springframework.beans.factory.annotation.AutowiredAnnotationBeanPostProcessor$AutowiredFieldElement.resolveFieldValue(AutowiredAnnotationBeanPostProcessor.java:784) ~[spring-beans-6.1.3.jar:6.1.3]
	at org.springframework.beans.factory.annotation.AutowiredAnnotationBeanPostProcessor$AutowiredFieldElement.inject(AutowiredAnnotationBeanPostProcessor.java:767) ~[spring-beans-6.1.3.jar:6.1.3]
	at org.springframework.beans.factory.annotation.InjectionMetadata.inject(InjectionMetadata.java:145) ~[spring-beans-6.1.3.jar:6.1.3]
	at org.springframework.beans.factory.annotation.AutowiredAnnotationBeanPostProcessor.postProcessProperties(AutowiredAnnotationBeanPostProcessor.java:508) ~[spring-beans-6.1.3.jar:6.1.3]
	at org.springframework.beans.factory.support.AbstractAutowireCapableBeanFactory.populateBean(AbstractAutowireCapableBeanFactory.java:1418) ~[spring-beans-6.1.3.jar:6.1.3]
	at org.springframework.beans.factory.support.AbstractAutowireCapableBeanFactory.doCreateBean(AbstractAutowireCapableBeanFactory.java:598) ~[spring-beans-6.1.3.jar:6.1.3]
	at org.springframework.beans.factory.support.AbstractAutowireCapableBeanFactory.createBean(AbstractAutowireCapableBeanFactory.java:521) ~[spring-beans-6.1.3.jar:6.1.3]
	at org.springframework.beans.factory.support.AbstractBeanFactory.lambda$doGetBean$0(AbstractBeanFactory.java:325) ~[spring-beans-6.1.3.jar:6.1.3]
	at org.springframework.beans.factory.support.DefaultSingletonBeanRegistry.getSingleton(DefaultSingletonBeanRegistry.java:234) ~[spring-beans-6.1.3.jar:6.1.3]
	at org.springframework.beans.factory.support.AbstractBeanFactory.doGetBean(AbstractBeanFactory.java:323) ~[spring-beans-6.1.3.jar:6.1.3]
	at org.springframework.beans.factory.support.AbstractBeanFactory.getBean(AbstractBeanFactory.java:199) ~[spring-beans-6.1.3.jar:6.1.3]
	at org.springframework.beans.factory.support.DefaultListableBeanFactory.preInstantiateSingletons(DefaultListableBeanFactory.java:975) ~[spring-beans-6.1.3.jar:6.1.3]
	at org.springframework.context.support.AbstractApplicationContext.finishBeanFactoryInitialization(AbstractApplicationContext.java:959) ~[spring-context-6.1.3.jar:6.1.3]
	at org.springframework.context.support.AbstractApplicationContext.refresh(AbstractApplicationContext.java:624) ~[spring-context-6.1.3.jar:6.1.3]
	at org.springframework.boot.SpringApplication.refresh(SpringApplication.java:754) ~[spring-boot-3.2.2.jar:3.2.2]
	at org.springframework.boot.SpringApplication.refreshContext(SpringApplication.java:456) ~[spring-boot-3.2.2.jar:3.2.2]
	at org.springframework.boot.SpringApplication.run(SpringApplication.java:334) ~[spring-boot-3.2.2.jar:3.2.2]
	at org.springframework.boot.test.context.SpringBootContextLoader.lambda$loadContext$3(SpringBootContextLoader.java:137) ~[spring-boot-test-3.2.2.jar:3.2.2]
	at org.springframework.util.function.ThrowingSupplier.get(ThrowingSupplier.java:58) ~[spring-core-6.1.3.jar:6.1.3]
	at org.springframework.util.function.ThrowingSupplier.get(ThrowingSupplier.java:46) ~[spring-core-6.1.3.jar:6.1.3]
	at org.springframework.boot.SpringApplication.withHook(SpringApplication.java:1454) ~[spring-boot-3.2.2.jar:3.2.2]
	at org.springframework.boot.test.context.SpringBootContextLoader$ContextLoaderHook.run(SpringBootContextLoader.java:552) ~[spring-boot-test-3.2.2.jar:3.2.2]
	at org.springframework.boot.test.context.SpringBootContextLoader.loadContext(SpringBootContextLoader.java:137) ~[spring-boot-test-3.2.2.jar:3.2.2]
	at org.springframework.boot.test.context.SpringBootContextLoader.loadContext(SpringBootContextLoader.java:108) ~[spring-boot-test-3.2.2.jar:3.2.2]
	at org.springframework.test.context.cache.DefaultCacheAwareContextLoaderDelegate.loadContextInternal(DefaultCacheAwareContextLoaderDelegate.java:225) ~[spring-test-6.1.3.jar:6.1.3]
	at org.springframework.test.context.cache.DefaultCacheAwareContextLoaderDelegate.loadContext(DefaultCacheAwareContextLoaderDelegate.java:152) ~[spring-test-6.1.3.jar:6.1.3]
	at org.springframework.test.context.support.DefaultTestContext.getApplicationContext(DefaultTestContext.java:130) ~[spring-test-6.1.3.jar:6.1.3]
	at org.springframework.test.context.support.DependencyInjectionTestExecutionListener.injectDependencies(DependencyInjectionTestExecutionListener.java:142) ~[spring-test-6.1.3.jar:6.1.3]
	at org.springframework.test.context.support.DependencyInjectionTestExecutionListener.prepareTestInstance(DependencyInjectionTestExecutionListener.java:98) ~[spring-test-6.1.3.jar:6.1.3]
	at org.springframework.test.context.TestContextManager.prepareTestInstance(TestContextManager.java:260) ~[spring-test-6.1.3.jar:6.1.3]
	at org.springframework.test.context.junit.jupiter.SpringExtension.postProcessTestInstance(SpringExtension.java:163) ~[spring-test-6.1.3.jar:6.1.3]
	at org.junit.jupiter.engine.descriptor.ClassBasedTestDescriptor.lambda$invokeTestInstancePostProcessors$10(ClassBasedTestDescriptor.java:378) ~[junit-jupiter-engine-5.10.1.jar:5.10.1]
	at org.junit.jupiter.engine.descriptor.ClassBasedTestDescriptor.executeAndMaskThrowable(ClassBasedTestDescriptor.java:383) ~[junit-jupiter-engine-5.10.1.jar:5.10.1]
	at org.junit.jupiter.engine.descriptor.ClassBasedTestDescriptor.lambda$invokeTestInstancePostProcessors$11(ClassBasedTestDescriptor.java:378) ~[junit-jupiter-engine-5.10.1.jar:5.10.1]
	at java.base/java.util.stream.ReferencePipeline$3$1.accept(ReferencePipeline.java:197) ~[na:na]
	at java.base/java.util.stream.ReferencePipeline$2$1.accept(ReferencePipeline.java:179) ~[na:na]
	at java.base/java.util.ArrayList$ArrayListSpliterator.forEachRemaining(ArrayList.java:1625) ~[na:na]
	at java.base/java.util.stream.AbstractPipeline.copyInto(AbstractPipeline.java:509) ~[na:na]
	at java.base/java.util.stream.AbstractPipeline.wrapAndCopyInto(AbstractPipeline.java:499) ~[na:na]
	at java.base/java.util.stream.StreamSpliterators$WrappingSpliterator.forEachRemaining(StreamSpliterators.java:310) ~[na:na]
	at java.base/java.util.stream.Streams$ConcatSpliterator.forEachRemaining(Streams.java:735) ~[na:na]
	at java.base/java.util.stream.Streams$ConcatSpliterator.forEachRemaining(Streams.java:734) ~[na:na]
	at java.base/java.util.stream.ReferencePipeline$Head.forEach(ReferencePipeline.java:762) ~[na:na]
	at org.junit.jupiter.engine.descriptor.ClassBasedTestDescriptor.invokeTestInstancePostProcessors(ClassBasedTestDescriptor.java:377) ~[junit-jupiter-engine-5.10.1.jar:5.10.1]
	at org.junit.jupiter.engine.descriptor.ClassBasedTestDescriptor.lambda$instantiateAndPostProcessTestInstance$6(ClassBasedTestDescriptor.java:290) ~[junit-jupiter-engine-5.10.1.jar:5.10.1]
	at org.junit.platform.engine.support.hierarchical.ThrowableCollector.execute(ThrowableCollector.java:73) ~[junit-platform-engine-1.10.1.jar:1.10.1]
	at org.junit.jupiter.engine.descriptor.ClassBasedTestDescriptor.instantiateAndPostProcessTestInstance(ClassBasedTestDescriptor.java:289) ~[junit-jupiter-engine-5.10.1.jar:5.10.1]
	at org.junit.jupiter.engine.descriptor.ClassBasedTestDescriptor.lambda$testInstancesProvider$4(ClassBasedTestDescriptor.java:279) ~[junit-jupiter-engine-5.10.1.jar:5.10.1]
	at java.base/java.util.Optional.orElseGet(Optional.java:364) ~[na:na]
	at org.junit.jupiter.engine.descriptor.ClassBasedTestDescriptor.lambda$testInstancesProvider$5(ClassBasedTestDescriptor.java:278) ~[junit-jupiter-engine-5.10.1.jar:5.10.1]
	at org.junit.jupiter.engine.execution.TestInstancesProvider.getTestInstances(TestInstancesProvider.java:31) ~[junit-jupiter-engine-5.10.1.jar:5.10.1]
	at org.junit.jupiter.engine.descriptor.TestMethodTestDescriptor.lambda$prepare$0(TestMethodTestDescriptor.java:106) ~[junit-jupiter-engine-5.10.1.jar:5.10.1]
	at org.junit.platform.engine.support.hierarchical.ThrowableCollector.execute(ThrowableCollector.java:73) ~[junit-platform-engine-1.10.1.jar:1.10.1]
	at org.junit.jupiter.engine.descriptor.TestMethodTestDescriptor.prepare(TestMethodTestDescriptor.java:105) ~[junit-jupiter-engine-5.10.1.jar:5.10.1]
	at org.junit.jupiter.engine.descriptor.TestMethodTestDescriptor.prepare(TestMethodTestDescriptor.java:69) ~[junit-jupiter-engine-5.10.1.jar:5.10.1]
	at org.junit.platform.engine.support.hierarchical.NodeTestTask.lambda$prepare$2(NodeTestTask.java:123) ~[junit-platform-engine-1.10.1.jar:1.10.1]
	at org.junit.platform.engine.support.hierarchical.ThrowableCollector.execute(ThrowableCollector.java:73) ~[junit-platform-engine-1.10.1.jar:1.10.1]
	at org.junit.platform.engine.support.hierarchical.NodeTestTask.prepare(NodeTestTask.java:123) ~[junit-platform-engine-1.10.1.jar:1.10.1]
	at org.junit.platform.engine.support.hierarchical.NodeTestTask.execute(NodeTestTask.java:90) ~[junit-platform-engine-1.10.1.jar:1.10.1]
	at java.base/java.util.ArrayList.forEach(ArrayList.java:1511) ~[na:na]
	at org.junit.platform.engine.support.hierarchical.SameThreadHierarchicalTestExecutorService.invokeAll(SameThreadHierarchicalTestExecutorService.java:41) ~[junit-platform-engine-1.10.1.jar:1.10.1]
	at org.junit.platform.engine.support.hierarchical.NodeTestTask.lambda$executeRecursively$6(NodeTestTask.java:155) ~[junit-platform-engine-1.10.1.jar:1.10.1]
	at org.junit.platform.engine.support.hierarchical.ThrowableCollector.execute(ThrowableCollector.java:73) ~[junit-platform-engine-1.10.1.jar:1.10.1]
	at org.junit.platform.engine.support.hierarchical.NodeTestTask.lambda$executeRecursively$8(NodeTestTask.java:141) ~[junit-platform-engine-1.10.1.jar:1.10.1]
	at org.junit.platform.engine.support.hierarchical.Node.around(Node.java:137) ~[junit-platform-engine-1.10.1.jar:1.10.1]
	at org.junit.platform.engine.support.hierarchical.NodeTestTask.lambda$executeRecursively$9(NodeTestTask.java:139) ~[junit-platform-engine-1.10.1.jar:1.10.1]
	at org.junit.platform.engine.support.hierarchical.ThrowableCollector.execute(ThrowableCollector.java:73) ~[junit-platform-engine-1.10.1.jar:1.10.1]
	at org.junit.platform.engine.support.hierarchical.NodeTestTask.executeRecursively(NodeTestTask.java:138) ~[junit-platform-engine-1.10.1.jar:1.10.1]
	at org.junit.platform.engine.support.hierarchical.NodeTestTask.execute(NodeTestTask.java:95) ~[junit-platform-engine-1.10.1.jar:1.10.1]
	at java.base/java.util.ArrayList.forEach(ArrayList.java:1511) ~[na:na]
	at org.junit.platform.engine.support.hierarchical.SameThreadHierarchicalTestExecutorService.invokeAll(SameThreadHierarchicalTestExecutorService.java:41) ~[junit-platform-engine-1.10.1.jar:1.10.1]
	at org.junit.platform.engine.support.hierarchical.NodeTestTask.lambda$executeRecursively$6(NodeTestTask.java:155) ~[junit-platform-engine-1.10.1.jar:1.10.1]
	at org.junit.platform.engine.support.hierarchical.ThrowableCollector.execute(ThrowableCollector.java:73) ~[junit-platform-engine-1.10.1.jar:1.10.1]
	at org.junit.platform.engine.support.hierarchical.NodeTestTask.lambda$executeRecursively$8(NodeTestTask.java:141) ~[junit-platform-engine-1.10.1.jar:1.10.1]
	at org.junit.platform.engine.support.hierarchical.Node.around(Node.java:137) ~[junit-platform-engine-1.10.1.jar:1.10.1]
	at org.junit.platform.engine.support.hierarchical.NodeTestTask.lambda$executeRecursively$9(NodeTestTask.java:139) ~[junit-platform-engine-1.10.1.jar:1.10.1]
	at org.junit.platform.engine.support.hierarchical.ThrowableCollector.execute(ThrowableCollector.java:73) ~[junit-platform-engine-1.10.1.jar:1.10.1]
	at org.junit.platform.engine.support.hierarchical.NodeTestTask.executeRecursively(NodeTestTask.java:138) ~[junit-platform-engine-1.10.1.jar:1.10.1]
	at org.junit.platform.engine.support.hierarchical.NodeTestTask.execute(NodeTestTask.java:95) ~[junit-platform-engine-1.10.1.jar:1.10.1]
	at org.junit.platform.engine.support.hierarchical.SameThreadHierarchicalTestExecutorService.submit(SameThreadHierarchicalTestExecutorService.java:35) ~[junit-platform-engine-1.10.1.jar:1.10.1]
	at org.junit.platform.engine.support.hierarchical.HierarchicalTestExecutor.execute(HierarchicalTestExecutor.java:57) ~[junit-platform-engine-1.10.1.jar:1.10.1]
	at org.junit.platform.engine.support.hierarchical.HierarchicalTestEngine.execute(HierarchicalTestEngine.java:54) ~[junit-platform-engine-1.10.1.jar:1.10.1]
	at org.junit.platform.launcher.core.EngineExecutionOrchestrator.execute(EngineExecutionOrchestrator.java:198) ~[junit-platform-launcher-1.10.1.jar:1.10.1]
	at org.junit.platform.launcher.core.EngineExecutionOrchestrator.execute(EngineExecutionOrchestrator.java:169) ~[junit-platform-launcher-1.10.1.jar:1.10.1]
	at org.junit.platform.launcher.core.EngineExecutionOrchestrator.execute(EngineExecutionOrchestrator.java:93) ~[junit-platform-launcher-1.10.1.jar:1.10.1]
	at org.junit.platform.launcher.core.EngineExecutionOrchestrator.lambda$execute$0(EngineExecutionOrchestrator.java:58) ~[junit-platform-launcher-1.10.1.jar:1.10.1]
	at org.junit.platform.launcher.core.EngineExecutionOrchestrator.withInterceptedStreams(EngineExecutionOrchestrator.java:141) ~[junit-platform-launcher-1.10.1.jar:1.10.1]
	at org.junit.platform.launcher.core.EngineExecutionOrchestrator.execute(EngineExecutionOrchestrator.java:57) ~[junit-platform-launcher-1.10.1.jar:1.10.1]
	at org.junit.platform.launcher.core.DefaultLauncher.execute(DefaultLauncher.java:103) ~[junit-platform-launcher-1.10.1.jar:1.10.1]
	at org.junit.platform.launcher.core.DefaultLauncher.execute(DefaultLauncher.java:85) ~[junit-platform-launcher-1.10.1.jar:1.10.1]
	at org.junit.platform.launcher.core.DelegatingLauncher.execute(DelegatingLauncher.java:47) ~[junit-platform-launcher-1.10.1.jar:1.10.1]
	at org.apache.maven.surefire.junitplatform.LazyLauncher.execute(LazyLauncher.java:56) ~[surefire-junit-platform-3.1.2.jar:3.1.2]
	at org.apache.maven.surefire.junitplatform.JUnitPlatformProvider.execute(JUnitPlatformProvider.java:184) ~[surefire-junit-platform-3.1.2.jar:3.1.2]
	at org.apache.maven.surefire.junitplatform.JUnitPlatformProvider.invokeAllTests(JUnitPlatformProvider.java:148) ~[surefire-junit-platform-3.1.2.jar:3.1.2]
	at org.apache.maven.surefire.junitplatform.JUnitPlatformProvider.invoke(JUnitPlatformProvider.java:122) ~[surefire-junit-platform-3.1.2.jar:3.1.2]
	at org.apache.maven.surefire.booter.ForkedBooter.runSuitesInProcess(ForkedBooter.java:385) ~[surefire-booter-3.1.2.jar:3.1.2]
	at org.apache.maven.surefire.booter.ForkedBooter.execute(ForkedBooter.java:162) ~[surefire-booter-3.1.2.jar:3.1.2]
	at org.apache.maven.surefire.booter.ForkedBooter.run(ForkedBooter.java:507) ~[surefire-booter-3.1.2.jar:3.1.2]
	at org.apache.maven.surefire.booter.ForkedBooter.main(ForkedBooter.java:495) ~[surefire-booter-3.1.2.jar:3.1.2]

2024-04-24T17:02:26.572+05:30 DEBUG 5824 --- [Vehicle Management Module] [           main] o.s.d.jpa.repository.query.NamedQuery    : Did not find named query Vehicles.deleteByRegistrationNoAndBelongsToUserId
2024-04-24T17:02:26.572+05:30 DEBUG 5824 --- [Vehicle Management Module] [           main] tor$SharedEntityManagerInvocationHandler : Creating new EntityManager for shared EntityManager invocation
2024-04-24T17:02:26.574+05:30 DEBUG 5824 --- [Vehicle Management Module] [           main] o.s.d.r.c.s.RepositoryFactorySupport     : Finished creation of repository instance for com.cognizant.main.repository.VehiclesRepository.
2024-04-24T17:02:26.575+05:30 DEBUG 5824 --- [Vehicle Management Module] [           main] o.s.b.f.s.DefaultListableBeanFactory     : Creating shared instance of singleton bean 'vehicleDetailsRepository'
2024-04-24T17:02:26.577+05:30 DEBUG 5824 --- [Vehicle Management Module] [           main] o.s.b.f.s.DefaultListableBeanFactory     : Creating shared instance of singleton bean 'jpa.named-queries#0'
2024-04-24T17:02:26.579+05:30 DEBUG 5824 --- [Vehicle Management Module] [           main] o.s.b.f.s.DefaultListableBeanFactory     : Creating shared instance of singleton bean 'jpa.VehicleDetailsRepository.fragments#0'
2024-04-24T17:02:26.579+05:30 DEBUG 5824 --- [Vehicle Management Module] [           main] tor$SharedEntityManagerInvocationHandler : Creating new EntityManager for shared EntityManager invocation
2024-04-24T17:02:26.579+05:30 DEBUG 5824 --- [Vehicle Management Module] [           main] o.s.d.r.c.s.RepositoryFactorySupport     : Initializing repository instance for com.cognizant.main.repository.VehicleDetailsRepository…
2024-04-24T17:02:26.583+05:30 DEBUG 5824 --- [Vehicle Management Module] [           main] tor$SharedEntityManagerInvocationHandler : Creating new EntityManager for shared EntityManager invocation
2024-04-24T17:02:26.622+05:30 DEBUG 5824 --- [Vehicle Management Module] [           main] o.s.d.r.c.s.RepositoryFactorySupport     : Finished creation of repository instance for com.cognizant.main.repository.VehicleDetailsRepository.
2024-04-24T17:02:26.624+05:30 DEBUG 5824 --- [Vehicle Management Module] [           main] o.s.b.f.s.DefaultListableBeanFactory     : Creating shared instance of singleton bean 'globalexception'
2024-04-24T17:02:26.625+05:30 DEBUG 5824 --- [Vehicle Management Module] [           main] o.s.b.f.s.DefaultListableBeanFactory     : Creating shared instance of singleton bean 'loggingAspect'
2024-04-24T17:02:26.627+05:30 DEBUG 5824 --- [Vehicle Management Module] [           main] o.s.b.f.s.DefaultListableBeanFactory     : Creating shared instance of singleton bean 'org.springframework.boot.autoconfigure.AutoConfigurationPackages'
2024-04-24T17:02:26.627+05:30 DEBUG 5824 --- [Vehicle Management Module] [           main] o.s.b.f.s.DefaultListableBeanFactory     : Creating shared instance of singleton bean 'org.springframework.data.jpa.util.JpaMetamodelCacheCleanup'
2024-04-24T17:02:26.628+05:30 DEBUG 5824 --- [Vehicle Management Module] [           main] o.s.b.f.s.DefaultListableBeanFactory     : Creating shared instance of singleton bean 'org.springframework.data.jpa.repository.support.JpaEvaluationContextExtension'
2024-04-24T17:02:26.631+05:30 DEBUG 5824 --- [Vehicle Management Module] [           main] o.s.b.f.s.DefaultListableBeanFactory     : Creating shared instance of singleton bean 'data-jpa.repository-aot-processor#0'
2024-04-24T17:02:26.638+05:30 DEBUG 5824 --- [Vehicle Management Module] [           main] o.s.b.f.s.DefaultListableBeanFactory     : Creating shared instance of singleton bean 'org.springframework.cloud.client.serviceregistry.AutoServiceRegistrationConfiguration'
2024-04-24T17:02:26.639+05:30 DEBUG 5824 --- [Vehicle Management Module] [           main] o.s.b.f.s.DefaultListableBeanFactory     : Creating shared instance of singleton bean 'org.springframework.boot.context.properties.EnableConfigurationPropertiesRegistrar.methodValidationExcludeFilter'
2024-04-24T17:02:26.640+05:30 DEBUG 5824 --- [Vehicle Management Module] [           main] o.s.b.f.s.DefaultListableBeanFactory     : Creating shared instance of singleton bean 'spring.cloud.service-registry.auto-registration-org.springframework.cloud.client.serviceregistry.AutoServiceRegistrationProperties'
2024-04-24T17:02:26.643+05:30 DEBUG 5824 --- [Vehicle Management Module] [           main] o.s.b.f.s.DefaultListableBeanFactory     : Creating shared instance of singleton bean 'org.springframework.boot.test.autoconfigure.jdbc.TestDatabaseAutoConfiguration'
2024-04-24T17:02:26.644+05:30 DEBUG 5824 --- [Vehicle Management Module] [           main] o.s.b.f.s.DefaultListableBeanFactory     : Creating shared instance of singleton bean 'org.springframework.boot.autoconfigure.jdbc.DataSourceConfiguration$Hikari'
2024-04-24T17:02:26.645+05:30 DEBUG 5824 --- [Vehicle Management Module] [           main] o.s.b.f.s.DefaultListableBeanFactory     : Creating shared instance of singleton bean 'org.springframework.boot.autoconfigure.jdbc.DataSourceAutoConfiguration$PooledDataSourceConfiguration'
2024-04-24T17:02:26.646+05:30 DEBUG 5824 --- [Vehicle Management Module] [           main] o.s.b.f.s.DefaultListableBeanFactory     : Creating shared instance of singleton bean 'jdbcConnectionDetails'
2024-04-24T17:02:26.646+05:30 DEBUG 5824 --- [Vehicle Management Module] [           main] o.s.b.f.s.DefaultListableBeanFactory     : Creating shared instance of singleton bean 'spring.datasource-org.springframework.boot.autoconfigure.jdbc.DataSourceProperties'
2024-04-24T17:02:26.653+05:30 DEBUG 5824 --- [Vehicle Management Module] [           main] o.s.b.f.s.DefaultListableBeanFactory     : Autowiring by type from bean name 'jdbcConnectionDetails' via factory method to bean named 'spring.datasource-org.springframework.boot.autoconfigure.jdbc.DataSourceProperties'
2024-04-24T17:02:26.654+05:30 DEBUG 5824 --- [Vehicle Management Module] [           main] o.s.b.f.s.DefaultListableBeanFactory     : Creating shared instance of singleton bean 'org.springframework.boot.autoconfigure.jdbc.metadata.DataSourcePoolMetadataProvidersConfiguration'
2024-04-24T17:02:26.655+05:30 DEBUG 5824 --- [Vehicle Management Module] [           main] o.s.b.f.s.DefaultListableBeanFactory     : Creating shared instance of singleton bean 'org.springframework.boot.autoconfigure.jdbc.DataSourceAutoConfiguration'
2024-04-24T17:02:26.656+05:30 DEBUG 5824 --- [Vehicle Management Module] [           main] o.s.b.f.s.DefaultListableBeanFactory     : Creating shared instance of singleton bean 'org.springframework.boot.autoconfigure.orm.jpa.JpaBaseConfiguration$PersistenceManagedTypesConfiguration'
2024-04-24T17:02:26.656+05:30 DEBUG 5824 --- [Vehicle Management Module] [           main] o.s.b.f.s.DefaultListableBeanFactory     : Creating shared instance of singleton bean 'transactionManager'
2024-04-24T17:02:26.659+05:30 DEBUG 5824 --- [Vehicle Management Module] [           main] o.s.b.f.s.DefaultListableBeanFactory     : Creating shared instance of singleton bean 'org.springframework.boot.autoconfigure.orm.jpa.HibernateJpaAutoConfiguration'
2024-04-24T17:02:26.660+05:30 DEBUG 5824 --- [Vehicle Management Module] [           main] o.s.b.f.s.DefaultListableBeanFactory     : Creating shared instance of singleton bean 'org.springframework.boot.autoconfigure.jdbc.JdbcTemplateConfiguration'
2024-04-24T17:02:26.661+05:30 DEBUG 5824 --- [Vehicle Management Module] [           main] o.s.b.f.s.DefaultListableBeanFactory     : Creating shared instance of singleton bean 'jdbcTemplate'
2024-04-24T17:02:26.661+05:30 DEBUG 5824 --- [Vehicle Management Module] [           main] o.s.b.f.s.DefaultListableBeanFactory     : Creating shared instance of singleton bean 'spring.jdbc-org.springframework.boot.autoconfigure.jdbc.JdbcProperties'
2024-04-24T17:02:26.663+05:30 DEBUG 5824 --- [Vehicle Management Module] [           main] o.s.b.f.s.DefaultListableBeanFactory     : Autowiring by type from bean name 'jdbcTemplate' via factory method to bean named 'dataSource'
2024-04-24T17:02:26.663+05:30 DEBUG 5824 --- [Vehicle Management Module] [           main] o.s.b.f.s.DefaultListableBeanFactory     : Autowiring by type from bean name 'jdbcTemplate' via factory method to bean named 'spring.jdbc-org.springframework.boot.autoconfigure.jdbc.JdbcProperties'
2024-04-24T17:02:26.678+05:30 DEBUG 5824 --- [Vehicle Management Module] [           main] o.s.b.f.s.DefaultListableBeanFactory     : Creating shared instance of singleton bean 'org.springframework.boot.autoconfigure.jdbc.NamedParameterJdbcTemplateConfiguration'
2024-04-24T17:02:26.679+05:30 DEBUG 5824 --- [Vehicle Management Module] [           main] o.s.b.f.s.DefaultListableBeanFactory     : Creating shared instance of singleton bean 'namedParameterJdbcTemplate'
2024-04-24T17:02:26.679+05:30 DEBUG 5824 --- [Vehicle Management Module] [           main] o.s.b.f.s.DefaultListableBeanFactory     : Autowiring by type from bean name 'namedParameterJdbcTemplate' via factory method to bean named 'jdbcTemplate'
2024-04-24T17:02:26.684+05:30 DEBUG 5824 --- [Vehicle Management Module] [           main] o.s.b.f.s.DefaultListableBeanFactory     : Creating shared instance of singleton bean 'org.springframework.boot.autoconfigure.jdbc.JdbcTemplateAutoConfiguration'
2024-04-24T17:02:26.685+05:30 DEBUG 5824 --- [Vehicle Management Module] [           main] o.s.b.f.s.DefaultListableBeanFactory     : Creating shared instance of singleton bean 'org.springframework.boot.autoconfigure.jdbc.JdbcClientAutoConfiguration'
2024-04-24T17:02:26.686+05:30 DEBUG 5824 --- [Vehicle Management Module] [           main] o.s.b.f.s.DefaultListableBeanFactory     : Creating shared instance of singleton bean 'jdbcClient'
2024-04-24T17:02:26.687+05:30 DEBUG 5824 --- [Vehicle Management Module] [           main] o.s.b.f.s.DefaultListableBeanFactory     : Autowiring by type from bean name 'jdbcClient' via factory method to bean named 'namedParameterJdbcTemplate'
2024-04-24T17:02:26.688+05:30 DEBUG 5824 --- [Vehicle Management Module] [           main] o.s.b.f.s.DefaultListableBeanFactory     : Creating shared instance of singleton bean 'org.springframework.boot.autoconfigure.sql.init.SqlInitializationAutoConfiguration'
2024-04-24T17:02:26.688+05:30 DEBUG 5824 --- [Vehicle Management Module] [           main] o.s.b.f.s.DefaultListableBeanFactory     : Creating shared instance of singleton bean 'org.springframework.boot.autoconfigure.jdbc.DataSourceTransactionManagerAutoConfiguration$JdbcTransactionManagerConfiguration'
2024-04-24T17:02:26.689+05:30 DEBUG 5824 --- [Vehicle Management Module] [           main] o.s.b.f.s.DefaultListableBeanFactory     : Creating shared instance of singleton bean 'org.springframework.boot.autoconfigure.jdbc.DataSourceTransactionManagerAutoConfiguration'
2024-04-24T17:02:26.689+05:30 DEBUG 5824 --- [Vehicle Management Module] [           main] o.s.b.f.s.DefaultListableBeanFactory     : Creating shared instance of singleton bean 'org.springframework.boot.autoconfigure.transaction.TransactionAutoConfiguration$EnableTransactionManagementConfiguration$CglibAutoProxyConfiguration'
2024-04-24T17:02:26.690+05:30 DEBUG 5824 --- [Vehicle Management Module] [           main] o.s.b.f.s.DefaultListableBeanFactory     : Creating shared instance of singleton bean 'org.springframework.boot.autoconfigure.transaction.TransactionAutoConfiguration$EnableTransactionManagementConfiguration'
2024-04-24T17:02:26.690+05:30 DEBUG 5824 --- [Vehicle Management Module] [           main] o.s.b.f.s.DefaultListableBeanFactory     : Creating shared instance of singleton bean 'org.springframework.boot.autoconfigure.transaction.TransactionAutoConfiguration$TransactionTemplateConfiguration'
2024-04-24T17:02:26.691+05:30 DEBUG 5824 --- [Vehicle Management Module] [           main] o.s.b.f.s.DefaultListableBeanFactory     : Creating shared instance of singleton bean 'transactionTemplate'
2024-04-24T17:02:26.691+05:30 DEBUG 5824 --- [Vehicle Management Module] [           main] o.s.b.f.s.DefaultListableBeanFactory     : Autowiring by type from bean name 'transactionTemplate' via factory method to bean named 'transactionManager'
2024-04-24T17:02:26.693+05:30 DEBUG 5824 --- [Vehicle Management Module] [           main] o.s.b.f.s.DefaultListableBeanFactory     : Creating shared instance of singleton bean 'org.springframework.boot.autoconfigure.transaction.TransactionAutoConfiguration'
2024-04-24T17:02:26.695+05:30 DEBUG 5824 --- [Vehicle Management Module] [           main] o.s.b.f.s.DefaultListableBeanFactory     : Creating shared instance of singleton bean 'org.springframework.boot.test.autoconfigure.orm.jpa.TestEntityManagerAutoConfiguration'
2024-04-24T17:02:26.696+05:30 DEBUG 5824 --- [Vehicle Management Module] [           main] o.s.b.f.s.DefaultListableBeanFactory     : Creating shared instance of singleton bean 'testEntityManager'
2024-04-24T17:02:26.696+05:30 DEBUG 5824 --- [Vehicle Management Module] [           main] o.s.b.f.s.DefaultListableBeanFactory     : Autowiring by type from bean name 'testEntityManager' via factory method to bean named 'entityManagerFactory'
2024-04-24T17:02:26.706+05:30 DEBUG 5824 --- [Vehicle Management Module] [           main] o.s.c.support.DefaultLifecycleProcessor  : Starting beans in phase -2147483647
2024-04-24T17:02:26.707+05:30 DEBUG 5824 --- [Vehicle Management Module] [           main] o.s.c.support.DefaultLifecycleProcessor  : Successfully started bean 'springBootLoggingLifecycle'
2024-04-24T17:02:26.710+05:30 DEBUG 5824 --- [Vehicle Management Module] [           main] .s.b.a.l.ConditionEvaluationReportLogger : 


============================
CONDITIONS EVALUATION REPORT
============================


Positive matches:
-----------------

   AutoServiceRegistrationConfiguration matched:
      - @ConditionalOnProperty (spring.cloud.service-registry.auto-registration.enabled) matched (OnPropertyCondition)

   DataSourceAutoConfiguration matched:
      - @ConditionalOnClass found required classes 'javax.sql.DataSource', 'org.springframework.jdbc.datasource.embedded.EmbeddedDatabaseType' (OnClassCondition)
      - @ConditionalOnMissingBean (types: io.r2dbc.spi.ConnectionFactory; SearchStrategy: all) did not find any beans (OnBeanCondition)

   DataSourceAutoConfiguration.PooledDataSourceConfiguration matched:
      - AnyNestedCondition 1 matched 1 did not; NestedCondition on DataSourceAutoConfiguration.PooledDataSourceCondition.PooledDataSourceAvailable PooledDataSource found supported DataSource; NestedCondition on DataSourceAutoConfiguration.PooledDataSourceCondition.ExplicitType @ConditionalOnProperty (spring.datasource.type) did not find property 'type' (DataSourceAutoConfiguration.PooledDataSourceCondition)
      - @ConditionalOnMissingBean (types: javax.sql.DataSource,javax.sql.XADataSource; SearchStrategy: all) did not find any beans (OnBeanCondition)

   DataSourceAutoConfiguration.PooledDataSourceConfiguration#jdbcConnectionDetails matched:
      - @ConditionalOnMissingBean (types: org.springframework.boot.autoconfigure.jdbc.JdbcConnectionDetails; SearchStrategy: all) did not find any beans (OnBeanCondition)

   DataSourceConfiguration.Hikari matched:
      - @ConditionalOnClass found required class 'com.zaxxer.hikari.HikariDataSource' (OnClassCondition)
      - @ConditionalOnProperty (spring.datasource.type=com.zaxxer.hikari.HikariDataSource) matched (OnPropertyCondition)
      - @ConditionalOnMissingBean (types: javax.sql.DataSource; SearchStrategy: all) did not find any beans (OnBeanCondition)

   DataSourceInitializationConfiguration matched:
      - @ConditionalOnClass found required class 'org.springframework.jdbc.datasource.init.DatabasePopulator' (OnClassCondition)
      - @ConditionalOnSingleCandidate (types: javax.sql.DataSource; SearchStrategy: all) found a single bean 'dataSource'; @ConditionalOnMissingBean (types: org.springframework.boot.autoconfigure.sql.init.SqlDataSourceScriptDatabaseInitializer,org.springframework.boot.autoconfigure.sql.init.SqlR2dbcScriptDatabaseInitializer; SearchStrategy: all) did not find any beans (OnBeanCondition)

   DataSourcePoolMetadataProvidersConfiguration.HikariPoolDataSourceMetadataProviderConfiguration matched:
      - @ConditionalOnClass found required class 'com.zaxxer.hikari.HikariDataSource' (OnClassCondition)

   DataSourceTransactionManagerAutoConfiguration matched:
      - @ConditionalOnClass found required classes 'org.springframework.jdbc.core.JdbcTemplate', 'org.springframework.transaction.TransactionManager' (OnClassCondition)

   DataSourceTransactionManagerAutoConfiguration.JdbcTransactionManagerConfiguration matched:
      - @ConditionalOnSingleCandidate (types: javax.sql.DataSource; SearchStrategy: all) found a single bean 'dataSource' (OnBeanCondition)

   HibernateJpaAutoConfiguration matched:
      - @ConditionalOnClass found required classes 'org.springframework.orm.jpa.LocalContainerEntityManagerFactoryBean', 'jakarta.persistence.EntityManager', 'org.hibernate.engine.spi.SessionImplementor' (OnClassCondition)

   HibernateJpaConfiguration matched:
      - @ConditionalOnSingleCandidate (types: javax.sql.DataSource; SearchStrategy: all) found a single bean 'dataSource' (OnBeanCondition)

   JdbcClientAutoConfiguration matched:
      - @ConditionalOnSingleCandidate (types: org.springframework.jdbc.core.namedparam.NamedParameterJdbcTemplate; SearchStrategy: all) found a single bean 'namedParameterJdbcTemplate'; @ConditionalOnMissingBean (types: org.springframework.jdbc.core.simple.JdbcClient; SearchStrategy: all) did not find any beans (OnBeanCondition)

   JdbcTemplateAutoConfiguration matched:
      - @ConditionalOnClass found required classes 'javax.sql.DataSource', 'org.springframework.jdbc.core.JdbcTemplate' (OnClassCondition)
      - @ConditionalOnSingleCandidate (types: javax.sql.DataSource; SearchStrategy: all) found a single bean 'dataSource' (OnBeanCondition)

   JdbcTemplateConfiguration matched:
      - @ConditionalOnMissingBean (types: org.springframework.jdbc.core.JdbcOperations; SearchStrategy: all) did not find any beans (OnBeanCondition)

   JpaBaseConfiguration#entityManagerFactory matched:
      - @ConditionalOnMissingBean (types: org.springframework.orm.jpa.LocalContainerEntityManagerFactoryBean,jakarta.persistence.EntityManagerFactory; SearchStrategy: all) did not find any beans (OnBeanCondition)

   JpaBaseConfiguration#entityManagerFactoryBuilder matched:
      - @ConditionalOnMissingBean (types: org.springframework.boot.orm.jpa.EntityManagerFactoryBuilder; SearchStrategy: all) did not find any beans (OnBeanCondition)

   JpaBaseConfiguration#jpaVendorAdapter matched:
      - @ConditionalOnMissingBean (types: org.springframework.orm.jpa.JpaVendorAdapter; SearchStrategy: all) did not find any beans (OnBeanCondition)

   JpaBaseConfiguration#transactionManager matched:
      - @ConditionalOnMissingBean (types: org.springframework.transaction.TransactionManager; SearchStrategy: all) did not find any beans (OnBeanCondition)

   JpaBaseConfiguration.PersistenceManagedTypesConfiguration matched:
      - @ConditionalOnMissingBean (types: org.springframework.orm.jpa.LocalContainerEntityManagerFactoryBean,jakarta.persistence.EntityManagerFactory; SearchStrategy: all) did not find any beans (OnBeanCondition)

   JpaBaseConfiguration.PersistenceManagedTypesConfiguration#persistenceManagedTypes matched:
      - @ConditionalOnMissingBean (types: org.springframework.orm.jpa.persistenceunit.PersistenceManagedTypes; SearchStrategy: all) did not find any beans (OnBeanCondition)

   NamedParameterJdbcTemplateConfiguration matched:
      - @ConditionalOnSingleCandidate (types: org.springframework.jdbc.core.JdbcTemplate; SearchStrategy: all) found a single bean 'jdbcTemplate'; @ConditionalOnMissingBean (types: org.springframework.jdbc.core.namedparam.NamedParameterJdbcOperations; SearchStrategy: all) did not find any beans (OnBeanCondition)

   NoOpCacheConfiguration matched:
      - Cache org.springframework.boot.autoconfigure.cache.NoOpCacheConfiguration NONE cache type (CacheCondition)

   SqlInitializationAutoConfiguration matched:
      - @ConditionalOnProperty (spring.sql.init.enabled) matched (OnPropertyCondition)
      - NoneNestedConditions 0 matched 1 did not; NestedCondition on SqlInitializationAutoConfiguration.SqlInitializationModeCondition.ModeIsNever @ConditionalOnProperty (spring.sql.init.mode=never) did not find property 'mode' (SqlInitializationAutoConfiguration.SqlInitializationModeCondition)

   TestDatabaseAutoConfiguration#embeddedDataSourceBeanFactoryPostProcessor matched:
      - @ConditionalOnProperty (spring.test.database.replace=ANY) matched (OnPropertyCondition)

   TestEntityManagerAutoConfiguration matched:
      - @ConditionalOnClass found required class 'jakarta.persistence.EntityManagerFactory' (OnClassCondition)

   TestEntityManagerAutoConfiguration#testEntityManager matched:
      - @ConditionalOnMissingBean (types: org.springframework.boot.test.autoconfigure.orm.jpa.TestEntityManager; SearchStrategy: all) did not find any beans (OnBeanCondition)

   TransactionAutoConfiguration matched:
      - @ConditionalOnClass found required class 'org.springframework.transaction.PlatformTransactionManager' (OnClassCondition)

   TransactionAutoConfiguration.EnableTransactionManagementConfiguration matched:
      - @ConditionalOnBean (types: org.springframework.transaction.TransactionManager; SearchStrategy: all) found bean 'transactionManager'; @ConditionalOnMissingBean (types: org.springframework.transaction.annotation.AbstractTransactionManagementConfiguration; SearchStrategy: all) did not find any beans (OnBeanCondition)

   TransactionAutoConfiguration.EnableTransactionManagementConfiguration.CglibAutoProxyConfiguration matched:
      - @ConditionalOnProperty (spring.aop.proxy-target-class=true) matched (OnPropertyCondition)

   TransactionAutoConfiguration.TransactionTemplateConfiguration matched:
      - @ConditionalOnSingleCandidate (types: org.springframework.transaction.PlatformTransactionManager; SearchStrategy: all) found a single bean 'transactionManager' (OnBeanCondition)

   TransactionAutoConfiguration.TransactionTemplateConfiguration#transactionTemplate matched:
      - @ConditionalOnMissingBean (types: org.springframework.transaction.support.TransactionOperations; SearchStrategy: all) did not find any beans (OnBeanCondition)


Negative matches:
-----------------

   Cache2kCacheConfiguration:
      Did not match:
         - @ConditionalOnClass did not find required class 'org.cache2k.Cache2kBuilder' (OnClassCondition)

   CacheAutoConfiguration:
      Did not match:
         - @ConditionalOnBean (types: org.springframework.cache.interceptor.CacheAspectSupport; SearchStrategy: all) did not find any beans of type org.springframework.cache.interceptor.CacheAspectSupport (OnBeanCondition)
      Matched:
         - @ConditionalOnClass found required class 'org.springframework.cache.CacheManager' (OnClassCondition)

   CacheAutoConfiguration.CacheManagerEntityManagerFactoryDependsOnPostProcessor:
      Did not match:
         - Ancestor org.springframework.boot.autoconfigure.cache.CacheAutoConfiguration did not match (ConditionEvaluationReport.AncestorsMatchedCondition)
      Matched:
         - @ConditionalOnClass found required class 'org.springframework.orm.jpa.LocalContainerEntityManagerFactoryBean' (OnClassCondition)

   CaffeineCacheConfiguration:
      Did not match:
         - @ConditionalOnClass did not find required class 'com.github.benmanes.caffeine.cache.Caffeine' (OnClassCondition)

   CouchbaseCacheConfiguration:
      Did not match:
         - @ConditionalOnClass did not find required class 'com.couchbase.client.java.Cluster' (OnClassCondition)

   DataSourceAutoConfiguration.EmbeddedDatabaseConfiguration:
      Did not match:
         - EmbeddedDataSource spring.datasource.url is set (DataSourceAutoConfiguration.EmbeddedDatabaseCondition)

   DataSourceCheckpointRestoreConfiguration:
      Did not match:
         - @ConditionalOnClass did not find required class 'org.crac.Resource' (OnClassCondition)

   DataSourceConfiguration.Dbcp2:
      Did not match:
         - @ConditionalOnClass did not find required class 'org.apache.commons.dbcp2.BasicDataSource' (OnClassCondition)

   DataSourceConfiguration.Generic:
      Did not match:
         - @ConditionalOnProperty (spring.datasource.type) did not find property 'spring.datasource.type' (OnPropertyCondition)

   DataSourceConfiguration.OracleUcp:
      Did not match:
         - @ConditionalOnClass did not find required classes 'oracle.ucp.jdbc.PoolDataSourceImpl', 'oracle.jdbc.OracleConnection' (OnClassCondition)

   DataSourceConfiguration.Tomcat:
      Did not match:
         - @ConditionalOnClass did not find required class 'org.apache.tomcat.jdbc.pool.DataSource' (OnClassCondition)

   DataSourceJmxConfiguration:
      Did not match:
         - @ConditionalOnProperty (spring.jmx.enabled=true) found different value in property 'enabled' (OnPropertyCondition)

   DataSourcePoolMetadataProvidersConfiguration.CommonsDbcp2PoolDataSourceMetadataProviderConfiguration:
      Did not match:
         - @ConditionalOnClass did not find required class 'org.apache.commons.dbcp2.BasicDataSource' (OnClassCondition)

   DataSourcePoolMetadataProvidersConfiguration.OracleUcpPoolDataSourceMetadataProviderConfiguration:
      Did not match:
         - @ConditionalOnClass did not find required classes 'oracle.ucp.jdbc.PoolDataSource', 'oracle.jdbc.OracleConnection' (OnClassCondition)

   DataSourcePoolMetadataProvidersConfiguration.TomcatDataSourcePoolMetadataProviderConfiguration:
      Did not match:
         - @ConditionalOnClass did not find required class 'org.apache.tomcat.jdbc.pool.DataSource' (OnClassCondition)

   DataSourceTransactionManagerAutoConfiguration.JdbcTransactionManagerConfiguration#transactionManager:
      Did not match:
         - @ConditionalOnMissingBean (types: org.springframework.transaction.TransactionManager; SearchStrategy: all) found beans of type 'org.springframework.transaction.TransactionManager' transactionManager (OnBeanCondition)

   FlywayAutoConfiguration:
      Did not match:
         - @ConditionalOnClass did not find required class 'org.flywaydb.core.Flyway' (OnClassCondition)

   GenericCacheConfiguration:
      Did not match:
         - Cache org.springframework.boot.autoconfigure.cache.GenericCacheConfiguration unknown cache type (CacheCondition)

   HazelcastCacheConfiguration:
      Did not match:
         - @ConditionalOnClass did not find required class 'com.hazelcast.core.HazelcastInstance' (OnClassCondition)

   InfinispanCacheConfiguration:
      Did not match:
         - @ConditionalOnClass did not find required class 'org.infinispan.spring.embedded.provider.SpringEmbeddedCacheManager' (OnClassCondition)

   JCacheCacheConfiguration:
      Did not match:
         - @ConditionalOnClass did not find required class 'javax.cache.Caching' (OnClassCondition)

   JpaBaseConfiguration.JpaWebConfiguration:
      Did not match:
         - not a servlet web application (OnWebApplicationCondition)
      Matched:
         - @ConditionalOnClass found required class 'org.springframework.web.servlet.config.annotation.WebMvcConfigurer' (OnClassCondition)

   JpaRepositoriesAutoConfiguration:
      Did not match:
         - @ConditionalOnMissingBean (types: org.springframework.data.jpa.repository.support.JpaRepositoryFactoryBean,org.springframework.data.jpa.repository.config.JpaRepositoryConfigExtension; SearchStrategy: all) found beans of type 'org.springframework.data.jpa.repository.support.JpaRepositoryFactoryBean' &vehicleDetailsRepository, &vehicleTypesRepository, &vehiclesRepository and found beans of type 'org.springframework.data.jpa.repository.config.JpaRepositoryConfigExtension' org.springframework.data.jpa.repository.config.JpaRepositoryConfigExtension#0 (OnBeanCondition)
      Matched:
         - @ConditionalOnClass found required class 'org.springframework.data.jpa.repository.JpaRepository' (OnClassCondition)
         - @ConditionalOnProperty (spring.data.jpa.repositories.enabled=true) matched (OnPropertyCondition)

   LiquibaseAutoConfiguration:
      Did not match:
         - @ConditionalOnClass did not find required class 'liquibase.change.DatabaseChange' (OnClassCondition)

   R2dbcInitializationConfiguration:
      Did not match:
         - @ConditionalOnClass did not find required classes 'io.r2dbc.spi.ConnectionFactory', 'org.springframework.r2dbc.connection.init.DatabasePopulator' (OnClassCondition)

   RedisCacheConfiguration:
      Did not match:
         - @ConditionalOnClass did not find required class 'org.springframework.data.redis.connection.RedisConnectionFactory' (OnClassCondition)

   SimpleCacheConfiguration:
      Did not match:
         - Cache org.springframework.boot.autoconfigure.cache.SimpleCacheConfiguration unknown cache type (CacheCondition)

   TestDatabaseAutoConfiguration#dataSource:
      Did not match:
         - @ConditionalOnProperty (spring.test.database.replace=AUTO_CONFIGURED) did not find property 'replace' (OnPropertyCondition)

   TransactionAutoConfiguration#transactionalOperator:
      Did not match:
         - @ConditionalOnSingleCandidate (types: org.springframework.transaction.ReactiveTransactionManager; SearchStrategy: all) did not find any beans (OnBeanCondition)

   TransactionAutoConfiguration.AspectJTransactionManagementConfiguration:
      Did not match:
         - @ConditionalOnBean (types: org.springframework.transaction.aspectj.AbstractTransactionAspect; SearchStrategy: all) did not find any beans of type org.springframework.transaction.aspectj.AbstractTransactionAspect (OnBeanCondition)

   TransactionAutoConfiguration.EnableTransactionManagementConfiguration.JdkDynamicAutoProxyConfiguration:
      Did not match:
         - @ConditionalOnProperty (spring.aop.proxy-target-class=false) did not find property 'proxy-target-class' (OnPropertyCondition)


Exclusions:
-----------

    None


Unconditional classes:
----------------------

    org.springframework.boot.test.autoconfigure.jdbc.TestDatabaseAutoConfiguration



2024-04-24T17:02:26.711+05:30  INFO 5824 --- [Vehicle Management Module] [           main] c.c.main.TestVehicleDetailsRepository    : Started TestVehicleDetailsRepository in 2.242 seconds (process running for 24.185)
2024-04-24T17:02:26.712+05:30 DEBUG 5824 --- [Vehicle Management Module] [           main] org.springframework.test.context.cache   : Spring test ApplicationContext cache statistics: [DefaultContextCache@491cceb4 size = 2, maxSize = 32, parentContextCount = 0, hitCount = 12, missCount = 2, failureCount = 0]
2024-04-24T17:02:26.715+05:30 DEBUG 5824 --- [Vehicle Management Module] [           main] org.springframework.test.context.cache   : Spring test ApplicationContext cache statistics: [DefaultContextCache@491cceb4 size = 2, maxSize = 32, parentContextCount = 0, hitCount = 13, missCount = 2, failureCount = 0]
2024-04-24T17:02:26.718+05:30 DEBUG 5824 --- [Vehicle Management Module] [           main] sContextBeforeModesTestExecutionListener : Before test method: class [TestVehicleDetailsRepository], method [testFindAllNegative], class annotated with @DirtiesContext [false] with mode [null], method annotated with @DirtiesContext [false] with mode [null]
2024-04-24T17:02:26.729+05:30 DEBUG 5824 --- [Vehicle Management Module] [           main] t.c.t.TransactionalTestExecutionListener : Explicit transaction definition [PROPAGATION_REQUIRED,ISOLATION_DEFAULT] found for test class [com.cognizant.main.TestVehicleDetailsRepository] and test method [testFindAllNegative]
2024-04-24T17:02:26.730+05:30 DEBUG 5824 --- [Vehicle Management Module] [           main] org.springframework.test.context.cache   : Spring test ApplicationContext cache statistics: [DefaultContextCache@491cceb4 size = 2, maxSize = 32, parentContextCount = 0, hitCount = 14, missCount = 2, failureCount = 0]
2024-04-24T17:02:26.737+05:30 DEBUG 5824 --- [Vehicle Management Module] [           main] t.c.t.TransactionalTestExecutionListener : No method-level @Rollback override: using default rollback [true] for test method [public void com.cognizant.main.TestVehicleDetailsRepository.testFindAllNegative()]
2024-04-24T17:02:26.739+05:30 DEBUG 5824 --- [Vehicle Management Module] [           main] o.s.orm.jpa.JpaTransactionManager        : Creating new transaction with name [com.cognizant.main.TestVehicleDetailsRepository.testFindAllNegative]: PROPAGATION_REQUIRED,ISOLATION_DEFAULT
2024-04-24T17:02:26.741+05:30 DEBUG 5824 --- [Vehicle Management Module] [           main] o.s.orm.jpa.JpaTransactionManager        : Opened new EntityManager [SessionImpl(323100336<open>)] for JPA transaction
2024-04-24T17:02:26.748+05:30 DEBUG 5824 --- [Vehicle Management Module] [           main] o.h.e.t.internal.TransactionImpl         : On TransactionImpl creation, JpaCompliance#isJpaTransactionComplianceEnabled == false
2024-04-24T17:02:26.748+05:30 DEBUG 5824 --- [Vehicle Management Module] [           main] o.h.e.t.internal.TransactionImpl         : begin
2024-04-24T17:02:26.748+05:30 DEBUG 5824 --- [Vehicle Management Module] [           main] o.s.j.datasource.SimpleDriverDataSource  : Creating new JDBC Driver Connection to [jdbc:h2:mem:77e5e59b-9028-4692-bf3e-2dbb97a1edaf;DB_CLOSE_DELAY=-1;DB_CLOSE_ON_EXIT=false]
2024-04-24T17:02:26.753+05:30 DEBUG 5824 --- [Vehicle Management Module] [           main] o.s.orm.jpa.JpaTransactionManager        : Exposing JPA transaction as JDBC [org.springframework.orm.jpa.vendor.HibernateJpaDialect$HibernateConnectionHandle@386c6903]
2024-04-24T17:02:26.754+05:30 DEBUG 5824 --- [Vehicle Management Module] [           main] o.s.t.c.transaction.TransactionContext   : Began transaction (1) for test class [com.cognizant.main.TestVehicleDetailsRepository]; test method [testFindAllNegative]; transaction manager [org.springframework.orm.jpa.JpaTransactionManager@82b778b]; rollback [true]
2024-04-24T17:02:26.754+05:30 DEBUG 5824 --- [Vehicle Management Module] [           main] org.springframework.test.context.cache   : Spring test ApplicationContext cache statistics: [DefaultContextCache@491cceb4 size = 2, maxSize = 32, parentContextCount = 0, hitCount = 15, missCount = 2, failureCount = 0]
2024-04-24T17:02:26.756+05:30 DEBUG 5824 --- [Vehicle Management Module] [           main] org.springframework.test.context.cache   : Spring test ApplicationContext cache statistics: [DefaultContextCache@491cceb4 size = 2, maxSize = 32, parentContextCount = 0, hitCount = 16, missCount = 2, failureCount = 0]
2024-04-24T17:02:26.757+05:30 DEBUG 5824 --- [Vehicle Management Module] [           main] org.springframework.test.context.cache   : Spring test ApplicationContext cache statistics: [DefaultContextCache@491cceb4 size = 2, maxSize = 32, parentContextCount = 0, hitCount = 17, missCount = 2, failureCount = 0]
2024-04-24T17:02:26.770+05:30 DEBUG 5824 --- [Vehicle Management Module] [           main] o.s.orm.jpa.JpaTransactionManager        : Found thread-bound EntityManager [SessionImpl(323100336<open>)] for JPA transaction
2024-04-24T17:02:26.770+05:30 DEBUG 5824 --- [Vehicle Management Module] [           main] o.s.orm.jpa.JpaTransactionManager        : Participating in existing transaction
2024-04-24T17:02:26.930+05:30 DEBUG 5824 --- [Vehicle Management Module] [           main] org.hibernate.orm.sql.ast.create         : Created new SQL alias : vd1_0
2024-04-24T17:02:26.931+05:30 DEBUG 5824 --- [Vehicle Management Module] [           main] org.hibernate.orm.sql.ast.create         : Registration of TableGroup [StandardTableGroup(com.cognizant.main.entities.VehicleDetails(104027885653700))] with identifierForTableGroup [com.cognizant.main.entities.VehicleDetails] for NavigablePath [com.cognizant.main.entities.VehicleDetails] 
2024-04-24T17:02:26.954+05:30 DEBUG 5824 --- [Vehicle Management Module] [           main] org.hibernate.orm.results.graph.AST      : DomainResult Graph:
 \-EntityResultImpl [com.cognizant.main.entities.VehicleDetails(104027885653700)]
 |  +-BasicFetch [com.cognizant.main.entities.VehicleDetails(104027885653700).InsuraceNo]
 |  +-BasicFetch [com.cognizant.main.entities.VehicleDetails(104027885653700).InsuranceCertificateDOCURL]
 |  +-BasicFetch [com.cognizant.main.entities.VehicleDetails(104027885653700).InsuranceCompanyName]
 |  +-BasicFetch [com.cognizant.main.entities.VehicleDetails(104027885653700).InsuranceExpiresOn]
 |  +-BasicFetch [com.cognizant.main.entities.VehicleDetails(104027885653700).InsurancedOn]
 |  +-BasicFetch [com.cognizant.main.entities.VehicleDetails(104027885653700).PUCCertificateNo]
 |  +-BasicFetch [com.cognizant.main.entities.VehicleDetails(104027885653700).PUCDOCURL]
 |  +-BasicFetch [com.cognizant.main.entities.VehicleDetails(104027885653700).PUCIssuedOn]
 |  +-BasicFetch [com.cognizant.main.entities.VehicleDetails(104027885653700).PUCValidUntil]
 |  +-BasicFetch [com.cognizant.main.entities.VehicleDetails(104027885653700).RCDocURL]
 |  +-BasicFetch [com.cognizant.main.entities.VehicleDetails(104027885653700).RTOName]
 |  +-BasicFetch [com.cognizant.main.entities.VehicleDetails(104027885653700).RegistrationDate]
 |  \-BasicFetch [com.cognizant.main.entities.VehicleDetails(104027885653700).RegistrationExpiresOn]

2024-04-24T17:02:26.954+05:30 DEBUG 5824 --- [Vehicle Management Module] [           main] org.hibernate.orm.sql.ast.tree           : SQL AST Tree:
    SelectStatement {
      FromClause {
        StandardTableGroup (vd1 : com.cognizant.main.entities.VehicleDetails(104027885653700)) {
          primaryTableReference : vechile_details as vd1_0
        }
      }
    }

2024-04-24T17:02:26.987+05:30 DEBUG 5824 --- [Vehicle Management Module] [           main] org.hibernate.orm.sql.exec               : Skipping reading Query result cache data: cache-enabled = false, cache-mode = NORMAL
2024-04-24T17:02:27.019+05:30 DEBUG 5824 --- [Vehicle Management Module] [           main] org.hibernate.orm.results                : Initializer list:
	  com.cognizant.main.entities.VehicleDetails(104027885653700) -> EntityResultInitializer(com.cognizant.main.entities.VehicleDetails(104027885653700))@393609034 (SingleTableEntityPersister(com.cognizant.main.entities.VehicleDetails))

2024-04-24T17:02:27.028+05:30 DEBUG 5824 --- [Vehicle Management Module] [           main] org.hibernate.SQL                        : select vd1_0.registration_no,vd1_0.insurance_no,vd1_0.insurance_certificatedocurl,vd1_0.insurance_company_name,vd1_0.insurance_expires_on,vd1_0.insuranced_on,vd1_0.puccertificate_no,vd1_0.pucdocurl,vd1_0.pucissued_on,vd1_0.pucvalid_until,vd1_0.rcdocurl,vd1_0.rtoname,vd1_0.registration_date,vd1_0.registration_expires_on from vechile_details vd1_0
Hibernate: select vd1_0.registration_no,vd1_0.insurance_no,vd1_0.insurance_certificatedocurl,vd1_0.insurance_company_name,vd1_0.insurance_expires_on,vd1_0.insuranced_on,vd1_0.puccertificate_no,vd1_0.pucdocurl,vd1_0.pucissued_on,vd1_0.pucvalid_until,vd1_0.rcdocurl,vd1_0.rtoname,vd1_0.registration_date,vd1_0.registration_expires_on from vechile_details vd1_0
2024-04-24T17:02:27.039+05:30 DEBUG 5824 --- [Vehicle Management Module] [           main] org.springframework.test.context.cache   : Spring test ApplicationContext cache statistics: [DefaultContextCache@491cceb4 size = 2, maxSize = 32, parentContextCount = 0, hitCount = 18, missCount = 2, failureCount = 0]
2024-04-24T17:02:27.040+05:30 DEBUG 5824 --- [Vehicle Management Module] [           main] org.springframework.test.context.cache   : Spring test ApplicationContext cache statistics: [DefaultContextCache@491cceb4 size = 2, maxSize = 32, parentContextCount = 0, hitCount = 19, missCount = 2, failureCount = 0]
2024-04-24T17:02:27.040+05:30 DEBUG 5824 --- [Vehicle Management Module] [           main] org.springframework.test.context.cache   : Spring test ApplicationContext cache statistics: [DefaultContextCache@491cceb4 size = 2, maxSize = 32, parentContextCount = 0, hitCount = 20, missCount = 2, failureCount = 0]
2024-04-24T17:02:27.040+05:30 DEBUG 5824 --- [Vehicle Management Module] [           main] org.springframework.test.context.cache   : Spring test ApplicationContext cache statistics: [DefaultContextCache@491cceb4 size = 2, maxSize = 32, parentContextCount = 0, hitCount = 21, missCount = 2, failureCount = 0]
2024-04-24T17:02:27.040+05:30 DEBUG 5824 --- [Vehicle Management Module] [           main] org.springframework.test.context.cache   : Spring test ApplicationContext cache statistics: [DefaultContextCache@491cceb4 size = 2, maxSize = 32, parentContextCount = 0, hitCount = 22, missCount = 2, failureCount = 0]
2024-04-24T17:02:27.042+05:30 DEBUG 5824 --- [Vehicle Management Module] [           main] org.springframework.test.context.cache   : Spring test ApplicationContext cache statistics: [DefaultContextCache@491cceb4 size = 2, maxSize = 32, parentContextCount = 0, hitCount = 23, missCount = 2, failureCount = 0]
2024-04-24T17:02:27.043+05:30 DEBUG 5824 --- [Vehicle Management Module] [           main] o.s.orm.jpa.JpaTransactionManager        : Initiating transaction rollback
2024-04-24T17:02:27.043+05:30 DEBUG 5824 --- [Vehicle Management Module] [           main] o.s.orm.jpa.JpaTransactionManager        : Rolling back JPA transaction on EntityManager [SessionImpl(323100336<open>)]
2024-04-24T17:02:27.044+05:30 DEBUG 5824 --- [Vehicle Management Module] [           main] o.h.e.t.internal.TransactionImpl         : rolling back
2024-04-24T17:02:27.047+05:30 DEBUG 5824 --- [Vehicle Management Module] [           main] o.s.orm.jpa.JpaTransactionManager        : Closing JPA EntityManager [SessionImpl(323100336<open>)] after transaction
2024-04-24T17:02:27.048+05:30 DEBUG 5824 --- [Vehicle Management Module] [           main] o.s.t.c.transaction.TransactionContext   : Rolled back transaction (1) for test class [com.cognizant.main.TestVehicleDetailsRepository]; test method [testFindAllNegative]
2024-04-24T17:02:27.049+05:30 DEBUG 5824 --- [Vehicle Management Module] [           main] .c.s.DirtiesContextTestExecutionListener : After test method: class [TestVehicleDetailsRepository], method [testFindAllNegative], class annotated with @DirtiesContext [false] with mode [null], method annotated with @DirtiesContext [false] with mode [null]
]]></system-out>
  </testcase>
  <testcase name="testFindByIdPositive" classname="com.cognizant.main.TestVehicleDetailsRepository" time="0.086">
    <system-out><![CDATA[2024-04-24T17:02:27.050+05:30 DEBUG 5824 --- [Vehicle Management Module] [           main] DependencyInjectionTestExecutionListener : Performing dependency injection for test class com.cognizant.main.TestVehicleDetailsRepository
2024-04-24T17:02:27.050+05:30 DEBUG 5824 --- [Vehicle Management Module] [           main] org.springframework.test.context.cache   : Spring test ApplicationContext cache statistics: [DefaultContextCache@491cceb4 size = 2, maxSize = 32, parentContextCount = 0, hitCount = 24, missCount = 2, failureCount = 0]
2024-04-24T17:02:27.051+05:30 DEBUG 5824 --- [Vehicle Management Module] [           main] org.springframework.test.context.cache   : Spring test ApplicationContext cache statistics: [DefaultContextCache@491cceb4 size = 2, maxSize = 32, parentContextCount = 0, hitCount = 25, missCount = 2, failureCount = 0]
2024-04-24T17:02:27.052+05:30 DEBUG 5824 --- [Vehicle Management Module] [           main] sContextBeforeModesTestExecutionListener : Before test method: class [TestVehicleDetailsRepository], method [testFindByIdPositive], class annotated with @DirtiesContext [false] with mode [null], method annotated with @DirtiesContext [false] with mode [null]
2024-04-24T17:02:27.052+05:30 DEBUG 5824 --- [Vehicle Management Module] [           main] t.c.t.TransactionalTestExecutionListener : Explicit transaction definition [PROPAGATION_REQUIRED,ISOLATION_DEFAULT] found for test class [com.cognizant.main.TestVehicleDetailsRepository] and test method [testFindByIdPositive]
2024-04-24T17:02:27.053+05:30 DEBUG 5824 --- [Vehicle Management Module] [           main] org.springframework.test.context.cache   : Spring test ApplicationContext cache statistics: [DefaultContextCache@491cceb4 size = 2, maxSize = 32, parentContextCount = 0, hitCount = 26, missCount = 2, failureCount = 0]
2024-04-24T17:02:27.053+05:30 DEBUG 5824 --- [Vehicle Management Module] [           main] t.c.t.TransactionalTestExecutionListener : No method-level @Rollback override: using default rollback [true] for test method [public void com.cognizant.main.TestVehicleDetailsRepository.testFindByIdPositive()]
2024-04-24T17:02:27.053+05:30 DEBUG 5824 --- [Vehicle Management Module] [           main] o.s.orm.jpa.JpaTransactionManager        : Creating new transaction with name [com.cognizant.main.TestVehicleDetailsRepository.testFindByIdPositive]: PROPAGATION_REQUIRED,ISOLATION_DEFAULT
2024-04-24T17:02:27.053+05:30 DEBUG 5824 --- [Vehicle Management Module] [           main] o.s.orm.jpa.JpaTransactionManager        : Opened new EntityManager [SessionImpl(1044472558<open>)] for JPA transaction
2024-04-24T17:02:27.053+05:30 DEBUG 5824 --- [Vehicle Management Module] [           main] o.h.e.t.internal.TransactionImpl         : On TransactionImpl creation, JpaCompliance#isJpaTransactionComplianceEnabled == false
2024-04-24T17:02:27.053+05:30 DEBUG 5824 --- [Vehicle Management Module] [           main] o.h.e.t.internal.TransactionImpl         : begin
2024-04-24T17:02:27.053+05:30 DEBUG 5824 --- [Vehicle Management Module] [           main] o.s.j.datasource.SimpleDriverDataSource  : Creating new JDBC Driver Connection to [jdbc:h2:mem:77e5e59b-9028-4692-bf3e-2dbb97a1edaf;DB_CLOSE_DELAY=-1;DB_CLOSE_ON_EXIT=false]
2024-04-24T17:02:27.054+05:30 DEBUG 5824 --- [Vehicle Management Module] [           main] o.s.orm.jpa.JpaTransactionManager        : Exposing JPA transaction as JDBC [org.springframework.orm.jpa.vendor.HibernateJpaDialect$HibernateConnectionHandle@2c45de6e]
2024-04-24T17:02:27.054+05:30 DEBUG 5824 --- [Vehicle Management Module] [           main] o.s.t.c.transaction.TransactionContext   : Began transaction (1) for test class [com.cognizant.main.TestVehicleDetailsRepository]; test method [testFindByIdPositive]; transaction manager [org.springframework.orm.jpa.JpaTransactionManager@82b778b]; rollback [true]
2024-04-24T17:02:27.055+05:30 DEBUG 5824 --- [Vehicle Management Module] [           main] org.springframework.test.context.cache   : Spring test ApplicationContext cache statistics: [DefaultContextCache@491cceb4 size = 2, maxSize = 32, parentContextCount = 0, hitCount = 27, missCount = 2, failureCount = 0]
2024-04-24T17:02:27.055+05:30 DEBUG 5824 --- [Vehicle Management Module] [           main] org.springframework.test.context.cache   : Spring test ApplicationContext cache statistics: [DefaultContextCache@491cceb4 size = 2, maxSize = 32, parentContextCount = 0, hitCount = 28, missCount = 2, failureCount = 0]
2024-04-24T17:02:27.056+05:30 DEBUG 5824 --- [Vehicle Management Module] [           main] org.springframework.test.context.cache   : Spring test ApplicationContext cache statistics: [DefaultContextCache@491cceb4 size = 2, maxSize = 32, parentContextCount = 0, hitCount = 29, missCount = 2, failureCount = 0]
2024-04-24T17:02:27.057+05:30 DEBUG 5824 --- [Vehicle Management Module] [           main] o.s.orm.jpa.JpaTransactionManager        : Found thread-bound EntityManager [SessionImpl(1044472558<open>)] for JPA transaction
2024-04-24T17:02:27.057+05:30 DEBUG 5824 --- [Vehicle Management Module] [           main] o.s.orm.jpa.JpaTransactionManager        : Participating in existing transaction
2024-04-24T17:02:27.058+05:30 DEBUG 5824 --- [Vehicle Management Module] [           main] o.h.j.internal.PersistenceUnitUtilImpl   : jakarta.persistence.PersistenceUnitUtil.getIdentifier is only intended to work with enhanced entities (although Hibernate also adapts this support to its proxies); however the passed entity was not enhanced (nor a proxy).. may not be able to read identifier
2024-04-24T17:02:27.083+05:30 DEBUG 5824 --- [Vehicle Management Module] [           main] org.hibernate.orm.sql.ast.create         : Created new SQL alias : vd1_0
2024-04-24T17:02:27.083+05:30 DEBUG 5824 --- [Vehicle Management Module] [           main] org.hibernate.orm.sql.ast.create         : Registration of TableGroup [StandardTableGroup(com.cognizant.main.entities.VehicleDetails)] with identifierForTableGroup [com.cognizant.main.entities.VehicleDetails] for NavigablePath [com.cognizant.main.entities.VehicleDetails] 
2024-04-24T17:02:27.085+05:30 DEBUG 5824 --- [Vehicle Management Module] [           main] org.hibernate.orm.results.graph.AST      : DomainResult Graph:
 \-EntityResultImpl [com.cognizant.main.entities.VehicleDetails]
 |  +-BasicFetch [com.cognizant.main.entities.VehicleDetails.InsuraceNo]
 |  +-BasicFetch [com.cognizant.main.entities.VehicleDetails.InsuranceCertificateDOCURL]
 |  +-BasicFetch [com.cognizant.main.entities.VehicleDetails.InsuranceCompanyName]
 |  +-BasicFetch [com.cognizant.main.entities.VehicleDetails.InsuranceExpiresOn]
 |  +-BasicFetch [com.cognizant.main.entities.VehicleDetails.InsurancedOn]
 |  +-BasicFetch [com.cognizant.main.entities.VehicleDetails.PUCCertificateNo]
 |  +-BasicFetch [com.cognizant.main.entities.VehicleDetails.PUCDOCURL]
 |  +-BasicFetch [com.cognizant.main.entities.VehicleDetails.PUCIssuedOn]
 |  +-BasicFetch [com.cognizant.main.entities.VehicleDetails.PUCValidUntil]
 |  +-BasicFetch [com.cognizant.main.entities.VehicleDetails.RCDocURL]
 |  +-BasicFetch [com.cognizant.main.entities.VehicleDetails.RTOName]
 |  +-BasicFetch [com.cognizant.main.entities.VehicleDetails.RegistrationDate]
 |  \-BasicFetch [com.cognizant.main.entities.VehicleDetails.RegistrationExpiresOn]

2024-04-24T17:02:27.085+05:30 DEBUG 5824 --- [Vehicle Management Module] [           main] org.hibernate.orm.sql.ast.tree           : SQL AST Tree:
    SelectStatement {
      FromClause {
        StandardTableGroup (vd1 : com.cognizant.main.entities.VehicleDetails) {
          primaryTableReference : vechile_details as vd1_0
        }
      }
    }

2024-04-24T17:02:27.091+05:30 DEBUG 5824 --- [Vehicle Management Module] [           main] org.hibernate.orm.sql.exec               : Skipping reading Query result cache data: cache-enabled = false, cache-mode = IGNORE
2024-04-24T17:02:27.092+05:30 DEBUG 5824 --- [Vehicle Management Module] [           main] org.hibernate.orm.results                : Initializer list:
	  com.cognizant.main.entities.VehicleDetails -> EntityResultInitializer(com.cognizant.main.entities.VehicleDetails)@1494867303 (SingleTableEntityPersister(com.cognizant.main.entities.VehicleDetails))

2024-04-24T17:02:27.092+05:30 DEBUG 5824 --- [Vehicle Management Module] [           main] org.hibernate.SQL                        : select vd1_0.registration_no,vd1_0.insurance_no,vd1_0.insurance_certificatedocurl,vd1_0.insurance_company_name,vd1_0.insurance_expires_on,vd1_0.insuranced_on,vd1_0.puccertificate_no,vd1_0.pucdocurl,vd1_0.pucissued_on,vd1_0.pucvalid_until,vd1_0.rcdocurl,vd1_0.rtoname,vd1_0.registration_date,vd1_0.registration_expires_on from vechile_details vd1_0 where vd1_0.registration_no=?
Hibernate: select vd1_0.registration_no,vd1_0.insurance_no,vd1_0.insurance_certificatedocurl,vd1_0.insurance_company_name,vd1_0.insurance_expires_on,vd1_0.insuranced_on,vd1_0.puccertificate_no,vd1_0.pucdocurl,vd1_0.pucissued_on,vd1_0.pucvalid_until,vd1_0.rcdocurl,vd1_0.rtoname,vd1_0.registration_date,vd1_0.registration_expires_on from vechile_details vd1_0 where vd1_0.registration_no=?
2024-04-24T17:02:27.128+05:30 DEBUG 5824 --- [Vehicle Management Module] [           main] o.s.orm.jpa.JpaTransactionManager        : Found thread-bound EntityManager [SessionImpl(1044472558<open>)] for JPA transaction
2024-04-24T17:02:27.128+05:30 DEBUG 5824 --- [Vehicle Management Module] [           main] o.s.orm.jpa.JpaTransactionManager        : Participating in existing transaction
2024-04-24T17:02:27.132+05:30 DEBUG 5824 --- [Vehicle Management Module] [           main] org.springframework.test.context.cache   : Spring test ApplicationContext cache statistics: [DefaultContextCache@491cceb4 size = 2, maxSize = 32, parentContextCount = 0, hitCount = 30, missCount = 2, failureCount = 0]
2024-04-24T17:02:27.133+05:30 DEBUG 5824 --- [Vehicle Management Module] [           main] org.springframework.test.context.cache   : Spring test ApplicationContext cache statistics: [DefaultContextCache@491cceb4 size = 2, maxSize = 32, parentContextCount = 0, hitCount = 31, missCount = 2, failureCount = 0]
2024-04-24T17:02:27.133+05:30 DEBUG 5824 --- [Vehicle Management Module] [           main] org.springframework.test.context.cache   : Spring test ApplicationContext cache statistics: [DefaultContextCache@491cceb4 size = 2, maxSize = 32, parentContextCount = 0, hitCount = 32, missCount = 2, failureCount = 0]
2024-04-24T17:02:27.134+05:30 DEBUG 5824 --- [Vehicle Management Module] [           main] org.springframework.test.context.cache   : Spring test ApplicationContext cache statistics: [DefaultContextCache@491cceb4 size = 2, maxSize = 32, parentContextCount = 0, hitCount = 33, missCount = 2, failureCount = 0]
2024-04-24T17:02:27.134+05:30 DEBUG 5824 --- [Vehicle Management Module] [           main] org.springframework.test.context.cache   : Spring test ApplicationContext cache statistics: [DefaultContextCache@491cceb4 size = 2, maxSize = 32, parentContextCount = 0, hitCount = 34, missCount = 2, failureCount = 0]
2024-04-24T17:02:27.135+05:30 DEBUG 5824 --- [Vehicle Management Module] [           main] org.springframework.test.context.cache   : Spring test ApplicationContext cache statistics: [DefaultContextCache@491cceb4 size = 2, maxSize = 32, parentContextCount = 0, hitCount = 35, missCount = 2, failureCount = 0]
2024-04-24T17:02:27.135+05:30 DEBUG 5824 --- [Vehicle Management Module] [           main] o.s.orm.jpa.JpaTransactionManager        : Initiating transaction rollback
2024-04-24T17:02:27.135+05:30 DEBUG 5824 --- [Vehicle Management Module] [           main] o.s.orm.jpa.JpaTransactionManager        : Rolling back JPA transaction on EntityManager [SessionImpl(1044472558<open>)]
2024-04-24T17:02:27.135+05:30 DEBUG 5824 --- [Vehicle Management Module] [           main] o.h.e.t.internal.TransactionImpl         : rolling back
2024-04-24T17:02:27.136+05:30 DEBUG 5824 --- [Vehicle Management Module] [           main] o.s.orm.jpa.JpaTransactionManager        : Closing JPA EntityManager [SessionImpl(1044472558<open>)] after transaction
2024-04-24T17:02:27.136+05:30 DEBUG 5824 --- [Vehicle Management Module] [           main] o.s.t.c.transaction.TransactionContext   : Rolled back transaction (1) for test class [com.cognizant.main.TestVehicleDetailsRepository]; test method [testFindByIdPositive]
2024-04-24T17:02:27.136+05:30 DEBUG 5824 --- [Vehicle Management Module] [           main] .c.s.DirtiesContextTestExecutionListener : After test method: class [TestVehicleDetailsRepository], method [testFindByIdPositive], class annotated with @DirtiesContext [false] with mode [null], method annotated with @DirtiesContext [false] with mode [null]
]]></system-out>
  </testcase>
  <testcase name="testFindByIdNegative" classname="com.cognizant.main.TestVehicleDetailsRepository" time="0.015">
    <system-out><![CDATA[2024-04-24T17:02:27.137+05:30 DEBUG 5824 --- [Vehicle Management Module] [           main] DependencyInjectionTestExecutionListener : Performing dependency injection for test class com.cognizant.main.TestVehicleDetailsRepository
2024-04-24T17:02:27.137+05:30 DEBUG 5824 --- [Vehicle Management Module] [           main] org.springframework.test.context.cache   : Spring test ApplicationContext cache statistics: [DefaultContextCache@491cceb4 size = 2, maxSize = 32, parentContextCount = 0, hitCount = 36, missCount = 2, failureCount = 0]
2024-04-24T17:02:27.138+05:30 DEBUG 5824 --- [Vehicle Management Module] [           main] org.springframework.test.context.cache   : Spring test ApplicationContext cache statistics: [DefaultContextCache@491cceb4 size = 2, maxSize = 32, parentContextCount = 0, hitCount = 37, missCount = 2, failureCount = 0]
2024-04-24T17:02:27.140+05:30 DEBUG 5824 --- [Vehicle Management Module] [           main] sContextBeforeModesTestExecutionListener : Before test method: class [TestVehicleDetailsRepository], method [testFindByIdNegative], class annotated with @DirtiesContext [false] with mode [null], method annotated with @DirtiesContext [false] with mode [null]
2024-04-24T17:02:27.140+05:30 DEBUG 5824 --- [Vehicle Management Module] [           main] t.c.t.TransactionalTestExecutionListener : Explicit transaction definition [PROPAGATION_REQUIRED,ISOLATION_DEFAULT] found for test class [com.cognizant.main.TestVehicleDetailsRepository] and test method [testFindByIdNegative]
2024-04-24T17:02:27.140+05:30 DEBUG 5824 --- [Vehicle Management Module] [           main] org.springframework.test.context.cache   : Spring test ApplicationContext cache statistics: [DefaultContextCache@491cceb4 size = 2, maxSize = 32, parentContextCount = 0, hitCount = 38, missCount = 2, failureCount = 0]
2024-04-24T17:02:27.140+05:30 DEBUG 5824 --- [Vehicle Management Module] [           main] t.c.t.TransactionalTestExecutionListener : No method-level @Rollback override: using default rollback [true] for test method [public void com.cognizant.main.TestVehicleDetailsRepository.testFindByIdNegative()]
2024-04-24T17:02:27.140+05:30 DEBUG 5824 --- [Vehicle Management Module] [           main] o.s.orm.jpa.JpaTransactionManager        : Creating new transaction with name [com.cognizant.main.TestVehicleDetailsRepository.testFindByIdNegative]: PROPAGATION_REQUIRED,ISOLATION_DEFAULT
2024-04-24T17:02:27.141+05:30 DEBUG 5824 --- [Vehicle Management Module] [           main] o.s.orm.jpa.JpaTransactionManager        : Opened new EntityManager [SessionImpl(33814825<open>)] for JPA transaction
2024-04-24T17:02:27.141+05:30 DEBUG 5824 --- [Vehicle Management Module] [           main] o.h.e.t.internal.TransactionImpl         : On TransactionImpl creation, JpaCompliance#isJpaTransactionComplianceEnabled == false
2024-04-24T17:02:27.141+05:30 DEBUG 5824 --- [Vehicle Management Module] [           main] o.h.e.t.internal.TransactionImpl         : begin
2024-04-24T17:02:27.141+05:30 DEBUG 5824 --- [Vehicle Management Module] [           main] o.s.j.datasource.SimpleDriverDataSource  : Creating new JDBC Driver Connection to [jdbc:h2:mem:77e5e59b-9028-4692-bf3e-2dbb97a1edaf;DB_CLOSE_DELAY=-1;DB_CLOSE_ON_EXIT=false]
2024-04-24T17:02:27.141+05:30 DEBUG 5824 --- [Vehicle Management Module] [           main] o.s.orm.jpa.JpaTransactionManager        : Exposing JPA transaction as JDBC [org.springframework.orm.jpa.vendor.HibernateJpaDialect$HibernateConnectionHandle@27c243a3]
2024-04-24T17:02:27.141+05:30 DEBUG 5824 --- [Vehicle Management Module] [           main] o.s.t.c.transaction.TransactionContext   : Began transaction (1) for test class [com.cognizant.main.TestVehicleDetailsRepository]; test method [testFindByIdNegative]; transaction manager [org.springframework.orm.jpa.JpaTransactionManager@82b778b]; rollback [true]
2024-04-24T17:02:27.143+05:30 DEBUG 5824 --- [Vehicle Management Module] [           main] org.springframework.test.context.cache   : Spring test ApplicationContext cache statistics: [DefaultContextCache@491cceb4 size = 2, maxSize = 32, parentContextCount = 0, hitCount = 39, missCount = 2, failureCount = 0]
2024-04-24T17:02:27.143+05:30 DEBUG 5824 --- [Vehicle Management Module] [           main] org.springframework.test.context.cache   : Spring test ApplicationContext cache statistics: [DefaultContextCache@491cceb4 size = 2, maxSize = 32, parentContextCount = 0, hitCount = 40, missCount = 2, failureCount = 0]
2024-04-24T17:02:27.144+05:30 DEBUG 5824 --- [Vehicle Management Module] [           main] org.springframework.test.context.cache   : Spring test ApplicationContext cache statistics: [DefaultContextCache@491cceb4 size = 2, maxSize = 32, parentContextCount = 0, hitCount = 41, missCount = 2, failureCount = 0]
2024-04-24T17:02:27.144+05:30 DEBUG 5824 --- [Vehicle Management Module] [           main] o.s.orm.jpa.JpaTransactionManager        : Found thread-bound EntityManager [SessionImpl(33814825<open>)] for JPA transaction
2024-04-24T17:02:27.144+05:30 DEBUG 5824 --- [Vehicle Management Module] [           main] o.s.orm.jpa.JpaTransactionManager        : Participating in existing transaction
2024-04-24T17:02:27.144+05:30 DEBUG 5824 --- [Vehicle Management Module] [           main] org.hibernate.orm.sql.exec               : Skipping reading Query result cache data: cache-enabled = false, cache-mode = IGNORE
2024-04-24T17:02:27.145+05:30 DEBUG 5824 --- [Vehicle Management Module] [           main] org.hibernate.orm.results                : Initializer list:
	  com.cognizant.main.entities.VehicleDetails -> EntityResultInitializer(com.cognizant.main.entities.VehicleDetails)@1424552202 (SingleTableEntityPersister(com.cognizant.main.entities.VehicleDetails))

2024-04-24T17:02:27.145+05:30 DEBUG 5824 --- [Vehicle Management Module] [           main] org.hibernate.SQL                        : select vd1_0.registration_no,vd1_0.insurance_no,vd1_0.insurance_certificatedocurl,vd1_0.insurance_company_name,vd1_0.insurance_expires_on,vd1_0.insuranced_on,vd1_0.puccertificate_no,vd1_0.pucdocurl,vd1_0.pucissued_on,vd1_0.pucvalid_until,vd1_0.rcdocurl,vd1_0.rtoname,vd1_0.registration_date,vd1_0.registration_expires_on from vechile_details vd1_0 where vd1_0.registration_no=?
Hibernate: select vd1_0.registration_no,vd1_0.insurance_no,vd1_0.insurance_certificatedocurl,vd1_0.insurance_company_name,vd1_0.insurance_expires_on,vd1_0.insuranced_on,vd1_0.puccertificate_no,vd1_0.pucdocurl,vd1_0.pucissued_on,vd1_0.pucvalid_until,vd1_0.rcdocurl,vd1_0.rtoname,vd1_0.registration_date,vd1_0.registration_expires_on from vechile_details vd1_0 where vd1_0.registration_no=?
2024-04-24T17:02:27.149+05:30 DEBUG 5824 --- [Vehicle Management Module] [           main] org.springframework.test.context.cache   : Spring test ApplicationContext cache statistics: [DefaultContextCache@491cceb4 size = 2, maxSize = 32, parentContextCount = 0, hitCount = 42, missCount = 2, failureCount = 0]
2024-04-24T17:02:27.149+05:30 DEBUG 5824 --- [Vehicle Management Module] [           main] org.springframework.test.context.cache   : Spring test ApplicationContext cache statistics: [DefaultContextCache@491cceb4 size = 2, maxSize = 32, parentContextCount = 0, hitCount = 43, missCount = 2, failureCount = 0]
2024-04-24T17:02:27.149+05:30 DEBUG 5824 --- [Vehicle Management Module] [           main] org.springframework.test.context.cache   : Spring test ApplicationContext cache statistics: [DefaultContextCache@491cceb4 size = 2, maxSize = 32, parentContextCount = 0, hitCount = 44, missCount = 2, failureCount = 0]
2024-04-24T17:02:27.150+05:30 DEBUG 5824 --- [Vehicle Management Module] [           main] org.springframework.test.context.cache   : Spring test ApplicationContext cache statistics: [DefaultContextCache@491cceb4 size = 2, maxSize = 32, parentContextCount = 0, hitCount = 45, missCount = 2, failureCount = 0]
2024-04-24T17:02:27.150+05:30 DEBUG 5824 --- [Vehicle Management Module] [           main] org.springframework.test.context.cache   : Spring test ApplicationContext cache statistics: [DefaultContextCache@491cceb4 size = 2, maxSize = 32, parentContextCount = 0, hitCount = 46, missCount = 2, failureCount = 0]
2024-04-24T17:02:27.152+05:30 DEBUG 5824 --- [Vehicle Management Module] [           main] org.springframework.test.context.cache   : Spring test ApplicationContext cache statistics: [DefaultContextCache@491cceb4 size = 2, maxSize = 32, parentContextCount = 0, hitCount = 47, missCount = 2, failureCount = 0]
2024-04-24T17:02:27.152+05:30 DEBUG 5824 --- [Vehicle Management Module] [           main] o.s.orm.jpa.JpaTransactionManager        : Initiating transaction rollback
2024-04-24T17:02:27.152+05:30 DEBUG 5824 --- [Vehicle Management Module] [           main] o.s.orm.jpa.JpaTransactionManager        : Rolling back JPA transaction on EntityManager [SessionImpl(33814825<open>)]
2024-04-24T17:02:27.152+05:30 DEBUG 5824 --- [Vehicle Management Module] [           main] o.h.e.t.internal.TransactionImpl         : rolling back
2024-04-24T17:02:27.153+05:30 DEBUG 5824 --- [Vehicle Management Module] [           main] o.s.orm.jpa.JpaTransactionManager        : Closing JPA EntityManager [SessionImpl(33814825<open>)] after transaction
2024-04-24T17:02:27.153+05:30 DEBUG 5824 --- [Vehicle Management Module] [           main] o.s.t.c.transaction.TransactionContext   : Rolled back transaction (1) for test class [com.cognizant.main.TestVehicleDetailsRepository]; test method [testFindByIdNegative]
2024-04-24T17:02:27.153+05:30 DEBUG 5824 --- [Vehicle Management Module] [           main] .c.s.DirtiesContextTestExecutionListener : After test method: class [TestVehicleDetailsRepository], method [testFindByIdNegative], class annotated with @DirtiesContext [false] with mode [null], method annotated with @DirtiesContext [false] with mode [null]
]]></system-out>
  </testcase>
  <testcase name="testSavePositive" classname="com.cognizant.main.TestVehicleDetailsRepository" time="0.015">
    <system-out><![CDATA[2024-04-24T17:02:27.154+05:30 DEBUG 5824 --- [Vehicle Management Module] [           main] DependencyInjectionTestExecutionListener : Performing dependency injection for test class com.cognizant.main.TestVehicleDetailsRepository
2024-04-24T17:02:27.154+05:30 DEBUG 5824 --- [Vehicle Management Module] [           main] org.springframework.test.context.cache   : Spring test ApplicationContext cache statistics: [DefaultContextCache@491cceb4 size = 2, maxSize = 32, parentContextCount = 0, hitCount = 48, missCount = 2, failureCount = 0]
2024-04-24T17:02:27.155+05:30 DEBUG 5824 --- [Vehicle Management Module] [           main] org.springframework.test.context.cache   : Spring test ApplicationContext cache statistics: [DefaultContextCache@491cceb4 size = 2, maxSize = 32, parentContextCount = 0, hitCount = 49, missCount = 2, failureCount = 0]
2024-04-24T17:02:27.156+05:30 DEBUG 5824 --- [Vehicle Management Module] [           main] sContextBeforeModesTestExecutionListener : Before test method: class [TestVehicleDetailsRepository], method [testSavePositive], class annotated with @DirtiesContext [false] with mode [null], method annotated with @DirtiesContext [false] with mode [null]
2024-04-24T17:02:27.156+05:30 DEBUG 5824 --- [Vehicle Management Module] [           main] t.c.t.TransactionalTestExecutionListener : Explicit transaction definition [PROPAGATION_REQUIRED,ISOLATION_DEFAULT] found for test class [com.cognizant.main.TestVehicleDetailsRepository] and test method [testSavePositive]
2024-04-24T17:02:27.156+05:30 DEBUG 5824 --- [Vehicle Management Module] [           main] org.springframework.test.context.cache   : Spring test ApplicationContext cache statistics: [DefaultContextCache@491cceb4 size = 2, maxSize = 32, parentContextCount = 0, hitCount = 50, missCount = 2, failureCount = 0]
2024-04-24T17:02:27.158+05:30 DEBUG 5824 --- [Vehicle Management Module] [           main] t.c.t.TransactionalTestExecutionListener : No method-level @Rollback override: using default rollback [true] for test method [public void com.cognizant.main.TestVehicleDetailsRepository.testSavePositive()]
2024-04-24T17:02:27.158+05:30 DEBUG 5824 --- [Vehicle Management Module] [           main] o.s.orm.jpa.JpaTransactionManager        : Creating new transaction with name [com.cognizant.main.TestVehicleDetailsRepository.testSavePositive]: PROPAGATION_REQUIRED,ISOLATION_DEFAULT
2024-04-24T17:02:27.158+05:30 DEBUG 5824 --- [Vehicle Management Module] [           main] o.s.orm.jpa.JpaTransactionManager        : Opened new EntityManager [SessionImpl(229142818<open>)] for JPA transaction
2024-04-24T17:02:27.158+05:30 DEBUG 5824 --- [Vehicle Management Module] [           main] o.h.e.t.internal.TransactionImpl         : On TransactionImpl creation, JpaCompliance#isJpaTransactionComplianceEnabled == false
2024-04-24T17:02:27.158+05:30 DEBUG 5824 --- [Vehicle Management Module] [           main] o.h.e.t.internal.TransactionImpl         : begin
2024-04-24T17:02:27.158+05:30 DEBUG 5824 --- [Vehicle Management Module] [           main] o.s.j.datasource.SimpleDriverDataSource  : Creating new JDBC Driver Connection to [jdbc:h2:mem:77e5e59b-9028-4692-bf3e-2dbb97a1edaf;DB_CLOSE_DELAY=-1;DB_CLOSE_ON_EXIT=false]
2024-04-24T17:02:27.159+05:30 DEBUG 5824 --- [Vehicle Management Module] [           main] o.s.orm.jpa.JpaTransactionManager        : Exposing JPA transaction as JDBC [org.springframework.orm.jpa.vendor.HibernateJpaDialect$HibernateConnectionHandle@9bd7c1]
2024-04-24T17:02:27.159+05:30 DEBUG 5824 --- [Vehicle Management Module] [           main] o.s.t.c.transaction.TransactionContext   : Began transaction (1) for test class [com.cognizant.main.TestVehicleDetailsRepository]; test method [testSavePositive]; transaction manager [org.springframework.orm.jpa.JpaTransactionManager@82b778b]; rollback [true]
2024-04-24T17:02:27.160+05:30 DEBUG 5824 --- [Vehicle Management Module] [           main] org.springframework.test.context.cache   : Spring test ApplicationContext cache statistics: [DefaultContextCache@491cceb4 size = 2, maxSize = 32, parentContextCount = 0, hitCount = 51, missCount = 2, failureCount = 0]
2024-04-24T17:02:27.160+05:30 DEBUG 5824 --- [Vehicle Management Module] [           main] org.springframework.test.context.cache   : Spring test ApplicationContext cache statistics: [DefaultContextCache@491cceb4 size = 2, maxSize = 32, parentContextCount = 0, hitCount = 52, missCount = 2, failureCount = 0]
2024-04-24T17:02:27.161+05:30 DEBUG 5824 --- [Vehicle Management Module] [           main] org.springframework.test.context.cache   : Spring test ApplicationContext cache statistics: [DefaultContextCache@491cceb4 size = 2, maxSize = 32, parentContextCount = 0, hitCount = 53, missCount = 2, failureCount = 0]
2024-04-24T17:02:27.161+05:30 DEBUG 5824 --- [Vehicle Management Module] [           main] o.s.orm.jpa.JpaTransactionManager        : Found thread-bound EntityManager [SessionImpl(229142818<open>)] for JPA transaction
2024-04-24T17:02:27.161+05:30 DEBUG 5824 --- [Vehicle Management Module] [           main] o.s.orm.jpa.JpaTransactionManager        : Participating in existing transaction
2024-04-24T17:02:27.161+05:30 DEBUG 5824 --- [Vehicle Management Module] [           main] o.h.j.internal.PersistenceUnitUtilImpl   : jakarta.persistence.PersistenceUnitUtil.getIdentifier is only intended to work with enhanced entities (although Hibernate also adapts this support to its proxies); however the passed entity was not enhanced (nor a proxy).. may not be able to read identifier
2024-04-24T17:02:27.162+05:30 DEBUG 5824 --- [Vehicle Management Module] [           main] org.hibernate.orm.sql.exec               : Skipping reading Query result cache data: cache-enabled = false, cache-mode = IGNORE
2024-04-24T17:02:27.162+05:30 DEBUG 5824 --- [Vehicle Management Module] [           main] org.hibernate.orm.results                : Initializer list:
	  com.cognizant.main.entities.VehicleDetails -> EntityResultInitializer(com.cognizant.main.entities.VehicleDetails)@776465502 (SingleTableEntityPersister(com.cognizant.main.entities.VehicleDetails))

2024-04-24T17:02:27.162+05:30 DEBUG 5824 --- [Vehicle Management Module] [           main] org.hibernate.SQL                        : select vd1_0.registration_no,vd1_0.insurance_no,vd1_0.insurance_certificatedocurl,vd1_0.insurance_company_name,vd1_0.insurance_expires_on,vd1_0.insuranced_on,vd1_0.puccertificate_no,vd1_0.pucdocurl,vd1_0.pucissued_on,vd1_0.pucvalid_until,vd1_0.rcdocurl,vd1_0.rtoname,vd1_0.registration_date,vd1_0.registration_expires_on from vechile_details vd1_0 where vd1_0.registration_no=?
Hibernate: select vd1_0.registration_no,vd1_0.insurance_no,vd1_0.insurance_certificatedocurl,vd1_0.insurance_company_name,vd1_0.insurance_expires_on,vd1_0.insuranced_on,vd1_0.puccertificate_no,vd1_0.pucdocurl,vd1_0.pucissued_on,vd1_0.pucvalid_until,vd1_0.rcdocurl,vd1_0.rtoname,vd1_0.registration_date,vd1_0.registration_expires_on from vechile_details vd1_0 where vd1_0.registration_no=?
2024-04-24T17:02:27.165+05:30 DEBUG 5824 --- [Vehicle Management Module] [           main] o.s.orm.jpa.JpaTransactionManager        : Found thread-bound EntityManager [SessionImpl(229142818<open>)] for JPA transaction
2024-04-24T17:02:27.165+05:30 DEBUG 5824 --- [Vehicle Management Module] [           main] o.s.orm.jpa.JpaTransactionManager        : Participating in existing transaction
2024-04-24T17:02:27.166+05:30 DEBUG 5824 --- [Vehicle Management Module] [           main] org.springframework.test.context.cache   : Spring test ApplicationContext cache statistics: [DefaultContextCache@491cceb4 size = 2, maxSize = 32, parentContextCount = 0, hitCount = 54, missCount = 2, failureCount = 0]
2024-04-24T17:02:27.166+05:30 DEBUG 5824 --- [Vehicle Management Module] [           main] org.springframework.test.context.cache   : Spring test ApplicationContext cache statistics: [DefaultContextCache@491cceb4 size = 2, maxSize = 32, parentContextCount = 0, hitCount = 55, missCount = 2, failureCount = 0]
2024-04-24T17:02:27.166+05:30 DEBUG 5824 --- [Vehicle Management Module] [           main] org.springframework.test.context.cache   : Spring test ApplicationContext cache statistics: [DefaultContextCache@491cceb4 size = 2, maxSize = 32, parentContextCount = 0, hitCount = 56, missCount = 2, failureCount = 0]
2024-04-24T17:02:27.166+05:30 DEBUG 5824 --- [Vehicle Management Module] [           main] org.springframework.test.context.cache   : Spring test ApplicationContext cache statistics: [DefaultContextCache@491cceb4 size = 2, maxSize = 32, parentContextCount = 0, hitCount = 57, missCount = 2, failureCount = 0]
2024-04-24T17:02:27.166+05:30 DEBUG 5824 --- [Vehicle Management Module] [           main] org.springframework.test.context.cache   : Spring test ApplicationContext cache statistics: [DefaultContextCache@491cceb4 size = 2, maxSize = 32, parentContextCount = 0, hitCount = 58, missCount = 2, failureCount = 0]
2024-04-24T17:02:27.167+05:30 DEBUG 5824 --- [Vehicle Management Module] [           main] org.springframework.test.context.cache   : Spring test ApplicationContext cache statistics: [DefaultContextCache@491cceb4 size = 2, maxSize = 32, parentContextCount = 0, hitCount = 59, missCount = 2, failureCount = 0]
2024-04-24T17:02:27.169+05:30 DEBUG 5824 --- [Vehicle Management Module] [           main] o.s.orm.jpa.JpaTransactionManager        : Initiating transaction rollback
2024-04-24T17:02:27.169+05:30 DEBUG 5824 --- [Vehicle Management Module] [           main] o.s.orm.jpa.JpaTransactionManager        : Rolling back JPA transaction on EntityManager [SessionImpl(229142818<open>)]
2024-04-24T17:02:27.169+05:30 DEBUG 5824 --- [Vehicle Management Module] [           main] o.h.e.t.internal.TransactionImpl         : rolling back
2024-04-24T17:02:27.170+05:30 DEBUG 5824 --- [Vehicle Management Module] [           main] o.s.orm.jpa.JpaTransactionManager        : Closing JPA EntityManager [SessionImpl(229142818<open>)] after transaction
2024-04-24T17:02:27.170+05:30 DEBUG 5824 --- [Vehicle Management Module] [           main] o.s.t.c.transaction.TransactionContext   : Rolled back transaction (1) for test class [com.cognizant.main.TestVehicleDetailsRepository]; test method [testSavePositive]
2024-04-24T17:02:27.170+05:30 DEBUG 5824 --- [Vehicle Management Module] [           main] .c.s.DirtiesContextTestExecutionListener : After test method: class [TestVehicleDetailsRepository], method [testSavePositive], class annotated with @DirtiesContext [false] with mode [null], method annotated with @DirtiesContext [false] with mode [null]
]]></system-out>
  </testcase>
  <testcase name="testDeletePositive" classname="com.cognizant.main.TestVehicleDetailsRepository" time="0.014">
    <system-out><![CDATA[2024-04-24T17:02:27.178+05:30 DEBUG 5824 --- [Vehicle Management Module] [           main] DependencyInjectionTestExecutionListener : Performing dependency injection for test class com.cognizant.main.TestVehicleDetailsRepository
2024-04-24T17:02:27.178+05:30 DEBUG 5824 --- [Vehicle Management Module] [           main] org.springframework.test.context.cache   : Spring test ApplicationContext cache statistics: [DefaultContextCache@491cceb4 size = 2, maxSize = 32, parentContextCount = 0, hitCount = 60, missCount = 2, failureCount = 0]
2024-04-24T17:02:27.178+05:30 DEBUG 5824 --- [Vehicle Management Module] [           main] org.springframework.test.context.cache   : Spring test ApplicationContext cache statistics: [DefaultContextCache@491cceb4 size = 2, maxSize = 32, parentContextCount = 0, hitCount = 61, missCount = 2, failureCount = 0]
2024-04-24T17:02:27.180+05:30 DEBUG 5824 --- [Vehicle Management Module] [           main] sContextBeforeModesTestExecutionListener : Before test method: class [TestVehicleDetailsRepository], method [testDeletePositive], class annotated with @DirtiesContext [false] with mode [null], method annotated with @DirtiesContext [false] with mode [null]
2024-04-24T17:02:27.180+05:30 DEBUG 5824 --- [Vehicle Management Module] [           main] t.c.t.TransactionalTestExecutionListener : Explicit transaction definition [PROPAGATION_REQUIRED,ISOLATION_DEFAULT] found for test class [com.cognizant.main.TestVehicleDetailsRepository] and test method [testDeletePositive]
2024-04-24T17:02:27.180+05:30 DEBUG 5824 --- [Vehicle Management Module] [           main] org.springframework.test.context.cache   : Spring test ApplicationContext cache statistics: [DefaultContextCache@491cceb4 size = 2, maxSize = 32, parentContextCount = 0, hitCount = 62, missCount = 2, failureCount = 0]
2024-04-24T17:02:27.180+05:30 DEBUG 5824 --- [Vehicle Management Module] [           main] t.c.t.TransactionalTestExecutionListener : No method-level @Rollback override: using default rollback [true] for test method [public void com.cognizant.main.TestVehicleDetailsRepository.testDeletePositive()]
2024-04-24T17:02:27.180+05:30 DEBUG 5824 --- [Vehicle Management Module] [           main] o.s.orm.jpa.JpaTransactionManager        : Creating new transaction with name [com.cognizant.main.TestVehicleDetailsRepository.testDeletePositive]: PROPAGATION_REQUIRED,ISOLATION_DEFAULT
2024-04-24T17:02:27.181+05:30 DEBUG 5824 --- [Vehicle Management Module] [           main] o.s.orm.jpa.JpaTransactionManager        : Opened new EntityManager [SessionImpl(222206868<open>)] for JPA transaction
2024-04-24T17:02:27.181+05:30 DEBUG 5824 --- [Vehicle Management Module] [           main] o.h.e.t.internal.TransactionImpl         : On TransactionImpl creation, JpaCompliance#isJpaTransactionComplianceEnabled == false
2024-04-24T17:02:27.181+05:30 DEBUG 5824 --- [Vehicle Management Module] [           main] o.h.e.t.internal.TransactionImpl         : begin
2024-04-24T17:02:27.181+05:30 DEBUG 5824 --- [Vehicle Management Module] [           main] o.s.j.datasource.SimpleDriverDataSource  : Creating new JDBC Driver Connection to [jdbc:h2:mem:77e5e59b-9028-4692-bf3e-2dbb97a1edaf;DB_CLOSE_DELAY=-1;DB_CLOSE_ON_EXIT=false]
2024-04-24T17:02:27.181+05:30 DEBUG 5824 --- [Vehicle Management Module] [           main] o.s.orm.jpa.JpaTransactionManager        : Exposing JPA transaction as JDBC [org.springframework.orm.jpa.vendor.HibernateJpaDialect$HibernateConnectionHandle@c73b9fc]
2024-04-24T17:02:27.182+05:30 DEBUG 5824 --- [Vehicle Management Module] [           main] o.s.t.c.transaction.TransactionContext   : Began transaction (1) for test class [com.cognizant.main.TestVehicleDetailsRepository]; test method [testDeletePositive]; transaction manager [org.springframework.orm.jpa.JpaTransactionManager@82b778b]; rollback [true]
2024-04-24T17:02:27.182+05:30 DEBUG 5824 --- [Vehicle Management Module] [           main] org.springframework.test.context.cache   : Spring test ApplicationContext cache statistics: [DefaultContextCache@491cceb4 size = 2, maxSize = 32, parentContextCount = 0, hitCount = 63, missCount = 2, failureCount = 0]
2024-04-24T17:02:27.182+05:30 DEBUG 5824 --- [Vehicle Management Module] [           main] org.springframework.test.context.cache   : Spring test ApplicationContext cache statistics: [DefaultContextCache@491cceb4 size = 2, maxSize = 32, parentContextCount = 0, hitCount = 64, missCount = 2, failureCount = 0]
2024-04-24T17:02:27.183+05:30 DEBUG 5824 --- [Vehicle Management Module] [           main] org.springframework.test.context.cache   : Spring test ApplicationContext cache statistics: [DefaultContextCache@491cceb4 size = 2, maxSize = 32, parentContextCount = 0, hitCount = 65, missCount = 2, failureCount = 0]
2024-04-24T17:02:27.184+05:30 DEBUG 5824 --- [Vehicle Management Module] [           main] o.s.orm.jpa.JpaTransactionManager        : Found thread-bound EntityManager [SessionImpl(222206868<open>)] for JPA transaction
2024-04-24T17:02:27.184+05:30 DEBUG 5824 --- [Vehicle Management Module] [           main] o.s.orm.jpa.JpaTransactionManager        : Participating in existing transaction
2024-04-24T17:02:27.185+05:30 DEBUG 5824 --- [Vehicle Management Module] [           main] o.h.j.internal.PersistenceUnitUtilImpl   : jakarta.persistence.PersistenceUnitUtil.getIdentifier is only intended to work with enhanced entities (although Hibernate also adapts this support to its proxies); however the passed entity was not enhanced (nor a proxy).. may not be able to read identifier
2024-04-24T17:02:27.185+05:30 DEBUG 5824 --- [Vehicle Management Module] [           main] o.h.j.internal.PersistenceUnitUtilImpl   : jakarta.persistence.PersistenceUnitUtil.getIdentifier is only intended to work with enhanced entities (although Hibernate also adapts this support to its proxies); however the passed entity was not enhanced (nor a proxy).. may not be able to read identifier
2024-04-24T17:02:27.185+05:30 DEBUG 5824 --- [Vehicle Management Module] [           main] org.hibernate.orm.sql.exec               : Skipping reading Query result cache data: cache-enabled = false, cache-mode = IGNORE
2024-04-24T17:02:27.185+05:30 DEBUG 5824 --- [Vehicle Management Module] [           main] org.hibernate.orm.results                : Initializer list:
	  com.cognizant.main.entities.VehicleDetails -> EntityResultInitializer(com.cognizant.main.entities.VehicleDetails)@1169826236 (SingleTableEntityPersister(com.cognizant.main.entities.VehicleDetails))

2024-04-24T17:02:27.185+05:30 DEBUG 5824 --- [Vehicle Management Module] [           main] org.hibernate.SQL                        : select vd1_0.registration_no,vd1_0.insurance_no,vd1_0.insurance_certificatedocurl,vd1_0.insurance_company_name,vd1_0.insurance_expires_on,vd1_0.insuranced_on,vd1_0.puccertificate_no,vd1_0.pucdocurl,vd1_0.pucissued_on,vd1_0.pucvalid_until,vd1_0.rcdocurl,vd1_0.rtoname,vd1_0.registration_date,vd1_0.registration_expires_on from vechile_details vd1_0 where vd1_0.registration_no=?
Hibernate: select vd1_0.registration_no,vd1_0.insurance_no,vd1_0.insurance_certificatedocurl,vd1_0.insurance_company_name,vd1_0.insurance_expires_on,vd1_0.insuranced_on,vd1_0.puccertificate_no,vd1_0.pucdocurl,vd1_0.pucissued_on,vd1_0.pucvalid_until,vd1_0.rcdocurl,vd1_0.rtoname,vd1_0.registration_date,vd1_0.registration_expires_on from vechile_details vd1_0 where vd1_0.registration_no=?
2024-04-24T17:02:27.188+05:30 DEBUG 5824 --- [Vehicle Management Module] [           main] o.s.orm.jpa.JpaTransactionManager        : Found thread-bound EntityManager [SessionImpl(222206868<open>)] for JPA transaction
2024-04-24T17:02:27.188+05:30 DEBUG 5824 --- [Vehicle Management Module] [           main] o.s.orm.jpa.JpaTransactionManager        : Participating in existing transaction
2024-04-24T17:02:27.188+05:30 DEBUG 5824 --- [Vehicle Management Module] [           main] org.hibernate.orm.sql.exec               : Skipping reading Query result cache data: cache-enabled = false, cache-mode = IGNORE
2024-04-24T17:02:27.188+05:30 DEBUG 5824 --- [Vehicle Management Module] [           main] org.hibernate.orm.results                : Initializer list:
	  com.cognizant.main.entities.VehicleDetails -> EntityResultInitializer(com.cognizant.main.entities.VehicleDetails)@360654923 (SingleTableEntityPersister(com.cognizant.main.entities.VehicleDetails))

2024-04-24T17:02:27.188+05:30 DEBUG 5824 --- [Vehicle Management Module] [           main] org.hibernate.SQL                        : select vd1_0.registration_no,vd1_0.insurance_no,vd1_0.insurance_certificatedocurl,vd1_0.insurance_company_name,vd1_0.insurance_expires_on,vd1_0.insuranced_on,vd1_0.puccertificate_no,vd1_0.pucdocurl,vd1_0.pucissued_on,vd1_0.pucvalid_until,vd1_0.rcdocurl,vd1_0.rtoname,vd1_0.registration_date,vd1_0.registration_expires_on from vechile_details vd1_0 where vd1_0.registration_no=?
Hibernate: select vd1_0.registration_no,vd1_0.insurance_no,vd1_0.insurance_certificatedocurl,vd1_0.insurance_company_name,vd1_0.insurance_expires_on,vd1_0.insuranced_on,vd1_0.puccertificate_no,vd1_0.pucdocurl,vd1_0.pucissued_on,vd1_0.pucvalid_until,vd1_0.rcdocurl,vd1_0.rtoname,vd1_0.registration_date,vd1_0.registration_expires_on from vechile_details vd1_0 where vd1_0.registration_no=?
2024-04-24T17:02:27.189+05:30 DEBUG 5824 --- [Vehicle Management Module] [           main] org.springframework.test.context.cache   : Spring test ApplicationContext cache statistics: [DefaultContextCache@491cceb4 size = 2, maxSize = 32, parentContextCount = 0, hitCount = 66, missCount = 2, failureCount = 0]
2024-04-24T17:02:27.190+05:30 DEBUG 5824 --- [Vehicle Management Module] [           main] org.springframework.test.context.cache   : Spring test ApplicationContext cache statistics: [DefaultContextCache@491cceb4 size = 2, maxSize = 32, parentContextCount = 0, hitCount = 67, missCount = 2, failureCount = 0]
2024-04-24T17:02:27.190+05:30 DEBUG 5824 --- [Vehicle Management Module] [           main] org.springframework.test.context.cache   : Spring test ApplicationContext cache statistics: [DefaultContextCache@491cceb4 size = 2, maxSize = 32, parentContextCount = 0, hitCount = 68, missCount = 2, failureCount = 0]
2024-04-24T17:02:27.190+05:30 DEBUG 5824 --- [Vehicle Management Module] [           main] org.springframework.test.context.cache   : Spring test ApplicationContext cache statistics: [DefaultContextCache@491cceb4 size = 2, maxSize = 32, parentContextCount = 0, hitCount = 69, missCount = 2, failureCount = 0]
2024-04-24T17:02:27.190+05:30 DEBUG 5824 --- [Vehicle Management Module] [           main] org.springframework.test.context.cache   : Spring test ApplicationContext cache statistics: [DefaultContextCache@491cceb4 size = 2, maxSize = 32, parentContextCount = 0, hitCount = 70, missCount = 2, failureCount = 0]
2024-04-24T17:02:27.191+05:30 DEBUG 5824 --- [Vehicle Management Module] [           main] org.springframework.test.context.cache   : Spring test ApplicationContext cache statistics: [DefaultContextCache@491cceb4 size = 2, maxSize = 32, parentContextCount = 0, hitCount = 71, missCount = 2, failureCount = 0]
2024-04-24T17:02:27.191+05:30 DEBUG 5824 --- [Vehicle Management Module] [           main] o.s.orm.jpa.JpaTransactionManager        : Initiating transaction rollback
2024-04-24T17:02:27.191+05:30 DEBUG 5824 --- [Vehicle Management Module] [           main] o.s.orm.jpa.JpaTransactionManager        : Rolling back JPA transaction on EntityManager [SessionImpl(222206868<open>)]
2024-04-24T17:02:27.191+05:30 DEBUG 5824 --- [Vehicle Management Module] [           main] o.h.e.t.internal.TransactionImpl         : rolling back
2024-04-24T17:02:27.191+05:30 DEBUG 5824 --- [Vehicle Management Module] [           main] o.s.orm.jpa.JpaTransactionManager        : Closing JPA EntityManager [SessionImpl(222206868<open>)] after transaction
2024-04-24T17:02:27.193+05:30 DEBUG 5824 --- [Vehicle Management Module] [           main] o.s.t.c.transaction.TransactionContext   : Rolled back transaction (1) for test class [com.cognizant.main.TestVehicleDetailsRepository]; test method [testDeletePositive]
2024-04-24T17:02:27.193+05:30 DEBUG 5824 --- [Vehicle Management Module] [           main] .c.s.DirtiesContextTestExecutionListener : After test method: class [TestVehicleDetailsRepository], method [testDeletePositive], class annotated with @DirtiesContext [false] with mode [null], method annotated with @DirtiesContext [false] with mode [null]
]]></system-out>
  </testcase>
  <testcase name="testFindAllPositive" classname="com.cognizant.main.TestVehicleDetailsRepository" time="0.088">
    <system-out><![CDATA[2024-04-24T17:02:27.194+05:30 DEBUG 5824 --- [Vehicle Management Module] [           main] DependencyInjectionTestExecutionListener : Performing dependency injection for test class com.cognizant.main.TestVehicleDetailsRepository
2024-04-24T17:02:27.194+05:30 DEBUG 5824 --- [Vehicle Management Module] [           main] org.springframework.test.context.cache   : Spring test ApplicationContext cache statistics: [DefaultContextCache@491cceb4 size = 2, maxSize = 32, parentContextCount = 0, hitCount = 72, missCount = 2, failureCount = 0]
2024-04-24T17:02:27.195+05:30 DEBUG 5824 --- [Vehicle Management Module] [           main] org.springframework.test.context.cache   : Spring test ApplicationContext cache statistics: [DefaultContextCache@491cceb4 size = 2, maxSize = 32, parentContextCount = 0, hitCount = 73, missCount = 2, failureCount = 0]
2024-04-24T17:02:27.196+05:30 DEBUG 5824 --- [Vehicle Management Module] [           main] sContextBeforeModesTestExecutionListener : Before test method: class [TestVehicleDetailsRepository], method [testFindAllPositive], class annotated with @DirtiesContext [false] with mode [null], method annotated with @DirtiesContext [false] with mode [null]
2024-04-24T17:02:27.196+05:30 DEBUG 5824 --- [Vehicle Management Module] [           main] t.c.t.TransactionalTestExecutionListener : Explicit transaction definition [PROPAGATION_REQUIRED,ISOLATION_DEFAULT] found for test class [com.cognizant.main.TestVehicleDetailsRepository] and test method [testFindAllPositive]
2024-04-24T17:02:27.197+05:30 DEBUG 5824 --- [Vehicle Management Module] [           main] org.springframework.test.context.cache   : Spring test ApplicationContext cache statistics: [DefaultContextCache@491cceb4 size = 2, maxSize = 32, parentContextCount = 0, hitCount = 74, missCount = 2, failureCount = 0]
2024-04-24T17:02:27.197+05:30 DEBUG 5824 --- [Vehicle Management Module] [           main] t.c.t.TransactionalTestExecutionListener : No method-level @Rollback override: using default rollback [true] for test method [public void com.cognizant.main.TestVehicleDetailsRepository.testFindAllPositive()]
2024-04-24T17:02:27.197+05:30 DEBUG 5824 --- [Vehicle Management Module] [           main] o.s.orm.jpa.JpaTransactionManager        : Creating new transaction with name [com.cognizant.main.TestVehicleDetailsRepository.testFindAllPositive]: PROPAGATION_REQUIRED,ISOLATION_DEFAULT
2024-04-24T17:02:27.197+05:30 DEBUG 5824 --- [Vehicle Management Module] [           main] o.s.orm.jpa.JpaTransactionManager        : Opened new EntityManager [SessionImpl(551578246<open>)] for JPA transaction
2024-04-24T17:02:27.197+05:30 DEBUG 5824 --- [Vehicle Management Module] [           main] o.h.e.t.internal.TransactionImpl         : On TransactionImpl creation, JpaCompliance#isJpaTransactionComplianceEnabled == false
2024-04-24T17:02:27.197+05:30 DEBUG 5824 --- [Vehicle Management Module] [           main] o.h.e.t.internal.TransactionImpl         : begin
2024-04-24T17:02:27.198+05:30 DEBUG 5824 --- [Vehicle Management Module] [           main] o.s.j.datasource.SimpleDriverDataSource  : Creating new JDBC Driver Connection to [jdbc:h2:mem:77e5e59b-9028-4692-bf3e-2dbb97a1edaf;DB_CLOSE_DELAY=-1;DB_CLOSE_ON_EXIT=false]
2024-04-24T17:02:27.198+05:30 DEBUG 5824 --- [Vehicle Management Module] [           main] o.s.orm.jpa.JpaTransactionManager        : Exposing JPA transaction as JDBC [org.springframework.orm.jpa.vendor.HibernateJpaDialect$HibernateConnectionHandle@2fea162a]
2024-04-24T17:02:27.199+05:30 DEBUG 5824 --- [Vehicle Management Module] [           main] o.s.t.c.transaction.TransactionContext   : Began transaction (1) for test class [com.cognizant.main.TestVehicleDetailsRepository]; test method [testFindAllPositive]; transaction manager [org.springframework.orm.jpa.JpaTransactionManager@82b778b]; rollback [true]
2024-04-24T17:02:27.199+05:30 DEBUG 5824 --- [Vehicle Management Module] [           main] org.springframework.test.context.cache   : Spring test ApplicationContext cache statistics: [DefaultContextCache@491cceb4 size = 2, maxSize = 32, parentContextCount = 0, hitCount = 75, missCount = 2, failureCount = 0]
2024-04-24T17:02:27.199+05:30 DEBUG 5824 --- [Vehicle Management Module] [           main] org.springframework.test.context.cache   : Spring test ApplicationContext cache statistics: [DefaultContextCache@491cceb4 size = 2, maxSize = 32, parentContextCount = 0, hitCount = 76, missCount = 2, failureCount = 0]
2024-04-24T17:02:27.200+05:30 DEBUG 5824 --- [Vehicle Management Module] [           main] org.springframework.test.context.cache   : Spring test ApplicationContext cache statistics: [DefaultContextCache@491cceb4 size = 2, maxSize = 32, parentContextCount = 0, hitCount = 77, missCount = 2, failureCount = 0]
2024-04-24T17:02:27.200+05:30 DEBUG 5824 --- [Vehicle Management Module] [           main] o.s.orm.jpa.JpaTransactionManager        : Found thread-bound EntityManager [SessionImpl(551578246<open>)] for JPA transaction
2024-04-24T17:02:27.201+05:30 DEBUG 5824 --- [Vehicle Management Module] [           main] o.s.orm.jpa.JpaTransactionManager        : Participating in existing transaction
2024-04-24T17:02:27.201+05:30 DEBUG 5824 --- [Vehicle Management Module] [           main] o.h.j.internal.PersistenceUnitUtilImpl   : jakarta.persistence.PersistenceUnitUtil.getIdentifier is only intended to work with enhanced entities (although Hibernate also adapts this support to its proxies); however the passed entity was not enhanced (nor a proxy).. may not be able to read identifier
2024-04-24T17:02:27.201+05:30 DEBUG 5824 --- [Vehicle Management Module] [           main] org.hibernate.orm.sql.exec               : Skipping reading Query result cache data: cache-enabled = false, cache-mode = IGNORE
2024-04-24T17:02:27.201+05:30 DEBUG 5824 --- [Vehicle Management Module] [           main] org.hibernate.orm.results                : Initializer list:
	  com.cognizant.main.entities.VehicleDetails -> EntityResultInitializer(com.cognizant.main.entities.VehicleDetails)@1671393364 (SingleTableEntityPersister(com.cognizant.main.entities.VehicleDetails))

2024-04-24T17:02:27.201+05:30 DEBUG 5824 --- [Vehicle Management Module] [           main] org.hibernate.SQL                        : select vd1_0.registration_no,vd1_0.insurance_no,vd1_0.insurance_certificatedocurl,vd1_0.insurance_company_name,vd1_0.insurance_expires_on,vd1_0.insuranced_on,vd1_0.puccertificate_no,vd1_0.pucdocurl,vd1_0.pucissued_on,vd1_0.pucvalid_until,vd1_0.rcdocurl,vd1_0.rtoname,vd1_0.registration_date,vd1_0.registration_expires_on from vechile_details vd1_0 where vd1_0.registration_no=?
Hibernate: select vd1_0.registration_no,vd1_0.insurance_no,vd1_0.insurance_certificatedocurl,vd1_0.insurance_company_name,vd1_0.insurance_expires_on,vd1_0.insuranced_on,vd1_0.puccertificate_no,vd1_0.pucdocurl,vd1_0.pucissued_on,vd1_0.pucvalid_until,vd1_0.rcdocurl,vd1_0.rtoname,vd1_0.registration_date,vd1_0.registration_expires_on from vechile_details vd1_0 where vd1_0.registration_no=?
2024-04-24T17:02:27.206+05:30 DEBUG 5824 --- [Vehicle Management Module] [           main] o.s.orm.jpa.JpaTransactionManager        : Found thread-bound EntityManager [SessionImpl(551578246<open>)] for JPA transaction
2024-04-24T17:02:27.206+05:30 DEBUG 5824 --- [Vehicle Management Module] [           main] o.s.orm.jpa.JpaTransactionManager        : Participating in existing transaction
2024-04-24T17:02:27.207+05:30 DEBUG 5824 --- [Vehicle Management Module] [           main] org.hibernate.orm.sql.ast.create         : Created new SQL alias : vd1_0
2024-04-24T17:02:27.207+05:30 DEBUG 5824 --- [Vehicle Management Module] [           main] org.hibernate.orm.sql.ast.create         : Registration of TableGroup [StandardTableGroup(com.cognizant.main.entities.VehicleDetails(104028312766000))] with identifierForTableGroup [com.cognizant.main.entities.VehicleDetails] for NavigablePath [com.cognizant.main.entities.VehicleDetails] 
2024-04-24T17:02:27.208+05:30 DEBUG 5824 --- [Vehicle Management Module] [           main] org.hibernate.orm.results.graph.AST      : DomainResult Graph:
 \-EntityResultImpl [com.cognizant.main.entities.VehicleDetails(104028312766000)]
 |  +-BasicFetch [com.cognizant.main.entities.VehicleDetails(104028312766000).InsuraceNo]
 |  +-BasicFetch [com.cognizant.main.entities.VehicleDetails(104028312766000).InsuranceCertificateDOCURL]
 |  +-BasicFetch [com.cognizant.main.entities.VehicleDetails(104028312766000).InsuranceCompanyName]
 |  +-BasicFetch [com.cognizant.main.entities.VehicleDetails(104028312766000).InsuranceExpiresOn]
 |  +-BasicFetch [com.cognizant.main.entities.VehicleDetails(104028312766000).InsurancedOn]
 |  +-BasicFetch [com.cognizant.main.entities.VehicleDetails(104028312766000).PUCCertificateNo]
 |  +-BasicFetch [com.cognizant.main.entities.VehicleDetails(104028312766000).PUCDOCURL]
 |  +-BasicFetch [com.cognizant.main.entities.VehicleDetails(104028312766000).PUCIssuedOn]
 |  +-BasicFetch [com.cognizant.main.entities.VehicleDetails(104028312766000).PUCValidUntil]
 |  +-BasicFetch [com.cognizant.main.entities.VehicleDetails(104028312766000).RCDocURL]
 |  +-BasicFetch [com.cognizant.main.entities.VehicleDetails(104028312766000).RTOName]
 |  +-BasicFetch [com.cognizant.main.entities.VehicleDetails(104028312766000).RegistrationDate]
 |  \-BasicFetch [com.cognizant.main.entities.VehicleDetails(104028312766000).RegistrationExpiresOn]

2024-04-24T17:02:27.208+05:30 DEBUG 5824 --- [Vehicle Management Module] [           main] org.hibernate.orm.sql.ast.tree           : SQL AST Tree:
    SelectStatement {
      FromClause {
        StandardTableGroup (vd1 : com.cognizant.main.entities.VehicleDetails(104028312766000)) {
          primaryTableReference : vechile_details as vd1_0
        }
      }
    }

2024-04-24T17:02:27.209+05:30 DEBUG 5824 --- [Vehicle Management Module] [           main] o.h.e.i.AbstractFlushingEventListener    : Processing flush-time cascades
2024-04-24T17:02:27.215+05:30 DEBUG 5824 --- [Vehicle Management Module] [           main] o.h.e.i.AbstractFlushingEventListener    : Dirty checking collections
2024-04-24T17:02:27.231+05:30 DEBUG 5824 --- [Vehicle Management Module] [           main] o.h.e.i.AbstractFlushingEventListener    : Flushed: 1 insertions, 0 updates, 0 deletions to 1 objects
2024-04-24T17:02:27.231+05:30 DEBUG 5824 --- [Vehicle Management Module] [           main] o.h.e.i.AbstractFlushingEventListener    : Flushed: 0 (re)creations, 0 updates, 0 removals to 0 collections
2024-04-24T17:02:27.234+05:30 DEBUG 5824 --- [Vehicle Management Module] [           main] o.hibernate.internal.util.EntityPrinter  : Listing entities:
2024-04-24T17:02:27.234+05:30 DEBUG 5824 --- [Vehicle Management Module] [           main] o.hibernate.internal.util.EntityPrinter  : com.cognizant.main.entities.VehicleDetails{InsuranceCertificateDOCURL=certificate, InsurancedOn=2024-04-24, RegistrationDate=2024-04-24, InsuranceCompanyName=name, RegistrationExpiresOn=2024-04-24, PUCIssuedOn=2024-04-24, RTOName=rto, InsuranceExpiresOn=2024-04-24, PUCCertificateNo=98, registrationNo=number, PUCValidUntil=2024-04-24, RCDocURL=rcdoc, InsuraceNo=78, PUCDOCURL=url}
2024-04-24T17:02:27.235+05:30 DEBUG 5824 --- [Vehicle Management Module] [           main] org.hibernate.engine.spi.ActionQueue     : Changes must be flushed to space: vechile_details
2024-04-24T17:02:27.255+05:30 DEBUG 5824 --- [Vehicle Management Module] [           main] org.hibernate.SQL                        : insert into vechile_details (insurance_no,insurance_certificatedocurl,insurance_company_name,insurance_expires_on,insuranced_on,puccertificate_no,pucdocurl,pucissued_on,pucvalid_until,rcdocurl,rtoname,registration_date,registration_expires_on,registration_no) values (?,?,?,?,?,?,?,?,?,?,?,?,?,?)
Hibernate: insert into vechile_details (insurance_no,insurance_certificatedocurl,insurance_company_name,insurance_expires_on,insuranced_on,puccertificate_no,pucdocurl,pucissued_on,pucvalid_until,rcdocurl,rtoname,registration_date,registration_expires_on,registration_no) values (?,?,?,?,?,?,?,?,?,?,?,?,?,?)
2024-04-24T17:02:27.271+05:30 DEBUG 5824 --- [Vehicle Management Module] [           main] org.hibernate.orm.sql.exec               : Skipping reading Query result cache data: cache-enabled = false, cache-mode = NORMAL
2024-04-24T17:02:27.271+05:30 DEBUG 5824 --- [Vehicle Management Module] [           main] org.hibernate.orm.results                : Initializer list:
	  com.cognizant.main.entities.VehicleDetails(104028312766000) -> EntityResultInitializer(com.cognizant.main.entities.VehicleDetails(104028312766000))@1237408466 (SingleTableEntityPersister(com.cognizant.main.entities.VehicleDetails))

2024-04-24T17:02:27.272+05:30 DEBUG 5824 --- [Vehicle Management Module] [           main] org.hibernate.SQL                        : select vd1_0.registration_no,vd1_0.insurance_no,vd1_0.insurance_certificatedocurl,vd1_0.insurance_company_name,vd1_0.insurance_expires_on,vd1_0.insuranced_on,vd1_0.puccertificate_no,vd1_0.pucdocurl,vd1_0.pucissued_on,vd1_0.pucvalid_until,vd1_0.rcdocurl,vd1_0.rtoname,vd1_0.registration_date,vd1_0.registration_expires_on from vechile_details vd1_0
Hibernate: select vd1_0.registration_no,vd1_0.insurance_no,vd1_0.insurance_certificatedocurl,vd1_0.insurance_company_name,vd1_0.insurance_expires_on,vd1_0.insuranced_on,vd1_0.puccertificate_no,vd1_0.pucdocurl,vd1_0.pucissued_on,vd1_0.pucvalid_until,vd1_0.rcdocurl,vd1_0.rtoname,vd1_0.registration_date,vd1_0.registration_expires_on from vechile_details vd1_0
2024-04-24T17:02:27.278+05:30 DEBUG 5824 --- [Vehicle Management Module] [           main] org.hibernate.orm.results                : Extracted JDBC value [0] - [number]
2024-04-24T17:02:27.278+05:30 DEBUG 5824 --- [Vehicle Management Module] [           main] o.hibernate.orm.results.loading.entity   : (EntityResultInitializer) Hydrated EntityKey (com.cognizant.main.entities.VehicleDetails(104028312766000)): number
2024-04-24T17:02:27.278+05:30 DEBUG 5824 --- [Vehicle Management Module] [           main] org.hibernate.orm.results.loading        : Calling top-level assembler (0 / 1) : org.hibernate.sql.results.graph.entity.internal.EntityAssembler@1f600254
2024-04-24T17:02:27.279+05:30 DEBUG 5824 --- [Vehicle Management Module] [           main] org.springframework.test.context.cache   : Spring test ApplicationContext cache statistics: [DefaultContextCache@491cceb4 size = 2, maxSize = 32, parentContextCount = 0, hitCount = 78, missCount = 2, failureCount = 0]
2024-04-24T17:02:27.279+05:30 DEBUG 5824 --- [Vehicle Management Module] [           main] org.springframework.test.context.cache   : Spring test ApplicationContext cache statistics: [DefaultContextCache@491cceb4 size = 2, maxSize = 32, parentContextCount = 0, hitCount = 79, missCount = 2, failureCount = 0]
2024-04-24T17:02:27.279+05:30 DEBUG 5824 --- [Vehicle Management Module] [           main] org.springframework.test.context.cache   : Spring test ApplicationContext cache statistics: [DefaultContextCache@491cceb4 size = 2, maxSize = 32, parentContextCount = 0, hitCount = 80, missCount = 2, failureCount = 0]
2024-04-24T17:02:27.280+05:30 DEBUG 5824 --- [Vehicle Management Module] [           main] org.springframework.test.context.cache   : Spring test ApplicationContext cache statistics: [DefaultContextCache@491cceb4 size = 2, maxSize = 32, parentContextCount = 0, hitCount = 81, missCount = 2, failureCount = 0]
2024-04-24T17:02:27.280+05:30 DEBUG 5824 --- [Vehicle Management Module] [           main] org.springframework.test.context.cache   : Spring test ApplicationContext cache statistics: [DefaultContextCache@491cceb4 size = 2, maxSize = 32, parentContextCount = 0, hitCount = 82, missCount = 2, failureCount = 0]
2024-04-24T17:02:27.281+05:30 DEBUG 5824 --- [Vehicle Management Module] [           main] org.springframework.test.context.cache   : Spring test ApplicationContext cache statistics: [DefaultContextCache@491cceb4 size = 2, maxSize = 32, parentContextCount = 0, hitCount = 83, missCount = 2, failureCount = 0]
2024-04-24T17:02:27.281+05:30 DEBUG 5824 --- [Vehicle Management Module] [           main] o.s.orm.jpa.JpaTransactionManager        : Initiating transaction rollback
2024-04-24T17:02:27.281+05:30 DEBUG 5824 --- [Vehicle Management Module] [           main] o.s.orm.jpa.JpaTransactionManager        : Rolling back JPA transaction on EntityManager [SessionImpl(551578246<open>)]
2024-04-24T17:02:27.281+05:30 DEBUG 5824 --- [Vehicle Management Module] [           main] o.h.e.t.internal.TransactionImpl         : rolling back
2024-04-24T17:02:27.282+05:30 DEBUG 5824 --- [Vehicle Management Module] [           main] o.s.orm.jpa.JpaTransactionManager        : Closing JPA EntityManager [SessionImpl(551578246<open>)] after transaction
2024-04-24T17:02:27.282+05:30 DEBUG 5824 --- [Vehicle Management Module] [           main] o.s.t.c.transaction.TransactionContext   : Rolled back transaction (1) for test class [com.cognizant.main.TestVehicleDetailsRepository]; test method [testFindAllPositive]
2024-04-24T17:02:27.283+05:30 DEBUG 5824 --- [Vehicle Management Module] [           main] .c.s.DirtiesContextTestExecutionListener : After test method: class [TestVehicleDetailsRepository], method [testFindAllPositive], class annotated with @DirtiesContext [false] with mode [null], method annotated with @DirtiesContext [false] with mode [null]
]]></system-out>
  </testcase>
</testsuite>