<?xml version="1.0" encoding="UTF-8"?>
<testsuite xmlns:xsi="http://www.w3.org/2001/XMLSchema-instance" xsi:noNamespaceSchemaLocation="https://maven.apache.org/surefire/maven-surefire-plugin/xsd/surefire-test-report-3.0.xsd" version="3.0" name="com.cognizant.main.TestVehiclesRepository" time="0.452" tests="6" errors="0" skipped="0" failures="0">
  <properties>
    <property name="java.specification.version" value="17"/>
    <property name="sun.cpu.isalist" value="amd64"/>
    <property name="sun.jnu.encoding" value="Cp1252"/>
    <property name="java.class.path" value="C:\Users\2318431\Downloads\Ridesharingplatform\target\test-classes;C:\Users\2318431\Downloads\Ridesharingplatform\target\classes;C:\Users\2318431\.m2\repository\org\springframework\boot\spring-boot-starter-data-jpa\3.2.2\spring-boot-starter-data-jpa-3.2.2.jar;C:\Users\2318431\.m2\repository\org\springframework\boot\spring-boot-starter-aop\3.2.2\spring-boot-starter-aop-3.2.2.jar;C:\Users\2318431\.m2\repository\org\springframework\spring-aop\6.1.3\spring-aop-6.1.3.jar;C:\Users\2318431\.m2\repository\org\aspectj\aspectjweaver\1.9.21\aspectjweaver-1.9.21.jar;C:\Users\2318431\.m2\repository\org\springframework\boot\spring-boot-starter-jdbc\3.2.2\spring-boot-starter-jdbc-3.2.2.jar;C:\Users\2318431\.m2\repository\com\zaxxer\HikariCP\5.0.1\HikariCP-5.0.1.jar;C:\Users\2318431\.m2\repository\org\springframework\spring-jdbc\6.1.3\spring-jdbc-6.1.3.jar;C:\Users\2318431\.m2\repository\org\hibernate\orm\hibernate-core\6.4.1.Final\hibernate-core-6.4.1.Final.jar;C:\Users\2318431\.m2\repository\jakarta\persistence\jakarta.persistence-api\3.1.0\jakarta.persistence-api-3.1.0.jar;C:\Users\2318431\.m2\repository\jakarta\transaction\jakarta.transaction-api\2.0.1\jakarta.transaction-api-2.0.1.jar;C:\Users\2318431\.m2\repository\org\jboss\logging\jboss-logging\3.5.3.Final\jboss-logging-3.5.3.Final.jar;C:\Users\2318431\.m2\repository\org\hibernate\common\hibernate-commons-annotations\6.0.6.Final\hibernate-commons-annotations-6.0.6.Final.jar;C:\Users\2318431\.m2\repository\io\smallrye\jandex\3.1.2\jandex-3.1.2.jar;C:\Users\2318431\.m2\repository\com\fasterxml\classmate\1.6.0\classmate-1.6.0.jar;C:\Users\2318431\.m2\repository\net\bytebuddy\byte-buddy\1.14.11\byte-buddy-1.14.11.jar;C:\Users\2318431\.m2\repository\org\glassfish\jaxb\jaxb-runtime\4.0.4\jaxb-runtime-4.0.4.jar;C:\Users\2318431\.m2\repository\org\glassfish\jaxb\jaxb-core\4.0.4\jaxb-core-4.0.4.jar;C:\Users\2318431\.m2\repository\org\eclipse\angus\angus-activation\2.0.1\angus-activation-2.0.1.jar;C:\Users\2318431\.m2\repository\org\glassfish\jaxb\txw2\4.0.4\txw2-4.0.4.jar;C:\Users\2318431\.m2\repository\com\sun\istack\istack-commons-runtime\4.1.2\istack-commons-runtime-4.1.2.jar;C:\Users\2318431\.m2\repository\jakarta\inject\jakarta.inject-api\2.0.1\jakarta.inject-api-2.0.1.jar;C:\Users\2318431\.m2\repository\org\antlr\antlr4-runtime\4.13.0\antlr4-runtime-4.13.0.jar;C:\Users\2318431\.m2\repository\org\springframework\data\spring-data-jpa\3.2.2\spring-data-jpa-3.2.2.jar;C:\Users\2318431\.m2\repository\org\springframework\data\spring-data-commons\3.2.2\spring-data-commons-3.2.2.jar;C:\Users\2318431\.m2\repository\org\springframework\spring-orm\6.1.3\spring-orm-6.1.3.jar;C:\Users\2318431\.m2\repository\org\springframework\spring-context\6.1.3\spring-context-6.1.3.jar;C:\Users\2318431\.m2\repository\org\springframework\spring-tx\6.1.3\spring-tx-6.1.3.jar;C:\Users\2318431\.m2\repository\org\springframework\spring-beans\6.1.3\spring-beans-6.1.3.jar;C:\Users\2318431\.m2\repository\jakarta\annotation\jakarta.annotation-api\2.1.1\jakarta.annotation-api-2.1.1.jar;C:\Users\2318431\.m2\repository\org\slf4j\slf4j-api\2.0.11\slf4j-api-2.0.11.jar;C:\Users\2318431\.m2\repository\org\springframework\spring-aspects\6.1.3\spring-aspects-6.1.3.jar;C:\Users\2318431\.m2\repository\org\springframework\boot\spring-boot-starter-web\3.2.2\spring-boot-starter-web-3.2.2.jar;C:\Users\2318431\.m2\repository\org\springframework\boot\spring-boot-starter\3.2.2\spring-boot-starter-3.2.2.jar;C:\Users\2318431\.m2\repository\org\springframework\boot\spring-boot-starter-logging\3.2.2\spring-boot-starter-logging-3.2.2.jar;C:\Users\2318431\.m2\repository\ch\qos\logback\logback-classic\1.4.14\logback-classic-1.4.14.jar;C:\Users\2318431\.m2\repository\ch\qos\logback\logback-core\1.4.14\logback-core-1.4.14.jar;C:\Users\2318431\.m2\repository\org\apache\logging\log4j\log4j-to-slf4j\2.21.1\log4j-to-slf4j-2.21.1.jar;C:\Users\2318431\.m2\repository\org\apache\logging\log4j\log4j-api\2.21.1\log4j-api-2.21.1.jar;C:\Users\2318431\.m2\repository\org\slf4j\jul-to-slf4j\2.0.11\jul-to-slf4j-2.0.11.jar;C:\Users\2318431\.m2\repository\org\yaml\snakeyaml\2.2\snakeyaml-2.2.jar;C:\Users\2318431\.m2\repository\org\springframework\boot\spring-boot-starter-json\3.2.2\spring-boot-starter-json-3.2.2.jar;C:\Users\2318431\.m2\repository\com\fasterxml\jackson\core\jackson-databind\2.15.3\jackson-databind-2.15.3.jar;C:\Users\2318431\.m2\repository\com\fasterxml\jackson\datatype\jackson-datatype-jdk8\2.15.3\jackson-datatype-jdk8-2.15.3.jar;C:\Users\2318431\.m2\repository\com\fasterxml\jackson\datatype\jackson-datatype-jsr310\2.15.3\jackson-datatype-jsr310-2.15.3.jar;C:\Users\2318431\.m2\repository\com\fasterxml\jackson\module\jackson-module-parameter-names\2.15.3\jackson-module-parameter-names-2.15.3.jar;C:\Users\2318431\.m2\repository\org\springframework\boot\spring-boot-starter-tomcat\3.2.2\spring-boot-starter-tomcat-3.2.2.jar;C:\Users\2318431\.m2\repository\org\apache\tomcat\embed\tomcat-embed-core\10.1.18\tomcat-embed-core-10.1.18.jar;C:\Users\2318431\.m2\repository\org\apache\tomcat\embed\tomcat-embed-el\10.1.18\tomcat-embed-el-10.1.18.jar;C:\Users\2318431\.m2\repository\org\apache\tomcat\embed\tomcat-embed-websocket\10.1.18\tomcat-embed-websocket-10.1.18.jar;C:\Users\2318431\.m2\repository\org\springframework\spring-web\6.1.3\spring-web-6.1.3.jar;C:\Users\2318431\.m2\repository\io\micrometer\micrometer-observation\1.12.2\micrometer-observation-1.12.2.jar;C:\Users\2318431\.m2\repository\io\micrometer\micrometer-commons\1.12.2\micrometer-commons-1.12.2.jar;C:\Users\2318431\.m2\repository\org\springframework\spring-webmvc\6.1.3\spring-webmvc-6.1.3.jar;C:\Users\2318431\.m2\repository\org\springframework\spring-expression\6.1.3\spring-expression-6.1.3.jar;C:\Users\2318431\.m2\repository\org\springframework\boot\spring-boot-devtools\3.2.2\spring-boot-devtools-3.2.2.jar;C:\Users\2318431\.m2\repository\org\springframework\boot\spring-boot\3.2.2\spring-boot-3.2.2.jar;C:\Users\2318431\.m2\repository\org\springframework\boot\spring-boot-autoconfigure\3.2.2\spring-boot-autoconfigure-3.2.2.jar;C:\Users\2318431\.m2\repository\com\h2database\h2\2.2.224\h2-2.2.224.jar;C:\Users\2318431\.m2\repository\org\springframework\boot\spring-boot-starter-test\3.2.2\spring-boot-starter-test-3.2.2.jar;C:\Users\2318431\.m2\repository\org\springframework\boot\spring-boot-test\3.2.2\spring-boot-test-3.2.2.jar;C:\Users\2318431\.m2\repository\org\springframework\boot\spring-boot-test-autoconfigure\3.2.2\spring-boot-test-autoconfigure-3.2.2.jar;C:\Users\2318431\.m2\repository\com\jayway\jsonpath\json-path\2.8.0\json-path-2.8.0.jar;C:\Users\2318431\.m2\repository\jakarta\xml\bind\jakarta.xml.bind-api\4.0.1\jakarta.xml.bind-api-4.0.1.jar;C:\Users\2318431\.m2\repository\jakarta\activation\jakarta.activation-api\2.1.2\jakarta.activation-api-2.1.2.jar;C:\Users\2318431\.m2\repository\net\minidev\json-smart\2.5.0\json-smart-2.5.0.jar;C:\Users\2318431\.m2\repository\net\minidev\accessors-smart\2.5.0\accessors-smart-2.5.0.jar;C:\Users\2318431\.m2\repository\org\ow2\asm\asm\9.3\asm-9.3.jar;C:\Users\2318431\.m2\repository\org\assertj\assertj-core\3.24.2\assertj-core-3.24.2.jar;C:\Users\2318431\.m2\repository\org\awaitility\awaitility\4.2.0\awaitility-4.2.0.jar;C:\Users\2318431\.m2\repository\org\hamcrest\hamcrest\2.2\hamcrest-2.2.jar;C:\Users\2318431\.m2\repository\org\junit\jupiter\junit-jupiter\5.10.1\junit-jupiter-5.10.1.jar;C:\Users\2318431\.m2\repository\org\junit\jupiter\junit-jupiter-api\5.10.1\junit-jupiter-api-5.10.1.jar;C:\Users\2318431\.m2\repository\org\opentest4j\opentest4j\1.3.0\opentest4j-1.3.0.jar;C:\Users\2318431\.m2\repository\org\junit\platform\junit-platform-commons\1.10.1\junit-platform-commons-1.10.1.jar;C:\Users\2318431\.m2\repository\org\apiguardian\apiguardian-api\1.1.2\apiguardian-api-1.1.2.jar;C:\Users\2318431\.m2\repository\org\junit\jupiter\junit-jupiter-params\5.10.1\junit-jupiter-params-5.10.1.jar;C:\Users\2318431\.m2\repository\org\junit\jupiter\junit-jupiter-engine\5.10.1\junit-jupiter-engine-5.10.1.jar;C:\Users\2318431\.m2\repository\org\junit\platform\junit-platform-engine\1.10.1\junit-platform-engine-1.10.1.jar;C:\Users\2318431\.m2\repository\org\mockito\mockito-core\5.7.0\mockito-core-5.7.0.jar;C:\Users\2318431\.m2\repository\net\bytebuddy\byte-buddy-agent\1.14.11\byte-buddy-agent-1.14.11.jar;C:\Users\2318431\.m2\repository\org\objenesis\objenesis\3.3\objenesis-3.3.jar;C:\Users\2318431\.m2\repository\org\mockito\mockito-junit-jupiter\5.7.0\mockito-junit-jupiter-5.7.0.jar;C:\Users\2318431\.m2\repository\org\skyscreamer\jsonassert\1.5.1\jsonassert-1.5.1.jar;C:\Users\2318431\.m2\repository\com\vaadin\external\google\android-json\0.0.20131108.vaadin1\android-json-0.0.20131108.vaadin1.jar;C:\Users\2318431\.m2\repository\org\springframework\spring-core\6.1.3\spring-core-6.1.3.jar;C:\Users\2318431\.m2\repository\org\springframework\spring-jcl\6.1.3\spring-jcl-6.1.3.jar;C:\Users\2318431\.m2\repository\org\springframework\spring-test\6.1.3\spring-test-6.1.3.jar;C:\Users\2318431\.m2\repository\org\xmlunit\xmlunit-core\2.9.1\xmlunit-core-2.9.1.jar;C:\Users\2318431\.m2\repository\org\springdoc\springdoc-openapi-starter-webmvc-ui\2.4.0\springdoc-openapi-starter-webmvc-ui-2.4.0.jar;C:\Users\2318431\.m2\repository\org\springdoc\springdoc-openapi-starter-webmvc-api\2.4.0\springdoc-openapi-starter-webmvc-api-2.4.0.jar;C:\Users\2318431\.m2\repository\org\springdoc\springdoc-openapi-starter-common\2.4.0\springdoc-openapi-starter-common-2.4.0.jar;C:\Users\2318431\.m2\repository\io\swagger\core\v3\swagger-core-jakarta\2.2.20\swagger-core-jakarta-2.2.20.jar;C:\Users\2318431\.m2\repository\org\apache\commons\commons-lang3\3.13.0\commons-lang3-3.13.0.jar;C:\Users\2318431\.m2\repository\io\swagger\core\v3\swagger-annotations-jakarta\2.2.20\swagger-annotations-jakarta-2.2.20.jar;C:\Users\2318431\.m2\repository\io\swagger\core\v3\swagger-models-jakarta\2.2.20\swagger-models-jakarta-2.2.20.jar;C:\Users\2318431\.m2\repository\com\fasterxml\jackson\dataformat\jackson-dataformat-yaml\2.15.3\jackson-dataformat-yaml-2.15.3.jar;C:\Users\2318431\.m2\repository\org\webjars\swagger-ui\5.11.8\swagger-ui-5.11.8.jar;C:\Users\2318431\.m2\repository\jakarta\validation\jakarta.validation-api\3.0.2\jakarta.validation-api-3.0.2.jar;C:\Users\2318431\.m2\repository\org\projectlombok\lombok\1.18.30\lombok-1.18.30.jar;C:\Users\2318431\.m2\repository\org\springframework\cloud\spring-cloud-starter\4.1.2\spring-cloud-starter-4.1.2.jar;C:\Users\2318431\.m2\repository\org\springframework\cloud\spring-cloud-context\4.1.2\spring-cloud-context-4.1.2.jar;C:\Users\2318431\.m2\repository\org\springframework\security\spring-security-crypto\6.2.1\spring-security-crypto-6.2.1.jar;C:\Users\2318431\.m2\repository\org\springframework\cloud\spring-cloud-commons\4.1.2\spring-cloud-commons-4.1.2.jar;C:\Users\2318431\.m2\repository\org\springframework\security\spring-security-rsa\1.1.2\spring-security-rsa-1.1.2.jar;C:\Users\2318431\.m2\repository\org\bouncycastle\bcprov-jdk18on\1.77\bcprov-jdk18on-1.77.jar;C:\Users\2318431\.m2\repository\org\springframework\cloud\spring-cloud-starter-netflix-eureka-client\4.1.1\spring-cloud-starter-netflix-eureka-client-4.1.1.jar;C:\Users\2318431\.m2\repository\org\springframework\cloud\spring-cloud-netflix-eureka-client\4.1.1\spring-cloud-netflix-eureka-client-4.1.1.jar;C:\Users\2318431\.m2\repository\org\apache\httpcomponents\client5\httpclient5\5.2.3\httpclient5-5.2.3.jar;C:\Users\2318431\.m2\repository\org\apache\httpcomponents\core5\httpcore5\5.2.4\httpcore5-5.2.4.jar;C:\Users\2318431\.m2\repository\org\apache\httpcomponents\core5\httpcore5-h2\5.2.4\httpcore5-h2-5.2.4.jar;C:\Users\2318431\.m2\repository\com\netflix\eureka\eureka-client\2.0.2\eureka-client-2.0.2.jar;C:\Users\2318431\.m2\repository\com\netflix\netflix-commons\netflix-eventbus\0.3.0\netflix-eventbus-0.3.0.jar;C:\Users\2318431\.m2\repository\com\netflix\netflix-commons\netflix-infix\0.3.0\netflix-infix-0.3.0.jar;C:\Users\2318431\.m2\repository\commons-jxpath\commons-jxpath\1.3\commons-jxpath-1.3.jar;C:\Users\2318431\.m2\repository\joda-time\joda-time\2.3\joda-time-2.3.jar;C:\Users\2318431\.m2\repository\org\antlr\antlr-runtime\3.4\antlr-runtime-3.4.jar;C:\Users\2318431\.m2\repository\org\antlr\stringtemplate\3.2.1\stringtemplate-3.2.1.jar;C:\Users\2318431\.m2\repository\antlr\antlr\2.7.7\antlr-2.7.7.jar;C:\Users\2318431\.m2\repository\com\google\code\gson\gson\2.10.1\gson-2.10.1.jar;C:\Users\2318431\.m2\repository\org\apache\commons\commons-math\2.2\commons-math-2.2.jar;C:\Users\2318431\.m2\repository\com\thoughtworks\xstream\xstream\1.4.19\xstream-1.4.19.jar;C:\Users\2318431\.m2\repository\io\github\x-stream\mxparser\1.2.2\mxparser-1.2.2.jar;C:\Users\2318431\.m2\repository\xmlpull\xmlpull\1.1.3.1\xmlpull-1.1.3.1.jar;C:\Users\2318431\.m2\repository\jakarta\ws\rs\jakarta.ws.rs-api\3.1.0\jakarta.ws.rs-api-3.1.0.jar;C:\Users\2318431\.m2\repository\com\netflix\servo\servo-core\0.12.21\servo-core-0.12.21.jar;C:\Users\2318431\.m2\repository\com\google\guava\guava\19.0\guava-19.0.jar;C:\Users\2318431\.m2\repository\org\apache\httpcomponents\httpclient\4.5.3\httpclient-4.5.3.jar;C:\Users\2318431\.m2\repository\org\apache\httpcomponents\httpcore\4.4.16\httpcore-4.4.16.jar;C:\Users\2318431\.m2\repository\commons-codec\commons-codec\1.16.0\commons-codec-1.16.0.jar;C:\Users\2318431\.m2\repository\commons-configuration\commons-configuration\1.10\commons-configuration-1.10.jar;C:\Users\2318431\.m2\repository\commons-lang\commons-lang\2.6\commons-lang-2.6.jar;C:\Users\2318431\.m2\repository\com\fasterxml\jackson\core\jackson-annotations\2.15.3\jackson-annotations-2.15.3.jar;C:\Users\2318431\.m2\repository\com\fasterxml\jackson\core\jackson-core\2.15.3\jackson-core-2.15.3.jar;C:\Users\2318431\.m2\repository\org\codehaus\jettison\jettison\1.5.4\jettison-1.5.4.jar;C:\Users\2318431\.m2\repository\com\netflix\eureka\eureka-core\2.0.2\eureka-core-2.0.2.jar;C:\Users\2318431\.m2\repository\com\fasterxml\woodstox\woodstox-core\6.2.1\woodstox-core-6.2.1.jar;C:\Users\2318431\.m2\repository\org\codehaus\woodstox\stax2-api\4.2.1\stax2-api-4.2.1.jar;C:\Users\2318431\.m2\repository\org\springframework\cloud\spring-cloud-starter-loadbalancer\4.1.2\spring-cloud-starter-loadbalancer-4.1.2.jar;C:\Users\2318431\.m2\repository\org\springframework\cloud\spring-cloud-loadbalancer\4.1.2\spring-cloud-loadbalancer-4.1.2.jar;C:\Users\2318431\.m2\repository\io\projectreactor\reactor-core\3.6.2\reactor-core-3.6.2.jar;C:\Users\2318431\.m2\repository\org\reactivestreams\reactive-streams\1.0.4\reactive-streams-1.0.4.jar;C:\Users\2318431\.m2\repository\io\projectreactor\addons\reactor-extra\3.5.1\reactor-extra-3.5.1.jar;C:\Users\2318431\.m2\repository\org\springframework\boot\spring-boot-starter-cache\3.2.2\spring-boot-starter-cache-3.2.2.jar;C:\Users\2318431\.m2\repository\org\springframework\spring-context-support\6.1.3\spring-context-support-6.1.3.jar;C:\Users\2318431\.m2\repository\com\stoyanr\evictor\1.0.0\evictor-1.0.0.jar;"/>
    <property name="java.vm.vendor" value="Eclipse Adoptium"/>
    <property name="sun.arch.data.model" value="64"/>
    <property name="user.variant" value=""/>
    <property name="java.vendor.url" value="https://adoptium.net/"/>
    <property name="user.timezone" value="Asia/Calcutta"/>
    <property name="org.jboss.logging.provider" value="slf4j"/>
    <property name="os.name" value="Windows 11"/>
    <property name="java.vm.specification.version" value="17"/>
    <property name="sun.java.launcher" value="SUN_STANDARD"/>
    <property name="user.country" value="IN"/>
    <property name="sun.boot.library.path" value="C:\Users\2318431\Downloads\sts-4.21.1.RELEASE\plugins\org.eclipse.justj.openjdk.hotspot.jre.full.win32.x86_64_17.0.10.v20240120-1143\jre\bin"/>
    <property name="sun.java.command" value="C:\Users\2318431\AppData\Local\Temp\surefire11695190849379645671\surefirebooter-20240424170201165_3.jar C:\Users\2318431\AppData\Local\Temp\surefire11695190849379645671 2024-04-24T17-02-00_144-jvmRun1 surefire-20240424170201165_1tmp surefire_0-20240424170201165_2tmp"/>
    <property name="jdk.debug" value="release"/>
    <property name="surefire.test.class.path" value="C:\Users\2318431\Downloads\Ridesharingplatform\target\test-classes;C:\Users\2318431\Downloads\Ridesharingplatform\target\classes;C:\Users\2318431\.m2\repository\org\springframework\boot\spring-boot-starter-data-jpa\3.2.2\spring-boot-starter-data-jpa-3.2.2.jar;C:\Users\2318431\.m2\repository\org\springframework\boot\spring-boot-starter-aop\3.2.2\spring-boot-starter-aop-3.2.2.jar;C:\Users\2318431\.m2\repository\org\springframework\spring-aop\6.1.3\spring-aop-6.1.3.jar;C:\Users\2318431\.m2\repository\org\aspectj\aspectjweaver\1.9.21\aspectjweaver-1.9.21.jar;C:\Users\2318431\.m2\repository\org\springframework\boot\spring-boot-starter-jdbc\3.2.2\spring-boot-starter-jdbc-3.2.2.jar;C:\Users\2318431\.m2\repository\com\zaxxer\HikariCP\5.0.1\HikariCP-5.0.1.jar;C:\Users\2318431\.m2\repository\org\springframework\spring-jdbc\6.1.3\spring-jdbc-6.1.3.jar;C:\Users\2318431\.m2\repository\org\hibernate\orm\hibernate-core\6.4.1.Final\hibernate-core-6.4.1.Final.jar;C:\Users\2318431\.m2\repository\jakarta\persistence\jakarta.persistence-api\3.1.0\jakarta.persistence-api-3.1.0.jar;C:\Users\2318431\.m2\repository\jakarta\transaction\jakarta.transaction-api\2.0.1\jakarta.transaction-api-2.0.1.jar;C:\Users\2318431\.m2\repository\org\jboss\logging\jboss-logging\3.5.3.Final\jboss-logging-3.5.3.Final.jar;C:\Users\2318431\.m2\repository\org\hibernate\common\hibernate-commons-annotations\6.0.6.Final\hibernate-commons-annotations-6.0.6.Final.jar;C:\Users\2318431\.m2\repository\io\smallrye\jandex\3.1.2\jandex-3.1.2.jar;C:\Users\2318431\.m2\repository\com\fasterxml\classmate\1.6.0\classmate-1.6.0.jar;C:\Users\2318431\.m2\repository\net\bytebuddy\byte-buddy\1.14.11\byte-buddy-1.14.11.jar;C:\Users\2318431\.m2\repository\org\glassfish\jaxb\jaxb-runtime\4.0.4\jaxb-runtime-4.0.4.jar;C:\Users\2318431\.m2\repository\org\glassfish\jaxb\jaxb-core\4.0.4\jaxb-core-4.0.4.jar;C:\Users\2318431\.m2\repository\org\eclipse\angus\angus-activation\2.0.1\angus-activation-2.0.1.jar;C:\Users\2318431\.m2\repository\org\glassfish\jaxb\txw2\4.0.4\txw2-4.0.4.jar;C:\Users\2318431\.m2\repository\com\sun\istack\istack-commons-runtime\4.1.2\istack-commons-runtime-4.1.2.jar;C:\Users\2318431\.m2\repository\jakarta\inject\jakarta.inject-api\2.0.1\jakarta.inject-api-2.0.1.jar;C:\Users\2318431\.m2\repository\org\antlr\antlr4-runtime\4.13.0\antlr4-runtime-4.13.0.jar;C:\Users\2318431\.m2\repository\org\springframework\data\spring-data-jpa\3.2.2\spring-data-jpa-3.2.2.jar;C:\Users\2318431\.m2\repository\org\springframework\data\spring-data-commons\3.2.2\spring-data-commons-3.2.2.jar;C:\Users\2318431\.m2\repository\org\springframework\spring-orm\6.1.3\spring-orm-6.1.3.jar;C:\Users\2318431\.m2\repository\org\springframework\spring-context\6.1.3\spring-context-6.1.3.jar;C:\Users\2318431\.m2\repository\org\springframework\spring-tx\6.1.3\spring-tx-6.1.3.jar;C:\Users\2318431\.m2\repository\org\springframework\spring-beans\6.1.3\spring-beans-6.1.3.jar;C:\Users\2318431\.m2\repository\jakarta\annotation\jakarta.annotation-api\2.1.1\jakarta.annotation-api-2.1.1.jar;C:\Users\2318431\.m2\repository\org\slf4j\slf4j-api\2.0.11\slf4j-api-2.0.11.jar;C:\Users\2318431\.m2\repository\org\springframework\spring-aspects\6.1.3\spring-aspects-6.1.3.jar;C:\Users\2318431\.m2\repository\org\springframework\boot\spring-boot-starter-web\3.2.2\spring-boot-starter-web-3.2.2.jar;C:\Users\2318431\.m2\repository\org\springframework\boot\spring-boot-starter\3.2.2\spring-boot-starter-3.2.2.jar;C:\Users\2318431\.m2\repository\org\springframework\boot\spring-boot-starter-logging\3.2.2\spring-boot-starter-logging-3.2.2.jar;C:\Users\2318431\.m2\repository\ch\qos\logback\logback-classic\1.4.14\logback-classic-1.4.14.jar;C:\Users\2318431\.m2\repository\ch\qos\logback\logback-core\1.4.14\logback-core-1.4.14.jar;C:\Users\2318431\.m2\repository\org\apache\logging\log4j\log4j-to-slf4j\2.21.1\log4j-to-slf4j-2.21.1.jar;C:\Users\2318431\.m2\repository\org\apache\logging\log4j\log4j-api\2.21.1\log4j-api-2.21.1.jar;C:\Users\2318431\.m2\repository\org\slf4j\jul-to-slf4j\2.0.11\jul-to-slf4j-2.0.11.jar;C:\Users\2318431\.m2\repository\org\yaml\snakeyaml\2.2\snakeyaml-2.2.jar;C:\Users\2318431\.m2\repository\org\springframework\boot\spring-boot-starter-json\3.2.2\spring-boot-starter-json-3.2.2.jar;C:\Users\2318431\.m2\repository\com\fasterxml\jackson\core\jackson-databind\2.15.3\jackson-databind-2.15.3.jar;C:\Users\2318431\.m2\repository\com\fasterxml\jackson\datatype\jackson-datatype-jdk8\2.15.3\jackson-datatype-jdk8-2.15.3.jar;C:\Users\2318431\.m2\repository\com\fasterxml\jackson\datatype\jackson-datatype-jsr310\2.15.3\jackson-datatype-jsr310-2.15.3.jar;C:\Users\2318431\.m2\repository\com\fasterxml\jackson\module\jackson-module-parameter-names\2.15.3\jackson-module-parameter-names-2.15.3.jar;C:\Users\2318431\.m2\repository\org\springframework\boot\spring-boot-starter-tomcat\3.2.2\spring-boot-starter-tomcat-3.2.2.jar;C:\Users\2318431\.m2\repository\org\apache\tomcat\embed\tomcat-embed-core\10.1.18\tomcat-embed-core-10.1.18.jar;C:\Users\2318431\.m2\repository\org\apache\tomcat\embed\tomcat-embed-el\10.1.18\tomcat-embed-el-10.1.18.jar;C:\Users\2318431\.m2\repository\org\apache\tomcat\embed\tomcat-embed-websocket\10.1.18\tomcat-embed-websocket-10.1.18.jar;C:\Users\2318431\.m2\repository\org\springframework\spring-web\6.1.3\spring-web-6.1.3.jar;C:\Users\2318431\.m2\repository\io\micrometer\micrometer-observation\1.12.2\micrometer-observation-1.12.2.jar;C:\Users\2318431\.m2\repository\io\micrometer\micrometer-commons\1.12.2\micrometer-commons-1.12.2.jar;C:\Users\2318431\.m2\repository\org\springframework\spring-webmvc\6.1.3\spring-webmvc-6.1.3.jar;C:\Users\2318431\.m2\repository\org\springframework\spring-expression\6.1.3\spring-expression-6.1.3.jar;C:\Users\2318431\.m2\repository\org\springframework\boot\spring-boot-devtools\3.2.2\spring-boot-devtools-3.2.2.jar;C:\Users\2318431\.m2\repository\org\springframework\boot\spring-boot\3.2.2\spring-boot-3.2.2.jar;C:\Users\2318431\.m2\repository\org\springframework\boot\spring-boot-autoconfigure\3.2.2\spring-boot-autoconfigure-3.2.2.jar;C:\Users\2318431\.m2\repository\com\h2database\h2\2.2.224\h2-2.2.224.jar;C:\Users\2318431\.m2\repository\org\springframework\boot\spring-boot-starter-test\3.2.2\spring-boot-starter-test-3.2.2.jar;C:\Users\2318431\.m2\repository\org\springframework\boot\spring-boot-test\3.2.2\spring-boot-test-3.2.2.jar;C:\Users\2318431\.m2\repository\org\springframework\boot\spring-boot-test-autoconfigure\3.2.2\spring-boot-test-autoconfigure-3.2.2.jar;C:\Users\2318431\.m2\repository\com\jayway\jsonpath\json-path\2.8.0\json-path-2.8.0.jar;C:\Users\2318431\.m2\repository\jakarta\xml\bind\jakarta.xml.bind-api\4.0.1\jakarta.xml.bind-api-4.0.1.jar;C:\Users\2318431\.m2\repository\jakarta\activation\jakarta.activation-api\2.1.2\jakarta.activation-api-2.1.2.jar;C:\Users\2318431\.m2\repository\net\minidev\json-smart\2.5.0\json-smart-2.5.0.jar;C:\Users\2318431\.m2\repository\net\minidev\accessors-smart\2.5.0\accessors-smart-2.5.0.jar;C:\Users\2318431\.m2\repository\org\ow2\asm\asm\9.3\asm-9.3.jar;C:\Users\2318431\.m2\repository\org\assertj\assertj-core\3.24.2\assertj-core-3.24.2.jar;C:\Users\2318431\.m2\repository\org\awaitility\awaitility\4.2.0\awaitility-4.2.0.jar;C:\Users\2318431\.m2\repository\org\hamcrest\hamcrest\2.2\hamcrest-2.2.jar;C:\Users\2318431\.m2\repository\org\junit\jupiter\junit-jupiter\5.10.1\junit-jupiter-5.10.1.jar;C:\Users\2318431\.m2\repository\org\junit\jupiter\junit-jupiter-api\5.10.1\junit-jupiter-api-5.10.1.jar;C:\Users\2318431\.m2\repository\org\opentest4j\opentest4j\1.3.0\opentest4j-1.3.0.jar;C:\Users\2318431\.m2\repository\org\junit\platform\junit-platform-commons\1.10.1\junit-platform-commons-1.10.1.jar;C:\Users\2318431\.m2\repository\org\apiguardian\apiguardian-api\1.1.2\apiguardian-api-1.1.2.jar;C:\Users\2318431\.m2\repository\org\junit\jupiter\junit-jupiter-params\5.10.1\junit-jupiter-params-5.10.1.jar;C:\Users\2318431\.m2\repository\org\junit\jupiter\junit-jupiter-engine\5.10.1\junit-jupiter-engine-5.10.1.jar;C:\Users\2318431\.m2\repository\org\junit\platform\junit-platform-engine\1.10.1\junit-platform-engine-1.10.1.jar;C:\Users\2318431\.m2\repository\org\mockito\mockito-core\5.7.0\mockito-core-5.7.0.jar;C:\Users\2318431\.m2\repository\net\bytebuddy\byte-buddy-agent\1.14.11\byte-buddy-agent-1.14.11.jar;C:\Users\2318431\.m2\repository\org\objenesis\objenesis\3.3\objenesis-3.3.jar;C:\Users\2318431\.m2\repository\org\mockito\mockito-junit-jupiter\5.7.0\mockito-junit-jupiter-5.7.0.jar;C:\Users\2318431\.m2\repository\org\skyscreamer\jsonassert\1.5.1\jsonassert-1.5.1.jar;C:\Users\2318431\.m2\repository\com\vaadin\external\google\android-json\0.0.20131108.vaadin1\android-json-0.0.20131108.vaadin1.jar;C:\Users\2318431\.m2\repository\org\springframework\spring-core\6.1.3\spring-core-6.1.3.jar;C:\Users\2318431\.m2\repository\org\springframework\spring-jcl\6.1.3\spring-jcl-6.1.3.jar;C:\Users\2318431\.m2\repository\org\springframework\spring-test\6.1.3\spring-test-6.1.3.jar;C:\Users\2318431\.m2\repository\org\xmlunit\xmlunit-core\2.9.1\xmlunit-core-2.9.1.jar;C:\Users\2318431\.m2\repository\org\springdoc\springdoc-openapi-starter-webmvc-ui\2.4.0\springdoc-openapi-starter-webmvc-ui-2.4.0.jar;C:\Users\2318431\.m2\repository\org\springdoc\springdoc-openapi-starter-webmvc-api\2.4.0\springdoc-openapi-starter-webmvc-api-2.4.0.jar;C:\Users\2318431\.m2\repository\org\springdoc\springdoc-openapi-starter-common\2.4.0\springdoc-openapi-starter-common-2.4.0.jar;C:\Users\2318431\.m2\repository\io\swagger\core\v3\swagger-core-jakarta\2.2.20\swagger-core-jakarta-2.2.20.jar;C:\Users\2318431\.m2\repository\org\apache\commons\commons-lang3\3.13.0\commons-lang3-3.13.0.jar;C:\Users\2318431\.m2\repository\io\swagger\core\v3\swagger-annotations-jakarta\2.2.20\swagger-annotations-jakarta-2.2.20.jar;C:\Users\2318431\.m2\repository\io\swagger\core\v3\swagger-models-jakarta\2.2.20\swagger-models-jakarta-2.2.20.jar;C:\Users\2318431\.m2\repository\com\fasterxml\jackson\dataformat\jackson-dataformat-yaml\2.15.3\jackson-dataformat-yaml-2.15.3.jar;C:\Users\2318431\.m2\repository\org\webjars\swagger-ui\5.11.8\swagger-ui-5.11.8.jar;C:\Users\2318431\.m2\repository\jakarta\validation\jakarta.validation-api\3.0.2\jakarta.validation-api-3.0.2.jar;C:\Users\2318431\.m2\repository\org\projectlombok\lombok\1.18.30\lombok-1.18.30.jar;C:\Users\2318431\.m2\repository\org\springframework\cloud\spring-cloud-starter\4.1.2\spring-cloud-starter-4.1.2.jar;C:\Users\2318431\.m2\repository\org\springframework\cloud\spring-cloud-context\4.1.2\spring-cloud-context-4.1.2.jar;C:\Users\2318431\.m2\repository\org\springframework\security\spring-security-crypto\6.2.1\spring-security-crypto-6.2.1.jar;C:\Users\2318431\.m2\repository\org\springframework\cloud\spring-cloud-commons\4.1.2\spring-cloud-commons-4.1.2.jar;C:\Users\2318431\.m2\repository\org\springframework\security\spring-security-rsa\1.1.2\spring-security-rsa-1.1.2.jar;C:\Users\2318431\.m2\repository\org\bouncycastle\bcprov-jdk18on\1.77\bcprov-jdk18on-1.77.jar;C:\Users\2318431\.m2\repository\org\springframework\cloud\spring-cloud-starter-netflix-eureka-client\4.1.1\spring-cloud-starter-netflix-eureka-client-4.1.1.jar;C:\Users\2318431\.m2\repository\org\springframework\cloud\spring-cloud-netflix-eureka-client\4.1.1\spring-cloud-netflix-eureka-client-4.1.1.jar;C:\Users\2318431\.m2\repository\org\apache\httpcomponents\client5\httpclient5\5.2.3\httpclient5-5.2.3.jar;C:\Users\2318431\.m2\repository\org\apache\httpcomponents\core5\httpcore5\5.2.4\httpcore5-5.2.4.jar;C:\Users\2318431\.m2\repository\org\apache\httpcomponents\core5\httpcore5-h2\5.2.4\httpcore5-h2-5.2.4.jar;C:\Users\2318431\.m2\repository\com\netflix\eureka\eureka-client\2.0.2\eureka-client-2.0.2.jar;C:\Users\2318431\.m2\repository\com\netflix\netflix-commons\netflix-eventbus\0.3.0\netflix-eventbus-0.3.0.jar;C:\Users\2318431\.m2\repository\com\netflix\netflix-commons\netflix-infix\0.3.0\netflix-infix-0.3.0.jar;C:\Users\2318431\.m2\repository\commons-jxpath\commons-jxpath\1.3\commons-jxpath-1.3.jar;C:\Users\2318431\.m2\repository\joda-time\joda-time\2.3\joda-time-2.3.jar;C:\Users\2318431\.m2\repository\org\antlr\antlr-runtime\3.4\antlr-runtime-3.4.jar;C:\Users\2318431\.m2\repository\org\antlr\stringtemplate\3.2.1\stringtemplate-3.2.1.jar;C:\Users\2318431\.m2\repository\antlr\antlr\2.7.7\antlr-2.7.7.jar;C:\Users\2318431\.m2\repository\com\google\code\gson\gson\2.10.1\gson-2.10.1.jar;C:\Users\2318431\.m2\repository\org\apache\commons\commons-math\2.2\commons-math-2.2.jar;C:\Users\2318431\.m2\repository\com\thoughtworks\xstream\xstream\1.4.19\xstream-1.4.19.jar;C:\Users\2318431\.m2\repository\io\github\x-stream\mxparser\1.2.2\mxparser-1.2.2.jar;C:\Users\2318431\.m2\repository\xmlpull\xmlpull\1.1.3.1\xmlpull-1.1.3.1.jar;C:\Users\2318431\.m2\repository\jakarta\ws\rs\jakarta.ws.rs-api\3.1.0\jakarta.ws.rs-api-3.1.0.jar;C:\Users\2318431\.m2\repository\com\netflix\servo\servo-core\0.12.21\servo-core-0.12.21.jar;C:\Users\2318431\.m2\repository\com\google\guava\guava\19.0\guava-19.0.jar;C:\Users\2318431\.m2\repository\org\apache\httpcomponents\httpclient\4.5.3\httpclient-4.5.3.jar;C:\Users\2318431\.m2\repository\org\apache\httpcomponents\httpcore\4.4.16\httpcore-4.4.16.jar;C:\Users\2318431\.m2\repository\commons-codec\commons-codec\1.16.0\commons-codec-1.16.0.jar;C:\Users\2318431\.m2\repository\commons-configuration\commons-configuration\1.10\commons-configuration-1.10.jar;C:\Users\2318431\.m2\repository\commons-lang\commons-lang\2.6\commons-lang-2.6.jar;C:\Users\2318431\.m2\repository\com\fasterxml\jackson\core\jackson-annotations\2.15.3\jackson-annotations-2.15.3.jar;C:\Users\2318431\.m2\repository\com\fasterxml\jackson\core\jackson-core\2.15.3\jackson-core-2.15.3.jar;C:\Users\2318431\.m2\repository\org\codehaus\jettison\jettison\1.5.4\jettison-1.5.4.jar;C:\Users\2318431\.m2\repository\com\netflix\eureka\eureka-core\2.0.2\eureka-core-2.0.2.jar;C:\Users\2318431\.m2\repository\com\fasterxml\woodstox\woodstox-core\6.2.1\woodstox-core-6.2.1.jar;C:\Users\2318431\.m2\repository\org\codehaus\woodstox\stax2-api\4.2.1\stax2-api-4.2.1.jar;C:\Users\2318431\.m2\repository\org\springframework\cloud\spring-cloud-starter-loadbalancer\4.1.2\spring-cloud-starter-loadbalancer-4.1.2.jar;C:\Users\2318431\.m2\repository\org\springframework\cloud\spring-cloud-loadbalancer\4.1.2\spring-cloud-loadbalancer-4.1.2.jar;C:\Users\2318431\.m2\repository\io\projectreactor\reactor-core\3.6.2\reactor-core-3.6.2.jar;C:\Users\2318431\.m2\repository\org\reactivestreams\reactive-streams\1.0.4\reactive-streams-1.0.4.jar;C:\Users\2318431\.m2\repository\io\projectreactor\addons\reactor-extra\3.5.1\reactor-extra-3.5.1.jar;C:\Users\2318431\.m2\repository\org\springframework\boot\spring-boot-starter-cache\3.2.2\spring-boot-starter-cache-3.2.2.jar;C:\Users\2318431\.m2\repository\org\springframework\spring-context-support\6.1.3\spring-context-support-6.1.3.jar;C:\Users\2318431\.m2\repository\com\stoyanr\evictor\1.0.0\evictor-1.0.0.jar;"/>
    <property name="sun.cpu.endian" value="little"/>
    <property name="user.home" value="C:\Users\2318431"/>
    <property name="user.language" value="en"/>
    <property name="java.specification.vendor" value="Oracle Corporation"/>
    <property name="java.version.date" value="2024-01-16"/>
    <property name="java.home" value="C:\Users\2318431\Downloads\sts-4.21.1.RELEASE\plugins\org.eclipse.justj.openjdk.hotspot.jre.full.win32.x86_64_17.0.10.v20240120-1143\jre"/>
    <property name="file.separator" value="\"/>
    <property name="style.color" value="always"/>
    <property name="basedir" value="C:\Users\2318431\Downloads\Ridesharingplatform"/>
    <property name="java.vm.compressedOopsMode" value="Zero based"/>
    <property name="line.separator" value="&#10;"/>
    <property name="java.vm.specification.vendor" value="Oracle Corporation"/>
    <property name="java.specification.name" value="Java Platform API Specification"/>
    <property name="FILE_LOG_CHARSET" value="windows-1252"/>
    <property name="java.awt.headless" value="true"/>
    <property name="surefire.real.class.path" value="C:\Users\2318431\AppData\Local\Temp\surefire11695190849379645671\surefirebooter-20240424170201165_3.jar"/>
    <property name="user.script" value=""/>
    <property name="sun.management.compiler" value="HotSpot 64-Bit Tiered Compilers"/>
    <property name="java.runtime.version" value="17.0.10+7"/>
    <property name="user.name" value="2318431"/>
    <property name="path.separator" value=";"/>
    <property name="os.version" value="10.0"/>
    <property name="java.runtime.name" value="OpenJDK Runtime Environment"/>
    <property name="file.encoding" value="Cp1252"/>
    <property name="java.vm.name" value="OpenJDK 64-Bit Server VM"/>
    <property name="java.vendor.version" value="Temurin-17.0.10+7"/>
    <property name="localRepository" value="C:\Users\2318431\.m2\repository"/>
    <property name="java.vendor.url.bug" value="https://github.com/adoptium/adoptium-support/issues"/>
    <property name="java.io.tmpdir" value="C:\Users\2318431\AppData\Local\Temp\"/>
    <property name="com.zaxxer.hikari.pool_number" value="1"/>
    <property name="java.version" value="17.0.10"/>
    <property name="user.dir" value="C:\Users\2318431\Downloads\Ridesharingplatform"/>
    <property name="os.arch" value="amd64"/>
    <property name="java.vm.specification.name" value="Java Virtual Machine Specification"/>
    <property name="PID" value="5824"/>
    <property name="sun.os.patch.level" value=""/>
    <property name="CONSOLE_LOG_CHARSET" value="windows-1252"/>
    <property name="native.encoding" value="Cp1252"/>
    <property name="java.library.path" value="C:\Users\2318431\Downloads\sts-4.21.1.RELEASE\plugins\org.eclipse.justj.openjdk.hotspot.jre.full.win32.x86_64_17.0.10.v20240120-1143\jre\bin;C:\Windows\Sun\Java\bin;C:\Windows\system32;C:\Windows;C:/Users/2318431/Downloads/sts-4.21.1.RELEASE//plugins/org.eclipse.justj.openjdk.hotspot.jre.full.win32.x86_64_17.0.10.v20240120-1143/jre/bin/server;C:/Users/2318431/Downloads/sts-4.21.1.RELEASE//plugins/org.eclipse.justj.openjdk.hotspot.jre.full.win32.x86_64_17.0.10.v20240120-1143/jre/bin;C:\Program Files\Common Files\Oracle\Java\javapath;C:\Program Files (x86)\Common Files\Oracle\Java\javapath;C:\Program Files\Zulu\zulu-17\bin\;C:\Windows\system32;C:\Windows;C:\Windows\System32\Wbem;C:\Windows\System32\WindowsPowerShell\v1.0\;C:\Windows\System32\OpenSSH\;C:\Users\2318431\Downloads\apache-maven-3.9.6-bin.zip\apache-maven-3.9.6\bin;C:\apache-maven-3.9.6\bin;C:\Program Files\Git\cmd;C:\Users\2318431\Downloads\node-v20.12.2-win-x64\node-v20.12.2-win-x64;C:\Program Files\MySQL\MySQL Shell 8.0\bin\;C:\Users\2318431\AppData\Local\Microsoft\WindowsApps;;C:\Users\2318431\AppData\Local\Programs\Microsoft VS Code\bin;C:\Users\2318431\AppData\Roaming\npm;C:\Users\2318431\Downloads\sts-4.21.1.RELEASE;;."/>
    <property name="java.vm.info" value="mixed mode"/>
    <property name="java.vendor" value="Eclipse Adoptium"/>
    <property name="java.vm.version" value="17.0.10+7"/>
    <property name="sun.io.unicode.encoding" value="UnicodeLittle"/>
    <property name="java.class.version" value="61.0"/>
    <property name="LOGGED_APPLICATION_NAME" value="[Vehicle Management Module] "/>
  </properties>
  <testcase name="testFindAllNegative" classname="com.cognizant.main.TestVehiclesRepository" time="0.05">
    <system-out><![CDATA[2024-04-24T17:02:27.718+05:30 DEBUG 5824 --- [Vehicle Management Module] [           main] o.s.t.c.support.AbstractContextLoader    : Could not detect default resource locations for test class [com.cognizant.main.TestVehiclesRepository]: no resource found for suffixes {-context.xml, Context.groovy}.
2024-04-24T17:02:27.719+05:30 DEBUG 5824 --- [Vehicle Management Module] [           main] b.t.a.o.j.DataJpaTestContextBootstrapper : Using ContextCustomizerFactory implementations for test class [TestVehiclesRepository]: [ImportsContextCustomizerFactory, ExcludeFilterContextCustomizerFactory, HttpGraphQlTesterContextCustomizerFactory, DuplicateJsonObjectContextCustomizerFactory, MockitoContextCustomizerFactory, TestRestTemplateContextCustomizerFactory, WebTestClientContextCustomizerFactory, OverrideAutoConfigurationContextCustomizerFactory, ObservabilityContextCustomizerFactory, TypeExcludeFiltersContextCustomizerFactory, PropertyMappingContextCustomizerFactory, WebDriverContextCustomizerFactory, MockServerContainerContextCustomizerFactory, DynamicPropertiesContextCustomizerFactory]
2024-04-24T17:02:27.764+05:30 DEBUG 5824 --- [Vehicle Management Module] [           main] b.t.a.o.j.DataJpaTestContextBootstrapper : Using ContextCustomizers for test class [TestVehiclesRepository]: [ImportsContextCustomizer, ExcludeFilterContextCustomizer, DuplicateJsonObjectContextCustomizer, MockitoContextCustomizer, DisableAutoConfigurationContextCustomizer, DisableObservabilityContextCustomizer, TypeExcludeFiltersContextCustomizer, PropertyMappingContextCustomizer, WebDriverContextCustomizer]
2024-04-24T17:02:27.766+05:30 DEBUG 5824 --- [Vehicle Management Module] [           main] .s.t.c.u.TestContextSpringFactoriesUtils : Skipping candidate TestExecutionListener [org.springframework.test.context.observation.MicrometerObservationRegistryTestExecutionListener] due to a missing dependency. Specify custom TestExecutionListener classes or make the default TestExecutionListener classes and their required dependencies available. Offending class: io.micrometer.context.ThreadLocalAccessor. MicrometerObservationRegistryTestExecutionListener requires io.micrometer:micrometer-observation:1.10.8 or higher and io.micrometer:context-propagation:1.0.3 or higher.
2024-04-24T17:02:27.767+05:30 DEBUG 5824 --- [Vehicle Management Module] [           main] b.t.a.o.j.DataJpaTestContextBootstrapper : Using TestExecutionListeners for test class [TestVehiclesRepository]: [ServletTestExecutionListener, DirtiesContextBeforeModesTestExecutionListener, ApplicationEventsTestExecutionListener, MockitoTestExecutionListener, DependencyInjectionTestExecutionListener, DirtiesContextTestExecutionListener, TransactionalTestExecutionListener, SqlScriptsTestExecutionListener, EventPublishingTestExecutionListener, ResetMocksTestExecutionListener, RestDocsTestExecutionListener, MockRestServiceServerResetTestExecutionListener, MockMvcPrintOnlyOnFailureTestExecutionListener, WebDriverTestExecutionListener, MockWebServiceServerTestExecutionListener]
2024-04-24T17:02:27.767+05:30 DEBUG 5824 --- [Vehicle Management Module] [           main] sContextBeforeModesTestExecutionListener : Before test class: class [TestVehiclesRepository], class annotated with @DirtiesContext [false] with mode [null]
2024-04-24T17:02:27.768+05:30 DEBUG 5824 --- [Vehicle Management Module] [           main] org.springframework.test.context.cache   : Spring test ApplicationContext cache statistics: [DefaultContextCache@491cceb4 size = 2, maxSize = 32, parentContextCount = 0, hitCount = 85, missCount = 2, failureCount = 0]
2024-04-24T17:02:27.769+05:30 DEBUG 5824 --- [Vehicle Management Module] [           main] DependencyInjectionTestExecutionListener : Performing dependency injection for test class com.cognizant.main.TestVehiclesRepository
2024-04-24T17:02:27.769+05:30 DEBUG 5824 --- [Vehicle Management Module] [           main] org.springframework.test.context.cache   : Spring test ApplicationContext cache statistics: [DefaultContextCache@491cceb4 size = 2, maxSize = 32, parentContextCount = 0, hitCount = 86, missCount = 2, failureCount = 0]
2024-04-24T17:02:27.772+05:30 DEBUG 5824 --- [Vehicle Management Module] [           main] org.springframework.test.context.cache   : Spring test ApplicationContext cache statistics: [DefaultContextCache@491cceb4 size = 2, maxSize = 32, parentContextCount = 0, hitCount = 87, missCount = 2, failureCount = 0]
2024-04-24T17:02:27.773+05:30 DEBUG 5824 --- [Vehicle Management Module] [           main] sContextBeforeModesTestExecutionListener : Before test method: class [TestVehiclesRepository], method [testFindAllNegative], class annotated with @DirtiesContext [false] with mode [null], method annotated with @DirtiesContext [false] with mode [null]
2024-04-24T17:02:27.774+05:30 DEBUG 5824 --- [Vehicle Management Module] [           main] t.c.t.TransactionalTestExecutionListener : Explicit transaction definition [PROPAGATION_REQUIRED,ISOLATION_DEFAULT] found for test class [com.cognizant.main.TestVehiclesRepository] and test method [testFindAllNegative]
2024-04-24T17:02:27.774+05:30 DEBUG 5824 --- [Vehicle Management Module] [           main] org.springframework.test.context.cache   : Spring test ApplicationContext cache statistics: [DefaultContextCache@491cceb4 size = 2, maxSize = 32, parentContextCount = 0, hitCount = 88, missCount = 2, failureCount = 0]
2024-04-24T17:02:27.774+05:30 DEBUG 5824 --- [Vehicle Management Module] [           main] t.c.t.TransactionalTestExecutionListener : No method-level @Rollback override: using default rollback [true] for test method [public void com.cognizant.main.TestVehiclesRepository.testFindAllNegative()]
2024-04-24T17:02:27.774+05:30 DEBUG 5824 --- [Vehicle Management Module] [           main] o.s.orm.jpa.JpaTransactionManager        : Creating new transaction with name [com.cognizant.main.TestVehiclesRepository.testFindAllNegative]: PROPAGATION_REQUIRED,ISOLATION_DEFAULT
2024-04-24T17:02:27.775+05:30 DEBUG 5824 --- [Vehicle Management Module] [           main] o.s.orm.jpa.JpaTransactionManager        : Opened new EntityManager [SessionImpl(1224203232<open>)] for JPA transaction
2024-04-24T17:02:27.775+05:30 DEBUG 5824 --- [Vehicle Management Module] [           main] o.h.e.t.internal.TransactionImpl         : On TransactionImpl creation, JpaCompliance#isJpaTransactionComplianceEnabled == false
2024-04-24T17:02:27.775+05:30 DEBUG 5824 --- [Vehicle Management Module] [           main] o.h.e.t.internal.TransactionImpl         : begin
2024-04-24T17:02:27.775+05:30 DEBUG 5824 --- [Vehicle Management Module] [           main] o.s.j.datasource.SimpleDriverDataSource  : Creating new JDBC Driver Connection to [jdbc:h2:mem:77e5e59b-9028-4692-bf3e-2dbb97a1edaf;DB_CLOSE_DELAY=-1;DB_CLOSE_ON_EXIT=false]
2024-04-24T17:02:27.785+05:30 DEBUG 5824 --- [Vehicle Management Module] [           main] o.s.orm.jpa.JpaTransactionManager        : Exposing JPA transaction as JDBC [org.springframework.orm.jpa.vendor.HibernateJpaDialect$HibernateConnectionHandle@c6b679d]
2024-04-24T17:02:27.788+05:30 DEBUG 5824 --- [Vehicle Management Module] [           main] o.s.t.c.transaction.TransactionContext   : Began transaction (1) for test class [com.cognizant.main.TestVehiclesRepository]; test method [testFindAllNegative]; transaction manager [org.springframework.orm.jpa.JpaTransactionManager@82b778b]; rollback [true]
2024-04-24T17:02:27.790+05:30 DEBUG 5824 --- [Vehicle Management Module] [           main] org.springframework.test.context.cache   : Spring test ApplicationContext cache statistics: [DefaultContextCache@491cceb4 size = 2, maxSize = 32, parentContextCount = 0, hitCount = 89, missCount = 2, failureCount = 0]
2024-04-24T17:02:27.790+05:30 DEBUG 5824 --- [Vehicle Management Module] [           main] org.springframework.test.context.cache   : Spring test ApplicationContext cache statistics: [DefaultContextCache@491cceb4 size = 2, maxSize = 32, parentContextCount = 0, hitCount = 90, missCount = 2, failureCount = 0]
2024-04-24T17:02:27.791+05:30 DEBUG 5824 --- [Vehicle Management Module] [           main] org.springframework.test.context.cache   : Spring test ApplicationContext cache statistics: [DefaultContextCache@491cceb4 size = 2, maxSize = 32, parentContextCount = 0, hitCount = 91, missCount = 2, failureCount = 0]
2024-04-24T17:02:27.791+05:30 DEBUG 5824 --- [Vehicle Management Module] [           main] o.s.orm.jpa.JpaTransactionManager        : Found thread-bound EntityManager [SessionImpl(1224203232<open>)] for JPA transaction
2024-04-24T17:02:27.791+05:30 DEBUG 5824 --- [Vehicle Management Module] [           main] o.s.orm.jpa.JpaTransactionManager        : Participating in existing transaction
2024-04-24T17:02:27.792+05:30 DEBUG 5824 --- [Vehicle Management Module] [           main] org.hibernate.orm.sql.ast.create         : Created new SQL alias : v1_0
2024-04-24T17:02:27.792+05:30 DEBUG 5824 --- [Vehicle Management Module] [           main] org.hibernate.orm.sql.ast.create         : Registration of TableGroup [StandardTableGroup(com.cognizant.main.entities.Vehicles(104028898414500))] with identifierForTableGroup [com.cognizant.main.entities.Vehicles] for NavigablePath [com.cognizant.main.entities.Vehicles] 
2024-04-24T17:02:27.793+05:30 DEBUG 5824 --- [Vehicle Management Module] [           main] org.hibernate.orm.sql.ast.create         : Registration of TableGroup [org.hibernate.sql.ast.tree.from.LazyTableGroup@3763c93b] with identifierForTableGroup [com.cognizant.main.entities.Vehicles.vehicleDetails] for NavigablePath [com.cognizant.main.entities.Vehicles.vehicleDetails] 
2024-04-24T17:02:27.794+05:30 DEBUG 5824 --- [Vehicle Management Module] [           main] org.hibernate.orm.sql.ast.create         : Registration of TableGroup [org.hibernate.sql.ast.tree.from.LazyTableGroup@6629ce82] with identifierForTableGroup [com.cognizant.main.entities.Vehicles.vehicleTypeId] for NavigablePath [com.cognizant.main.entities.Vehicles.vehicleTypeId] 
2024-04-24T17:02:27.795+05:30 DEBUG 5824 --- [Vehicle Management Module] [           main] org.hibernate.orm.results.graph.AST      : DomainResult Graph:
 \-EntityResultImpl [com.cognizant.main.entities.Vehicles(104028898414500)]
 |  +-BasicFetch [com.cognizant.main.entities.Vehicles(104028898414500).belongsToUserId]
 |  +-BasicFetch [com.cognizant.main.entities.Vehicles(104028898414500).inspectedByUserId]
 |  +-BasicFetch [com.cognizant.main.entities.Vehicles(104028898414500).inspectedOn]
 |  +-BasicFetch [com.cognizant.main.entities.Vehicles(104028898414500).inspectionStatus]
 |  +-EntityFetchSelectImpl [com.cognizant.main.entities.Vehicles(104028898414500).vehicleDetails]
 |  \-CircularFetchImpl [com.cognizant.main.entities.Vehicles(104028898414500).vehicleTypeId]

2024-04-24T17:02:27.795+05:30 DEBUG 5824 --- [Vehicle Management Module] [           main] org.hibernate.orm.sql.ast.tree           : SQL AST Tree:
    SelectStatement {
      FromClause {
        StandardTableGroup (v1 : com.cognizant.main.entities.Vehicles(104028898414500)) {
          primaryTableReference : vechicles as v1_0
          TableGroupJoins {
            left  join LazyTableGroup (vd1 : com.cognizant.main.entities.Vehicles(104028898414500).vehicleDetails) {
            }
            left  join LazyTableGroup (vti1 : com.cognizant.main.entities.Vehicles(104028898414500).vehicleTypeId) {
            }
          }
        }
      }
    }

2024-04-24T17:02:27.795+05:30 DEBUG 5824 --- [Vehicle Management Module] [           main] org.hibernate.orm.sql.exec               : Skipping reading Query result cache data: cache-enabled = false, cache-mode = NORMAL
2024-04-24T17:02:27.810+05:30 DEBUG 5824 --- [Vehicle Management Module] [           main] org.hibernate.orm.results                : Initializer list:
	  com.cognizant.main.entities.Vehicles(104028898414500).vehicleDetails -> EntitySelectFetchInitializer(com.cognizant.main.entities.Vehicles(104028898414500).vehicleDetails)@708714067 (ToOneAttributeMapping(NavigableRole[com.cognizant.main.entities.Vehicles.vehicleDetails])@1936782171)
	  com.cognizant.main.entities.Vehicles(104028898414500) -> EntityResultInitializer(com.cognizant.main.entities.Vehicles(104028898414500))@1839211146 (SingleTableEntityPersister(com.cognizant.main.entities.Vehicles))
	  com.cognizant.main.entities.Vehicles(104028898414500).vehicleTypeId -> EntitySelectFetchInitializer(com.cognizant.main.entities.Vehicles(104028898414500).vehicleTypeId)@1638345617 (ToOneAttributeMapping(NavigableRole[com.cognizant.main.entities.Vehicles.vehicleTypeId])@2100828331)

2024-04-24T17:02:27.810+05:30 DEBUG 5824 --- [Vehicle Management Module] [           main] org.hibernate.SQL                        : select v1_0.registration_no,v1_0.belongs_to_user_id,v1_0.inspected_by_user_id,v1_0.inspected_on,v1_0.inspection_status,v1_0.vechicle_type_id from vechicles v1_0
Hibernate: select v1_0.registration_no,v1_0.belongs_to_user_id,v1_0.inspected_by_user_id,v1_0.inspected_on,v1_0.inspection_status,v1_0.vechicle_type_id from vechicles v1_0
2024-04-24T17:02:27.813+05:30 DEBUG 5824 --- [Vehicle Management Module] [           main] org.springframework.test.context.cache   : Spring test ApplicationContext cache statistics: [DefaultContextCache@491cceb4 size = 2, maxSize = 32, parentContextCount = 0, hitCount = 92, missCount = 2, failureCount = 0]
2024-04-24T17:02:27.814+05:30 DEBUG 5824 --- [Vehicle Management Module] [           main] org.springframework.test.context.cache   : Spring test ApplicationContext cache statistics: [DefaultContextCache@491cceb4 size = 2, maxSize = 32, parentContextCount = 0, hitCount = 93, missCount = 2, failureCount = 0]
2024-04-24T17:02:27.814+05:30 DEBUG 5824 --- [Vehicle Management Module] [           main] org.springframework.test.context.cache   : Spring test ApplicationContext cache statistics: [DefaultContextCache@491cceb4 size = 2, maxSize = 32, parentContextCount = 0, hitCount = 94, missCount = 2, failureCount = 0]
2024-04-24T17:02:27.815+05:30 DEBUG 5824 --- [Vehicle Management Module] [           main] org.springframework.test.context.cache   : Spring test ApplicationContext cache statistics: [DefaultContextCache@491cceb4 size = 2, maxSize = 32, parentContextCount = 0, hitCount = 95, missCount = 2, failureCount = 0]
2024-04-24T17:02:27.815+05:30 DEBUG 5824 --- [Vehicle Management Module] [           main] org.springframework.test.context.cache   : Spring test ApplicationContext cache statistics: [DefaultContextCache@491cceb4 size = 2, maxSize = 32, parentContextCount = 0, hitCount = 96, missCount = 2, failureCount = 0]
2024-04-24T17:02:27.820+05:30 DEBUG 5824 --- [Vehicle Management Module] [           main] org.springframework.test.context.cache   : Spring test ApplicationContext cache statistics: [DefaultContextCache@491cceb4 size = 2, maxSize = 32, parentContextCount = 0, hitCount = 97, missCount = 2, failureCount = 0]
2024-04-24T17:02:27.820+05:30 DEBUG 5824 --- [Vehicle Management Module] [           main] o.s.orm.jpa.JpaTransactionManager        : Initiating transaction rollback
2024-04-24T17:02:27.820+05:30 DEBUG 5824 --- [Vehicle Management Module] [           main] o.s.orm.jpa.JpaTransactionManager        : Rolling back JPA transaction on EntityManager [SessionImpl(1224203232<open>)]
2024-04-24T17:02:27.820+05:30 DEBUG 5824 --- [Vehicle Management Module] [           main] o.h.e.t.internal.TransactionImpl         : rolling back
2024-04-24T17:02:27.821+05:30 DEBUG 5824 --- [Vehicle Management Module] [           main] o.s.orm.jpa.JpaTransactionManager        : Closing JPA EntityManager [SessionImpl(1224203232<open>)] after transaction
2024-04-24T17:02:27.822+05:30 DEBUG 5824 --- [Vehicle Management Module] [           main] o.s.t.c.transaction.TransactionContext   : Rolled back transaction (1) for test class [com.cognizant.main.TestVehiclesRepository]; test method [testFindAllNegative]
2024-04-24T17:02:27.822+05:30 DEBUG 5824 --- [Vehicle Management Module] [           main] .c.s.DirtiesContextTestExecutionListener : After test method: class [TestVehiclesRepository], method [testFindAllNegative], class annotated with @DirtiesContext [false] with mode [null], method annotated with @DirtiesContext [false] with mode [null]
]]></system-out>
  </testcase>
  <testcase name="testFindByIdPositive" classname="com.cognizant.main.TestVehiclesRepository" time="0.079">
    <system-out><![CDATA[2024-04-24T17:02:27.823+05:30 DEBUG 5824 --- [Vehicle Management Module] [           main] DependencyInjectionTestExecutionListener : Performing dependency injection for test class com.cognizant.main.TestVehiclesRepository
2024-04-24T17:02:27.824+05:30 DEBUG 5824 --- [Vehicle Management Module] [           main] org.springframework.test.context.cache   : Spring test ApplicationContext cache statistics: [DefaultContextCache@491cceb4 size = 2, maxSize = 32, parentContextCount = 0, hitCount = 98, missCount = 2, failureCount = 0]
2024-04-24T17:02:27.826+05:30 DEBUG 5824 --- [Vehicle Management Module] [           main] org.springframework.test.context.cache   : Spring test ApplicationContext cache statistics: [DefaultContextCache@491cceb4 size = 2, maxSize = 32, parentContextCount = 0, hitCount = 99, missCount = 2, failureCount = 0]
2024-04-24T17:02:27.827+05:30 DEBUG 5824 --- [Vehicle Management Module] [           main] sContextBeforeModesTestExecutionListener : Before test method: class [TestVehiclesRepository], method [testFindByIdPositive], class annotated with @DirtiesContext [false] with mode [null], method annotated with @DirtiesContext [false] with mode [null]
2024-04-24T17:02:27.828+05:30 DEBUG 5824 --- [Vehicle Management Module] [           main] t.c.t.TransactionalTestExecutionListener : Explicit transaction definition [PROPAGATION_REQUIRED,ISOLATION_DEFAULT] found for test class [com.cognizant.main.TestVehiclesRepository] and test method [testFindByIdPositive]
2024-04-24T17:02:27.830+05:30 DEBUG 5824 --- [Vehicle Management Module] [           main] org.springframework.test.context.cache   : Spring test ApplicationContext cache statistics: [DefaultContextCache@491cceb4 size = 2, maxSize = 32, parentContextCount = 0, hitCount = 100, missCount = 2, failureCount = 0]
2024-04-24T17:02:27.830+05:30 DEBUG 5824 --- [Vehicle Management Module] [           main] t.c.t.TransactionalTestExecutionListener : No method-level @Rollback override: using default rollback [true] for test method [public void com.cognizant.main.TestVehiclesRepository.testFindByIdPositive()]
2024-04-24T17:02:27.830+05:30 DEBUG 5824 --- [Vehicle Management Module] [           main] o.s.orm.jpa.JpaTransactionManager        : Creating new transaction with name [com.cognizant.main.TestVehiclesRepository.testFindByIdPositive]: PROPAGATION_REQUIRED,ISOLATION_DEFAULT
2024-04-24T17:02:27.830+05:30 DEBUG 5824 --- [Vehicle Management Module] [           main] o.s.orm.jpa.JpaTransactionManager        : Opened new EntityManager [SessionImpl(2024564450<open>)] for JPA transaction
2024-04-24T17:02:27.830+05:30 DEBUG 5824 --- [Vehicle Management Module] [           main] o.h.e.t.internal.TransactionImpl         : On TransactionImpl creation, JpaCompliance#isJpaTransactionComplianceEnabled == false
2024-04-24T17:02:27.830+05:30 DEBUG 5824 --- [Vehicle Management Module] [           main] o.h.e.t.internal.TransactionImpl         : begin
2024-04-24T17:02:27.830+05:30 DEBUG 5824 --- [Vehicle Management Module] [           main] o.s.j.datasource.SimpleDriverDataSource  : Creating new JDBC Driver Connection to [jdbc:h2:mem:77e5e59b-9028-4692-bf3e-2dbb97a1edaf;DB_CLOSE_DELAY=-1;DB_CLOSE_ON_EXIT=false]
2024-04-24T17:02:27.831+05:30 DEBUG 5824 --- [Vehicle Management Module] [           main] o.s.orm.jpa.JpaTransactionManager        : Exposing JPA transaction as JDBC [org.springframework.orm.jpa.vendor.HibernateJpaDialect$HibernateConnectionHandle@3463d70a]
2024-04-24T17:02:27.831+05:30 DEBUG 5824 --- [Vehicle Management Module] [           main] o.s.t.c.transaction.TransactionContext   : Began transaction (1) for test class [com.cognizant.main.TestVehiclesRepository]; test method [testFindByIdPositive]; transaction manager [org.springframework.orm.jpa.JpaTransactionManager@82b778b]; rollback [true]
2024-04-24T17:02:27.832+05:30 DEBUG 5824 --- [Vehicle Management Module] [           main] org.springframework.test.context.cache   : Spring test ApplicationContext cache statistics: [DefaultContextCache@491cceb4 size = 2, maxSize = 32, parentContextCount = 0, hitCount = 101, missCount = 2, failureCount = 0]
2024-04-24T17:02:27.832+05:30 DEBUG 5824 --- [Vehicle Management Module] [           main] org.springframework.test.context.cache   : Spring test ApplicationContext cache statistics: [DefaultContextCache@491cceb4 size = 2, maxSize = 32, parentContextCount = 0, hitCount = 102, missCount = 2, failureCount = 0]
2024-04-24T17:02:27.834+05:30 DEBUG 5824 --- [Vehicle Management Module] [           main] org.springframework.test.context.cache   : Spring test ApplicationContext cache statistics: [DefaultContextCache@491cceb4 size = 2, maxSize = 32, parentContextCount = 0, hitCount = 103, missCount = 2, failureCount = 0]
2024-04-24T17:02:27.839+05:30 DEBUG 5824 --- [Vehicle Management Module] [           main] o.s.orm.jpa.JpaTransactionManager        : Found thread-bound EntityManager [SessionImpl(2024564450<open>)] for JPA transaction
2024-04-24T17:02:27.839+05:30 DEBUG 5824 --- [Vehicle Management Module] [           main] o.s.orm.jpa.JpaTransactionManager        : Participating in existing transaction
2024-04-24T17:02:27.839+05:30 DEBUG 5824 --- [Vehicle Management Module] [           main] o.h.j.internal.PersistenceUnitUtilImpl   : jakarta.persistence.PersistenceUnitUtil.getIdentifier is only intended to work with enhanced entities (although Hibernate also adapts this support to its proxies); however the passed entity was not enhanced (nor a proxy).. may not be able to read identifier
2024-04-24T17:02:27.840+05:30 DEBUG 5824 --- [Vehicle Management Module] [           main] org.hibernate.orm.sql.ast.create         : Created new SQL alias : v1_0
2024-04-24T17:02:27.840+05:30 DEBUG 5824 --- [Vehicle Management Module] [           main] org.hibernate.orm.sql.ast.create         : Registration of TableGroup [StandardTableGroup(com.cognizant.main.entities.Vehicles)] with identifierForTableGroup [com.cognizant.main.entities.Vehicles] for NavigablePath [com.cognizant.main.entities.Vehicles] 
2024-04-24T17:02:27.840+05:30 DEBUG 5824 --- [Vehicle Management Module] [           main] org.hibernate.orm.sql.ast.create         : Registration of TableGroup [org.hibernate.sql.ast.tree.from.LazyTableGroup@59e6705f] with identifierForTableGroup [com.cognizant.main.entities.Vehicles.vehicleDetails] for NavigablePath [com.cognizant.main.entities.Vehicles.vehicleDetails] 
2024-04-24T17:02:27.840+05:30 DEBUG 5824 --- [Vehicle Management Module] [           main] org.hibernate.orm.sql.ast.create         : Created new SQL alias : vd1_0
2024-04-24T17:02:27.841+05:30 DEBUG 5824 --- [Vehicle Management Module] [           main] org.hibernate.orm.sql.ast.create         : Registration of TableGroup [org.hibernate.sql.ast.tree.from.LazyTableGroup@735ae7f5] with identifierForTableGroup [com.cognizant.main.entities.Vehicles.vehicleTypeId] for NavigablePath [com.cognizant.main.entities.Vehicles.vehicleTypeId] 
2024-04-24T17:02:27.841+05:30 DEBUG 5824 --- [Vehicle Management Module] [           main] org.hibernate.orm.sql.ast.create         : Created new SQL alias : vti1_0
2024-04-24T17:02:27.842+05:30 DEBUG 5824 --- [Vehicle Management Module] [           main] org.hibernate.orm.results.graph.AST      : DomainResult Graph:
 \-EntityResultImpl [com.cognizant.main.entities.Vehicles]
 |  +-BasicFetch [com.cognizant.main.entities.Vehicles.belongsToUserId]
 |  +-BasicFetch [com.cognizant.main.entities.Vehicles.inspectedByUserId]
 |  +-BasicFetch [com.cognizant.main.entities.Vehicles.inspectedOn]
 |  +-BasicFetch [com.cognizant.main.entities.Vehicles.inspectionStatus]
 |  +-EntityFetchJoinedImpl [com.cognizant.main.entities.Vehicles.vehicleDetails]
 |  \-EntityFetchJoinedImpl [com.cognizant.main.entities.Vehicles.vehicleTypeId]

2024-04-24T17:02:27.842+05:30 DEBUG 5824 --- [Vehicle Management Module] [           main] org.hibernate.orm.sql.ast.tree           : SQL AST Tree:
    SelectStatement {
      FromClause {
        StandardTableGroup (v1 : com.cognizant.main.entities.Vehicles) {
          primaryTableReference : vechicles as v1_0
          TableGroupJoins {
            left  join LazyTableGroup (vd1 : com.cognizant.main.entities.Vehicles.vehicleDetails) {
              primaryTableReference : vechile_details as vd1_0
            }
            left  join LazyTableGroup (vti1 : com.cognizant.main.entities.Vehicles.vehicleTypeId) {
              primaryTableReference : vechicle_types as vti1_0
            }
          }
        }
      }
    }

2024-04-24T17:02:27.842+05:30 DEBUG 5824 --- [Vehicle Management Module] [           main] org.hibernate.orm.sql.exec               : Skipping reading Query result cache data: cache-enabled = false, cache-mode = IGNORE
2024-04-24T17:02:27.880+05:30 DEBUG 5824 --- [Vehicle Management Module] [           main] org.hibernate.orm.results                : Initializer list:
	  com.cognizant.main.entities.Vehicles -> EntityResultInitializer(com.cognizant.main.entities.Vehicles)@601120637 (SingleTableEntityPersister(com.cognizant.main.entities.Vehicles))
	  com.cognizant.main.entities.Vehicles.vehicleTypeId.vechicles -> DelayedCollectionInitializer(com.cognizant.main.entities.Vehicles.vehicleTypeId.vechicles)@1956193042 (PluralAttribute(com.cognizant.main.entities.VehicleTypes.vechicles))
	  com.cognizant.main.entities.Vehicles.vehicleDetails -> EntityJoinedFetchInitializer(com.cognizant.main.entities.Vehicles.vehicleDetails)@2100443546 (ToOneAttributeMapping(NavigableRole[com.cognizant.main.entities.Vehicles.vehicleDetails])@1936782171)
	  com.cognizant.main.entities.Vehicles.vehicleTypeId -> EntityJoinedFetchInitializer(com.cognizant.main.entities.Vehicles.vehicleTypeId)@1211335146 (ToOneAttributeMapping(NavigableRole[com.cognizant.main.entities.Vehicles.vehicleTypeId])@2100828331)

2024-04-24T17:02:27.880+05:30 DEBUG 5824 --- [Vehicle Management Module] [           main] org.hibernate.SQL                        : select v1_0.registration_no,v1_0.belongs_to_user_id,v1_0.inspected_by_user_id,v1_0.inspected_on,v1_0.inspection_status,vd1_0.registration_no,vd1_0.insurance_no,vd1_0.insurance_certificatedocurl,vd1_0.insurance_company_name,vd1_0.insurance_expires_on,vd1_0.insuranced_on,vd1_0.puccertificate_no,vd1_0.pucdocurl,vd1_0.pucissued_on,vd1_0.pucvalid_until,vd1_0.rcdocurl,vd1_0.rtoname,vd1_0.registration_date,vd1_0.registration_expires_on,vti1_0.id,vti1_0.fare_perkm,vti1_0.max_passengers_allowed,vti1_0.type from vechicles v1_0 left join vechile_details vd1_0 on vd1_0.registration_no=v1_0.registration_no left join vechicle_types vti1_0 on vti1_0.id=v1_0.vechicle_type_id where v1_0.registration_no=?
Hibernate: select v1_0.registration_no,v1_0.belongs_to_user_id,v1_0.inspected_by_user_id,v1_0.inspected_on,v1_0.inspection_status,vd1_0.registration_no,vd1_0.insurance_no,vd1_0.insurance_certificatedocurl,vd1_0.insurance_company_name,vd1_0.insurance_expires_on,vd1_0.insuranced_on,vd1_0.puccertificate_no,vd1_0.pucdocurl,vd1_0.pucissued_on,vd1_0.pucvalid_until,vd1_0.rcdocurl,vd1_0.rtoname,vd1_0.registration_date,vd1_0.registration_expires_on,vti1_0.id,vti1_0.fare_perkm,vti1_0.max_passengers_allowed,vti1_0.type from vechicles v1_0 left join vechile_details vd1_0 on vd1_0.registration_no=v1_0.registration_no left join vechicle_types vti1_0 on vti1_0.id=v1_0.vechicle_type_id where v1_0.registration_no=?
2024-04-24T17:02:27.898+05:30 DEBUG 5824 --- [Vehicle Management Module] [           main] o.s.orm.jpa.JpaTransactionManager        : Found thread-bound EntityManager [SessionImpl(2024564450<open>)] for JPA transaction
2024-04-24T17:02:27.898+05:30 DEBUG 5824 --- [Vehicle Management Module] [           main] o.s.orm.jpa.JpaTransactionManager        : Participating in existing transaction
2024-04-24T17:02:27.900+05:30 DEBUG 5824 --- [Vehicle Management Module] [           main] org.springframework.test.context.cache   : Spring test ApplicationContext cache statistics: [DefaultContextCache@491cceb4 size = 2, maxSize = 32, parentContextCount = 0, hitCount = 104, missCount = 2, failureCount = 0]
2024-04-24T17:02:27.900+05:30 DEBUG 5824 --- [Vehicle Management Module] [           main] org.springframework.test.context.cache   : Spring test ApplicationContext cache statistics: [DefaultContextCache@491cceb4 size = 2, maxSize = 32, parentContextCount = 0, hitCount = 105, missCount = 2, failureCount = 0]
2024-04-24T17:02:27.901+05:30 DEBUG 5824 --- [Vehicle Management Module] [           main] org.springframework.test.context.cache   : Spring test ApplicationContext cache statistics: [DefaultContextCache@491cceb4 size = 2, maxSize = 32, parentContextCount = 0, hitCount = 106, missCount = 2, failureCount = 0]
2024-04-24T17:02:27.901+05:30 DEBUG 5824 --- [Vehicle Management Module] [           main] org.springframework.test.context.cache   : Spring test ApplicationContext cache statistics: [DefaultContextCache@491cceb4 size = 2, maxSize = 32, parentContextCount = 0, hitCount = 107, missCount = 2, failureCount = 0]
2024-04-24T17:02:27.902+05:30 DEBUG 5824 --- [Vehicle Management Module] [           main] org.springframework.test.context.cache   : Spring test ApplicationContext cache statistics: [DefaultContextCache@491cceb4 size = 2, maxSize = 32, parentContextCount = 0, hitCount = 108, missCount = 2, failureCount = 0]
2024-04-24T17:02:27.904+05:30 DEBUG 5824 --- [Vehicle Management Module] [           main] org.springframework.test.context.cache   : Spring test ApplicationContext cache statistics: [DefaultContextCache@491cceb4 size = 2, maxSize = 32, parentContextCount = 0, hitCount = 109, missCount = 2, failureCount = 0]
2024-04-24T17:02:27.904+05:30 DEBUG 5824 --- [Vehicle Management Module] [           main] o.s.orm.jpa.JpaTransactionManager        : Initiating transaction rollback
2024-04-24T17:02:27.904+05:30 DEBUG 5824 --- [Vehicle Management Module] [           main] o.s.orm.jpa.JpaTransactionManager        : Rolling back JPA transaction on EntityManager [SessionImpl(2024564450<open>)]
2024-04-24T17:02:27.904+05:30 DEBUG 5824 --- [Vehicle Management Module] [           main] o.h.e.t.internal.TransactionImpl         : rolling back
2024-04-24T17:02:27.905+05:30 DEBUG 5824 --- [Vehicle Management Module] [           main] o.s.orm.jpa.JpaTransactionManager        : Closing JPA EntityManager [SessionImpl(2024564450<open>)] after transaction
2024-04-24T17:02:27.905+05:30 DEBUG 5824 --- [Vehicle Management Module] [           main] o.s.t.c.transaction.TransactionContext   : Rolled back transaction (1) for test class [com.cognizant.main.TestVehiclesRepository]; test method [testFindByIdPositive]
2024-04-24T17:02:27.905+05:30 DEBUG 5824 --- [Vehicle Management Module] [           main] .c.s.DirtiesContextTestExecutionListener : After test method: class [TestVehiclesRepository], method [testFindByIdPositive], class annotated with @DirtiesContext [false] with mode [null], method annotated with @DirtiesContext [false] with mode [null]
]]></system-out>
  </testcase>
  <testcase name="testFindByIdNegative" classname="com.cognizant.main.TestVehiclesRepository" time="0.015">
    <system-out><![CDATA[2024-04-24T17:02:27.907+05:30 DEBUG 5824 --- [Vehicle Management Module] [           main] DependencyInjectionTestExecutionListener : Performing dependency injection for test class com.cognizant.main.TestVehiclesRepository
2024-04-24T17:02:27.908+05:30 DEBUG 5824 --- [Vehicle Management Module] [           main] org.springframework.test.context.cache   : Spring test ApplicationContext cache statistics: [DefaultContextCache@491cceb4 size = 2, maxSize = 32, parentContextCount = 0, hitCount = 110, missCount = 2, failureCount = 0]
2024-04-24T17:02:27.909+05:30 DEBUG 5824 --- [Vehicle Management Module] [           main] org.springframework.test.context.cache   : Spring test ApplicationContext cache statistics: [DefaultContextCache@491cceb4 size = 2, maxSize = 32, parentContextCount = 0, hitCount = 111, missCount = 2, failureCount = 0]
2024-04-24T17:02:27.910+05:30 DEBUG 5824 --- [Vehicle Management Module] [           main] sContextBeforeModesTestExecutionListener : Before test method: class [TestVehiclesRepository], method [testFindByIdNegative], class annotated with @DirtiesContext [false] with mode [null], method annotated with @DirtiesContext [false] with mode [null]
2024-04-24T17:02:27.912+05:30 DEBUG 5824 --- [Vehicle Management Module] [           main] t.c.t.TransactionalTestExecutionListener : Explicit transaction definition [PROPAGATION_REQUIRED,ISOLATION_DEFAULT] found for test class [com.cognizant.main.TestVehiclesRepository] and test method [testFindByIdNegative]
2024-04-24T17:02:27.912+05:30 DEBUG 5824 --- [Vehicle Management Module] [           main] org.springframework.test.context.cache   : Spring test ApplicationContext cache statistics: [DefaultContextCache@491cceb4 size = 2, maxSize = 32, parentContextCount = 0, hitCount = 112, missCount = 2, failureCount = 0]
2024-04-24T17:02:27.913+05:30 DEBUG 5824 --- [Vehicle Management Module] [           main] t.c.t.TransactionalTestExecutionListener : No method-level @Rollback override: using default rollback [true] for test method [public void com.cognizant.main.TestVehiclesRepository.testFindByIdNegative()]
2024-04-24T17:02:27.913+05:30 DEBUG 5824 --- [Vehicle Management Module] [           main] o.s.orm.jpa.JpaTransactionManager        : Creating new transaction with name [com.cognizant.main.TestVehiclesRepository.testFindByIdNegative]: PROPAGATION_REQUIRED,ISOLATION_DEFAULT
2024-04-24T17:02:27.913+05:30 DEBUG 5824 --- [Vehicle Management Module] [           main] o.s.orm.jpa.JpaTransactionManager        : Opened new EntityManager [SessionImpl(1243268751<open>)] for JPA transaction
2024-04-24T17:02:27.913+05:30 DEBUG 5824 --- [Vehicle Management Module] [           main] o.h.e.t.internal.TransactionImpl         : On TransactionImpl creation, JpaCompliance#isJpaTransactionComplianceEnabled == false
2024-04-24T17:02:27.913+05:30 DEBUG 5824 --- [Vehicle Management Module] [           main] o.h.e.t.internal.TransactionImpl         : begin
2024-04-24T17:02:27.913+05:30 DEBUG 5824 --- [Vehicle Management Module] [           main] o.s.j.datasource.SimpleDriverDataSource  : Creating new JDBC Driver Connection to [jdbc:h2:mem:77e5e59b-9028-4692-bf3e-2dbb97a1edaf;DB_CLOSE_DELAY=-1;DB_CLOSE_ON_EXIT=false]
2024-04-24T17:02:27.914+05:30 DEBUG 5824 --- [Vehicle Management Module] [           main] o.s.orm.jpa.JpaTransactionManager        : Exposing JPA transaction as JDBC [org.springframework.orm.jpa.vendor.HibernateJpaDialect$HibernateConnectionHandle@2f357394]
2024-04-24T17:02:27.914+05:30 DEBUG 5824 --- [Vehicle Management Module] [           main] o.s.t.c.transaction.TransactionContext   : Began transaction (1) for test class [com.cognizant.main.TestVehiclesRepository]; test method [testFindByIdNegative]; transaction manager [org.springframework.orm.jpa.JpaTransactionManager@82b778b]; rollback [true]
2024-04-24T17:02:27.914+05:30 DEBUG 5824 --- [Vehicle Management Module] [           main] org.springframework.test.context.cache   : Spring test ApplicationContext cache statistics: [DefaultContextCache@491cceb4 size = 2, maxSize = 32, parentContextCount = 0, hitCount = 113, missCount = 2, failureCount = 0]
2024-04-24T17:02:27.914+05:30 DEBUG 5824 --- [Vehicle Management Module] [           main] org.springframework.test.context.cache   : Spring test ApplicationContext cache statistics: [DefaultContextCache@491cceb4 size = 2, maxSize = 32, parentContextCount = 0, hitCount = 114, missCount = 2, failureCount = 0]
2024-04-24T17:02:27.916+05:30 DEBUG 5824 --- [Vehicle Management Module] [           main] org.springframework.test.context.cache   : Spring test ApplicationContext cache statistics: [DefaultContextCache@491cceb4 size = 2, maxSize = 32, parentContextCount = 0, hitCount = 115, missCount = 2, failureCount = 0]
2024-04-24T17:02:27.917+05:30 DEBUG 5824 --- [Vehicle Management Module] [           main] o.s.orm.jpa.JpaTransactionManager        : Found thread-bound EntityManager [SessionImpl(1243268751<open>)] for JPA transaction
2024-04-24T17:02:27.917+05:30 DEBUG 5824 --- [Vehicle Management Module] [           main] o.s.orm.jpa.JpaTransactionManager        : Participating in existing transaction
2024-04-24T17:02:27.917+05:30 DEBUG 5824 --- [Vehicle Management Module] [           main] org.hibernate.orm.sql.exec               : Skipping reading Query result cache data: cache-enabled = false, cache-mode = IGNORE
2024-04-24T17:02:27.918+05:30 DEBUG 5824 --- [Vehicle Management Module] [           main] org.hibernate.orm.results                : Initializer list:
	  com.cognizant.main.entities.Vehicles -> EntityResultInitializer(com.cognizant.main.entities.Vehicles)@256125761 (SingleTableEntityPersister(com.cognizant.main.entities.Vehicles))
	  com.cognizant.main.entities.Vehicles.vehicleTypeId.vechicles -> DelayedCollectionInitializer(com.cognizant.main.entities.Vehicles.vehicleTypeId.vechicles)@437682310 (PluralAttribute(com.cognizant.main.entities.VehicleTypes.vechicles))
	  com.cognizant.main.entities.Vehicles.vehicleDetails -> EntityJoinedFetchInitializer(com.cognizant.main.entities.Vehicles.vehicleDetails)@829436597 (ToOneAttributeMapping(NavigableRole[com.cognizant.main.entities.Vehicles.vehicleDetails])@1936782171)
	  com.cognizant.main.entities.Vehicles.vehicleTypeId -> EntityJoinedFetchInitializer(com.cognizant.main.entities.Vehicles.vehicleTypeId)@1695456714 (ToOneAttributeMapping(NavigableRole[com.cognizant.main.entities.Vehicles.vehicleTypeId])@2100828331)

2024-04-24T17:02:27.918+05:30 DEBUG 5824 --- [Vehicle Management Module] [           main] org.hibernate.SQL                        : select v1_0.registration_no,v1_0.belongs_to_user_id,v1_0.inspected_by_user_id,v1_0.inspected_on,v1_0.inspection_status,vd1_0.registration_no,vd1_0.insurance_no,vd1_0.insurance_certificatedocurl,vd1_0.insurance_company_name,vd1_0.insurance_expires_on,vd1_0.insuranced_on,vd1_0.puccertificate_no,vd1_0.pucdocurl,vd1_0.pucissued_on,vd1_0.pucvalid_until,vd1_0.rcdocurl,vd1_0.rtoname,vd1_0.registration_date,vd1_0.registration_expires_on,vti1_0.id,vti1_0.fare_perkm,vti1_0.max_passengers_allowed,vti1_0.type from vechicles v1_0 left join vechile_details vd1_0 on vd1_0.registration_no=v1_0.registration_no left join vechicle_types vti1_0 on vti1_0.id=v1_0.vechicle_type_id where v1_0.registration_no=?
Hibernate: select v1_0.registration_no,v1_0.belongs_to_user_id,v1_0.inspected_by_user_id,v1_0.inspected_on,v1_0.inspection_status,vd1_0.registration_no,vd1_0.insurance_no,vd1_0.insurance_certificatedocurl,vd1_0.insurance_company_name,vd1_0.insurance_expires_on,vd1_0.insuranced_on,vd1_0.puccertificate_no,vd1_0.pucdocurl,vd1_0.pucissued_on,vd1_0.pucvalid_until,vd1_0.rcdocurl,vd1_0.rtoname,vd1_0.registration_date,vd1_0.registration_expires_on,vti1_0.id,vti1_0.fare_perkm,vti1_0.max_passengers_allowed,vti1_0.type from vechicles v1_0 left join vechile_details vd1_0 on vd1_0.registration_no=v1_0.registration_no left join vechicle_types vti1_0 on vti1_0.id=v1_0.vechicle_type_id where v1_0.registration_no=?
2024-04-24T17:02:27.921+05:30 DEBUG 5824 --- [Vehicle Management Module] [           main] org.springframework.test.context.cache   : Spring test ApplicationContext cache statistics: [DefaultContextCache@491cceb4 size = 2, maxSize = 32, parentContextCount = 0, hitCount = 116, missCount = 2, failureCount = 0]
2024-04-24T17:02:27.921+05:30 DEBUG 5824 --- [Vehicle Management Module] [           main] org.springframework.test.context.cache   : Spring test ApplicationContext cache statistics: [DefaultContextCache@491cceb4 size = 2, maxSize = 32, parentContextCount = 0, hitCount = 117, missCount = 2, failureCount = 0]
2024-04-24T17:02:27.922+05:30 DEBUG 5824 --- [Vehicle Management Module] [           main] org.springframework.test.context.cache   : Spring test ApplicationContext cache statistics: [DefaultContextCache@491cceb4 size = 2, maxSize = 32, parentContextCount = 0, hitCount = 118, missCount = 2, failureCount = 0]
2024-04-24T17:02:27.922+05:30 DEBUG 5824 --- [Vehicle Management Module] [           main] org.springframework.test.context.cache   : Spring test ApplicationContext cache statistics: [DefaultContextCache@491cceb4 size = 2, maxSize = 32, parentContextCount = 0, hitCount = 119, missCount = 2, failureCount = 0]
2024-04-24T17:02:27.923+05:30 DEBUG 5824 --- [Vehicle Management Module] [           main] org.springframework.test.context.cache   : Spring test ApplicationContext cache statistics: [DefaultContextCache@491cceb4 size = 2, maxSize = 32, parentContextCount = 0, hitCount = 120, missCount = 2, failureCount = 0]
2024-04-24T17:02:27.924+05:30 DEBUG 5824 --- [Vehicle Management Module] [           main] org.springframework.test.context.cache   : Spring test ApplicationContext cache statistics: [DefaultContextCache@491cceb4 size = 2, maxSize = 32, parentContextCount = 0, hitCount = 121, missCount = 2, failureCount = 0]
2024-04-24T17:02:27.924+05:30 DEBUG 5824 --- [Vehicle Management Module] [           main] o.s.orm.jpa.JpaTransactionManager        : Initiating transaction rollback
2024-04-24T17:02:27.924+05:30 DEBUG 5824 --- [Vehicle Management Module] [           main] o.s.orm.jpa.JpaTransactionManager        : Rolling back JPA transaction on EntityManager [SessionImpl(1243268751<open>)]
2024-04-24T17:02:27.924+05:30 DEBUG 5824 --- [Vehicle Management Module] [           main] o.h.e.t.internal.TransactionImpl         : rolling back
2024-04-24T17:02:27.924+05:30 DEBUG 5824 --- [Vehicle Management Module] [           main] o.s.orm.jpa.JpaTransactionManager        : Closing JPA EntityManager [SessionImpl(1243268751<open>)] after transaction
2024-04-24T17:02:27.925+05:30 DEBUG 5824 --- [Vehicle Management Module] [           main] o.s.t.c.transaction.TransactionContext   : Rolled back transaction (1) for test class [com.cognizant.main.TestVehiclesRepository]; test method [testFindByIdNegative]
2024-04-24T17:02:27.925+05:30 DEBUG 5824 --- [Vehicle Management Module] [           main] .c.s.DirtiesContextTestExecutionListener : After test method: class [TestVehiclesRepository], method [testFindByIdNegative], class annotated with @DirtiesContext [false] with mode [null], method annotated with @DirtiesContext [false] with mode [null]
]]></system-out>
  </testcase>
  <testcase name="testSavePositive" classname="com.cognizant.main.TestVehiclesRepository" time="0.027">
    <system-out><![CDATA[2024-04-24T17:02:27.965+05:30 DEBUG 5824 --- [Vehicle Management Module] [           main] DependencyInjectionTestExecutionListener : Performing dependency injection for test class com.cognizant.main.TestVehiclesRepository
2024-04-24T17:02:27.974+05:30 DEBUG 5824 --- [Vehicle Management Module] [           main] org.springframework.test.context.cache   : Spring test ApplicationContext cache statistics: [DefaultContextCache@491cceb4 size = 2, maxSize = 32, parentContextCount = 0, hitCount = 122, missCount = 2, failureCount = 0]
2024-04-24T17:02:27.977+05:30 DEBUG 5824 --- [Vehicle Management Module] [           main] org.springframework.test.context.cache   : Spring test ApplicationContext cache statistics: [DefaultContextCache@491cceb4 size = 2, maxSize = 32, parentContextCount = 0, hitCount = 123, missCount = 2, failureCount = 0]
2024-04-24T17:02:27.979+05:30 DEBUG 5824 --- [Vehicle Management Module] [           main] sContextBeforeModesTestExecutionListener : Before test method: class [TestVehiclesRepository], method [testSavePositive], class annotated with @DirtiesContext [false] with mode [null], method annotated with @DirtiesContext [false] with mode [null]
2024-04-24T17:02:27.979+05:30 DEBUG 5824 --- [Vehicle Management Module] [           main] t.c.t.TransactionalTestExecutionListener : Explicit transaction definition [PROPAGATION_REQUIRED,ISOLATION_DEFAULT] found for test class [com.cognizant.main.TestVehiclesRepository] and test method [testSavePositive]
2024-04-24T17:02:27.983+05:30 DEBUG 5824 --- [Vehicle Management Module] [           main] org.springframework.test.context.cache   : Spring test ApplicationContext cache statistics: [DefaultContextCache@491cceb4 size = 2, maxSize = 32, parentContextCount = 0, hitCount = 124, missCount = 2, failureCount = 0]
2024-04-24T17:02:27.986+05:30 DEBUG 5824 --- [Vehicle Management Module] [           main] t.c.t.TransactionalTestExecutionListener : No method-level @Rollback override: using default rollback [true] for test method [public void com.cognizant.main.TestVehiclesRepository.testSavePositive()]
2024-04-24T17:02:27.987+05:30 DEBUG 5824 --- [Vehicle Management Module] [           main] o.s.orm.jpa.JpaTransactionManager        : Creating new transaction with name [com.cognizant.main.TestVehiclesRepository.testSavePositive]: PROPAGATION_REQUIRED,ISOLATION_DEFAULT
2024-04-24T17:02:27.987+05:30 DEBUG 5824 --- [Vehicle Management Module] [           main] o.s.orm.jpa.JpaTransactionManager        : Opened new EntityManager [SessionImpl(1657443347<open>)] for JPA transaction
2024-04-24T17:02:27.987+05:30 DEBUG 5824 --- [Vehicle Management Module] [           main] o.h.e.t.internal.TransactionImpl         : On TransactionImpl creation, JpaCompliance#isJpaTransactionComplianceEnabled == false
2024-04-24T17:02:27.987+05:30 DEBUG 5824 --- [Vehicle Management Module] [           main] o.h.e.t.internal.TransactionImpl         : begin
2024-04-24T17:02:27.987+05:30 DEBUG 5824 --- [Vehicle Management Module] [           main] o.s.j.datasource.SimpleDriverDataSource  : Creating new JDBC Driver Connection to [jdbc:h2:mem:77e5e59b-9028-4692-bf3e-2dbb97a1edaf;DB_CLOSE_DELAY=-1;DB_CLOSE_ON_EXIT=false]
2024-04-24T17:02:27.988+05:30 DEBUG 5824 --- [Vehicle Management Module] [           main] o.s.orm.jpa.JpaTransactionManager        : Exposing JPA transaction as JDBC [org.springframework.orm.jpa.vendor.HibernateJpaDialect$HibernateConnectionHandle@1b3b650c]
2024-04-24T17:02:27.988+05:30 DEBUG 5824 --- [Vehicle Management Module] [           main] o.s.t.c.transaction.TransactionContext   : Began transaction (1) for test class [com.cognizant.main.TestVehiclesRepository]; test method [testSavePositive]; transaction manager [org.springframework.orm.jpa.JpaTransactionManager@82b778b]; rollback [true]
2024-04-24T17:02:27.989+05:30 DEBUG 5824 --- [Vehicle Management Module] [           main] org.springframework.test.context.cache   : Spring test ApplicationContext cache statistics: [DefaultContextCache@491cceb4 size = 2, maxSize = 32, parentContextCount = 0, hitCount = 125, missCount = 2, failureCount = 0]
2024-04-24T17:02:27.989+05:30 DEBUG 5824 --- [Vehicle Management Module] [           main] org.springframework.test.context.cache   : Spring test ApplicationContext cache statistics: [DefaultContextCache@491cceb4 size = 2, maxSize = 32, parentContextCount = 0, hitCount = 126, missCount = 2, failureCount = 0]
2024-04-24T17:02:27.990+05:30 DEBUG 5824 --- [Vehicle Management Module] [           main] org.springframework.test.context.cache   : Spring test ApplicationContext cache statistics: [DefaultContextCache@491cceb4 size = 2, maxSize = 32, parentContextCount = 0, hitCount = 127, missCount = 2, failureCount = 0]
2024-04-24T17:02:27.992+05:30 DEBUG 5824 --- [Vehicle Management Module] [           main] o.s.orm.jpa.JpaTransactionManager        : Found thread-bound EntityManager [SessionImpl(1657443347<open>)] for JPA transaction
2024-04-24T17:02:27.992+05:30 DEBUG 5824 --- [Vehicle Management Module] [           main] o.s.orm.jpa.JpaTransactionManager        : Participating in existing transaction
2024-04-24T17:02:27.992+05:30 DEBUG 5824 --- [Vehicle Management Module] [           main] o.h.j.internal.PersistenceUnitUtilImpl   : jakarta.persistence.PersistenceUnitUtil.getIdentifier is only intended to work with enhanced entities (although Hibernate also adapts this support to its proxies); however the passed entity was not enhanced (nor a proxy).. may not be able to read identifier
2024-04-24T17:02:27.993+05:30 DEBUG 5824 --- [Vehicle Management Module] [           main] org.hibernate.orm.sql.ast.create         : Created new SQL alias : vt1_0
2024-04-24T17:02:27.993+05:30 DEBUG 5824 --- [Vehicle Management Module] [           main] org.hibernate.orm.sql.ast.create         : Registration of TableGroup [StandardTableGroup(com.cognizant.main.entities.VehicleTypes)] with identifierForTableGroup [com.cognizant.main.entities.VehicleTypes] for NavigablePath [com.cognizant.main.entities.VehicleTypes] 
2024-04-24T17:02:27.993+05:30 DEBUG 5824 --- [Vehicle Management Module] [           main] org.hibernate.orm.results.graph.AST      : DomainResult Graph:
 \-EntityResultImpl [com.cognizant.main.entities.VehicleTypes]
 |  +-BasicFetch [com.cognizant.main.entities.VehicleTypes.FarePerKM]
 |  +-BasicFetch [com.cognizant.main.entities.VehicleTypes.MaxPassengersAllowed]
 |  +-BasicFetch [com.cognizant.main.entities.VehicleTypes.Type]
 |  \-DelayedCollectionFetch [com.cognizant.main.entities.VehicleTypes.vechicles]

2024-04-24T17:02:27.994+05:30 DEBUG 5824 --- [Vehicle Management Module] [           main] org.hibernate.orm.sql.ast.tree           : SQL AST Tree:
    SelectStatement {
      FromClause {
        StandardTableGroup (vt1 : com.cognizant.main.entities.VehicleTypes) {
          primaryTableReference : vechicle_types as vt1_0
        }
      }
    }

2024-04-24T17:02:27.994+05:30 DEBUG 5824 --- [Vehicle Management Module] [           main] org.hibernate.orm.sql.exec               : Skipping reading Query result cache data: cache-enabled = false, cache-mode = IGNORE
2024-04-24T17:02:27.994+05:30 DEBUG 5824 --- [Vehicle Management Module] [           main] org.hibernate.orm.results                : Initializer list:
	  com.cognizant.main.entities.VehicleTypes -> EntityResultInitializer(com.cognizant.main.entities.VehicleTypes)@126877240 (SingleTableEntityPersister(com.cognizant.main.entities.VehicleTypes))
	  com.cognizant.main.entities.VehicleTypes.vechicles -> DelayedCollectionInitializer(com.cognizant.main.entities.VehicleTypes.vechicles)@1559383961 (PluralAttribute(com.cognizant.main.entities.VehicleTypes.vechicles))

2024-04-24T17:02:27.994+05:30 DEBUG 5824 --- [Vehicle Management Module] [           main] org.hibernate.SQL                        : select vt1_0.id,vt1_0.fare_perkm,vt1_0.max_passengers_allowed,vt1_0.type from vechicle_types vt1_0 where vt1_0.id=?
Hibernate: select vt1_0.id,vt1_0.fare_perkm,vt1_0.max_passengers_allowed,vt1_0.type from vechicle_types vt1_0 where vt1_0.id=?
2024-04-24T17:02:27.996+05:30 DEBUG 5824 --- [Vehicle Management Module] [           main] o.s.orm.jpa.JpaTransactionManager        : Found thread-bound EntityManager [SessionImpl(1657443347<open>)] for JPA transaction
2024-04-24T17:02:27.996+05:30 DEBUG 5824 --- [Vehicle Management Module] [           main] o.s.orm.jpa.JpaTransactionManager        : Participating in existing transaction
2024-04-24T17:02:27.997+05:30 DEBUG 5824 --- [Vehicle Management Module] [           main] o.h.j.internal.PersistenceUnitUtilImpl   : jakarta.persistence.PersistenceUnitUtil.getIdentifier is only intended to work with enhanced entities (although Hibernate also adapts this support to its proxies); however the passed entity was not enhanced (nor a proxy).. may not be able to read identifier
2024-04-24T17:02:27.997+05:30 DEBUG 5824 --- [Vehicle Management Module] [           main] org.hibernate.orm.sql.exec               : Skipping reading Query result cache data: cache-enabled = false, cache-mode = IGNORE
2024-04-24T17:02:27.997+05:30 DEBUG 5824 --- [Vehicle Management Module] [           main] org.hibernate.orm.results                : Initializer list:
	  com.cognizant.main.entities.Vehicles -> EntityResultInitializer(com.cognizant.main.entities.Vehicles)@399984046 (SingleTableEntityPersister(com.cognizant.main.entities.Vehicles))
	  com.cognizant.main.entities.Vehicles.vehicleTypeId.vechicles -> DelayedCollectionInitializer(com.cognizant.main.entities.Vehicles.vehicleTypeId.vechicles)@2021304817 (PluralAttribute(com.cognizant.main.entities.VehicleTypes.vechicles))
	  com.cognizant.main.entities.Vehicles.vehicleDetails -> EntityJoinedFetchInitializer(com.cognizant.main.entities.Vehicles.vehicleDetails)@1566779742 (ToOneAttributeMapping(NavigableRole[com.cognizant.main.entities.Vehicles.vehicleDetails])@1936782171)
	  com.cognizant.main.entities.Vehicles.vehicleTypeId -> EntityJoinedFetchInitializer(com.cognizant.main.entities.Vehicles.vehicleTypeId)@918305865 (ToOneAttributeMapping(NavigableRole[com.cognizant.main.entities.Vehicles.vehicleTypeId])@2100828331)

2024-04-24T17:02:27.997+05:30 DEBUG 5824 --- [Vehicle Management Module] [           main] org.hibernate.SQL                        : select v1_0.registration_no,v1_0.belongs_to_user_id,v1_0.inspected_by_user_id,v1_0.inspected_on,v1_0.inspection_status,vd1_0.registration_no,vd1_0.insurance_no,vd1_0.insurance_certificatedocurl,vd1_0.insurance_company_name,vd1_0.insurance_expires_on,vd1_0.insuranced_on,vd1_0.puccertificate_no,vd1_0.pucdocurl,vd1_0.pucissued_on,vd1_0.pucvalid_until,vd1_0.rcdocurl,vd1_0.rtoname,vd1_0.registration_date,vd1_0.registration_expires_on,vti1_0.id,vti1_0.fare_perkm,vti1_0.max_passengers_allowed,vti1_0.type from vechicles v1_0 left join vechile_details vd1_0 on vd1_0.registration_no=v1_0.registration_no left join vechicle_types vti1_0 on vti1_0.id=v1_0.vechicle_type_id where v1_0.registration_no=?
Hibernate: select v1_0.registration_no,v1_0.belongs_to_user_id,v1_0.inspected_by_user_id,v1_0.inspected_on,v1_0.inspection_status,vd1_0.registration_no,vd1_0.insurance_no,vd1_0.insurance_certificatedocurl,vd1_0.insurance_company_name,vd1_0.insurance_expires_on,vd1_0.insuranced_on,vd1_0.puccertificate_no,vd1_0.pucdocurl,vd1_0.pucissued_on,vd1_0.pucvalid_until,vd1_0.rcdocurl,vd1_0.rtoname,vd1_0.registration_date,vd1_0.registration_expires_on,vti1_0.id,vti1_0.fare_perkm,vti1_0.max_passengers_allowed,vti1_0.type from vechicles v1_0 left join vechile_details vd1_0 on vd1_0.registration_no=v1_0.registration_no left join vechicle_types vti1_0 on vti1_0.id=v1_0.vechicle_type_id where v1_0.registration_no=?
2024-04-24T17:02:27.999+05:30 DEBUG 5824 --- [Vehicle Management Module] [           main] o.s.orm.jpa.JpaTransactionManager        : Found thread-bound EntityManager [SessionImpl(1657443347<open>)] for JPA transaction
2024-04-24T17:02:27.999+05:30 DEBUG 5824 --- [Vehicle Management Module] [           main] o.s.orm.jpa.JpaTransactionManager        : Participating in existing transaction
2024-04-24T17:02:28.001+05:30 DEBUG 5824 --- [Vehicle Management Module] [           main] org.springframework.test.context.cache   : Spring test ApplicationContext cache statistics: [DefaultContextCache@491cceb4 size = 2, maxSize = 32, parentContextCount = 0, hitCount = 128, missCount = 2, failureCount = 0]
2024-04-24T17:02:28.001+05:30 DEBUG 5824 --- [Vehicle Management Module] [           main] org.springframework.test.context.cache   : Spring test ApplicationContext cache statistics: [DefaultContextCache@491cceb4 size = 2, maxSize = 32, parentContextCount = 0, hitCount = 129, missCount = 2, failureCount = 0]
2024-04-24T17:02:28.001+05:30 DEBUG 5824 --- [Vehicle Management Module] [           main] org.springframework.test.context.cache   : Spring test ApplicationContext cache statistics: [DefaultContextCache@491cceb4 size = 2, maxSize = 32, parentContextCount = 0, hitCount = 130, missCount = 2, failureCount = 0]
2024-04-24T17:02:28.002+05:30 DEBUG 5824 --- [Vehicle Management Module] [           main] org.springframework.test.context.cache   : Spring test ApplicationContext cache statistics: [DefaultContextCache@491cceb4 size = 2, maxSize = 32, parentContextCount = 0, hitCount = 131, missCount = 2, failureCount = 0]
2024-04-24T17:02:28.002+05:30 DEBUG 5824 --- [Vehicle Management Module] [           main] org.springframework.test.context.cache   : Spring test ApplicationContext cache statistics: [DefaultContextCache@491cceb4 size = 2, maxSize = 32, parentContextCount = 0, hitCount = 132, missCount = 2, failureCount = 0]
2024-04-24T17:02:28.004+05:30 DEBUG 5824 --- [Vehicle Management Module] [           main] org.springframework.test.context.cache   : Spring test ApplicationContext cache statistics: [DefaultContextCache@491cceb4 size = 2, maxSize = 32, parentContextCount = 0, hitCount = 133, missCount = 2, failureCount = 0]
2024-04-24T17:02:28.004+05:30 DEBUG 5824 --- [Vehicle Management Module] [           main] o.s.orm.jpa.JpaTransactionManager        : Initiating transaction rollback
2024-04-24T17:02:28.004+05:30 DEBUG 5824 --- [Vehicle Management Module] [           main] o.s.orm.jpa.JpaTransactionManager        : Rolling back JPA transaction on EntityManager [SessionImpl(1657443347<open>)]
2024-04-24T17:02:28.004+05:30 DEBUG 5824 --- [Vehicle Management Module] [           main] o.h.e.t.internal.TransactionImpl         : rolling back
2024-04-24T17:02:28.004+05:30 DEBUG 5824 --- [Vehicle Management Module] [           main] o.s.orm.jpa.JpaTransactionManager        : Closing JPA EntityManager [SessionImpl(1657443347<open>)] after transaction
2024-04-24T17:02:28.005+05:30 DEBUG 5824 --- [Vehicle Management Module] [           main] o.s.t.c.transaction.TransactionContext   : Rolled back transaction (1) for test class [com.cognizant.main.TestVehiclesRepository]; test method [testSavePositive]
2024-04-24T17:02:28.005+05:30 DEBUG 5824 --- [Vehicle Management Module] [           main] .c.s.DirtiesContextTestExecutionListener : After test method: class [TestVehiclesRepository], method [testSavePositive], class annotated with @DirtiesContext [false] with mode [null], method annotated with @DirtiesContext [false] with mode [null]
]]></system-out>
  </testcase>
  <testcase name="testDeletePositive" classname="com.cognizant.main.TestVehiclesRepository" time="0.094">
    <system-out><![CDATA[2024-04-24T17:02:28.006+05:30 DEBUG 5824 --- [Vehicle Management Module] [           main] DependencyInjectionTestExecutionListener : Performing dependency injection for test class com.cognizant.main.TestVehiclesRepository
2024-04-24T17:02:28.007+05:30 DEBUG 5824 --- [Vehicle Management Module] [           main] org.springframework.test.context.cache   : Spring test ApplicationContext cache statistics: [DefaultContextCache@491cceb4 size = 2, maxSize = 32, parentContextCount = 0, hitCount = 134, missCount = 2, failureCount = 0]
2024-04-24T17:02:28.008+05:30 DEBUG 5824 --- [Vehicle Management Module] [           main] org.springframework.test.context.cache   : Spring test ApplicationContext cache statistics: [DefaultContextCache@491cceb4 size = 2, maxSize = 32, parentContextCount = 0, hitCount = 135, missCount = 2, failureCount = 0]
2024-04-24T17:02:28.009+05:30 DEBUG 5824 --- [Vehicle Management Module] [           main] sContextBeforeModesTestExecutionListener : Before test method: class [TestVehiclesRepository], method [testDeletePositive], class annotated with @DirtiesContext [false] with mode [null], method annotated with @DirtiesContext [false] with mode [null]
2024-04-24T17:02:28.009+05:30 DEBUG 5824 --- [Vehicle Management Module] [           main] t.c.t.TransactionalTestExecutionListener : Explicit transaction definition [PROPAGATION_REQUIRED,ISOLATION_DEFAULT] found for test class [com.cognizant.main.TestVehiclesRepository] and test method [testDeletePositive]
2024-04-24T17:02:28.009+05:30 DEBUG 5824 --- [Vehicle Management Module] [           main] org.springframework.test.context.cache   : Spring test ApplicationContext cache statistics: [DefaultContextCache@491cceb4 size = 2, maxSize = 32, parentContextCount = 0, hitCount = 136, missCount = 2, failureCount = 0]
2024-04-24T17:02:28.009+05:30 DEBUG 5824 --- [Vehicle Management Module] [           main] t.c.t.TransactionalTestExecutionListener : No method-level @Rollback override: using default rollback [true] for test method [public void com.cognizant.main.TestVehiclesRepository.testDeletePositive()]
2024-04-24T17:02:28.010+05:30 DEBUG 5824 --- [Vehicle Management Module] [           main] o.s.orm.jpa.JpaTransactionManager        : Creating new transaction with name [com.cognizant.main.TestVehiclesRepository.testDeletePositive]: PROPAGATION_REQUIRED,ISOLATION_DEFAULT
2024-04-24T17:02:28.010+05:30 DEBUG 5824 --- [Vehicle Management Module] [           main] o.s.orm.jpa.JpaTransactionManager        : Opened new EntityManager [SessionImpl(1815196688<open>)] for JPA transaction
2024-04-24T17:02:28.010+05:30 DEBUG 5824 --- [Vehicle Management Module] [           main] o.h.e.t.internal.TransactionImpl         : On TransactionImpl creation, JpaCompliance#isJpaTransactionComplianceEnabled == false
2024-04-24T17:02:28.010+05:30 DEBUG 5824 --- [Vehicle Management Module] [           main] o.h.e.t.internal.TransactionImpl         : begin
2024-04-24T17:02:28.010+05:30 DEBUG 5824 --- [Vehicle Management Module] [           main] o.s.j.datasource.SimpleDriverDataSource  : Creating new JDBC Driver Connection to [jdbc:h2:mem:77e5e59b-9028-4692-bf3e-2dbb97a1edaf;DB_CLOSE_DELAY=-1;DB_CLOSE_ON_EXIT=false]
2024-04-24T17:02:28.011+05:30 DEBUG 5824 --- [Vehicle Management Module] [           main] o.s.orm.jpa.JpaTransactionManager        : Exposing JPA transaction as JDBC [org.springframework.orm.jpa.vendor.HibernateJpaDialect$HibernateConnectionHandle@26c79134]
2024-04-24T17:02:28.015+05:30 DEBUG 5824 --- [Vehicle Management Module] [           main] o.s.t.c.transaction.TransactionContext   : Began transaction (1) for test class [com.cognizant.main.TestVehiclesRepository]; test method [testDeletePositive]; transaction manager [org.springframework.orm.jpa.JpaTransactionManager@82b778b]; rollback [true]
2024-04-24T17:02:28.034+05:30 DEBUG 5824 --- [Vehicle Management Module] [           main] org.springframework.test.context.cache   : Spring test ApplicationContext cache statistics: [DefaultContextCache@491cceb4 size = 2, maxSize = 32, parentContextCount = 0, hitCount = 137, missCount = 2, failureCount = 0]
2024-04-24T17:02:28.039+05:30 DEBUG 5824 --- [Vehicle Management Module] [           main] org.springframework.test.context.cache   : Spring test ApplicationContext cache statistics: [DefaultContextCache@491cceb4 size = 2, maxSize = 32, parentContextCount = 0, hitCount = 138, missCount = 2, failureCount = 0]
2024-04-24T17:02:28.041+05:30 DEBUG 5824 --- [Vehicle Management Module] [           main] org.springframework.test.context.cache   : Spring test ApplicationContext cache statistics: [DefaultContextCache@491cceb4 size = 2, maxSize = 32, parentContextCount = 0, hitCount = 139, missCount = 2, failureCount = 0]
2024-04-24T17:02:28.069+05:30 DEBUG 5824 --- [Vehicle Management Module] [           main] o.s.orm.jpa.JpaTransactionManager        : Found thread-bound EntityManager [SessionImpl(1815196688<open>)] for JPA transaction
2024-04-24T17:02:28.069+05:30 DEBUG 5824 --- [Vehicle Management Module] [           main] o.s.orm.jpa.JpaTransactionManager        : Participating in existing transaction
2024-04-24T17:02:28.069+05:30 DEBUG 5824 --- [Vehicle Management Module] [           main] o.h.j.internal.PersistenceUnitUtilImpl   : jakarta.persistence.PersistenceUnitUtil.getIdentifier is only intended to work with enhanced entities (although Hibernate also adapts this support to its proxies); however the passed entity was not enhanced (nor a proxy).. may not be able to read identifier
2024-04-24T17:02:28.070+05:30 DEBUG 5824 --- [Vehicle Management Module] [           main] org.hibernate.orm.sql.exec               : Skipping reading Query result cache data: cache-enabled = false, cache-mode = IGNORE
2024-04-24T17:02:28.070+05:30 DEBUG 5824 --- [Vehicle Management Module] [           main] org.hibernate.orm.results                : Initializer list:
	  com.cognizant.main.entities.VehicleTypes -> EntityResultInitializer(com.cognizant.main.entities.VehicleTypes)@583126157 (SingleTableEntityPersister(com.cognizant.main.entities.VehicleTypes))
	  com.cognizant.main.entities.VehicleTypes.vechicles -> DelayedCollectionInitializer(com.cognizant.main.entities.VehicleTypes.vechicles)@505587202 (PluralAttribute(com.cognizant.main.entities.VehicleTypes.vechicles))

2024-04-24T17:02:28.070+05:30 DEBUG 5824 --- [Vehicle Management Module] [           main] org.hibernate.SQL                        : select vt1_0.id,vt1_0.fare_perkm,vt1_0.max_passengers_allowed,vt1_0.type from vechicle_types vt1_0 where vt1_0.id=?
Hibernate: select vt1_0.id,vt1_0.fare_perkm,vt1_0.max_passengers_allowed,vt1_0.type from vechicle_types vt1_0 where vt1_0.id=?
2024-04-24T17:02:28.072+05:30 DEBUG 5824 --- [Vehicle Management Module] [           main] o.s.orm.jpa.JpaTransactionManager        : Found thread-bound EntityManager [SessionImpl(1815196688<open>)] for JPA transaction
2024-04-24T17:02:28.073+05:30 DEBUG 5824 --- [Vehicle Management Module] [           main] o.s.orm.jpa.JpaTransactionManager        : Participating in existing transaction
2024-04-24T17:02:28.073+05:30 DEBUG 5824 --- [Vehicle Management Module] [           main] o.h.j.internal.PersistenceUnitUtilImpl   : jakarta.persistence.PersistenceUnitUtil.getIdentifier is only intended to work with enhanced entities (although Hibernate also adapts this support to its proxies); however the passed entity was not enhanced (nor a proxy).. may not be able to read identifier
2024-04-24T17:02:28.073+05:30 DEBUG 5824 --- [Vehicle Management Module] [           main] o.h.j.internal.PersistenceUnitUtilImpl   : jakarta.persistence.PersistenceUnitUtil.getIdentifier is only intended to work with enhanced entities (although Hibernate also adapts this support to its proxies); however the passed entity was not enhanced (nor a proxy).. may not be able to read identifier
2024-04-24T17:02:28.073+05:30 DEBUG 5824 --- [Vehicle Management Module] [           main] org.hibernate.orm.sql.exec               : Skipping reading Query result cache data: cache-enabled = false, cache-mode = IGNORE
2024-04-24T17:02:28.074+05:30 DEBUG 5824 --- [Vehicle Management Module] [           main] org.hibernate.orm.results                : Initializer list:
	  com.cognizant.main.entities.Vehicles -> EntityResultInitializer(com.cognizant.main.entities.Vehicles)@503713099 (SingleTableEntityPersister(com.cognizant.main.entities.Vehicles))
	  com.cognizant.main.entities.Vehicles.vehicleTypeId.vechicles -> DelayedCollectionInitializer(com.cognizant.main.entities.Vehicles.vehicleTypeId.vechicles)@594922254 (PluralAttribute(com.cognizant.main.entities.VehicleTypes.vechicles))
	  com.cognizant.main.entities.Vehicles.vehicleDetails -> EntityJoinedFetchInitializer(com.cognizant.main.entities.Vehicles.vehicleDetails)@2053950534 (ToOneAttributeMapping(NavigableRole[com.cognizant.main.entities.Vehicles.vehicleDetails])@1936782171)
	  com.cognizant.main.entities.Vehicles.vehicleTypeId -> EntityJoinedFetchInitializer(com.cognizant.main.entities.Vehicles.vehicleTypeId)@1705858754 (ToOneAttributeMapping(NavigableRole[com.cognizant.main.entities.Vehicles.vehicleTypeId])@2100828331)

2024-04-24T17:02:28.074+05:30 DEBUG 5824 --- [Vehicle Management Module] [           main] org.hibernate.SQL                        : select v1_0.registration_no,v1_0.belongs_to_user_id,v1_0.inspected_by_user_id,v1_0.inspected_on,v1_0.inspection_status,vd1_0.registration_no,vd1_0.insurance_no,vd1_0.insurance_certificatedocurl,vd1_0.insurance_company_name,vd1_0.insurance_expires_on,vd1_0.insuranced_on,vd1_0.puccertificate_no,vd1_0.pucdocurl,vd1_0.pucissued_on,vd1_0.pucvalid_until,vd1_0.rcdocurl,vd1_0.rtoname,vd1_0.registration_date,vd1_0.registration_expires_on,vti1_0.id,vti1_0.fare_perkm,vti1_0.max_passengers_allowed,vti1_0.type from vechicles v1_0 left join vechile_details vd1_0 on vd1_0.registration_no=v1_0.registration_no left join vechicle_types vti1_0 on vti1_0.id=v1_0.vechicle_type_id where v1_0.registration_no=?
Hibernate: select v1_0.registration_no,v1_0.belongs_to_user_id,v1_0.inspected_by_user_id,v1_0.inspected_on,v1_0.inspection_status,vd1_0.registration_no,vd1_0.insurance_no,vd1_0.insurance_certificatedocurl,vd1_0.insurance_company_name,vd1_0.insurance_expires_on,vd1_0.insuranced_on,vd1_0.puccertificate_no,vd1_0.pucdocurl,vd1_0.pucissued_on,vd1_0.pucvalid_until,vd1_0.rcdocurl,vd1_0.rtoname,vd1_0.registration_date,vd1_0.registration_expires_on,vti1_0.id,vti1_0.fare_perkm,vti1_0.max_passengers_allowed,vti1_0.type from vechicles v1_0 left join vechile_details vd1_0 on vd1_0.registration_no=v1_0.registration_no left join vechicle_types vti1_0 on vti1_0.id=v1_0.vechicle_type_id where v1_0.registration_no=?
2024-04-24T17:02:28.075+05:30 DEBUG 5824 --- [Vehicle Management Module] [           main] o.s.orm.jpa.JpaTransactionManager        : Found thread-bound EntityManager [SessionImpl(1815196688<open>)] for JPA transaction
2024-04-24T17:02:28.075+05:30 DEBUG 5824 --- [Vehicle Management Module] [           main] o.s.orm.jpa.JpaTransactionManager        : Participating in existing transaction
2024-04-24T17:02:28.096+05:30 DEBUG 5824 --- [Vehicle Management Module] [           main] org.hibernate.orm.sql.exec               : Skipping reading Query result cache data: cache-enabled = false, cache-mode = IGNORE
2024-04-24T17:02:28.096+05:30 DEBUG 5824 --- [Vehicle Management Module] [           main] org.hibernate.orm.results                : Initializer list:
	  com.cognizant.main.entities.Vehicles -> EntityResultInitializer(com.cognizant.main.entities.Vehicles)@1516050114 (SingleTableEntityPersister(com.cognizant.main.entities.Vehicles))
	  com.cognizant.main.entities.Vehicles.vehicleTypeId.vechicles -> DelayedCollectionInitializer(com.cognizant.main.entities.Vehicles.vehicleTypeId.vechicles)@1439252493 (PluralAttribute(com.cognizant.main.entities.VehicleTypes.vechicles))
	  com.cognizant.main.entities.Vehicles.vehicleDetails -> EntityJoinedFetchInitializer(com.cognizant.main.entities.Vehicles.vehicleDetails)@1695389158 (ToOneAttributeMapping(NavigableRole[com.cognizant.main.entities.Vehicles.vehicleDetails])@1936782171)
	  com.cognizant.main.entities.Vehicles.vehicleTypeId -> EntityJoinedFetchInitializer(com.cognizant.main.entities.Vehicles.vehicleTypeId)@1545521042 (ToOneAttributeMapping(NavigableRole[com.cognizant.main.entities.Vehicles.vehicleTypeId])@2100828331)

2024-04-24T17:02:28.096+05:30 DEBUG 5824 --- [Vehicle Management Module] [           main] org.hibernate.SQL                        : select v1_0.registration_no,v1_0.belongs_to_user_id,v1_0.inspected_by_user_id,v1_0.inspected_on,v1_0.inspection_status,vd1_0.registration_no,vd1_0.insurance_no,vd1_0.insurance_certificatedocurl,vd1_0.insurance_company_name,vd1_0.insurance_expires_on,vd1_0.insuranced_on,vd1_0.puccertificate_no,vd1_0.pucdocurl,vd1_0.pucissued_on,vd1_0.pucvalid_until,vd1_0.rcdocurl,vd1_0.rtoname,vd1_0.registration_date,vd1_0.registration_expires_on,vti1_0.id,vti1_0.fare_perkm,vti1_0.max_passengers_allowed,vti1_0.type from vechicles v1_0 left join vechile_details vd1_0 on vd1_0.registration_no=v1_0.registration_no left join vechicle_types vti1_0 on vti1_0.id=v1_0.vechicle_type_id where v1_0.registration_no=?
Hibernate: select v1_0.registration_no,v1_0.belongs_to_user_id,v1_0.inspected_by_user_id,v1_0.inspected_on,v1_0.inspection_status,vd1_0.registration_no,vd1_0.insurance_no,vd1_0.insurance_certificatedocurl,vd1_0.insurance_company_name,vd1_0.insurance_expires_on,vd1_0.insuranced_on,vd1_0.puccertificate_no,vd1_0.pucdocurl,vd1_0.pucissued_on,vd1_0.pucvalid_until,vd1_0.rcdocurl,vd1_0.rtoname,vd1_0.registration_date,vd1_0.registration_expires_on,vti1_0.id,vti1_0.fare_perkm,vti1_0.max_passengers_allowed,vti1_0.type from vechicles v1_0 left join vechile_details vd1_0 on vd1_0.registration_no=v1_0.registration_no left join vechicle_types vti1_0 on vti1_0.id=v1_0.vechicle_type_id where v1_0.registration_no=?
2024-04-24T17:02:28.097+05:30 DEBUG 5824 --- [Vehicle Management Module] [           main] org.springframework.test.context.cache   : Spring test ApplicationContext cache statistics: [DefaultContextCache@491cceb4 size = 2, maxSize = 32, parentContextCount = 0, hitCount = 140, missCount = 2, failureCount = 0]
2024-04-24T17:02:28.098+05:30 DEBUG 5824 --- [Vehicle Management Module] [           main] org.springframework.test.context.cache   : Spring test ApplicationContext cache statistics: [DefaultContextCache@491cceb4 size = 2, maxSize = 32, parentContextCount = 0, hitCount = 141, missCount = 2, failureCount = 0]
2024-04-24T17:02:28.098+05:30 DEBUG 5824 --- [Vehicle Management Module] [           main] org.springframework.test.context.cache   : Spring test ApplicationContext cache statistics: [DefaultContextCache@491cceb4 size = 2, maxSize = 32, parentContextCount = 0, hitCount = 142, missCount = 2, failureCount = 0]
2024-04-24T17:02:28.098+05:30 DEBUG 5824 --- [Vehicle Management Module] [           main] org.springframework.test.context.cache   : Spring test ApplicationContext cache statistics: [DefaultContextCache@491cceb4 size = 2, maxSize = 32, parentContextCount = 0, hitCount = 143, missCount = 2, failureCount = 0]
2024-04-24T17:02:28.099+05:30 DEBUG 5824 --- [Vehicle Management Module] [           main] org.springframework.test.context.cache   : Spring test ApplicationContext cache statistics: [DefaultContextCache@491cceb4 size = 2, maxSize = 32, parentContextCount = 0, hitCount = 144, missCount = 2, failureCount = 0]
2024-04-24T17:02:28.100+05:30 DEBUG 5824 --- [Vehicle Management Module] [           main] org.springframework.test.context.cache   : Spring test ApplicationContext cache statistics: [DefaultContextCache@491cceb4 size = 2, maxSize = 32, parentContextCount = 0, hitCount = 145, missCount = 2, failureCount = 0]
2024-04-24T17:02:28.100+05:30 DEBUG 5824 --- [Vehicle Management Module] [           main] o.s.orm.jpa.JpaTransactionManager        : Initiating transaction rollback
2024-04-24T17:02:28.100+05:30 DEBUG 5824 --- [Vehicle Management Module] [           main] o.s.orm.jpa.JpaTransactionManager        : Rolling back JPA transaction on EntityManager [SessionImpl(1815196688<open>)]
2024-04-24T17:02:28.101+05:30 DEBUG 5824 --- [Vehicle Management Module] [           main] o.h.e.t.internal.TransactionImpl         : rolling back
2024-04-24T17:02:28.101+05:30 DEBUG 5824 --- [Vehicle Management Module] [           main] o.s.orm.jpa.JpaTransactionManager        : Closing JPA EntityManager [SessionImpl(1815196688<open>)] after transaction
2024-04-24T17:02:28.101+05:30 DEBUG 5824 --- [Vehicle Management Module] [           main] o.s.t.c.transaction.TransactionContext   : Rolled back transaction (1) for test class [com.cognizant.main.TestVehiclesRepository]; test method [testDeletePositive]
2024-04-24T17:02:28.102+05:30 DEBUG 5824 --- [Vehicle Management Module] [           main] .c.s.DirtiesContextTestExecutionListener : After test method: class [TestVehiclesRepository], method [testDeletePositive], class annotated with @DirtiesContext [false] with mode [null], method annotated with @DirtiesContext [false] with mode [null]
]]></system-out>
  </testcase>
  <testcase name="testFindAllPositive" classname="com.cognizant.main.TestVehiclesRepository" time="0.045">
    <system-out><![CDATA[2024-04-24T17:02:28.113+05:30 DEBUG 5824 --- [Vehicle Management Module] [           main] DependencyInjectionTestExecutionListener : Performing dependency injection for test class com.cognizant.main.TestVehiclesRepository
2024-04-24T17:02:28.114+05:30 DEBUG 5824 --- [Vehicle Management Module] [           main] org.springframework.test.context.cache   : Spring test ApplicationContext cache statistics: [DefaultContextCache@491cceb4 size = 2, maxSize = 32, parentContextCount = 0, hitCount = 146, missCount = 2, failureCount = 0]
2024-04-24T17:02:28.114+05:30 DEBUG 5824 --- [Vehicle Management Module] [           main] org.springframework.test.context.cache   : Spring test ApplicationContext cache statistics: [DefaultContextCache@491cceb4 size = 2, maxSize = 32, parentContextCount = 0, hitCount = 147, missCount = 2, failureCount = 0]
2024-04-24T17:02:28.125+05:30 DEBUG 5824 --- [Vehicle Management Module] [           main] sContextBeforeModesTestExecutionListener : Before test method: class [TestVehiclesRepository], method [testFindAllPositive], class annotated with @DirtiesContext [false] with mode [null], method annotated with @DirtiesContext [false] with mode [null]
2024-04-24T17:02:28.125+05:30 DEBUG 5824 --- [Vehicle Management Module] [           main] t.c.t.TransactionalTestExecutionListener : Explicit transaction definition [PROPAGATION_REQUIRED,ISOLATION_DEFAULT] found for test class [com.cognizant.main.TestVehiclesRepository] and test method [testFindAllPositive]
2024-04-24T17:02:28.126+05:30 DEBUG 5824 --- [Vehicle Management Module] [           main] org.springframework.test.context.cache   : Spring test ApplicationContext cache statistics: [DefaultContextCache@491cceb4 size = 2, maxSize = 32, parentContextCount = 0, hitCount = 148, missCount = 2, failureCount = 0]
2024-04-24T17:02:28.126+05:30 DEBUG 5824 --- [Vehicle Management Module] [           main] t.c.t.TransactionalTestExecutionListener : No method-level @Rollback override: using default rollback [true] for test method [public void com.cognizant.main.TestVehiclesRepository.testFindAllPositive()]
2024-04-24T17:02:28.126+05:30 DEBUG 5824 --- [Vehicle Management Module] [           main] o.s.orm.jpa.JpaTransactionManager        : Creating new transaction with name [com.cognizant.main.TestVehiclesRepository.testFindAllPositive]: PROPAGATION_REQUIRED,ISOLATION_DEFAULT
2024-04-24T17:02:28.126+05:30 DEBUG 5824 --- [Vehicle Management Module] [           main] o.s.orm.jpa.JpaTransactionManager        : Opened new EntityManager [SessionImpl(280809141<open>)] for JPA transaction
2024-04-24T17:02:28.126+05:30 DEBUG 5824 --- [Vehicle Management Module] [           main] o.h.e.t.internal.TransactionImpl         : On TransactionImpl creation, JpaCompliance#isJpaTransactionComplianceEnabled == false
2024-04-24T17:02:28.126+05:30 DEBUG 5824 --- [Vehicle Management Module] [           main] o.h.e.t.internal.TransactionImpl         : begin
2024-04-24T17:02:28.126+05:30 DEBUG 5824 --- [Vehicle Management Module] [           main] o.s.j.datasource.SimpleDriverDataSource  : Creating new JDBC Driver Connection to [jdbc:h2:mem:77e5e59b-9028-4692-bf3e-2dbb97a1edaf;DB_CLOSE_DELAY=-1;DB_CLOSE_ON_EXIT=false]
2024-04-24T17:02:28.127+05:30 DEBUG 5824 --- [Vehicle Management Module] [           main] o.s.orm.jpa.JpaTransactionManager        : Exposing JPA transaction as JDBC [org.springframework.orm.jpa.vendor.HibernateJpaDialect$HibernateConnectionHandle@2481db83]
2024-04-24T17:02:28.127+05:30 DEBUG 5824 --- [Vehicle Management Module] [           main] o.s.t.c.transaction.TransactionContext   : Began transaction (1) for test class [com.cognizant.main.TestVehiclesRepository]; test method [testFindAllPositive]; transaction manager [org.springframework.orm.jpa.JpaTransactionManager@82b778b]; rollback [true]
2024-04-24T17:02:28.128+05:30 DEBUG 5824 --- [Vehicle Management Module] [           main] org.springframework.test.context.cache   : Spring test ApplicationContext cache statistics: [DefaultContextCache@491cceb4 size = 2, maxSize = 32, parentContextCount = 0, hitCount = 149, missCount = 2, failureCount = 0]
2024-04-24T17:02:28.128+05:30 DEBUG 5824 --- [Vehicle Management Module] [           main] org.springframework.test.context.cache   : Spring test ApplicationContext cache statistics: [DefaultContextCache@491cceb4 size = 2, maxSize = 32, parentContextCount = 0, hitCount = 150, missCount = 2, failureCount = 0]
2024-04-24T17:02:28.129+05:30 DEBUG 5824 --- [Vehicle Management Module] [           main] org.springframework.test.context.cache   : Spring test ApplicationContext cache statistics: [DefaultContextCache@491cceb4 size = 2, maxSize = 32, parentContextCount = 0, hitCount = 151, missCount = 2, failureCount = 0]
2024-04-24T17:02:28.130+05:30 DEBUG 5824 --- [Vehicle Management Module] [           main] o.s.orm.jpa.JpaTransactionManager        : Found thread-bound EntityManager [SessionImpl(280809141<open>)] for JPA transaction
2024-04-24T17:02:28.130+05:30 DEBUG 5824 --- [Vehicle Management Module] [           main] o.s.orm.jpa.JpaTransactionManager        : Participating in existing transaction
2024-04-24T17:02:28.130+05:30 DEBUG 5824 --- [Vehicle Management Module] [           main] o.h.j.internal.PersistenceUnitUtilImpl   : jakarta.persistence.PersistenceUnitUtil.getIdentifier is only intended to work with enhanced entities (although Hibernate also adapts this support to its proxies); however the passed entity was not enhanced (nor a proxy).. may not be able to read identifier
2024-04-24T17:02:28.131+05:30 DEBUG 5824 --- [Vehicle Management Module] [           main] org.hibernate.orm.sql.exec               : Skipping reading Query result cache data: cache-enabled = false, cache-mode = IGNORE
2024-04-24T17:02:28.131+05:30 DEBUG 5824 --- [Vehicle Management Module] [           main] org.hibernate.orm.results                : Initializer list:
	  com.cognizant.main.entities.Vehicles -> EntityResultInitializer(com.cognizant.main.entities.Vehicles)@1350892689 (SingleTableEntityPersister(com.cognizant.main.entities.Vehicles))
	  com.cognizant.main.entities.Vehicles.vehicleTypeId.vechicles -> DelayedCollectionInitializer(com.cognizant.main.entities.Vehicles.vehicleTypeId.vechicles)@1972793154 (PluralAttribute(com.cognizant.main.entities.VehicleTypes.vechicles))
	  com.cognizant.main.entities.Vehicles.vehicleDetails -> EntityJoinedFetchInitializer(com.cognizant.main.entities.Vehicles.vehicleDetails)@671664692 (ToOneAttributeMapping(NavigableRole[com.cognizant.main.entities.Vehicles.vehicleDetails])@1936782171)
	  com.cognizant.main.entities.Vehicles.vehicleTypeId -> EntityJoinedFetchInitializer(com.cognizant.main.entities.Vehicles.vehicleTypeId)@2018512841 (ToOneAttributeMapping(NavigableRole[com.cognizant.main.entities.Vehicles.vehicleTypeId])@2100828331)

2024-04-24T17:02:28.131+05:30 DEBUG 5824 --- [Vehicle Management Module] [           main] org.hibernate.SQL                        : select v1_0.registration_no,v1_0.belongs_to_user_id,v1_0.inspected_by_user_id,v1_0.inspected_on,v1_0.inspection_status,vd1_0.registration_no,vd1_0.insurance_no,vd1_0.insurance_certificatedocurl,vd1_0.insurance_company_name,vd1_0.insurance_expires_on,vd1_0.insuranced_on,vd1_0.puccertificate_no,vd1_0.pucdocurl,vd1_0.pucissued_on,vd1_0.pucvalid_until,vd1_0.rcdocurl,vd1_0.rtoname,vd1_0.registration_date,vd1_0.registration_expires_on,vti1_0.id,vti1_0.fare_perkm,vti1_0.max_passengers_allowed,vti1_0.type from vechicles v1_0 left join vechile_details vd1_0 on vd1_0.registration_no=v1_0.registration_no left join vechicle_types vti1_0 on vti1_0.id=v1_0.vechicle_type_id where v1_0.registration_no=?
Hibernate: select v1_0.registration_no,v1_0.belongs_to_user_id,v1_0.inspected_by_user_id,v1_0.inspected_on,v1_0.inspection_status,vd1_0.registration_no,vd1_0.insurance_no,vd1_0.insurance_certificatedocurl,vd1_0.insurance_company_name,vd1_0.insurance_expires_on,vd1_0.insuranced_on,vd1_0.puccertificate_no,vd1_0.pucdocurl,vd1_0.pucissued_on,vd1_0.pucvalid_until,vd1_0.rcdocurl,vd1_0.rtoname,vd1_0.registration_date,vd1_0.registration_expires_on,vti1_0.id,vti1_0.fare_perkm,vti1_0.max_passengers_allowed,vti1_0.type from vechicles v1_0 left join vechile_details vd1_0 on vd1_0.registration_no=v1_0.registration_no left join vechicle_types vti1_0 on vti1_0.id=v1_0.vechicle_type_id where v1_0.registration_no=?
2024-04-24T17:02:28.135+05:30 DEBUG 5824 --- [Vehicle Management Module] [           main] o.s.orm.jpa.JpaTransactionManager        : Found thread-bound EntityManager [SessionImpl(280809141<open>)] for JPA transaction
2024-04-24T17:02:28.135+05:30 DEBUG 5824 --- [Vehicle Management Module] [           main] o.s.orm.jpa.JpaTransactionManager        : Participating in existing transaction
2024-04-24T17:02:28.136+05:30 DEBUG 5824 --- [Vehicle Management Module] [           main] org.hibernate.orm.sql.ast.create         : Created new SQL alias : v1_0
2024-04-24T17:02:28.136+05:30 DEBUG 5824 --- [Vehicle Management Module] [           main] org.hibernate.orm.sql.ast.create         : Registration of TableGroup [StandardTableGroup(com.cognizant.main.entities.Vehicles(104029242090700))] with identifierForTableGroup [com.cognizant.main.entities.Vehicles] for NavigablePath [com.cognizant.main.entities.Vehicles] 
2024-04-24T17:02:28.137+05:30 DEBUG 5824 --- [Vehicle Management Module] [           main] org.hibernate.orm.sql.ast.create         : Registration of TableGroup [org.hibernate.sql.ast.tree.from.LazyTableGroup@5dbbfa05] with identifierForTableGroup [com.cognizant.main.entities.Vehicles.vehicleDetails] for NavigablePath [com.cognizant.main.entities.Vehicles.vehicleDetails] 
2024-04-24T17:02:28.137+05:30 DEBUG 5824 --- [Vehicle Management Module] [           main] org.hibernate.orm.sql.ast.create         : Registration of TableGroup [org.hibernate.sql.ast.tree.from.LazyTableGroup@3300d3bf] with identifierForTableGroup [com.cognizant.main.entities.Vehicles.vehicleTypeId] for NavigablePath [com.cognizant.main.entities.Vehicles.vehicleTypeId] 
2024-04-24T17:02:28.137+05:30 DEBUG 5824 --- [Vehicle Management Module] [           main] org.hibernate.orm.results.graph.AST      : DomainResult Graph:
 \-EntityResultImpl [com.cognizant.main.entities.Vehicles(104029242090700)]
 |  +-BasicFetch [com.cognizant.main.entities.Vehicles(104029242090700).belongsToUserId]
 |  +-BasicFetch [com.cognizant.main.entities.Vehicles(104029242090700).inspectedByUserId]
 |  +-BasicFetch [com.cognizant.main.entities.Vehicles(104029242090700).inspectedOn]
 |  +-BasicFetch [com.cognizant.main.entities.Vehicles(104029242090700).inspectionStatus]
 |  +-EntityFetchSelectImpl [com.cognizant.main.entities.Vehicles(104029242090700).vehicleDetails]
 |  \-CircularFetchImpl [com.cognizant.main.entities.Vehicles(104029242090700).vehicleTypeId]

2024-04-24T17:02:28.137+05:30 DEBUG 5824 --- [Vehicle Management Module] [           main] org.hibernate.orm.sql.ast.tree           : SQL AST Tree:
    SelectStatement {
      FromClause {
        StandardTableGroup (v1 : com.cognizant.main.entities.Vehicles(104029242090700)) {
          primaryTableReference : vechicles as v1_0
          TableGroupJoins {
            left  join LazyTableGroup (vd1 : com.cognizant.main.entities.Vehicles(104029242090700).vehicleDetails) {
            }
            left  join LazyTableGroup (vti1 : com.cognizant.main.entities.Vehicles(104029242090700).vehicleTypeId) {
            }
          }
        }
      }
    }

2024-04-24T17:02:28.138+05:30 DEBUG 5824 --- [Vehicle Management Module] [           main] o.h.e.i.AbstractFlushingEventListener    : Processing flush-time cascades
2024-04-24T17:02:28.140+05:30 DEBUG 5824 --- [Vehicle Management Module] [           main] o.h.e.i.AbstractFlushingEventListener    : Dirty checking collections
2024-04-24T17:02:28.141+05:30 DEBUG 5824 --- [Vehicle Management Module] [           main] o.h.e.i.AbstractFlushingEventListener    : Flushed: 3 insertions, 0 updates, 0 deletions to 3 objects
2024-04-24T17:02:28.141+05:30 DEBUG 5824 --- [Vehicle Management Module] [           main] o.h.e.i.AbstractFlushingEventListener    : Flushed: 0 (re)creations, 0 updates, 0 removals to 0 collections
2024-04-24T17:02:28.141+05:30 DEBUG 5824 --- [Vehicle Management Module] [           main] o.hibernate.internal.util.EntityPrinter  : Listing entities:
2024-04-24T17:02:28.141+05:30 DEBUG 5824 --- [Vehicle Management Module] [           main] o.hibernate.internal.util.EntityPrinter  : com.cognizant.main.entities.VehicleTypes{Type=0, vechicles=null, id=78, MaxPassengersAllowed=0, FarePerKM=0}
2024-04-24T17:02:28.141+05:30 DEBUG 5824 --- [Vehicle Management Module] [           main] o.hibernate.internal.util.EntityPrinter  : com.cognizant.main.entities.VehicleDetails{InsuranceCertificateDOCURL=certificate, InsurancedOn=2024-04-24, RegistrationDate=2024-04-24, InsuranceCompanyName=name, RegistrationExpiresOn=2024-04-24, PUCIssuedOn=2024-04-24, RTOName=rto, InsuranceExpiresOn=2024-04-24, PUCCertificateNo=98, registrationNo=abcd, PUCValidUntil=2024-04-24, RCDocURL=rcdoc, InsuraceNo=78, PUCDOCURL=url}
2024-04-24T17:02:28.147+05:30 DEBUG 5824 --- [Vehicle Management Module] [           main] o.hibernate.internal.util.EntityPrinter  : com.cognizant.main.entities.Vehicles{vehicleTypeId=com.cognizant.main.entities.VehicleTypes#78, inspectionStatus=PENDING, vehicleDetails=com.cognizant.main.entities.VehicleDetails#abcd, registrationNo=abcd, inspectedOn=2024-04-24, belongsToUserId=3457, inspectedByUserId=768}
2024-04-24T17:02:28.147+05:30 DEBUG 5824 --- [Vehicle Management Module] [           main] org.hibernate.engine.spi.ActionQueue     : Changes must be flushed to space: vechicles
2024-04-24T17:02:28.147+05:30 DEBUG 5824 --- [Vehicle Management Module] [           main] org.hibernate.SQL                        : insert into vechile_details (insurance_no,insurance_certificatedocurl,insurance_company_name,insurance_expires_on,insuranced_on,puccertificate_no,pucdocurl,pucissued_on,pucvalid_until,rcdocurl,rtoname,registration_date,registration_expires_on,registration_no) values (?,?,?,?,?,?,?,?,?,?,?,?,?,?)
Hibernate: insert into vechile_details (insurance_no,insurance_certificatedocurl,insurance_company_name,insurance_expires_on,insuranced_on,puccertificate_no,pucdocurl,pucissued_on,pucvalid_until,rcdocurl,rtoname,registration_date,registration_expires_on,registration_no) values (?,?,?,?,?,?,?,?,?,?,?,?,?,?)
2024-04-24T17:02:28.149+05:30 DEBUG 5824 --- [Vehicle Management Module] [           main] org.hibernate.SQL                        : insert into vechicle_types (fare_perkm,max_passengers_allowed,type,id) values (?,?,?,?)
Hibernate: insert into vechicle_types (fare_perkm,max_passengers_allowed,type,id) values (?,?,?,?)
2024-04-24T17:02:28.150+05:30 DEBUG 5824 --- [Vehicle Management Module] [           main] org.hibernate.SQL                        : insert into vechicles (belongs_to_user_id,inspected_by_user_id,inspected_on,inspection_status,vechicle_type_id,registration_no) values (?,?,?,?,?,?)
Hibernate: insert into vechicles (belongs_to_user_id,inspected_by_user_id,inspected_on,inspection_status,vechicle_type_id,registration_no) values (?,?,?,?,?,?)
2024-04-24T17:02:28.151+05:30 DEBUG 5824 --- [Vehicle Management Module] [           main] org.hibernate.orm.sql.exec               : Skipping reading Query result cache data: cache-enabled = false, cache-mode = NORMAL
2024-04-24T17:02:28.152+05:30 DEBUG 5824 --- [Vehicle Management Module] [           main] org.hibernate.orm.results                : Initializer list:
	  com.cognizant.main.entities.Vehicles(104029242090700).vehicleTypeId -> EntitySelectFetchInitializer(com.cognizant.main.entities.Vehicles(104029242090700).vehicleTypeId)@1173588252 (ToOneAttributeMapping(NavigableRole[com.cognizant.main.entities.Vehicles.vehicleTypeId])@2100828331)
	  com.cognizant.main.entities.Vehicles(104029242090700).vehicleDetails -> EntitySelectFetchInitializer(com.cognizant.main.entities.Vehicles(104029242090700).vehicleDetails)@333753590 (ToOneAttributeMapping(NavigableRole[com.cognizant.main.entities.Vehicles.vehicleDetails])@1936782171)
	  com.cognizant.main.entities.Vehicles(104029242090700) -> EntityResultInitializer(com.cognizant.main.entities.Vehicles(104029242090700))@90603626 (SingleTableEntityPersister(com.cognizant.main.entities.Vehicles))

2024-04-24T17:02:28.152+05:30 DEBUG 5824 --- [Vehicle Management Module] [           main] org.hibernate.SQL                        : select v1_0.registration_no,v1_0.belongs_to_user_id,v1_0.inspected_by_user_id,v1_0.inspected_on,v1_0.inspection_status,v1_0.vechicle_type_id from vechicles v1_0
Hibernate: select v1_0.registration_no,v1_0.belongs_to_user_id,v1_0.inspected_by_user_id,v1_0.inspected_on,v1_0.inspection_status,v1_0.vechicle_type_id from vechicles v1_0
2024-04-24T17:02:28.153+05:30 DEBUG 5824 --- [Vehicle Management Module] [           main] org.hibernate.orm.results                : Extracted JDBC value [0] - [abcd]
2024-04-24T17:02:28.153+05:30 DEBUG 5824 --- [Vehicle Management Module] [           main] o.hibernate.orm.results.loading.entity   : (EntityResultInitializer) Hydrated EntityKey (com.cognizant.main.entities.Vehicles(104029242090700)): abcd
2024-04-24T17:02:28.153+05:30 DEBUG 5824 --- [Vehicle Management Module] [           main] org.hibernate.orm.results.loading        : Calling top-level assembler (0 / 1) : org.hibernate.sql.results.graph.entity.internal.EntityAssembler@37d4b676
2024-04-24T17:02:28.154+05:30 DEBUG 5824 --- [Vehicle Management Module] [           main] org.springframework.test.context.cache   : Spring test ApplicationContext cache statistics: [DefaultContextCache@491cceb4 size = 2, maxSize = 32, parentContextCount = 0, hitCount = 152, missCount = 2, failureCount = 0]
2024-04-24T17:02:28.154+05:30 DEBUG 5824 --- [Vehicle Management Module] [           main] org.springframework.test.context.cache   : Spring test ApplicationContext cache statistics: [DefaultContextCache@491cceb4 size = 2, maxSize = 32, parentContextCount = 0, hitCount = 153, missCount = 2, failureCount = 0]
2024-04-24T17:02:28.155+05:30 DEBUG 5824 --- [Vehicle Management Module] [           main] org.springframework.test.context.cache   : Spring test ApplicationContext cache statistics: [DefaultContextCache@491cceb4 size = 2, maxSize = 32, parentContextCount = 0, hitCount = 154, missCount = 2, failureCount = 0]
2024-04-24T17:02:28.155+05:30 DEBUG 5824 --- [Vehicle Management Module] [           main] org.springframework.test.context.cache   : Spring test ApplicationContext cache statistics: [DefaultContextCache@491cceb4 size = 2, maxSize = 32, parentContextCount = 0, hitCount = 155, missCount = 2, failureCount = 0]
2024-04-24T17:02:28.155+05:30 DEBUG 5824 --- [Vehicle Management Module] [           main] org.springframework.test.context.cache   : Spring test ApplicationContext cache statistics: [DefaultContextCache@491cceb4 size = 2, maxSize = 32, parentContextCount = 0, hitCount = 156, missCount = 2, failureCount = 0]
2024-04-24T17:02:28.156+05:30 DEBUG 5824 --- [Vehicle Management Module] [           main] org.springframework.test.context.cache   : Spring test ApplicationContext cache statistics: [DefaultContextCache@491cceb4 size = 2, maxSize = 32, parentContextCount = 0, hitCount = 157, missCount = 2, failureCount = 0]
2024-04-24T17:02:28.157+05:30 DEBUG 5824 --- [Vehicle Management Module] [           main] o.s.orm.jpa.JpaTransactionManager        : Initiating transaction rollback
2024-04-24T17:02:28.157+05:30 DEBUG 5824 --- [Vehicle Management Module] [           main] o.s.orm.jpa.JpaTransactionManager        : Rolling back JPA transaction on EntityManager [SessionImpl(280809141<open>)]
2024-04-24T17:02:28.157+05:30 DEBUG 5824 --- [Vehicle Management Module] [           main] o.h.e.t.internal.TransactionImpl         : rolling back
2024-04-24T17:02:28.158+05:30 DEBUG 5824 --- [Vehicle Management Module] [           main] o.s.orm.jpa.JpaTransactionManager        : Closing JPA EntityManager [SessionImpl(280809141<open>)] after transaction
2024-04-24T17:02:28.159+05:30 DEBUG 5824 --- [Vehicle Management Module] [           main] o.s.t.c.transaction.TransactionContext   : Rolled back transaction (1) for test class [com.cognizant.main.TestVehiclesRepository]; test method [testFindAllPositive]
2024-04-24T17:02:28.159+05:30 DEBUG 5824 --- [Vehicle Management Module] [           main] .c.s.DirtiesContextTestExecutionListener : After test method: class [TestVehiclesRepository], method [testFindAllPositive], class annotated with @DirtiesContext [false] with mode [null], method annotated with @DirtiesContext [false] with mode [null]
]]></system-out>
  </testcase>
</testsuite>